[0.011s] Invoking command in '/home/irman/ROS2_Humanoid_VLA/build/g1_package': CONDA_PROMPT_MODIFIER=(ros2_env) DEBUGINFOD_URLS=https://debuginfod.ubuntu.com /home/irman/micromamba/envs/ros2_env/bin/cmake --build /home/irman/ROS2_Humanoid_VLA/build/g1_package -- -j16 -l16
[0.046s] Invoked command in '/home/irman/ROS2_Humanoid_VLA/build/g1_package' returned '0': CONDA_PROMPT_MODIFIER=(ros2_env) DEBUGINFOD_URLS=https://debuginfod.ubuntu.com /home/irman/micromamba/envs/ros2_env/bin/cmake --build /home/irman/ROS2_Humanoid_VLA/build/g1_package -- -j16 -l16
[0.057s] Invoking command in '/home/irman/ROS2_Humanoid_VLA/build/g1_package': CONDA_PROMPT_MODIFIER=(ros2_env) DEBUGINFOD_URLS=https://debuginfod.ubuntu.com /home/irman/micromamba/envs/ros2_env/bin/cmake --install /home/irman/ROS2_Humanoid_VLA/build/g1_package
[0.063s] -- Install configuration: ""
[0.063s] -- Up-to-date: /home/irman/ROS2_Humanoid_VLA/install/g1_package/share/g1_package/launch
[0.063s] -- Up-to-date: /home/irman/ROS2_Humanoid_VLA/install/g1_package/share/g1_package/launch/g1_robot.launch.xml
[0.063s] -- Up-to-date: /home/irman/ROS2_Humanoid_VLA/install/g1_package/share/g1_package/meshes
[0.063s] -- Up-to-date: /home/irman/ROS2_Humanoid_VLA/install/g1_package/share/g1_package/meshes/right_rubber_hand.STL
[0.063s] -- Up-to-date: /home/irman/ROS2_Humanoid_VLA/install/g1_package/share/g1_package/meshes/right_hand_thumb_1_link.STL
[0.063s] -- Up-to-date: /home/irman/ROS2_Humanoid_VLA/install/g1_package/share/g1_package/meshes/left_hip_pitch_link.STL
[0.063s] -- Up-to-date: /home/irman/ROS2_Humanoid_VLA/install/g1_package/share/g1_package/meshes/torso_link_rev_1_0.STL
[0.063s] -- Up-to-date: /home/irman/ROS2_Humanoid_VLA/install/g1_package/share/g1_package/meshes/waist_constraint_R.STL
[0.064s] -- Up-to-date: /home/irman/ROS2_Humanoid_VLA/install/g1_package/share/g1_package/meshes/left_hand_thumb_2_link.STL
[0.064s] -- Up-to-date: /home/irman/ROS2_Humanoid_VLA/install/g1_package/share/g1_package/meshes/waist_support_link.STL
[0.064s] -- Up-to-date: /home/irman/ROS2_Humanoid_VLA/install/g1_package/share/g1_package/meshes/torso_constraint_R_link.STL
[0.064s] -- Up-to-date: /home/irman/ROS2_Humanoid_VLA/install/g1_package/share/g1_package/meshes/torso_link_23dof_rev_1_0.STL
[0.064s] -- Up-to-date: /home/irman/ROS2_Humanoid_VLA/install/g1_package/share/g1_package/meshes/waist_roll_link_rev_1_0.STL
[0.064s] -- Up-to-date: /home/irman/ROS2_Humanoid_VLA/install/g1_package/share/g1_package/meshes/right_hand_middle_1_link.STL
[0.064s] -- Up-to-date: /home/irman/ROS2_Humanoid_VLA/install/g1_package/share/g1_package/meshes/right_hand_index_1_link.STL
[0.064s] -- Up-to-date: /home/irman/ROS2_Humanoid_VLA/install/g1_package/share/g1_package/meshes/left_hand_middle_1_link.STL
[0.064s] -- Up-to-date: /home/irman/ROS2_Humanoid_VLA/install/g1_package/share/g1_package/meshes/left_ankle_roll_link.STL
[0.064s] -- Up-to-date: /home/irman/ROS2_Humanoid_VLA/install/g1_package/share/g1_package/meshes/left_hand_middle_0_link.STL
[0.064s] -- Up-to-date: /home/irman/ROS2_Humanoid_VLA/install/g1_package/share/g1_package/meshes/right_hand_thumb_2_link.STL
[0.064s] -- Up-to-date: /home/irman/ROS2_Humanoid_VLA/install/g1_package/share/g1_package/meshes/left_ankle_pitch_link.STL
[0.064s] -- Up-to-date: /home/irman/ROS2_Humanoid_VLA/install/g1_package/share/g1_package/meshes/right_elbow_link.STL
[0.064s] -- Up-to-date: /home/irman/ROS2_Humanoid_VLA/install/g1_package/share/g1_package/meshes/torso_link.STL
[0.064s] -- Up-to-date: /home/irman/ROS2_Humanoid_VLA/install/g1_package/share/g1_package/meshes/right_hand_thumb_0_link.STL
[0.064s] -- Up-to-date: /home/irman/ROS2_Humanoid_VLA/install/g1_package/share/g1_package/meshes/left_shoulder_pitch_link.STL
[0.065s] -- Up-to-date: /home/irman/ROS2_Humanoid_VLA/install/g1_package/share/g1_package/meshes/pelvis.STL
[0.065s] -- Up-to-date: /home/irman/ROS2_Humanoid_VLA/install/g1_package/share/g1_package/meshes/left_hand_thumb_1_link.STL
[0.065s] -- Up-to-date: /home/irman/ROS2_Humanoid_VLA/install/g1_package/share/g1_package/meshes/left_knee_link.STL
[0.065s] -- Up-to-date: /home/irman/ROS2_Humanoid_VLA/install/g1_package/share/g1_package/meshes/right_hand_middle_0_link.STL
[0.065s] -- Up-to-date: /home/irman/ROS2_Humanoid_VLA/install/g1_package/share/g1_package/meshes/left_shoulder_roll_link.STL
[0.065s] -- Up-to-date: /home/irman/ROS2_Humanoid_VLA/install/g1_package/share/g1_package/meshes/right_shoulder_yaw_link.STL
[0.065s] -- Up-to-date: /home/irman/ROS2_Humanoid_VLA/install/g1_package/share/g1_package/meshes/right_shoulder_pitch_link.STL
[0.065s] -- Up-to-date: /home/irman/ROS2_Humanoid_VLA/install/g1_package/share/g1_package/meshes/torso_constraint_L_link.STL
[0.065s] -- Up-to-date: /home/irman/ROS2_Humanoid_VLA/install/g1_package/share/g1_package/meshes/left_shoulder_yaw_link.STL
[0.065s] -- Up-to-date: /home/irman/ROS2_Humanoid_VLA/install/g1_package/share/g1_package/meshes/right_knee_link.STL
[0.065s] -- Up-to-date: /home/irman/ROS2_Humanoid_VLA/install/g1_package/share/g1_package/meshes/left_hand_thumb_0_link.STL
[0.065s] -- Up-to-date: /home/irman/ROS2_Humanoid_VLA/install/g1_package/share/g1_package/meshes/waist_yaw_link.STL
[0.065s] -- Up-to-date: /home/irman/ROS2_Humanoid_VLA/install/g1_package/share/g1_package/meshes/waist_yaw_link_rev_1_0.STL
[0.065s] -- Up-to-date: /home/irman/ROS2_Humanoid_VLA/install/g1_package/share/g1_package/meshes/left_hand_index_0_link.STL
[0.065s] -- Up-to-date: /home/irman/ROS2_Humanoid_VLA/install/g1_package/share/g1_package/meshes/right_wrist_yaw_link.STL
[0.065s] -- Up-to-date: /home/irman/ROS2_Humanoid_VLA/install/g1_package/share/g1_package/meshes/torso_constraint_L_rod_link.STL
[0.065s] -- Up-to-date: /home/irman/ROS2_Humanoid_VLA/install/g1_package/share/g1_package/meshes/right_hand_palm_link.STL
[0.065s] -- Up-to-date: /home/irman/ROS2_Humanoid_VLA/install/g1_package/share/g1_package/meshes/waist_constraint_L.STL
[0.065s] -- Up-to-date: /home/irman/ROS2_Humanoid_VLA/install/g1_package/share/g1_package/meshes/left_hand_index_1_link.STL
[0.065s] -- Up-to-date: /home/irman/ROS2_Humanoid_VLA/install/g1_package/share/g1_package/meshes/left_hand_palm_link.STL
[0.065s] -- Up-to-date: /home/irman/ROS2_Humanoid_VLA/install/g1_package/share/g1_package/meshes/right_hip_roll_link.STL
[0.065s] -- Up-to-date: /home/irman/ROS2_Humanoid_VLA/install/g1_package/share/g1_package/meshes/right_ankle_pitch_link.STL
[0.066s] -- Up-to-date: /home/irman/ROS2_Humanoid_VLA/install/g1_package/share/g1_package/meshes/right_hip_pitch_link.STL
[0.066s] -- Up-to-date: /home/irman/ROS2_Humanoid_VLA/install/g1_package/share/g1_package/meshes/head_link.STL
[0.066s] -- Up-to-date: /home/irman/ROS2_Humanoid_VLA/install/g1_package/share/g1_package/meshes/left_wrist_roll_rubber_hand.STL
[0.066s] -- Up-to-date: /home/irman/ROS2_Humanoid_VLA/install/g1_package/share/g1_package/meshes/right_wrist_roll_link.STL
[0.066s] -- Up-to-date: /home/irman/ROS2_Humanoid_VLA/install/g1_package/share/g1_package/meshes/torso_constraint_R_rod_link.STL
[0.066s] -- Up-to-date: /home/irman/ROS2_Humanoid_VLA/install/g1_package/share/g1_package/meshes/left_elbow_link.STL
[0.066s] -- Up-to-date: /home/irman/ROS2_Humanoid_VLA/install/g1_package/share/g1_package/meshes/pelvis_contour_link.STL
[0.066s] -- Up-to-date: /home/irman/ROS2_Humanoid_VLA/install/g1_package/share/g1_package/meshes/left_hip_yaw_link.STL
[0.066s] -- Up-to-date: /home/irman/ROS2_Humanoid_VLA/install/g1_package/share/g1_package/meshes/left_wrist_roll_link.STL
[0.066s] -- Up-to-date: /home/irman/ROS2_Humanoid_VLA/install/g1_package/share/g1_package/meshes/logo_link.STL
[0.066s] -- Up-to-date: /home/irman/ROS2_Humanoid_VLA/install/g1_package/share/g1_package/meshes/left_wrist_pitch_link.STL
[0.066s] -- Up-to-date: /home/irman/ROS2_Humanoid_VLA/install/g1_package/share/g1_package/meshes/right_ankle_roll_link.STL
[0.066s] -- Up-to-date: /home/irman/ROS2_Humanoid_VLA/install/g1_package/share/g1_package/meshes/right_hip_yaw_link.STL
[0.066s] -- Up-to-date: /home/irman/ROS2_Humanoid_VLA/install/g1_package/share/g1_package/meshes/right_shoulder_roll_link.STL
[0.066s] -- Up-to-date: /home/irman/ROS2_Humanoid_VLA/install/g1_package/share/g1_package/meshes/left_hip_roll_link.STL
[0.066s] -- Up-to-date: /home/irman/ROS2_Humanoid_VLA/install/g1_package/share/g1_package/meshes/waist_roll_link.STL
[0.066s] -- Up-to-date: /home/irman/ROS2_Humanoid_VLA/install/g1_package/share/g1_package/meshes/left_rubber_hand.STL
[0.066s] -- Up-to-date: /home/irman/ROS2_Humanoid_VLA/install/g1_package/share/g1_package/meshes/left_wrist_yaw_link.STL
[0.066s] -- Up-to-date: /home/irman/ROS2_Humanoid_VLA/install/g1_package/share/g1_package/meshes/right_wrist_roll_rubber_hand.STL
[0.066s] -- Up-to-date: /home/irman/ROS2_Humanoid_VLA/install/g1_package/share/g1_package/meshes/right_hand_index_0_link.STL
[0.066s] -- Up-to-date: /home/irman/ROS2_Humanoid_VLA/install/g1_package/share/g1_package/meshes/right_wrist_pitch_link.STL
[0.066s] -- Up-to-date: /home/irman/ROS2_Humanoid_VLA/install/g1_package/share/g1_package/urdf
[0.066s] -- Up-to-date: /home/irman/ROS2_Humanoid_VLA/install/g1_package/share/g1_package/urdf/g1_29dof_gazebo.urdf
[0.066s] -- Up-to-date: /home/irman/ROS2_Humanoid_VLA/install/g1_package/share/g1_package/urdf/g1.rviz
[0.066s] -- Up-to-date: /home/irman/ROS2_Humanoid_VLA/install/g1_package/share/g1_package/urdf/g1_29dof.urdf
[0.066s] -- Installing: /home/irman/ROS2_Humanoid_VLA/install/g1_package/share/g1_package/urdf/g1_29dof_ros2_control.urdf
[0.066s] -- Up-to-date: /home/irman/ROS2_Humanoid_VLA/install/g1_package/share/ament_index/resource_index/package_run_dependencies/g1_package
[0.067s] -- Up-to-date: /home/irman/ROS2_Humanoid_VLA/install/g1_package/share/ament_index/resource_index/parent_prefix_path/g1_package
[0.067s] -- Up-to-date: /home/irman/ROS2_Humanoid_VLA/install/g1_package/share/g1_package/environment/ament_prefix_path.sh
[0.067s] -- Up-to-date: /home/irman/ROS2_Humanoid_VLA/install/g1_package/share/g1_package/environment/ament_prefix_path.dsv
[0.067s] -- Up-to-date: /home/irman/ROS2_Humanoid_VLA/install/g1_package/share/g1_package/environment/path.sh
[0.067s] -- Up-to-date: /home/irman/ROS2_Humanoid_VLA/install/g1_package/share/g1_package/environment/path.dsv
[0.067s] -- Up-to-date: /home/irman/ROS2_Humanoid_VLA/install/g1_package/share/g1_package/local_setup.bash
[0.067s] -- Up-to-date: /home/irman/ROS2_Humanoid_VLA/install/g1_package/share/g1_package/local_setup.sh
[0.067s] -- Up-to-date: /home/irman/ROS2_Humanoid_VLA/install/g1_package/share/g1_package/local_setup.zsh
[0.067s] -- Up-to-date: /home/irman/ROS2_Humanoid_VLA/install/g1_package/share/g1_package/local_setup.dsv
[0.067s] -- Installing: /home/irman/ROS2_Humanoid_VLA/install/g1_package/share/g1_package/package.dsv
[0.067s] -- Up-to-date: /home/irman/ROS2_Humanoid_VLA/install/g1_package/share/ament_index/resource_index/packages/g1_package
[0.067s] -- Up-to-date: /home/irman/ROS2_Humanoid_VLA/install/g1_package/share/g1_package/cmake/g1_packageConfig.cmake
[0.067s] -- Up-to-date: /home/irman/ROS2_Humanoid_VLA/install/g1_package/share/g1_package/cmake/g1_packageConfig-version.cmake
[0.067s] -- Up-to-date: /home/irman/ROS2_Humanoid_VLA/install/g1_package/share/g1_package/package.xml
[0.068s] Invoked command in '/home/irman/ROS2_Humanoid_VLA/build/g1_package' returned '0': CONDA_PROMPT_MODIFIER=(ros2_env) DEBUGINFOD_URLS=https://debuginfod.ubuntu.com /home/irman/micromamba/envs/ros2_env/bin/cmake --install /home/irman/ROS2_Humanoid_VLA/build/g1_package
