CMake Deprecation Warning at CMakeLists.txt:1 (cmake_minimum_required):
  Compatibility with CMake < 3.10 will be removed from a future version of
  CMake.

  Update the VERSION argument <min> value.  Or, use the <min>...<max> syntax
  to tell CMake that the project requires at least <min> but has been updated
  to work with policies introduced by <max> or earlier.


-- The C compiler identification is GNU 14.3.0
-- The CXX compiler identification is GNU 14.3.0
-- Detecting C compiler ABI info
-- Detecting C compiler ABI info - done
-- Check for working C compiler: /home/irman/micromamba/envs/ros2_env/bin/x86_64-conda-linux-gnu-cc - skipped
-- Detecting C compile features
-- Detecting C compile features - done
-- Detecting CXX compiler ABI info
-- Detecting CXX compiler ABI info - done
-- Check for working CXX compiler: /home/irman/micromamba/envs/ros2_env/bin/x86_64-conda-linux-gnu-c++ - skipped
-- Detecting CXX compile features
-- Detecting CXX compile features - done
-- Found ament_cmake: 1.3.12 (/home/irman/micromamba/envs/ros2_env/share/ament_cmake/cmake)
-- Found Python3: /home/irman/micromamba/envs/ros2_env/bin/python3 (found version "3.11.14") found components: Interpreter
-- Override CMake install command with custom implementation using symlinks instead of copying resources
-- Found ament_lint_auto: 0.12.12 (/home/irman/micromamba/envs/ros2_env/share/ament_lint_auto/cmake)
-- Added test 'copyright' to check source files copyright and LICENSE
-- Added test 'flake8' to check Python code syntax and style conventions
-- Added test 'lint_cmake' to check CMake code style
-- Added test 'pep257' to check Python code against some of the docstring style conventions in PEP 257
-- Added test 'xmllint' to check XML markup files
-- Configuring done (1.0s)
-- Generating done (0.0s)
-- Build files have been written to: /home/irman/ROS2_Humanoid_VLA/build/g1_gazebo_sim
-- Install configuration: ""
-- Execute custom install script
-- Symlinking: /home/irman/ROS2_Humanoid_VLA/install/g1_gazebo_sim/share/g1_gazebo_sim//launch/gazebo_house.launch.py
-- Symlinking: /home/irman/ROS2_Humanoid_VLA/install/g1_gazebo_sim/share/g1_gazebo_sim//launch/gazebo_house_ros2_control.launch.py
-- Symlinking: /home/irman/ROS2_Humanoid_VLA/install/g1_gazebo_sim/share/g1_gazebo_sim//launch/gazebo_robot_only.launch.py
-- Symlinking: /home/irman/ROS2_Humanoid_VLA/install/g1_gazebo_sim/share/g1_gazebo_sim//launch/gazebo_robot_ros2_control.launch.py
-- Symlinking: /home/irman/ROS2_Humanoid_VLA/install/g1_gazebo_sim/share/g1_gazebo_sim//worlds/small_house.world
-- Symlinking: /home/irman/ROS2_Humanoid_VLA/install/g1_gazebo_sim/share/g1_gazebo_sim//config/gazebo.rviz
-- Symlinking: /home/irman/ROS2_Humanoid_VLA/install/g1_gazebo_sim/share/g1_gazebo_sim//models/aws_robomaker_residential_AirconditionerA_01/materials/textures/aws_AirconditionerA_01.png
-- Symlinking: /home/irman/ROS2_Humanoid_VLA/install/g1_gazebo_sim/share/g1_gazebo_sim//models/aws_robomaker_residential_AirconditionerA_01/meshes/aws_AirconditionerA_01_collision.DAE
-- Symlinking: /home/irman/ROS2_Humanoid_VLA/install/g1_gazebo_sim/share/g1_gazebo_sim//models/aws_robomaker_residential_AirconditionerA_01/meshes/aws_AirconditionerA_01_visual.DAE
-- Symlinking: /home/irman/ROS2_Humanoid_VLA/install/g1_gazebo_sim/share/g1_gazebo_sim//models/aws_robomaker_residential_AirconditionerA_01/model.config
-- Symlinking: /home/irman/ROS2_Humanoid_VLA/install/g1_gazebo_sim/share/g1_gazebo_sim//models/aws_robomaker_residential_AirconditionerA_01/model.sdf
-- Symlinking: /home/irman/ROS2_Humanoid_VLA/install/g1_gazebo_sim/share/g1_gazebo_sim//models/aws_robomaker_residential_AirconditionerB_01/materials/textures/aws_AirconditionerB_01.png
-- Symlinking: /home/irman/ROS2_Humanoid_VLA/install/g1_gazebo_sim/share/g1_gazebo_sim//models/aws_robomaker_residential_AirconditionerB_01/meshes/aws_AirconditionerB_01_collision.DAE
-- Symlinking: /home/irman/ROS2_Humanoid_VLA/install/g1_gazebo_sim/share/g1_gazebo_sim//models/aws_robomaker_residential_AirconditionerB_01/meshes/aws_AirconditionerB_01_visual.DAE
-- Symlinking: /home/irman/ROS2_Humanoid_VLA/install/g1_gazebo_sim/share/g1_gazebo_sim//models/aws_robomaker_residential_AirconditionerB_01/model.config
-- Symlinking: /home/irman/ROS2_Humanoid_VLA/install/g1_gazebo_sim/share/g1_gazebo_sim//models/aws_robomaker_residential_AirconditionerB_01/model.sdf
-- Symlinking: /home/irman/ROS2_Humanoid_VLA/install/g1_gazebo_sim/share/g1_gazebo_sim//models/aws_robomaker_residential_BalconyTable_01/materials/textures/aws_BalconyTable_01.png
-- Symlinking: /home/irman/ROS2_Humanoid_VLA/install/g1_gazebo_sim/share/g1_gazebo_sim//models/aws_robomaker_residential_BalconyTable_01/meshes/aws_BalconyTable_01_collision.DAE
-- Symlinking: /home/irman/ROS2_Humanoid_VLA/install/g1_gazebo_sim/share/g1_gazebo_sim//models/aws_robomaker_residential_BalconyTable_01/meshes/aws_BalconyTable_01_visual.DAE
-- Symlinking: /home/irman/ROS2_Humanoid_VLA/install/g1_gazebo_sim/share/g1_gazebo_sim//models/aws_robomaker_residential_BalconyTable_01/model.config
-- Symlinking: /home/irman/ROS2_Humanoid_VLA/install/g1_gazebo_sim/share/g1_gazebo_sim//models/aws_robomaker_residential_BalconyTable_01/model.sdf
-- Symlinking: /home/irman/ROS2_Humanoid_VLA/install/g1_gazebo_sim/share/g1_gazebo_sim//models/aws_robomaker_residential_Ball_01/materials/textures/aws_Ball_01.png
-- Symlinking: /home/irman/ROS2_Humanoid_VLA/install/g1_gazebo_sim/share/g1_gazebo_sim//models/aws_robomaker_residential_Ball_01/meshes/aws_Ball_01_collision.DAE
-- Symlinking: /home/irman/ROS2_Humanoid_VLA/install/g1_gazebo_sim/share/g1_gazebo_sim//models/aws_robomaker_residential_Ball_01/meshes/aws_Ball_01_visual.DAE
-- Symlinking: /home/irman/ROS2_Humanoid_VLA/install/g1_gazebo_sim/share/g1_gazebo_sim//models/aws_robomaker_residential_Ball_01/model.config
-- Symlinking: /home/irman/ROS2_Humanoid_VLA/install/g1_gazebo_sim/share/g1_gazebo_sim//models/aws_robomaker_residential_Ball_01/model.sdf
-- Symlinking: /home/irman/ROS2_Humanoid_VLA/install/g1_gazebo_sim/share/g1_gazebo_sim//models/aws_robomaker_residential_Bed_01/materials/textures/aws_BedA_01.png
-- Symlinking: /home/irman/ROS2_Humanoid_VLA/install/g1_gazebo_sim/share/g1_gazebo_sim//models/aws_robomaker_residential_Bed_01/materials/textures/aws_BedB_01.png
-- Symlinking: /home/irman/ROS2_Humanoid_VLA/install/g1_gazebo_sim/share/g1_gazebo_sim//models/aws_robomaker_residential_Bed_01/materials/textures/aws_BedC_01.png
-- Symlinking: /home/irman/ROS2_Humanoid_VLA/install/g1_gazebo_sim/share/g1_gazebo_sim//models/aws_robomaker_residential_Bed_01/materials/textures/aws_Bed_01.png
-- Symlinking: /home/irman/ROS2_Humanoid_VLA/install/g1_gazebo_sim/share/g1_gazebo_sim//models/aws_robomaker_residential_Bed_01/meshes/aws_Bed_01_collision.DAE
-- Symlinking: /home/irman/ROS2_Humanoid_VLA/install/g1_gazebo_sim/share/g1_gazebo_sim//models/aws_robomaker_residential_Bed_01/meshes/aws_Bed_01_visual.DAE
-- Symlinking: /home/irman/ROS2_Humanoid_VLA/install/g1_gazebo_sim/share/g1_gazebo_sim//models/aws_robomaker_residential_Bed_01/model.config
-- Symlinking: /home/irman/ROS2_Humanoid_VLA/install/g1_gazebo_sim/share/g1_gazebo_sim//models/aws_robomaker_residential_Bed_01/model.sdf
-- Symlinking: /home/irman/ROS2_Humanoid_VLA/install/g1_gazebo_sim/share/g1_gazebo_sim//models/aws_robomaker_residential_Board_01/materials/textures/aws_Board_01.png
-- Symlinking: /home/irman/ROS2_Humanoid_VLA/install/g1_gazebo_sim/share/g1_gazebo_sim//models/aws_robomaker_residential_Board_01/meshes/aws_Board_01_collision.DAE
-- Symlinking: /home/irman/ROS2_Humanoid_VLA/install/g1_gazebo_sim/share/g1_gazebo_sim//models/aws_robomaker_residential_Board_01/meshes/aws_Board_01_visual.DAE
-- Symlinking: /home/irman/ROS2_Humanoid_VLA/install/g1_gazebo_sim/share/g1_gazebo_sim//models/aws_robomaker_residential_Board_01/model.config
-- Symlinking: /home/irman/ROS2_Humanoid_VLA/install/g1_gazebo_sim/share/g1_gazebo_sim//models/aws_robomaker_residential_Board_01/model.sdf
-- Symlinking: /home/irman/ROS2_Humanoid_VLA/install/g1_gazebo_sim/share/g1_gazebo_sim//models/aws_robomaker_residential_Carpet_01/materials/textures/aws_Carpet_01.png
-- Symlinking: /home/irman/ROS2_Humanoid_VLA/install/g1_gazebo_sim/share/g1_gazebo_sim//models/aws_robomaker_residential_Carpet_01/meshes/aws_Carpet_01_collision.DAE
-- Symlinking: /home/irman/ROS2_Humanoid_VLA/install/g1_gazebo_sim/share/g1_gazebo_sim//models/aws_robomaker_residential_Carpet_01/meshes/aws_Carpet_01_visual.DAE
-- Symlinking: /home/irman/ROS2_Humanoid_VLA/install/g1_gazebo_sim/share/g1_gazebo_sim//models/aws_robomaker_residential_Carpet_01/model.config
-- Symlinking: /home/irman/ROS2_Humanoid_VLA/install/g1_gazebo_sim/share/g1_gazebo_sim//models/aws_robomaker_residential_Carpet_01/model.sdf
-- Symlinking: /home/irman/ROS2_Humanoid_VLA/install/g1_gazebo_sim/share/g1_gazebo_sim//models/aws_robomaker_residential_ChairA_01/materials/textures/aws_ChairA_01.png
-- Symlinking: /home/irman/ROS2_Humanoid_VLA/install/g1_gazebo_sim/share/g1_gazebo_sim//models/aws_robomaker_residential_ChairA_01/meshes/aws_ChairA_01_collision.DAE
-- Symlinking: /home/irman/ROS2_Humanoid_VLA/install/g1_gazebo_sim/share/g1_gazebo_sim//models/aws_robomaker_residential_ChairA_01/meshes/aws_ChairA_01_visual.DAE
-- Symlinking: /home/irman/ROS2_Humanoid_VLA/install/g1_gazebo_sim/share/g1_gazebo_sim//models/aws_robomaker_residential_ChairA_01/model.config
-- Symlinking: /home/irman/ROS2_Humanoid_VLA/install/g1_gazebo_sim/share/g1_gazebo_sim//models/aws_robomaker_residential_ChairA_01/model.sdf
-- Symlinking: /home/irman/ROS2_Humanoid_VLA/install/g1_gazebo_sim/share/g1_gazebo_sim//models/aws_robomaker_residential_ChairD_01/materials/textures/aws_ChairD_01.png
-- Symlinking: /home/irman/ROS2_Humanoid_VLA/install/g1_gazebo_sim/share/g1_gazebo_sim//models/aws_robomaker_residential_ChairD_01/meshes/aws_ChairD_01_collision.DAE
-- Symlinking: /home/irman/ROS2_Humanoid_VLA/install/g1_gazebo_sim/share/g1_gazebo_sim//models/aws_robomaker_residential_ChairD_01/meshes/aws_ChairD_01_visual.DAE
-- Symlinking: /home/irman/ROS2_Humanoid_VLA/install/g1_gazebo_sim/share/g1_gazebo_sim//models/aws_robomaker_residential_ChairD_01/model.config
-- Symlinking: /home/irman/ROS2_Humanoid_VLA/install/g1_gazebo_sim/share/g1_gazebo_sim//models/aws_robomaker_residential_ChairD_01/model.sdf
-- Symlinking: /home/irman/ROS2_Humanoid_VLA/install/g1_gazebo_sim/share/g1_gazebo_sim//models/aws_robomaker_residential_Chandelier_01/materials/textures/aws_Chandelier_01.png
-- Symlinking: /home/irman/ROS2_Humanoid_VLA/install/g1_gazebo_sim/share/g1_gazebo_sim//models/aws_robomaker_residential_Chandelier_01/meshes/aws_Chandelier_01.DAE
-- Symlinking: /home/irman/ROS2_Humanoid_VLA/install/g1_gazebo_sim/share/g1_gazebo_sim//models/aws_robomaker_residential_Chandelier_01/meshes/aws_Chandelier_01_collision.DAE
-- Symlinking: /home/irman/ROS2_Humanoid_VLA/install/g1_gazebo_sim/share/g1_gazebo_sim//models/aws_robomaker_residential_Chandelier_01/meshes/aws_Chandelier_01_visual.DAE
-- Symlinking: /home/irman/ROS2_Humanoid_VLA/install/g1_gazebo_sim/share/g1_gazebo_sim//models/aws_robomaker_residential_Chandelier_01/model.config
-- Symlinking: /home/irman/ROS2_Humanoid_VLA/install/g1_gazebo_sim/share/g1_gazebo_sim//models/aws_robomaker_residential_Chandelier_01/model.sdf
-- Symlinking: /home/irman/ROS2_Humanoid_VLA/install/g1_gazebo_sim/share/g1_gazebo_sim//models/aws_robomaker_residential_CoffeeTable_01/materials/textures/aws_CoffeeTable_01.png
-- Symlinking: /home/irman/ROS2_Humanoid_VLA/install/g1_gazebo_sim/share/g1_gazebo_sim//models/aws_robomaker_residential_CoffeeTable_01/meshes/aws_CoffeeTable_01_collision.DAE
-- Symlinking: /home/irman/ROS2_Humanoid_VLA/install/g1_gazebo_sim/share/g1_gazebo_sim//models/aws_robomaker_residential_CoffeeTable_01/meshes/aws_CoffeeTable_01_visual.DAE
-- Symlinking: /home/irman/ROS2_Humanoid_VLA/install/g1_gazebo_sim/share/g1_gazebo_sim//models/aws_robomaker_residential_CoffeeTable_01/model.config
-- Symlinking: /home/irman/ROS2_Humanoid_VLA/install/g1_gazebo_sim/share/g1_gazebo_sim//models/aws_robomaker_residential_CoffeeTable_01/model.sdf
-- Symlinking: /home/irman/ROS2_Humanoid_VLA/install/g1_gazebo_sim/share/g1_gazebo_sim//models/aws_robomaker_residential_CookingBench_01/materials/textures/aws_CookingBench_01.png
-- Symlinking: /home/irman/ROS2_Humanoid_VLA/install/g1_gazebo_sim/share/g1_gazebo_sim//models/aws_robomaker_residential_CookingBench_01/meshes/aws_CookingBench_01.DAE
-- Symlinking: /home/irman/ROS2_Humanoid_VLA/install/g1_gazebo_sim/share/g1_gazebo_sim//models/aws_robomaker_residential_CookingBench_01/meshes/aws_CookingBench_01_collision.DAE
-- Symlinking: /home/irman/ROS2_Humanoid_VLA/install/g1_gazebo_sim/share/g1_gazebo_sim//models/aws_robomaker_residential_CookingBench_01/meshes/aws_CookingBench_01_visual.DAE
-- Symlinking: /home/irman/ROS2_Humanoid_VLA/install/g1_gazebo_sim/share/g1_gazebo_sim//models/aws_robomaker_residential_CookingBench_01/model.config
-- Symlinking: /home/irman/ROS2_Humanoid_VLA/install/g1_gazebo_sim/share/g1_gazebo_sim//models/aws_robomaker_residential_CookingBench_01/model.sdf
-- Symlinking: /home/irman/ROS2_Humanoid_VLA/install/g1_gazebo_sim/share/g1_gazebo_sim//models/aws_robomaker_residential_Curtain_01/materials/textures/aws_Curtain_01.png
-- Symlinking: /home/irman/ROS2_Humanoid_VLA/install/g1_gazebo_sim/share/g1_gazebo_sim//models/aws_robomaker_residential_Curtain_01/meshes/aws_Curtain_01_collision.DAE
-- Symlinking: /home/irman/ROS2_Humanoid_VLA/install/g1_gazebo_sim/share/g1_gazebo_sim//models/aws_robomaker_residential_Curtain_01/meshes/aws_Curtain_01_visual.DAE
-- Symlinking: /home/irman/ROS2_Humanoid_VLA/install/g1_gazebo_sim/share/g1_gazebo_sim//models/aws_robomaker_residential_Curtain_01/model.config
-- Symlinking: /home/irman/ROS2_Humanoid_VLA/install/g1_gazebo_sim/share/g1_gazebo_sim//models/aws_robomaker_residential_Curtain_01/model.sdf
-- Symlinking: /home/irman/ROS2_Humanoid_VLA/install/g1_gazebo_sim/share/g1_gazebo_sim//models/aws_robomaker_residential_DeskPortraitA_01/materials/textures/DeskPortraitA_01.jpg
-- Symlinking: /home/irman/ROS2_Humanoid_VLA/install/g1_gazebo_sim/share/g1_gazebo_sim//models/aws_robomaker_residential_DeskPortraitA_01/materials/textures/aws_DeskPortraitA_01.png
-- Symlinking: /home/irman/ROS2_Humanoid_VLA/install/g1_gazebo_sim/share/g1_gazebo_sim//models/aws_robomaker_residential_DeskPortraitA_01/materials/textures/aws_DeskPortraitA_02.png
-- Symlinking: /home/irman/ROS2_Humanoid_VLA/install/g1_gazebo_sim/share/g1_gazebo_sim//models/aws_robomaker_residential_DeskPortraitA_01/meshes/aws_DeskPortraitA_01_collision.DAE
-- Symlinking: /home/irman/ROS2_Humanoid_VLA/install/g1_gazebo_sim/share/g1_gazebo_sim//models/aws_robomaker_residential_DeskPortraitA_01/meshes/aws_DeskPortraitA_01_visual.DAE
-- Symlinking: /home/irman/ROS2_Humanoid_VLA/install/g1_gazebo_sim/share/g1_gazebo_sim//models/aws_robomaker_residential_DeskPortraitA_01/model.config
-- Symlinking: /home/irman/ROS2_Humanoid_VLA/install/g1_gazebo_sim/share/g1_gazebo_sim//models/aws_robomaker_residential_DeskPortraitA_01/model.sdf
-- Symlinking: /home/irman/ROS2_Humanoid_VLA/install/g1_gazebo_sim/share/g1_gazebo_sim//models/aws_robomaker_residential_DeskPortraitA_02/materials/textures/DeskPortraitA_02.jpg
-- Symlinking: /home/irman/ROS2_Humanoid_VLA/install/g1_gazebo_sim/share/g1_gazebo_sim//models/aws_robomaker_residential_DeskPortraitA_02/materials/textures/aws_DeskPortraitA_01.png
-- Symlinking: /home/irman/ROS2_Humanoid_VLA/install/g1_gazebo_sim/share/g1_gazebo_sim//models/aws_robomaker_residential_DeskPortraitA_02/materials/textures/aws_DeskPortraitA_02.png
-- Symlinking: /home/irman/ROS2_Humanoid_VLA/install/g1_gazebo_sim/share/g1_gazebo_sim//models/aws_robomaker_residential_DeskPortraitA_02/meshes/aws_DeskPortraitA_01_collision.DAE
-- Symlinking: /home/irman/ROS2_Humanoid_VLA/install/g1_gazebo_sim/share/g1_gazebo_sim//models/aws_robomaker_residential_DeskPortraitA_02/meshes/aws_DeskPortraitA_01_visual.DAE
-- Symlinking: /home/irman/ROS2_Humanoid_VLA/install/g1_gazebo_sim/share/g1_gazebo_sim//models/aws_robomaker_residential_DeskPortraitA_02/model.config
-- Symlinking: /home/irman/ROS2_Humanoid_VLA/install/g1_gazebo_sim/share/g1_gazebo_sim//models/aws_robomaker_residential_DeskPortraitA_02/model.sdf
-- Symlinking: /home/irman/ROS2_Humanoid_VLA/install/g1_gazebo_sim/share/g1_gazebo_sim//models/aws_robomaker_residential_DeskPortraitB_01/materials/textures/DeskPortraitB_01.jpg
-- Symlinking: /home/irman/ROS2_Humanoid_VLA/install/g1_gazebo_sim/share/g1_gazebo_sim//models/aws_robomaker_residential_DeskPortraitB_01/materials/textures/aws_DeskPortraitB_01.png
-- Symlinking: /home/irman/ROS2_Humanoid_VLA/install/g1_gazebo_sim/share/g1_gazebo_sim//models/aws_robomaker_residential_DeskPortraitB_01/materials/textures/aws_DeskPortraitB_02.png
-- Symlinking: /home/irman/ROS2_Humanoid_VLA/install/g1_gazebo_sim/share/g1_gazebo_sim//models/aws_robomaker_residential_DeskPortraitB_01/meshes/aws_DeskPortraitB_01_collision.DAE
-- Symlinking: /home/irman/ROS2_Humanoid_VLA/install/g1_gazebo_sim/share/g1_gazebo_sim//models/aws_robomaker_residential_DeskPortraitB_01/meshes/aws_DeskPortraitB_01_visual.DAE
-- Symlinking: /home/irman/ROS2_Humanoid_VLA/install/g1_gazebo_sim/share/g1_gazebo_sim//models/aws_robomaker_residential_DeskPortraitB_01/model.config
-- Symlinking: /home/irman/ROS2_Humanoid_VLA/install/g1_gazebo_sim/share/g1_gazebo_sim//models/aws_robomaker_residential_DeskPortraitB_01/model.sdf
-- Symlinking: /home/irman/ROS2_Humanoid_VLA/install/g1_gazebo_sim/share/g1_gazebo_sim//models/aws_robomaker_residential_DeskPortraitB_02/materials/textures/DeskPortraitB_02.jpg
-- Symlinking: /home/irman/ROS2_Humanoid_VLA/install/g1_gazebo_sim/share/g1_gazebo_sim//models/aws_robomaker_residential_DeskPortraitB_02/materials/textures/aws_DeskPortraitB_01.png
-- Symlinking: /home/irman/ROS2_Humanoid_VLA/install/g1_gazebo_sim/share/g1_gazebo_sim//models/aws_robomaker_residential_DeskPortraitB_02/materials/textures/aws_DeskPortraitB_02.png
-- Symlinking: /home/irman/ROS2_Humanoid_VLA/install/g1_gazebo_sim/share/g1_gazebo_sim//models/aws_robomaker_residential_DeskPortraitB_02/meshes/aws_DeskPortraitB_01_collision.DAE
-- Symlinking: /home/irman/ROS2_Humanoid_VLA/install/g1_gazebo_sim/share/g1_gazebo_sim//models/aws_robomaker_residential_DeskPortraitB_02/meshes/aws_DeskPortraitB_01_visual.DAE
-- Symlinking: /home/irman/ROS2_Humanoid_VLA/install/g1_gazebo_sim/share/g1_gazebo_sim//models/aws_robomaker_residential_DeskPortraitB_02/model.config
-- Symlinking: /home/irman/ROS2_Humanoid_VLA/install/g1_gazebo_sim/share/g1_gazebo_sim//models/aws_robomaker_residential_DeskPortraitB_02/model.sdf
-- Symlinking: /home/irman/ROS2_Humanoid_VLA/install/g1_gazebo_sim/share/g1_gazebo_sim//models/aws_robomaker_residential_DeskPortraitC_01/materials/textures/DeskPortraitC_01.jpg
-- Symlinking: /home/irman/ROS2_Humanoid_VLA/install/g1_gazebo_sim/share/g1_gazebo_sim//models/aws_robomaker_residential_DeskPortraitC_01/materials/textures/aws_DeskPortraitC_01.png
-- Symlinking: /home/irman/ROS2_Humanoid_VLA/install/g1_gazebo_sim/share/g1_gazebo_sim//models/aws_robomaker_residential_DeskPortraitC_01/materials/textures/aws_DeskPortraitC_02.png
-- Symlinking: /home/irman/ROS2_Humanoid_VLA/install/g1_gazebo_sim/share/g1_gazebo_sim//models/aws_robomaker_residential_DeskPortraitC_01/meshes/aws_DeskPortraitC_01_collision.DAE
-- Symlinking: /home/irman/ROS2_Humanoid_VLA/install/g1_gazebo_sim/share/g1_gazebo_sim//models/aws_robomaker_residential_DeskPortraitC_01/meshes/aws_DeskPortraitC_01_visual.DAE
-- Symlinking: /home/irman/ROS2_Humanoid_VLA/install/g1_gazebo_sim/share/g1_gazebo_sim//models/aws_robomaker_residential_DeskPortraitC_01/model.config
-- Symlinking: /home/irman/ROS2_Humanoid_VLA/install/g1_gazebo_sim/share/g1_gazebo_sim//models/aws_robomaker_residential_DeskPortraitC_01/model.sdf
-- Symlinking: /home/irman/ROS2_Humanoid_VLA/install/g1_gazebo_sim/share/g1_gazebo_sim//models/aws_robomaker_residential_DeskPortraitC_02/materials/textures/DeskPortraitC_02.jpg
-- Symlinking: /home/irman/ROS2_Humanoid_VLA/install/g1_gazebo_sim/share/g1_gazebo_sim//models/aws_robomaker_residential_DeskPortraitC_02/materials/textures/aws_DeskPortraitC_01.png
-- Symlinking: /home/irman/ROS2_Humanoid_VLA/install/g1_gazebo_sim/share/g1_gazebo_sim//models/aws_robomaker_residential_DeskPortraitC_02/materials/textures/aws_DeskPortraitC_02.png
-- Symlinking: /home/irman/ROS2_Humanoid_VLA/install/g1_gazebo_sim/share/g1_gazebo_sim//models/aws_robomaker_residential_DeskPortraitC_02/meshes/aws_DeskPortraitC_01_collision.DAE
-- Symlinking: /home/irman/ROS2_Humanoid_VLA/install/g1_gazebo_sim/share/g1_gazebo_sim//models/aws_robomaker_residential_DeskPortraitC_02/meshes/aws_DeskPortraitC_01_visual.DAE
-- Symlinking: /home/irman/ROS2_Humanoid_VLA/install/g1_gazebo_sim/share/g1_gazebo_sim//models/aws_robomaker_residential_DeskPortraitC_02/model.config
-- Symlinking: /home/irman/ROS2_Humanoid_VLA/install/g1_gazebo_sim/share/g1_gazebo_sim//models/aws_robomaker_residential_DeskPortraitC_02/model.sdf
-- Symlinking: /home/irman/ROS2_Humanoid_VLA/install/g1_gazebo_sim/share/g1_gazebo_sim//models/aws_robomaker_residential_DeskPortraitD_01/materials/textures/DeskPortraitD_01.jpg
-- Symlinking: /home/irman/ROS2_Humanoid_VLA/install/g1_gazebo_sim/share/g1_gazebo_sim//models/aws_robomaker_residential_DeskPortraitD_01/materials/textures/aws_DeskPortraitD_01.png
-- Symlinking: /home/irman/ROS2_Humanoid_VLA/install/g1_gazebo_sim/share/g1_gazebo_sim//models/aws_robomaker_residential_DeskPortraitD_01/materials/textures/aws_DeskPortraitD_02.png
-- Symlinking: /home/irman/ROS2_Humanoid_VLA/install/g1_gazebo_sim/share/g1_gazebo_sim//models/aws_robomaker_residential_DeskPortraitD_01/meshes/aws_DeskPortraitD_01_collision.DAE
-- Symlinking: /home/irman/ROS2_Humanoid_VLA/install/g1_gazebo_sim/share/g1_gazebo_sim//models/aws_robomaker_residential_DeskPortraitD_01/meshes/aws_DeskPortraitD_01_visual.DAE
-- Symlinking: /home/irman/ROS2_Humanoid_VLA/install/g1_gazebo_sim/share/g1_gazebo_sim//models/aws_robomaker_residential_DeskPortraitD_01/model.config
-- Symlinking: /home/irman/ROS2_Humanoid_VLA/install/g1_gazebo_sim/share/g1_gazebo_sim//models/aws_robomaker_residential_DeskPortraitD_01/model.sdf
-- Symlinking: /home/irman/ROS2_Humanoid_VLA/install/g1_gazebo_sim/share/g1_gazebo_sim//models/aws_robomaker_residential_DeskPortraitD_02/materials/textures/DeskPortraitD_02.jpg
-- Symlinking: /home/irman/ROS2_Humanoid_VLA/install/g1_gazebo_sim/share/g1_gazebo_sim//models/aws_robomaker_residential_DeskPortraitD_02/materials/textures/aws_DeskPortraitD_01.png
-- Symlinking: /home/irman/ROS2_Humanoid_VLA/install/g1_gazebo_sim/share/g1_gazebo_sim//models/aws_robomaker_residential_DeskPortraitD_02/materials/textures/aws_DeskPortraitD_02.png
-- Symlinking: /home/irman/ROS2_Humanoid_VLA/install/g1_gazebo_sim/share/g1_gazebo_sim//models/aws_robomaker_residential_DeskPortraitD_02/meshes/aws_DeskPortraitD_01_collision.DAE
-- Symlinking: /home/irman/ROS2_Humanoid_VLA/install/g1_gazebo_sim/share/g1_gazebo_sim//models/aws_robomaker_residential_DeskPortraitD_02/meshes/aws_DeskPortraitD_01_visual.DAE
-- Symlinking: /home/irman/ROS2_Humanoid_VLA/install/g1_gazebo_sim/share/g1_gazebo_sim//models/aws_robomaker_residential_DeskPortraitD_02/model.config
-- Symlinking: /home/irman/ROS2_Humanoid_VLA/install/g1_gazebo_sim/share/g1_gazebo_sim//models/aws_robomaker_residential_DeskPortraitD_02/model.sdf
-- Symlinking: /home/irman/ROS2_Humanoid_VLA/install/g1_gazebo_sim/share/g1_gazebo_sim//models/aws_robomaker_residential_DeskPortraitD_03/materials/textures/DeskPortraitD_03.jpg
-- Symlinking: /home/irman/ROS2_Humanoid_VLA/install/g1_gazebo_sim/share/g1_gazebo_sim//models/aws_robomaker_residential_DeskPortraitD_03/materials/textures/aws_DeskPortraitD_01.png
-- Symlinking: /home/irman/ROS2_Humanoid_VLA/install/g1_gazebo_sim/share/g1_gazebo_sim//models/aws_robomaker_residential_DeskPortraitD_03/materials/textures/aws_DeskPortraitD_02.png
-- Symlinking: /home/irman/ROS2_Humanoid_VLA/install/g1_gazebo_sim/share/g1_gazebo_sim//models/aws_robomaker_residential_DeskPortraitD_03/meshes/aws_DeskPortraitD_01_collision.DAE
-- Symlinking: /home/irman/ROS2_Humanoid_VLA/install/g1_gazebo_sim/share/g1_gazebo_sim//models/aws_robomaker_residential_DeskPortraitD_03/meshes/aws_DeskPortraitD_01_visual.DAE
-- Symlinking: /home/irman/ROS2_Humanoid_VLA/install/g1_gazebo_sim/share/g1_gazebo_sim//models/aws_robomaker_residential_DeskPortraitD_03/model.config
-- Symlinking: /home/irman/ROS2_Humanoid_VLA/install/g1_gazebo_sim/share/g1_gazebo_sim//models/aws_robomaker_residential_DeskPortraitD_03/model.sdf
-- Symlinking: /home/irman/ROS2_Humanoid_VLA/install/g1_gazebo_sim/share/g1_gazebo_sim//models/aws_robomaker_residential_DeskPortraitD_04/materials/textures/DeskPortraitD_04.jpg
-- Symlinking: /home/irman/ROS2_Humanoid_VLA/install/g1_gazebo_sim/share/g1_gazebo_sim//models/aws_robomaker_residential_DeskPortraitD_04/materials/textures/aws_DeskPortraitD_01.png
-- Symlinking: /home/irman/ROS2_Humanoid_VLA/install/g1_gazebo_sim/share/g1_gazebo_sim//models/aws_robomaker_residential_DeskPortraitD_04/materials/textures/aws_DeskPortraitD_02.png
-- Symlinking: /home/irman/ROS2_Humanoid_VLA/install/g1_gazebo_sim/share/g1_gazebo_sim//models/aws_robomaker_residential_DeskPortraitD_04/meshes/aws_DeskPortraitD_01_collision.DAE
-- Symlinking: /home/irman/ROS2_Humanoid_VLA/install/g1_gazebo_sim/share/g1_gazebo_sim//models/aws_robomaker_residential_DeskPortraitD_04/meshes/aws_DeskPortraitD_01_visual.DAE
-- Symlinking: /home/irman/ROS2_Humanoid_VLA/install/g1_gazebo_sim/share/g1_gazebo_sim//models/aws_robomaker_residential_DeskPortraitD_04/model.config
-- Symlinking: /home/irman/ROS2_Humanoid_VLA/install/g1_gazebo_sim/share/g1_gazebo_sim//models/aws_robomaker_residential_DeskPortraitD_04/model.sdf
-- Symlinking: /home/irman/ROS2_Humanoid_VLA/install/g1_gazebo_sim/share/g1_gazebo_sim//models/aws_robomaker_residential_Door_01/materials/textures/aws_Door_01.png
-- Symlinking: /home/irman/ROS2_Humanoid_VLA/install/g1_gazebo_sim/share/g1_gazebo_sim//models/aws_robomaker_residential_Door_01/meshes/aws_Door_01_collision.DAE
-- Symlinking: /home/irman/ROS2_Humanoid_VLA/install/g1_gazebo_sim/share/g1_gazebo_sim//models/aws_robomaker_residential_Door_01/meshes/aws_Door_01_visual.DAE
-- Symlinking: /home/irman/ROS2_Humanoid_VLA/install/g1_gazebo_sim/share/g1_gazebo_sim//models/aws_robomaker_residential_Door_01/model.config
-- Symlinking: /home/irman/ROS2_Humanoid_VLA/install/g1_gazebo_sim/share/g1_gazebo_sim//models/aws_robomaker_residential_Door_01/model.sdf
-- Symlinking: /home/irman/ROS2_Humanoid_VLA/install/g1_gazebo_sim/share/g1_gazebo_sim//models/aws_robomaker_residential_Dumbbell_01/materials/textures/aws_Dumbbell_01.png
-- Symlinking: /home/irman/ROS2_Humanoid_VLA/install/g1_gazebo_sim/share/g1_gazebo_sim//models/aws_robomaker_residential_Dumbbell_01/meshes/aws_Dumbbell_01_collision.DAE
-- Symlinking: /home/irman/ROS2_Humanoid_VLA/install/g1_gazebo_sim/share/g1_gazebo_sim//models/aws_robomaker_residential_Dumbbell_01/meshes/aws_Dumbbell_01_visual.DAE
-- Symlinking: /home/irman/ROS2_Humanoid_VLA/install/g1_gazebo_sim/share/g1_gazebo_sim//models/aws_robomaker_residential_Dumbbell_01/model.config
-- Symlinking: /home/irman/ROS2_Humanoid_VLA/install/g1_gazebo_sim/share/g1_gazebo_sim//models/aws_robomaker_residential_Dumbbell_01/model.sdf
-- Symlinking: /home/irman/ROS2_Humanoid_VLA/install/g1_gazebo_sim/share/g1_gazebo_sim//models/aws_robomaker_residential_FitnessEquipment_01/materials/textures/aws_FitnessEquipment_01.png
-- Symlinking: /home/irman/ROS2_Humanoid_VLA/install/g1_gazebo_sim/share/g1_gazebo_sim//models/aws_robomaker_residential_FitnessEquipment_01/meshes/aws_FitnessEquipment_01_collision.DAE
-- Symlinking: /home/irman/ROS2_Humanoid_VLA/install/g1_gazebo_sim/share/g1_gazebo_sim//models/aws_robomaker_residential_FitnessEquipment_01/meshes/aws_FitnessEquipment_01_visual.DAE
-- Symlinking: /home/irman/ROS2_Humanoid_VLA/install/g1_gazebo_sim/share/g1_gazebo_sim//models/aws_robomaker_residential_FitnessEquipment_01/model.config
-- Symlinking: /home/irman/ROS2_Humanoid_VLA/install/g1_gazebo_sim/share/g1_gazebo_sim//models/aws_robomaker_residential_FitnessEquipment_01/model.sdf
-- Symlinking: /home/irman/ROS2_Humanoid_VLA/install/g1_gazebo_sim/share/g1_gazebo_sim//models/aws_robomaker_residential_FloorB_01/materials/textures/aws_FloorB_01.png
-- Symlinking: /home/irman/ROS2_Humanoid_VLA/install/g1_gazebo_sim/share/g1_gazebo_sim//models/aws_robomaker_residential_FloorB_01/meshes/aws_FloorB_01_collision.DAE
-- Symlinking: /home/irman/ROS2_Humanoid_VLA/install/g1_gazebo_sim/share/g1_gazebo_sim//models/aws_robomaker_residential_FloorB_01/meshes/aws_FloorB_01_visual.DAE
-- Symlinking: /home/irman/ROS2_Humanoid_VLA/install/g1_gazebo_sim/share/g1_gazebo_sim//models/aws_robomaker_residential_FloorB_01/model.config
-- Symlinking: /home/irman/ROS2_Humanoid_VLA/install/g1_gazebo_sim/share/g1_gazebo_sim//models/aws_robomaker_residential_FloorB_01/model.sdf
-- Symlinking: /home/irman/ROS2_Humanoid_VLA/install/g1_gazebo_sim/share/g1_gazebo_sim//models/aws_robomaker_residential_FoldingDoor_01/materials/textures/aws_FoldingDoor_01.png
-- Symlinking: /home/irman/ROS2_Humanoid_VLA/install/g1_gazebo_sim/share/g1_gazebo_sim//models/aws_robomaker_residential_FoldingDoor_01/meshes/aws_FoldingDoor_01_collision.DAE
-- Symlinking: /home/irman/ROS2_Humanoid_VLA/install/g1_gazebo_sim/share/g1_gazebo_sim//models/aws_robomaker_residential_FoldingDoor_01/meshes/aws_FoldingDoor_01_visual.DAE
-- Symlinking: /home/irman/ROS2_Humanoid_VLA/install/g1_gazebo_sim/share/g1_gazebo_sim//models/aws_robomaker_residential_FoldingDoor_01/model.config
-- Symlinking: /home/irman/ROS2_Humanoid_VLA/install/g1_gazebo_sim/share/g1_gazebo_sim//models/aws_robomaker_residential_FoldingDoor_01/model.sdf
-- Symlinking: /home/irman/ROS2_Humanoid_VLA/install/g1_gazebo_sim/share/g1_gazebo_sim//models/aws_robomaker_residential_FoldingDoor_02/materials/textures/aws_FoldingDoor_02.png
-- Symlinking: /home/irman/ROS2_Humanoid_VLA/install/g1_gazebo_sim/share/g1_gazebo_sim//models/aws_robomaker_residential_FoldingDoor_02/meshes/aws_FoldingDoor_02_collision.DAE
-- Symlinking: /home/irman/ROS2_Humanoid_VLA/install/g1_gazebo_sim/share/g1_gazebo_sim//models/aws_robomaker_residential_FoldingDoor_02/meshes/aws_FoldingDoor_02_visual.DAE
-- Symlinking: /home/irman/ROS2_Humanoid_VLA/install/g1_gazebo_sim/share/g1_gazebo_sim//models/aws_robomaker_residential_FoldingDoor_02/model.config
-- Symlinking: /home/irman/ROS2_Humanoid_VLA/install/g1_gazebo_sim/share/g1_gazebo_sim//models/aws_robomaker_residential_FoldingDoor_02/model.sdf
-- Symlinking: /home/irman/ROS2_Humanoid_VLA/install/g1_gazebo_sim/share/g1_gazebo_sim//models/aws_robomaker_residential_Handle_01/materials/textures/aws_Handle_01.png
-- Symlinking: /home/irman/ROS2_Humanoid_VLA/install/g1_gazebo_sim/share/g1_gazebo_sim//models/aws_robomaker_residential_Handle_01/meshes/aws_Handle_01_collision.DAE
-- Symlinking: /home/irman/ROS2_Humanoid_VLA/install/g1_gazebo_sim/share/g1_gazebo_sim//models/aws_robomaker_residential_Handle_01/meshes/aws_Handle_01_visual.DAE
-- Symlinking: /home/irman/ROS2_Humanoid_VLA/install/g1_gazebo_sim/share/g1_gazebo_sim//models/aws_robomaker_residential_Handle_01/model.config
-- Symlinking: /home/irman/ROS2_Humanoid_VLA/install/g1_gazebo_sim/share/g1_gazebo_sim//models/aws_robomaker_residential_Handle_01/model.sdf
-- Symlinking: /home/irman/ROS2_Humanoid_VLA/install/g1_gazebo_sim/share/g1_gazebo_sim//models/aws_robomaker_residential_HouseWallB_01/materials/textures/aws_HouseWallB_01.png
-- Symlinking: /home/irman/ROS2_Humanoid_VLA/install/g1_gazebo_sim/share/g1_gazebo_sim//models/aws_robomaker_residential_HouseWallB_01/meshes/aws_HouseWallB_01_collision.DAE
-- Symlinking: /home/irman/ROS2_Humanoid_VLA/install/g1_gazebo_sim/share/g1_gazebo_sim//models/aws_robomaker_residential_HouseWallB_01/meshes/aws_HouseWallB_01_visual.DAE
-- Symlinking: /home/irman/ROS2_Humanoid_VLA/install/g1_gazebo_sim/share/g1_gazebo_sim//models/aws_robomaker_residential_HouseWallB_01/model.config
-- Symlinking: /home/irman/ROS2_Humanoid_VLA/install/g1_gazebo_sim/share/g1_gazebo_sim//models/aws_robomaker_residential_HouseWallB_01/model.sdf
-- Symlinking: /home/irman/ROS2_Humanoid_VLA/install/g1_gazebo_sim/share/g1_gazebo_sim//models/aws_robomaker_residential_KitchenCabinet_01/materials/textures/aws_KitchenCabinet_01.png
-- Symlinking: /home/irman/ROS2_Humanoid_VLA/install/g1_gazebo_sim/share/g1_gazebo_sim//models/aws_robomaker_residential_KitchenCabinet_01/meshes/aws_KitchenCabinet_01_collision.DAE
-- Symlinking: /home/irman/ROS2_Humanoid_VLA/install/g1_gazebo_sim/share/g1_gazebo_sim//models/aws_robomaker_residential_KitchenCabinet_01/meshes/aws_KitchenCabinet_01_visual.DAE
-- Symlinking: /home/irman/ROS2_Humanoid_VLA/install/g1_gazebo_sim/share/g1_gazebo_sim//models/aws_robomaker_residential_KitchenCabinet_01/model.config
-- Symlinking: /home/irman/ROS2_Humanoid_VLA/install/g1_gazebo_sim/share/g1_gazebo_sim//models/aws_robomaker_residential_KitchenCabinet_01/model.sdf
-- Symlinking: /home/irman/ROS2_Humanoid_VLA/install/g1_gazebo_sim/share/g1_gazebo_sim//models/aws_robomaker_residential_KitchenTable_01/materials/textures/aws_KitchenTable_01.png
-- Symlinking: /home/irman/ROS2_Humanoid_VLA/install/g1_gazebo_sim/share/g1_gazebo_sim//models/aws_robomaker_residential_KitchenTable_01/meshes/aws_KitchenTable_01_collision.DAE
-- Symlinking: /home/irman/ROS2_Humanoid_VLA/install/g1_gazebo_sim/share/g1_gazebo_sim//models/aws_robomaker_residential_KitchenTable_01/meshes/aws_KitchenTable_01_visual.DAE
-- Symlinking: /home/irman/ROS2_Humanoid_VLA/install/g1_gazebo_sim/share/g1_gazebo_sim//models/aws_robomaker_residential_KitchenTable_01/model.config
-- Symlinking: /home/irman/ROS2_Humanoid_VLA/install/g1_gazebo_sim/share/g1_gazebo_sim//models/aws_robomaker_residential_KitchenTable_01/model.sdf
-- Symlinking: /home/irman/ROS2_Humanoid_VLA/install/g1_gazebo_sim/share/g1_gazebo_sim//models/aws_robomaker_residential_KitchenUtensils_01/materials/textures/aws_KitchenUtensils_01.png
-- Symlinking: /home/irman/ROS2_Humanoid_VLA/install/g1_gazebo_sim/share/g1_gazebo_sim//models/aws_robomaker_residential_KitchenUtensils_01/meshes/aws_KitchenUtensils_01_collision.DAE
-- Symlinking: /home/irman/ROS2_Humanoid_VLA/install/g1_gazebo_sim/share/g1_gazebo_sim//models/aws_robomaker_residential_KitchenUtensils_01/meshes/aws_KitchenUtensils_01_visual.DAE
-- Symlinking: /home/irman/ROS2_Humanoid_VLA/install/g1_gazebo_sim/share/g1_gazebo_sim//models/aws_robomaker_residential_KitchenUtensils_01/model.config
-- Symlinking: /home/irman/ROS2_Humanoid_VLA/install/g1_gazebo_sim/share/g1_gazebo_sim//models/aws_robomaker_residential_KitchenUtensils_01/model.sdf
-- Symlinking: /home/irman/ROS2_Humanoid_VLA/install/g1_gazebo_sim/share/g1_gazebo_sim//models/aws_robomaker_residential_LightC_01/materials/textures/aws_LightC_01.png
-- Symlinking: /home/irman/ROS2_Humanoid_VLA/install/g1_gazebo_sim/share/g1_gazebo_sim//models/aws_robomaker_residential_LightC_01/meshes/aws_LightC_01_collision.DAE
-- Symlinking: /home/irman/ROS2_Humanoid_VLA/install/g1_gazebo_sim/share/g1_gazebo_sim//models/aws_robomaker_residential_LightC_01/meshes/aws_LightC_01_visual.DAE
-- Symlinking: /home/irman/ROS2_Humanoid_VLA/install/g1_gazebo_sim/share/g1_gazebo_sim//models/aws_robomaker_residential_LightC_01/model.config
-- Symlinking: /home/irman/ROS2_Humanoid_VLA/install/g1_gazebo_sim/share/g1_gazebo_sim//models/aws_robomaker_residential_LightC_01/model.sdf
-- Symlinking: /home/irman/ROS2_Humanoid_VLA/install/g1_gazebo_sim/share/g1_gazebo_sim//models/aws_robomaker_residential_NightStand_01/materials/textures/aws_NightStand_01.png
-- Symlinking: /home/irman/ROS2_Humanoid_VLA/install/g1_gazebo_sim/share/g1_gazebo_sim//models/aws_robomaker_residential_NightStand_01/meshes/aws_NightStand_01_collision.DAE
-- Symlinking: /home/irman/ROS2_Humanoid_VLA/install/g1_gazebo_sim/share/g1_gazebo_sim//models/aws_robomaker_residential_NightStand_01/meshes/aws_NightStand_01_visual.DAE
-- Symlinking: /home/irman/ROS2_Humanoid_VLA/install/g1_gazebo_sim/share/g1_gazebo_sim//models/aws_robomaker_residential_NightStand_01/model.config
-- Symlinking: /home/irman/ROS2_Humanoid_VLA/install/g1_gazebo_sim/share/g1_gazebo_sim//models/aws_robomaker_residential_NightStand_01/model.sdf
-- Symlinking: /home/irman/ROS2_Humanoid_VLA/install/g1_gazebo_sim/share/g1_gazebo_sim//models/aws_robomaker_residential_Pillow_01/materials/textures/aws_Pillow_01.png
-- Symlinking: /home/irman/ROS2_Humanoid_VLA/install/g1_gazebo_sim/share/g1_gazebo_sim//models/aws_robomaker_residential_Pillow_01/meshes/aws_Pillow_01_collision.DAE
-- Symlinking: /home/irman/ROS2_Humanoid_VLA/install/g1_gazebo_sim/share/g1_gazebo_sim//models/aws_robomaker_residential_Pillow_01/meshes/aws_Pillow_01_visual.DAE
-- Symlinking: /home/irman/ROS2_Humanoid_VLA/install/g1_gazebo_sim/share/g1_gazebo_sim//models/aws_robomaker_residential_Pillow_01/model.config
-- Symlinking: /home/irman/ROS2_Humanoid_VLA/install/g1_gazebo_sim/share/g1_gazebo_sim//models/aws_robomaker_residential_Pillow_01/model.sdf
-- Symlinking: /home/irman/ROS2_Humanoid_VLA/install/g1_gazebo_sim/share/g1_gazebo_sim//models/aws_robomaker_residential_PortraitA_01/materials/textures/PortraitA_01.jpg
-- Symlinking: /home/irman/ROS2_Humanoid_VLA/install/g1_gazebo_sim/share/g1_gazebo_sim//models/aws_robomaker_residential_PortraitA_01/materials/textures/aws_PortraitA_01.png
-- Symlinking: /home/irman/ROS2_Humanoid_VLA/install/g1_gazebo_sim/share/g1_gazebo_sim//models/aws_robomaker_residential_PortraitA_01/materials/textures/aws_PortraitA_02.png
-- Symlinking: /home/irman/ROS2_Humanoid_VLA/install/g1_gazebo_sim/share/g1_gazebo_sim//models/aws_robomaker_residential_PortraitA_01/meshes/aws_PortraitA_01_collision.DAE
-- Symlinking: /home/irman/ROS2_Humanoid_VLA/install/g1_gazebo_sim/share/g1_gazebo_sim//models/aws_robomaker_residential_PortraitA_01/meshes/aws_PortraitA_01_visual.DAE
-- Symlinking: /home/irman/ROS2_Humanoid_VLA/install/g1_gazebo_sim/share/g1_gazebo_sim//models/aws_robomaker_residential_PortraitA_01/model.config
-- Symlinking: /home/irman/ROS2_Humanoid_VLA/install/g1_gazebo_sim/share/g1_gazebo_sim//models/aws_robomaker_residential_PortraitA_01/model.sdf
-- Symlinking: /home/irman/ROS2_Humanoid_VLA/install/g1_gazebo_sim/share/g1_gazebo_sim//models/aws_robomaker_residential_PortraitA_02/materials/textures/PortraitA_02.jpg
-- Symlinking: /home/irman/ROS2_Humanoid_VLA/install/g1_gazebo_sim/share/g1_gazebo_sim//models/aws_robomaker_residential_PortraitA_02/materials/textures/aws_PortraitA_01.png
-- Symlinking: /home/irman/ROS2_Humanoid_VLA/install/g1_gazebo_sim/share/g1_gazebo_sim//models/aws_robomaker_residential_PortraitA_02/materials/textures/aws_PortraitA_02.png
-- Symlinking: /home/irman/ROS2_Humanoid_VLA/install/g1_gazebo_sim/share/g1_gazebo_sim//models/aws_robomaker_residential_PortraitA_02/meshes/aws_PortraitA_01_collision.DAE
-- Symlinking: /home/irman/ROS2_Humanoid_VLA/install/g1_gazebo_sim/share/g1_gazebo_sim//models/aws_robomaker_residential_PortraitA_02/meshes/aws_PortraitA_01_visual.DAE
-- Symlinking: /home/irman/ROS2_Humanoid_VLA/install/g1_gazebo_sim/share/g1_gazebo_sim//models/aws_robomaker_residential_PortraitA_02/model.config
-- Symlinking: /home/irman/ROS2_Humanoid_VLA/install/g1_gazebo_sim/share/g1_gazebo_sim//models/aws_robomaker_residential_PortraitA_02/model.sdf
-- Symlinking: /home/irman/ROS2_Humanoid_VLA/install/g1_gazebo_sim/share/g1_gazebo_sim//models/aws_robomaker_residential_PortraitB_01/materials/textures/PortraitB_01.jpg
-- Symlinking: /home/irman/ROS2_Humanoid_VLA/install/g1_gazebo_sim/share/g1_gazebo_sim//models/aws_robomaker_residential_PortraitB_01/materials/textures/aws_PortraitB_01.png
-- Symlinking: /home/irman/ROS2_Humanoid_VLA/install/g1_gazebo_sim/share/g1_gazebo_sim//models/aws_robomaker_residential_PortraitB_01/materials/textures/aws_PortraitB_02.png
-- Symlinking: /home/irman/ROS2_Humanoid_VLA/install/g1_gazebo_sim/share/g1_gazebo_sim//models/aws_robomaker_residential_PortraitB_01/meshes/aws_PortraitB_01_collision.DAE
-- Symlinking: /home/irman/ROS2_Humanoid_VLA/install/g1_gazebo_sim/share/g1_gazebo_sim//models/aws_robomaker_residential_PortraitB_01/meshes/aws_PortraitB_01_visual.DAE
-- Symlinking: /home/irman/ROS2_Humanoid_VLA/install/g1_gazebo_sim/share/g1_gazebo_sim//models/aws_robomaker_residential_PortraitB_01/model.config
-- Symlinking: /home/irman/ROS2_Humanoid_VLA/install/g1_gazebo_sim/share/g1_gazebo_sim//models/aws_robomaker_residential_PortraitB_01/model.sdf
-- Symlinking: /home/irman/ROS2_Humanoid_VLA/install/g1_gazebo_sim/share/g1_gazebo_sim//models/aws_robomaker_residential_PortraitB_02/materials/textures/PortraitB_02.jpg
-- Symlinking: /home/irman/ROS2_Humanoid_VLA/install/g1_gazebo_sim/share/g1_gazebo_sim//models/aws_robomaker_residential_PortraitB_02/materials/textures/aws_PortraitB_01.png
-- Symlinking: /home/irman/ROS2_Humanoid_VLA/install/g1_gazebo_sim/share/g1_gazebo_sim//models/aws_robomaker_residential_PortraitB_02/materials/textures/aws_PortraitB_02.png
-- Symlinking: /home/irman/ROS2_Humanoid_VLA/install/g1_gazebo_sim/share/g1_gazebo_sim//models/aws_robomaker_residential_PortraitB_02/meshes/aws_PortraitB_01_collision.DAE
-- Symlinking: /home/irman/ROS2_Humanoid_VLA/install/g1_gazebo_sim/share/g1_gazebo_sim//models/aws_robomaker_residential_PortraitB_02/meshes/aws_PortraitB_01_visual.DAE
-- Symlinking: /home/irman/ROS2_Humanoid_VLA/install/g1_gazebo_sim/share/g1_gazebo_sim//models/aws_robomaker_residential_PortraitB_02/model.config
-- Symlinking: /home/irman/ROS2_Humanoid_VLA/install/g1_gazebo_sim/share/g1_gazebo_sim//models/aws_robomaker_residential_PortraitB_02/model.sdf
-- Symlinking: /home/irman/ROS2_Humanoid_VLA/install/g1_gazebo_sim/share/g1_gazebo_sim//models/aws_robomaker_residential_PortraitB_03/materials/textures/PortraitB_03.jpg
-- Symlinking: /home/irman/ROS2_Humanoid_VLA/install/g1_gazebo_sim/share/g1_gazebo_sim//models/aws_robomaker_residential_PortraitB_03/materials/textures/aws_PortraitB_01.png
-- Symlinking: /home/irman/ROS2_Humanoid_VLA/install/g1_gazebo_sim/share/g1_gazebo_sim//models/aws_robomaker_residential_PortraitB_03/materials/textures/aws_PortraitB_02.png
-- Symlinking: /home/irman/ROS2_Humanoid_VLA/install/g1_gazebo_sim/share/g1_gazebo_sim//models/aws_robomaker_residential_PortraitB_03/meshes/aws_PortraitB_01_collision.DAE
-- Symlinking: /home/irman/ROS2_Humanoid_VLA/install/g1_gazebo_sim/share/g1_gazebo_sim//models/aws_robomaker_residential_PortraitB_03/meshes/aws_PortraitB_01_visual.DAE
-- Symlinking: /home/irman/ROS2_Humanoid_VLA/install/g1_gazebo_sim/share/g1_gazebo_sim//models/aws_robomaker_residential_PortraitB_03/model.config
-- Symlinking: /home/irman/ROS2_Humanoid_VLA/install/g1_gazebo_sim/share/g1_gazebo_sim//models/aws_robomaker_residential_PortraitB_03/model.sdf
-- Symlinking: /home/irman/ROS2_Humanoid_VLA/install/g1_gazebo_sim/share/g1_gazebo_sim//models/aws_robomaker_residential_PortraitC_01/materials/textures/PortraitC_01.jpg
-- Symlinking: /home/irman/ROS2_Humanoid_VLA/install/g1_gazebo_sim/share/g1_gazebo_sim//models/aws_robomaker_residential_PortraitC_01/materials/textures/aws_PortraitC_01.png
-- Symlinking: /home/irman/ROS2_Humanoid_VLA/install/g1_gazebo_sim/share/g1_gazebo_sim//models/aws_robomaker_residential_PortraitC_01/materials/textures/aws_PortraitC_02.png
-- Symlinking: /home/irman/ROS2_Humanoid_VLA/install/g1_gazebo_sim/share/g1_gazebo_sim//models/aws_robomaker_residential_PortraitC_01/meshes/aws_PortraitC_01_collision.DAE
-- Symlinking: /home/irman/ROS2_Humanoid_VLA/install/g1_gazebo_sim/share/g1_gazebo_sim//models/aws_robomaker_residential_PortraitC_01/meshes/aws_PortraitC_01_visual.DAE
-- Symlinking: /home/irman/ROS2_Humanoid_VLA/install/g1_gazebo_sim/share/g1_gazebo_sim//models/aws_robomaker_residential_PortraitC_01/model.config
-- Symlinking: /home/irman/ROS2_Humanoid_VLA/install/g1_gazebo_sim/share/g1_gazebo_sim//models/aws_robomaker_residential_PortraitC_01/model.sdf
-- Symlinking: /home/irman/ROS2_Humanoid_VLA/install/g1_gazebo_sim/share/g1_gazebo_sim//models/aws_robomaker_residential_PortraitD_01/materials/textures/PortraitD_01.jpg
-- Symlinking: /home/irman/ROS2_Humanoid_VLA/install/g1_gazebo_sim/share/g1_gazebo_sim//models/aws_robomaker_residential_PortraitD_01/materials/textures/aws_PortraitD_01.png
-- Symlinking: /home/irman/ROS2_Humanoid_VLA/install/g1_gazebo_sim/share/g1_gazebo_sim//models/aws_robomaker_residential_PortraitD_01/materials/textures/aws_PortraitD_02.png
-- Symlinking: /home/irman/ROS2_Humanoid_VLA/install/g1_gazebo_sim/share/g1_gazebo_sim//models/aws_robomaker_residential_PortraitD_01/meshes/aws_PortraitD_01_collision.DAE
-- Symlinking: /home/irman/ROS2_Humanoid_VLA/install/g1_gazebo_sim/share/g1_gazebo_sim//models/aws_robomaker_residential_PortraitD_01/meshes/aws_PortraitD_01_visual.DAE
-- Symlinking: /home/irman/ROS2_Humanoid_VLA/install/g1_gazebo_sim/share/g1_gazebo_sim//models/aws_robomaker_residential_PortraitD_01/model.config
-- Symlinking: /home/irman/ROS2_Humanoid_VLA/install/g1_gazebo_sim/share/g1_gazebo_sim//models/aws_robomaker_residential_PortraitD_01/model.sdf
-- Symlinking: /home/irman/ROS2_Humanoid_VLA/install/g1_gazebo_sim/share/g1_gazebo_sim//models/aws_robomaker_residential_PortraitD_02/materials/textures/PortraitD_02.jpg
-- Symlinking: /home/irman/ROS2_Humanoid_VLA/install/g1_gazebo_sim/share/g1_gazebo_sim//models/aws_robomaker_residential_PortraitD_02/materials/textures/aws_PortraitD_01.png
-- Symlinking: /home/irman/ROS2_Humanoid_VLA/install/g1_gazebo_sim/share/g1_gazebo_sim//models/aws_robomaker_residential_PortraitD_02/materials/textures/aws_PortraitD_02.png
-- Symlinking: /home/irman/ROS2_Humanoid_VLA/install/g1_gazebo_sim/share/g1_gazebo_sim//models/aws_robomaker_residential_PortraitD_02/meshes/aws_PortraitD_01_collision.DAE
-- Symlinking: /home/irman/ROS2_Humanoid_VLA/install/g1_gazebo_sim/share/g1_gazebo_sim//models/aws_robomaker_residential_PortraitD_02/meshes/aws_PortraitD_01_visual.DAE
-- Symlinking: /home/irman/ROS2_Humanoid_VLA/install/g1_gazebo_sim/share/g1_gazebo_sim//models/aws_robomaker_residential_PortraitD_02/model.config
-- Symlinking: /home/irman/ROS2_Humanoid_VLA/install/g1_gazebo_sim/share/g1_gazebo_sim//models/aws_robomaker_residential_PortraitD_02/model.sdf
-- Symlinking: /home/irman/ROS2_Humanoid_VLA/install/g1_gazebo_sim/share/g1_gazebo_sim//models/aws_robomaker_residential_PortraitE_01/materials/textures/PortraitE_01.jpg
-- Symlinking: /home/irman/ROS2_Humanoid_VLA/install/g1_gazebo_sim/share/g1_gazebo_sim//models/aws_robomaker_residential_PortraitE_01/materials/textures/aws_PortraitE_01.png
-- Symlinking: /home/irman/ROS2_Humanoid_VLA/install/g1_gazebo_sim/share/g1_gazebo_sim//models/aws_robomaker_residential_PortraitE_01/materials/textures/aws_PortraitE_02.png
-- Symlinking: /home/irman/ROS2_Humanoid_VLA/install/g1_gazebo_sim/share/g1_gazebo_sim//models/aws_robomaker_residential_PortraitE_01/meshes/aws_PortraitE_01_collision.DAE
-- Symlinking: /home/irman/ROS2_Humanoid_VLA/install/g1_gazebo_sim/share/g1_gazebo_sim//models/aws_robomaker_residential_PortraitE_01/meshes/aws_PortraitE_01_visual.DAE
-- Symlinking: /home/irman/ROS2_Humanoid_VLA/install/g1_gazebo_sim/share/g1_gazebo_sim//models/aws_robomaker_residential_PortraitE_01/model.config
-- Symlinking: /home/irman/ROS2_Humanoid_VLA/install/g1_gazebo_sim/share/g1_gazebo_sim//models/aws_robomaker_residential_PortraitE_01/model.sdf
-- Symlinking: /home/irman/ROS2_Humanoid_VLA/install/g1_gazebo_sim/share/g1_gazebo_sim//models/aws_robomaker_residential_PortraitE_02/materials/textures/PortraitE_02.jpg
-- Symlinking: /home/irman/ROS2_Humanoid_VLA/install/g1_gazebo_sim/share/g1_gazebo_sim//models/aws_robomaker_residential_PortraitE_02/materials/textures/aws_PortraitE_01.png
-- Symlinking: /home/irman/ROS2_Humanoid_VLA/install/g1_gazebo_sim/share/g1_gazebo_sim//models/aws_robomaker_residential_PortraitE_02/materials/textures/aws_PortraitE_02.png
-- Symlinking: /home/irman/ROS2_Humanoid_VLA/install/g1_gazebo_sim/share/g1_gazebo_sim//models/aws_robomaker_residential_PortraitE_02/meshes/aws_PortraitE_01_collision.DAE
-- Symlinking: /home/irman/ROS2_Humanoid_VLA/install/g1_gazebo_sim/share/g1_gazebo_sim//models/aws_robomaker_residential_PortraitE_02/meshes/aws_PortraitE_01_visual.DAE
-- Symlinking: /home/irman/ROS2_Humanoid_VLA/install/g1_gazebo_sim/share/g1_gazebo_sim//models/aws_robomaker_residential_PortraitE_02/model.config
-- Symlinking: /home/irman/ROS2_Humanoid_VLA/install/g1_gazebo_sim/share/g1_gazebo_sim//models/aws_robomaker_residential_PortraitE_02/model.sdf
-- Symlinking: /home/irman/ROS2_Humanoid_VLA/install/g1_gazebo_sim/share/g1_gazebo_sim//models/aws_robomaker_residential_Quilt_01/materials/textures/aws_Quilt_01.png
-- Symlinking: /home/irman/ROS2_Humanoid_VLA/install/g1_gazebo_sim/share/g1_gazebo_sim//models/aws_robomaker_residential_Quilt_01/meshes/aws_Quilt_01_collision.DAE
-- Symlinking: /home/irman/ROS2_Humanoid_VLA/install/g1_gazebo_sim/share/g1_gazebo_sim//models/aws_robomaker_residential_Quilt_01/meshes/aws_Quilt_01_visual.DAE
-- Symlinking: /home/irman/ROS2_Humanoid_VLA/install/g1_gazebo_sim/share/g1_gazebo_sim//models/aws_robomaker_residential_Quilt_01/model.config
-- Symlinking: /home/irman/ROS2_Humanoid_VLA/install/g1_gazebo_sim/share/g1_gazebo_sim//models/aws_robomaker_residential_Quilt_01/model.sdf
-- Symlinking: /home/irman/ROS2_Humanoid_VLA/install/g1_gazebo_sim/share/g1_gazebo_sim//models/aws_robomaker_residential_Rangehood_01/materials/textures/aws_Rangehood_01.png
-- Symlinking: /home/irman/ROS2_Humanoid_VLA/install/g1_gazebo_sim/share/g1_gazebo_sim//models/aws_robomaker_residential_Rangehood_01/meshes/aws_Rangehood_01_collision.DAE
-- Symlinking: /home/irman/ROS2_Humanoid_VLA/install/g1_gazebo_sim/share/g1_gazebo_sim//models/aws_robomaker_residential_Rangehood_01/meshes/aws_Rangehood_01_visual.DAE
-- Symlinking: /home/irman/ROS2_Humanoid_VLA/install/g1_gazebo_sim/share/g1_gazebo_sim//models/aws_robomaker_residential_Rangehood_01/model.config
-- Symlinking: /home/irman/ROS2_Humanoid_VLA/install/g1_gazebo_sim/share/g1_gazebo_sim//models/aws_robomaker_residential_Rangehood_01/model.sdf
-- Symlinking: /home/irman/ROS2_Humanoid_VLA/install/g1_gazebo_sim/share/g1_gazebo_sim//models/aws_robomaker_residential_ReadingDesk_01/materials/textures/aws_ReadingDesk_01.png
-- Symlinking: /home/irman/ROS2_Humanoid_VLA/install/g1_gazebo_sim/share/g1_gazebo_sim//models/aws_robomaker_residential_ReadingDesk_01/meshes/aws_ReadingDesk_01_collision.DAE
-- Symlinking: /home/irman/ROS2_Humanoid_VLA/install/g1_gazebo_sim/share/g1_gazebo_sim//models/aws_robomaker_residential_ReadingDesk_01/meshes/aws_ReadingDesk_01_visual.DAE
-- Symlinking: /home/irman/ROS2_Humanoid_VLA/install/g1_gazebo_sim/share/g1_gazebo_sim//models/aws_robomaker_residential_ReadingDesk_01/model.config
-- Symlinking: /home/irman/ROS2_Humanoid_VLA/install/g1_gazebo_sim/share/g1_gazebo_sim//models/aws_robomaker_residential_ReadingDesk_01/model.sdf
-- Symlinking: /home/irman/ROS2_Humanoid_VLA/install/g1_gazebo_sim/share/g1_gazebo_sim//models/aws_robomaker_residential_Refrigerator_01/materials/textures/aws_Refrigerator_01.png
-- Symlinking: /home/irman/ROS2_Humanoid_VLA/install/g1_gazebo_sim/share/g1_gazebo_sim//models/aws_robomaker_residential_Refrigerator_01/materials/textures/aws_Refrigerator_02.png
-- Symlinking: /home/irman/ROS2_Humanoid_VLA/install/g1_gazebo_sim/share/g1_gazebo_sim//models/aws_robomaker_residential_Refrigerator_01/meshes/aws_Refrigerator_01.DAE
-- Symlinking: /home/irman/ROS2_Humanoid_VLA/install/g1_gazebo_sim/share/g1_gazebo_sim//models/aws_robomaker_residential_Refrigerator_01/meshes/aws_Refrigerator_01_collision.DAE
-- Symlinking: /home/irman/ROS2_Humanoid_VLA/install/g1_gazebo_sim/share/g1_gazebo_sim//models/aws_robomaker_residential_Refrigerator_01/meshes/aws_Refrigerator_01_visual.DAE
-- Symlinking: /home/irman/ROS2_Humanoid_VLA/install/g1_gazebo_sim/share/g1_gazebo_sim//models/aws_robomaker_residential_Refrigerator_01/model.config
-- Symlinking: /home/irman/ROS2_Humanoid_VLA/install/g1_gazebo_sim/share/g1_gazebo_sim//models/aws_robomaker_residential_Refrigerator_01/model.sdf
-- Symlinking: /home/irman/ROS2_Humanoid_VLA/install/g1_gazebo_sim/share/g1_gazebo_sim//models/aws_robomaker_residential_RoomCeiling_01/materials/textures/aws_RoomCeiling_01.png
-- Symlinking: /home/irman/ROS2_Humanoid_VLA/install/g1_gazebo_sim/share/g1_gazebo_sim//models/aws_robomaker_residential_RoomCeiling_01/meshes/aws_RoomCeiling_01_collision.DAE
-- Symlinking: /home/irman/ROS2_Humanoid_VLA/install/g1_gazebo_sim/share/g1_gazebo_sim//models/aws_robomaker_residential_RoomCeiling_01/meshes/aws_RoomCeiling_01_visual.DAE
-- Symlinking: /home/irman/ROS2_Humanoid_VLA/install/g1_gazebo_sim/share/g1_gazebo_sim//models/aws_robomaker_residential_RoomCeiling_01/model.config
-- Symlinking: /home/irman/ROS2_Humanoid_VLA/install/g1_gazebo_sim/share/g1_gazebo_sim//models/aws_robomaker_residential_RoomCeiling_01/model.sdf
-- Symlinking: /home/irman/ROS2_Humanoid_VLA/install/g1_gazebo_sim/share/g1_gazebo_sim//models/aws_robomaker_residential_RoomWall_01/materials/textures/aws_RoomWall_01.png
-- Symlinking: /home/irman/ROS2_Humanoid_VLA/install/g1_gazebo_sim/share/g1_gazebo_sim//models/aws_robomaker_residential_RoomWall_01/meshes/aws_RoomWall_01_collision.DAE
-- Symlinking: /home/irman/ROS2_Humanoid_VLA/install/g1_gazebo_sim/share/g1_gazebo_sim//models/aws_robomaker_residential_RoomWall_01/meshes/aws_RoomWall_01_visual.DAE
-- Symlinking: /home/irman/ROS2_Humanoid_VLA/install/g1_gazebo_sim/share/g1_gazebo_sim//models/aws_robomaker_residential_RoomWall_01/model.config
-- Symlinking: /home/irman/ROS2_Humanoid_VLA/install/g1_gazebo_sim/share/g1_gazebo_sim//models/aws_robomaker_residential_RoomWall_01/model.sdf
-- Symlinking: /home/irman/ROS2_Humanoid_VLA/install/g1_gazebo_sim/share/g1_gazebo_sim//models/aws_robomaker_residential_RoomWindow_01/materials/textures/aws_RoomWindow_01.png
-- Symlinking: /home/irman/ROS2_Humanoid_VLA/install/g1_gazebo_sim/share/g1_gazebo_sim//models/aws_robomaker_residential_RoomWindow_01/meshes/aws_RoomWindow_01_collision.DAE
-- Symlinking: /home/irman/ROS2_Humanoid_VLA/install/g1_gazebo_sim/share/g1_gazebo_sim//models/aws_robomaker_residential_RoomWindow_01/meshes/aws_RoomWindow_01_visual.DAE
-- Symlinking: /home/irman/ROS2_Humanoid_VLA/install/g1_gazebo_sim/share/g1_gazebo_sim//models/aws_robomaker_residential_RoomWindow_01/model.config
-- Symlinking: /home/irman/ROS2_Humanoid_VLA/install/g1_gazebo_sim/share/g1_gazebo_sim//models/aws_robomaker_residential_RoomWindow_01/model.sdf
-- Symlinking: /home/irman/ROS2_Humanoid_VLA/install/g1_gazebo_sim/share/g1_gazebo_sim//models/aws_robomaker_residential_SeasoningBox_01/materials/textures/aws_SeasoningBox_01.png
-- Symlinking: /home/irman/ROS2_Humanoid_VLA/install/g1_gazebo_sim/share/g1_gazebo_sim//models/aws_robomaker_residential_SeasoningBox_01/meshes/aws_SeasoningBox_01_collision.DAE
-- Symlinking: /home/irman/ROS2_Humanoid_VLA/install/g1_gazebo_sim/share/g1_gazebo_sim//models/aws_robomaker_residential_SeasoningBox_01/meshes/aws_SeasoningBox_01_visual.DAE
-- Symlinking: /home/irman/ROS2_Humanoid_VLA/install/g1_gazebo_sim/share/g1_gazebo_sim//models/aws_robomaker_residential_SeasoningBox_01/model.config
-- Symlinking: /home/irman/ROS2_Humanoid_VLA/install/g1_gazebo_sim/share/g1_gazebo_sim//models/aws_robomaker_residential_SeasoningBox_01/model.sdf
-- Symlinking: /home/irman/ROS2_Humanoid_VLA/install/g1_gazebo_sim/share/g1_gazebo_sim//models/aws_robomaker_residential_SecurityCamera_01/materials/textures/aws_SecurityCamera_01.png
-- Symlinking: /home/irman/ROS2_Humanoid_VLA/install/g1_gazebo_sim/share/g1_gazebo_sim//models/aws_robomaker_residential_SecurityCamera_01/meshes/aws_SecurityCamera_01_collision.DAE
-- Symlinking: /home/irman/ROS2_Humanoid_VLA/install/g1_gazebo_sim/share/g1_gazebo_sim//models/aws_robomaker_residential_SecurityCamera_01/meshes/aws_SecurityCamera_01_visual.DAE
-- Symlinking: /home/irman/ROS2_Humanoid_VLA/install/g1_gazebo_sim/share/g1_gazebo_sim//models/aws_robomaker_residential_SecurityCamera_01/model.config
-- Symlinking: /home/irman/ROS2_Humanoid_VLA/install/g1_gazebo_sim/share/g1_gazebo_sim//models/aws_robomaker_residential_SecurityCamera_01/model.sdf
-- Symlinking: /home/irman/ROS2_Humanoid_VLA/install/g1_gazebo_sim/share/g1_gazebo_sim//models/aws_robomaker_residential_ShoeRack_01/materials/textures/aws_ShoeRack_01.png
-- Symlinking: /home/irman/ROS2_Humanoid_VLA/install/g1_gazebo_sim/share/g1_gazebo_sim//models/aws_robomaker_residential_ShoeRack_01/meshes/aws_ShoeRack_01_collision.DAE
-- Symlinking: /home/irman/ROS2_Humanoid_VLA/install/g1_gazebo_sim/share/g1_gazebo_sim//models/aws_robomaker_residential_ShoeRack_01/meshes/aws_ShoeRack_01_visual.DAE
-- Symlinking: /home/irman/ROS2_Humanoid_VLA/install/g1_gazebo_sim/share/g1_gazebo_sim//models/aws_robomaker_residential_ShoeRack_01/model.config
-- Symlinking: /home/irman/ROS2_Humanoid_VLA/install/g1_gazebo_sim/share/g1_gazebo_sim//models/aws_robomaker_residential_ShoeRack_01/model.sdf
-- Symlinking: /home/irman/ROS2_Humanoid_VLA/install/g1_gazebo_sim/share/g1_gazebo_sim//models/aws_robomaker_residential_SofaB_01/materials/textures/aws_SofaB_01.png
-- Symlinking: /home/irman/ROS2_Humanoid_VLA/install/g1_gazebo_sim/share/g1_gazebo_sim//models/aws_robomaker_residential_SofaB_01/meshes/aws_SofaB_01_collision.DAE
-- Symlinking: /home/irman/ROS2_Humanoid_VLA/install/g1_gazebo_sim/share/g1_gazebo_sim//models/aws_robomaker_residential_SofaB_01/meshes/aws_SofaB_01_visual.DAE
-- Symlinking: /home/irman/ROS2_Humanoid_VLA/install/g1_gazebo_sim/share/g1_gazebo_sim//models/aws_robomaker_residential_SofaB_01/model.config
-- Symlinking: /home/irman/ROS2_Humanoid_VLA/install/g1_gazebo_sim/share/g1_gazebo_sim//models/aws_robomaker_residential_SofaB_01/model.sdf
-- Symlinking: /home/irman/ROS2_Humanoid_VLA/install/g1_gazebo_sim/share/g1_gazebo_sim//models/aws_robomaker_residential_SofaC_01/materials/textures/aws_SofaC_01.png
-- Symlinking: /home/irman/ROS2_Humanoid_VLA/install/g1_gazebo_sim/share/g1_gazebo_sim//models/aws_robomaker_residential_SofaC_01/meshes/aws_SofaC_01_collision.DAE
-- Symlinking: /home/irman/ROS2_Humanoid_VLA/install/g1_gazebo_sim/share/g1_gazebo_sim//models/aws_robomaker_residential_SofaC_01/meshes/aws_SofaC_01_visual.DAE
-- Symlinking: /home/irman/ROS2_Humanoid_VLA/install/g1_gazebo_sim/share/g1_gazebo_sim//models/aws_robomaker_residential_SofaC_01/model.config
-- Symlinking: /home/irman/ROS2_Humanoid_VLA/install/g1_gazebo_sim/share/g1_gazebo_sim//models/aws_robomaker_residential_SofaC_01/model.sdf
-- Symlinking: /home/irman/ROS2_Humanoid_VLA/install/g1_gazebo_sim/share/g1_gazebo_sim//models/aws_robomaker_residential_Sofa_01/materials/textures/aws_Sofa_01.png
-- Symlinking: /home/irman/ROS2_Humanoid_VLA/install/g1_gazebo_sim/share/g1_gazebo_sim//models/aws_robomaker_residential_Sofa_01/meshes/aws_Sofa_01.DAE
-- Symlinking: /home/irman/ROS2_Humanoid_VLA/install/g1_gazebo_sim/share/g1_gazebo_sim//models/aws_robomaker_residential_Sofa_01/meshes/aws_Sofa_01_collision.DAE
-- Symlinking: /home/irman/ROS2_Humanoid_VLA/install/g1_gazebo_sim/share/g1_gazebo_sim//models/aws_robomaker_residential_Sofa_01/meshes/aws_Sofa_01_visual.DAE
-- Symlinking: /home/irman/ROS2_Humanoid_VLA/install/g1_gazebo_sim/share/g1_gazebo_sim//models/aws_robomaker_residential_Sofa_01/model.config
-- Symlinking: /home/irman/ROS2_Humanoid_VLA/install/g1_gazebo_sim/share/g1_gazebo_sim//models/aws_robomaker_residential_Sofa_01/model.sdf
-- Symlinking: /home/irman/ROS2_Humanoid_VLA/install/g1_gazebo_sim/share/g1_gazebo_sim//models/aws_robomaker_residential_TVCabinet_01/materials/textures/aws_TVCabinet_01.png
-- Symlinking: /home/irman/ROS2_Humanoid_VLA/install/g1_gazebo_sim/share/g1_gazebo_sim//models/aws_robomaker_residential_TVCabinet_01/meshes/aws_TVCabinet_01_collision.DAE
-- Symlinking: /home/irman/ROS2_Humanoid_VLA/install/g1_gazebo_sim/share/g1_gazebo_sim//models/aws_robomaker_residential_TVCabinet_01/meshes/aws_TVCabinet_01_visual.DAE
-- Symlinking: /home/irman/ROS2_Humanoid_VLA/install/g1_gazebo_sim/share/g1_gazebo_sim//models/aws_robomaker_residential_TVCabinet_01/model.config
-- Symlinking: /home/irman/ROS2_Humanoid_VLA/install/g1_gazebo_sim/share/g1_gazebo_sim//models/aws_robomaker_residential_TVCabinet_01/model.sdf
-- Symlinking: /home/irman/ROS2_Humanoid_VLA/install/g1_gazebo_sim/share/g1_gazebo_sim//models/aws_robomaker_residential_TV_01/materials/textures/aws_TV_01.png
-- Symlinking: /home/irman/ROS2_Humanoid_VLA/install/g1_gazebo_sim/share/g1_gazebo_sim//models/aws_robomaker_residential_TV_01/meshes/aws_TV_01_collision.DAE
-- Symlinking: /home/irman/ROS2_Humanoid_VLA/install/g1_gazebo_sim/share/g1_gazebo_sim//models/aws_robomaker_residential_TV_01/meshes/aws_TV_01_visual.DAE
-- Symlinking: /home/irman/ROS2_Humanoid_VLA/install/g1_gazebo_sim/share/g1_gazebo_sim//models/aws_robomaker_residential_TV_01/model.config
-- Symlinking: /home/irman/ROS2_Humanoid_VLA/install/g1_gazebo_sim/share/g1_gazebo_sim//models/aws_robomaker_residential_TV_01/model.sdf
-- Symlinking: /home/irman/ROS2_Humanoid_VLA/install/g1_gazebo_sim/share/g1_gazebo_sim//models/aws_robomaker_residential_TV_02/materials/textures/aws_TV_01.png
-- Symlinking: /home/irman/ROS2_Humanoid_VLA/install/g1_gazebo_sim/share/g1_gazebo_sim//models/aws_robomaker_residential_TV_02/meshes/aws_TV_01_collision.DAE
-- Symlinking: /home/irman/ROS2_Humanoid_VLA/install/g1_gazebo_sim/share/g1_gazebo_sim//models/aws_robomaker_residential_TV_02/meshes/aws_TV_01_visual.DAE
-- Symlinking: /home/irman/ROS2_Humanoid_VLA/install/g1_gazebo_sim/share/g1_gazebo_sim//models/aws_robomaker_residential_TV_02/model.config
-- Symlinking: /home/irman/ROS2_Humanoid_VLA/install/g1_gazebo_sim/share/g1_gazebo_sim//models/aws_robomaker_residential_TV_02/model.sdf
-- Symlinking: /home/irman/ROS2_Humanoid_VLA/install/g1_gazebo_sim/share/g1_gazebo_sim//models/aws_robomaker_residential_Tablet_01/.DS_Store
-- Symlinking: /home/irman/ROS2_Humanoid_VLA/install/g1_gazebo_sim/share/g1_gazebo_sim//models/aws_robomaker_residential_Tablet_01/materials/.DS_Store
-- Symlinking: /home/irman/ROS2_Humanoid_VLA/install/g1_gazebo_sim/share/g1_gazebo_sim//models/aws_robomaker_residential_Tablet_01/materials/textures/aws_Tablet_01_nologo.png
-- Symlinking: /home/irman/ROS2_Humanoid_VLA/install/g1_gazebo_sim/share/g1_gazebo_sim//models/aws_robomaker_residential_Tablet_01/meshes/aws_Tablet_01_collision.DAE
-- Symlinking: /home/irman/ROS2_Humanoid_VLA/install/g1_gazebo_sim/share/g1_gazebo_sim//models/aws_robomaker_residential_Tablet_01/meshes/aws_Tablet_01_visual.DAE
-- Symlinking: /home/irman/ROS2_Humanoid_VLA/install/g1_gazebo_sim/share/g1_gazebo_sim//models/aws_robomaker_residential_Tablet_01/model.config
-- Symlinking: /home/irman/ROS2_Humanoid_VLA/install/g1_gazebo_sim/share/g1_gazebo_sim//models/aws_robomaker_residential_Tablet_01/model.sdf
-- Symlinking: /home/irman/ROS2_Humanoid_VLA/install/g1_gazebo_sim/share/g1_gazebo_sim//models/aws_robomaker_residential_Tableware_01/materials/textures/aws_Tableware_01.png
-- Symlinking: /home/irman/ROS2_Humanoid_VLA/install/g1_gazebo_sim/share/g1_gazebo_sim//models/aws_robomaker_residential_Tableware_01/meshes/aws_Tableware_01_collision.DAE
-- Symlinking: /home/irman/ROS2_Humanoid_VLA/install/g1_gazebo_sim/share/g1_gazebo_sim//models/aws_robomaker_residential_Tableware_01/meshes/aws_Tableware_01_visual.DAE
-- Symlinking: /home/irman/ROS2_Humanoid_VLA/install/g1_gazebo_sim/share/g1_gazebo_sim//models/aws_robomaker_residential_Tableware_01/model.config
-- Symlinking: /home/irman/ROS2_Humanoid_VLA/install/g1_gazebo_sim/share/g1_gazebo_sim//models/aws_robomaker_residential_Tableware_01/model.sdf
-- Symlinking: /home/irman/ROS2_Humanoid_VLA/install/g1_gazebo_sim/share/g1_gazebo_sim//models/aws_robomaker_residential_Trash_01/materials/textures/aws_Trash_01.png
-- Symlinking: /home/irman/ROS2_Humanoid_VLA/install/g1_gazebo_sim/share/g1_gazebo_sim//models/aws_robomaker_residential_Trash_01/meshes/aws_Trash_01_collision.DAE
-- Symlinking: /home/irman/ROS2_Humanoid_VLA/install/g1_gazebo_sim/share/g1_gazebo_sim//models/aws_robomaker_residential_Trash_01/meshes/aws_Trash_01_visual.DAE
-- Symlinking: /home/irman/ROS2_Humanoid_VLA/install/g1_gazebo_sim/share/g1_gazebo_sim//models/aws_robomaker_residential_Trash_01/model.config
-- Symlinking: /home/irman/ROS2_Humanoid_VLA/install/g1_gazebo_sim/share/g1_gazebo_sim//models/aws_robomaker_residential_Trash_01/model.sdf
-- Symlinking: /home/irman/ROS2_Humanoid_VLA/install/g1_gazebo_sim/share/g1_gazebo_sim//models/aws_robomaker_residential_Vase_01/materials/textures/aws_Vase_01.png
-- Symlinking: /home/irman/ROS2_Humanoid_VLA/install/g1_gazebo_sim/share/g1_gazebo_sim//models/aws_robomaker_residential_Vase_01/meshes/aws_Vase_01_collision.DAE
-- Symlinking: /home/irman/ROS2_Humanoid_VLA/install/g1_gazebo_sim/share/g1_gazebo_sim//models/aws_robomaker_residential_Vase_01/meshes/aws_Vase_01_visual.DAE
-- Symlinking: /home/irman/ROS2_Humanoid_VLA/install/g1_gazebo_sim/share/g1_gazebo_sim//models/aws_robomaker_residential_Vase_01/model.config
-- Symlinking: /home/irman/ROS2_Humanoid_VLA/install/g1_gazebo_sim/share/g1_gazebo_sim//models/aws_robomaker_residential_Vase_01/model.sdf
-- Symlinking: /home/irman/ROS2_Humanoid_VLA/install/g1_gazebo_sim/share/g1_gazebo_sim//models/aws_robomaker_residential_Wardrobe_01/materials/textures/aws_Wardrobe_01.png
-- Symlinking: /home/irman/ROS2_Humanoid_VLA/install/g1_gazebo_sim/share/g1_gazebo_sim//models/aws_robomaker_residential_Wardrobe_01/meshes/aws_Wardrobe_01_collision.DAE
-- Symlinking: /home/irman/ROS2_Humanoid_VLA/install/g1_gazebo_sim/share/g1_gazebo_sim//models/aws_robomaker_residential_Wardrobe_01/meshes/aws_Wardrobe_01_visual.DAE
-- Symlinking: /home/irman/ROS2_Humanoid_VLA/install/g1_gazebo_sim/share/g1_gazebo_sim//models/aws_robomaker_residential_Wardrobe_01/model.config
-- Symlinking: /home/irman/ROS2_Humanoid_VLA/install/g1_gazebo_sim/share/g1_gazebo_sim//models/aws_robomaker_residential_Wardrobe_01/model.sdf
-- Symlinking: /home/irman/ROS2_Humanoid_VLA/install/g1_gazebo_sim/share/ament_index/resource_index/package_run_dependencies/g1_gazebo_sim
-- Symlinking: /home/irman/ROS2_Humanoid_VLA/install/g1_gazebo_sim/share/ament_index/resource_index/parent_prefix_path/g1_gazebo_sim
-- Symlinking: /home/irman/ROS2_Humanoid_VLA/install/g1_gazebo_sim/share/g1_gazebo_sim/environment/ament_prefix_path.sh
-- Symlinking: /home/irman/ROS2_Humanoid_VLA/install/g1_gazebo_sim/share/g1_gazebo_sim/environment/ament_prefix_path.dsv
-- Symlinking: /home/irman/ROS2_Humanoid_VLA/install/g1_gazebo_sim/share/g1_gazebo_sim/environment/path.sh
-- Symlinking: /home/irman/ROS2_Humanoid_VLA/install/g1_gazebo_sim/share/g1_gazebo_sim/environment/path.dsv
-- Symlinking: /home/irman/ROS2_Humanoid_VLA/install/g1_gazebo_sim/share/g1_gazebo_sim/local_setup.bash
-- Symlinking: /home/irman/ROS2_Humanoid_VLA/install/g1_gazebo_sim/share/g1_gazebo_sim/local_setup.sh
-- Symlinking: /home/irman/ROS2_Humanoid_VLA/install/g1_gazebo_sim/share/g1_gazebo_sim/local_setup.zsh
-- Symlinking: /home/irman/ROS2_Humanoid_VLA/install/g1_gazebo_sim/share/g1_gazebo_sim/local_setup.dsv
-- Symlinking: /home/irman/ROS2_Humanoid_VLA/install/g1_gazebo_sim/share/g1_gazebo_sim/package.dsv
-- Symlinking: /home/irman/ROS2_Humanoid_VLA/install/g1_gazebo_sim/share/ament_index/resource_index/packages/g1_gazebo_sim
-- Symlinking: /home/irman/ROS2_Humanoid_VLA/install/g1_gazebo_sim/share/g1_gazebo_sim/cmake/g1_gazebo_simConfig.cmake
-- Symlinking: /home/irman/ROS2_Humanoid_VLA/install/g1_gazebo_sim/share/g1_gazebo_sim/cmake/g1_gazebo_simConfig-version.cmake
-- Symlinking: /home/irman/ROS2_Humanoid_VLA/install/g1_gazebo_sim/share/g1_gazebo_sim/package.xml
