[0.018s] Invoking command in '/home/irman/ROS2_Humanoid_VLA/build/g1_gazebo_sim': AMENT_PREFIX_PATH=/home/irman/ROS2_Humanoid_VLA/install/g1_package:${AMENT_PREFIX_PATH} CMAKE_PREFIX_PATH=/home/irman/ROS2_Humanoid_VLA/install/g1_package:${CMAKE_PREFIX_PATH} CONDA_PROMPT_MODIFIER=(ros2_env) DEBUGINFOD_URLS=https://debuginfod.ubuntu.com /home/irman/micromamba/envs/ros2_env/bin/cmake /home/irman/ROS2_Humanoid_VLA/g1_gazebo_sim -DAMENT_CMAKE_SYMLINK_INSTALL=1 -DCMAKE_INSTALL_PREFIX=/home/irman/ROS2_Humanoid_VLA/install/g1_gazebo_sim
[0.032s] CMake Deprecation Warning at CMakeLists.txt:1 (cmake_minimum_required):
[0.032s]   Compatibility with CMake < 3.10 will be removed from a future version of
[0.032s]   CMake.
[0.032s] 
[0.032s]   Update the VERSION argument <min> value.  Or, use the <min>...<max> syntax
[0.033s]   to tell CMake that the project requires at least <min> but has been updated
[0.033s]   to work with policies introduced by <max> or earlier.
[0.033s] 
[0.033s] 
[0.126s] -- The C compiler identification is GNU 14.3.0
[0.304s] -- The CXX compiler identification is GNU 14.3.0
[0.315s] -- Detecting C compiler ABI info
[0.397s] -- Detecting C compiler ABI info - done
[0.413s] -- Check for working C compiler: /home/irman/micromamba/envs/ros2_env/bin/x86_64-conda-linux-gnu-cc - skipped
[0.413s] -- Detecting C compile features
[0.413s] -- Detecting C compile features - done
[0.425s] -- Detecting CXX compiler ABI info
[0.513s] -- Detecting CXX compiler ABI info - done
[0.531s] -- Check for working CXX compiler: /home/irman/micromamba/envs/ros2_env/bin/x86_64-conda-linux-gnu-c++ - skipped
[0.531s] -- Detecting CXX compile features
[0.532s] -- Detecting CXX compile features - done
[0.544s] -- Found ament_cmake: 1.3.12 (/home/irman/micromamba/envs/ros2_env/share/ament_cmake/cmake)
[0.639s] -- Found Python3: /home/irman/micromamba/envs/ros2_env/bin/python3 (found version "3.11.14") found components: Interpreter
[0.691s] -- Override CMake install command with custom implementation using symlinks instead of copying resources
[0.764s] -- Found ament_lint_auto: 0.12.12 (/home/irman/micromamba/envs/ros2_env/share/ament_lint_auto/cmake)
[0.891s] -- Added test 'copyright' to check source files copyright and LICENSE
[0.959s] -- Added test 'flake8' to check Python code syntax and style conventions
[0.968s] -- Added test 'lint_cmake' to check CMake code style
[0.973s] -- Added test 'pep257' to check Python code against some of the docstring style conventions in PEP 257
[1.009s] -- Added test 'xmllint' to check XML markup files
[1.010s] -- Configuring done (1.0s)
[1.014s] -- Generating done (0.0s)
[1.014s] -- Build files have been written to: /home/irman/ROS2_Humanoid_VLA/build/g1_gazebo_sim
[1.020s] Invoked command in '/home/irman/ROS2_Humanoid_VLA/build/g1_gazebo_sim' returned '0': AMENT_PREFIX_PATH=/home/irman/ROS2_Humanoid_VLA/install/g1_package:${AMENT_PREFIX_PATH} CMAKE_PREFIX_PATH=/home/irman/ROS2_Humanoid_VLA/install/g1_package:${CMAKE_PREFIX_PATH} CONDA_PROMPT_MODIFIER=(ros2_env) DEBUGINFOD_URLS=https://debuginfod.ubuntu.com /home/irman/micromamba/envs/ros2_env/bin/cmake /home/irman/ROS2_Humanoid_VLA/g1_gazebo_sim -DAMENT_CMAKE_SYMLINK_INSTALL=1 -DCMAKE_INSTALL_PREFIX=/home/irman/ROS2_Humanoid_VLA/install/g1_gazebo_sim
[1.021s] Invoking command in '/home/irman/ROS2_Humanoid_VLA/build/g1_gazebo_sim': AMENT_PREFIX_PATH=/home/irman/ROS2_Humanoid_VLA/install/g1_package:${AMENT_PREFIX_PATH} CMAKE_PREFIX_PATH=/home/irman/ROS2_Humanoid_VLA/install/g1_package:${CMAKE_PREFIX_PATH} CONDA_PROMPT_MODIFIER=(ros2_env) DEBUGINFOD_URLS=https://debuginfod.ubuntu.com /home/irman/micromamba/envs/ros2_env/bin/cmake --build /home/irman/ROS2_Humanoid_VLA/build/g1_gazebo_sim -- -j16 -l16
[1.053s] Invoked command in '/home/irman/ROS2_Humanoid_VLA/build/g1_gazebo_sim' returned '0': AMENT_PREFIX_PATH=/home/irman/ROS2_Humanoid_VLA/install/g1_package:${AMENT_PREFIX_PATH} CMAKE_PREFIX_PATH=/home/irman/ROS2_Humanoid_VLA/install/g1_package:${CMAKE_PREFIX_PATH} CONDA_PROMPT_MODIFIER=(ros2_env) DEBUGINFOD_URLS=https://debuginfod.ubuntu.com /home/irman/micromamba/envs/ros2_env/bin/cmake --build /home/irman/ROS2_Humanoid_VLA/build/g1_gazebo_sim -- -j16 -l16
[1.061s] Invoking command in '/home/irman/ROS2_Humanoid_VLA/build/g1_gazebo_sim': AMENT_PREFIX_PATH=/home/irman/ROS2_Humanoid_VLA/install/g1_package:${AMENT_PREFIX_PATH} CMAKE_PREFIX_PATH=/home/irman/ROS2_Humanoid_VLA/install/g1_package:${CMAKE_PREFIX_PATH} CONDA_PROMPT_MODIFIER=(ros2_env) DEBUGINFOD_URLS=https://debuginfod.ubuntu.com /home/irman/micromamba/envs/ros2_env/bin/cmake --install /home/irman/ROS2_Humanoid_VLA/build/g1_gazebo_sim
[1.066s] -- Install configuration: ""
[1.066s] -- Execute custom install script
[1.067s] -- Symlinking: /home/irman/ROS2_Humanoid_VLA/install/g1_gazebo_sim/share/g1_gazebo_sim//launch/gazebo_house.launch.py
[1.074s] -- Symlinking: /home/irman/ROS2_Humanoid_VLA/install/g1_gazebo_sim/share/g1_gazebo_sim//launch/gazebo_house_ros2_control.launch.py
[1.081s] -- Symlinking: /home/irman/ROS2_Humanoid_VLA/install/g1_gazebo_sim/share/g1_gazebo_sim//launch/gazebo_robot_only.launch.py
[1.088s] -- Symlinking: /home/irman/ROS2_Humanoid_VLA/install/g1_gazebo_sim/share/g1_gazebo_sim//launch/gazebo_robot_ros2_control.launch.py
[1.095s] -- Symlinking: /home/irman/ROS2_Humanoid_VLA/install/g1_gazebo_sim/share/g1_gazebo_sim//worlds/small_house.world
[1.101s] -- Symlinking: /home/irman/ROS2_Humanoid_VLA/install/g1_gazebo_sim/share/g1_gazebo_sim//config/gazebo.rviz
[1.114s] -- Symlinking: /home/irman/ROS2_Humanoid_VLA/install/g1_gazebo_sim/share/g1_gazebo_sim//models/aws_robomaker_residential_AirconditionerA_01/materials/textures/aws_AirconditionerA_01.png
[1.120s] -- Symlinking: /home/irman/ROS2_Humanoid_VLA/install/g1_gazebo_sim/share/g1_gazebo_sim//models/aws_robomaker_residential_AirconditionerA_01/meshes/aws_AirconditionerA_01_collision.DAE
[1.125s] -- Symlinking: /home/irman/ROS2_Humanoid_VLA/install/g1_gazebo_sim/share/g1_gazebo_sim//models/aws_robomaker_residential_AirconditionerA_01/meshes/aws_AirconditionerA_01_visual.DAE
[1.132s] -- Symlinking: /home/irman/ROS2_Humanoid_VLA/install/g1_gazebo_sim/share/g1_gazebo_sim//models/aws_robomaker_residential_AirconditionerA_01/model.config
[1.139s] -- Symlinking: /home/irman/ROS2_Humanoid_VLA/install/g1_gazebo_sim/share/g1_gazebo_sim//models/aws_robomaker_residential_AirconditionerA_01/model.sdf
[1.147s] -- Symlinking: /home/irman/ROS2_Humanoid_VLA/install/g1_gazebo_sim/share/g1_gazebo_sim//models/aws_robomaker_residential_AirconditionerB_01/materials/textures/aws_AirconditionerB_01.png
[1.154s] -- Symlinking: /home/irman/ROS2_Humanoid_VLA/install/g1_gazebo_sim/share/g1_gazebo_sim//models/aws_robomaker_residential_AirconditionerB_01/meshes/aws_AirconditionerB_01_collision.DAE
[1.160s] -- Symlinking: /home/irman/ROS2_Humanoid_VLA/install/g1_gazebo_sim/share/g1_gazebo_sim//models/aws_robomaker_residential_AirconditionerB_01/meshes/aws_AirconditionerB_01_visual.DAE
[1.167s] -- Symlinking: /home/irman/ROS2_Humanoid_VLA/install/g1_gazebo_sim/share/g1_gazebo_sim//models/aws_robomaker_residential_AirconditionerB_01/model.config
[1.174s] -- Symlinking: /home/irman/ROS2_Humanoid_VLA/install/g1_gazebo_sim/share/g1_gazebo_sim//models/aws_robomaker_residential_AirconditionerB_01/model.sdf
[1.181s] -- Symlinking: /home/irman/ROS2_Humanoid_VLA/install/g1_gazebo_sim/share/g1_gazebo_sim//models/aws_robomaker_residential_BalconyTable_01/materials/textures/aws_BalconyTable_01.png
[1.189s] -- Symlinking: /home/irman/ROS2_Humanoid_VLA/install/g1_gazebo_sim/share/g1_gazebo_sim//models/aws_robomaker_residential_BalconyTable_01/meshes/aws_BalconyTable_01_collision.DAE
[1.196s] -- Symlinking: /home/irman/ROS2_Humanoid_VLA/install/g1_gazebo_sim/share/g1_gazebo_sim//models/aws_robomaker_residential_BalconyTable_01/meshes/aws_BalconyTable_01_visual.DAE
[1.203s] -- Symlinking: /home/irman/ROS2_Humanoid_VLA/install/g1_gazebo_sim/share/g1_gazebo_sim//models/aws_robomaker_residential_BalconyTable_01/model.config
[1.209s] -- Symlinking: /home/irman/ROS2_Humanoid_VLA/install/g1_gazebo_sim/share/g1_gazebo_sim//models/aws_robomaker_residential_BalconyTable_01/model.sdf
[1.216s] -- Symlinking: /home/irman/ROS2_Humanoid_VLA/install/g1_gazebo_sim/share/g1_gazebo_sim//models/aws_robomaker_residential_Ball_01/materials/textures/aws_Ball_01.png
[1.224s] -- Symlinking: /home/irman/ROS2_Humanoid_VLA/install/g1_gazebo_sim/share/g1_gazebo_sim//models/aws_robomaker_residential_Ball_01/meshes/aws_Ball_01_collision.DAE
[1.230s] -- Symlinking: /home/irman/ROS2_Humanoid_VLA/install/g1_gazebo_sim/share/g1_gazebo_sim//models/aws_robomaker_residential_Ball_01/meshes/aws_Ball_01_visual.DAE
[1.237s] -- Symlinking: /home/irman/ROS2_Humanoid_VLA/install/g1_gazebo_sim/share/g1_gazebo_sim//models/aws_robomaker_residential_Ball_01/model.config
[1.243s] -- Symlinking: /home/irman/ROS2_Humanoid_VLA/install/g1_gazebo_sim/share/g1_gazebo_sim//models/aws_robomaker_residential_Ball_01/model.sdf
[1.249s] -- Symlinking: /home/irman/ROS2_Humanoid_VLA/install/g1_gazebo_sim/share/g1_gazebo_sim//models/aws_robomaker_residential_Bed_01/materials/textures/aws_BedA_01.png
[1.256s] -- Symlinking: /home/irman/ROS2_Humanoid_VLA/install/g1_gazebo_sim/share/g1_gazebo_sim//models/aws_robomaker_residential_Bed_01/materials/textures/aws_BedB_01.png
[1.263s] -- Symlinking: /home/irman/ROS2_Humanoid_VLA/install/g1_gazebo_sim/share/g1_gazebo_sim//models/aws_robomaker_residential_Bed_01/materials/textures/aws_BedC_01.png
[1.270s] -- Symlinking: /home/irman/ROS2_Humanoid_VLA/install/g1_gazebo_sim/share/g1_gazebo_sim//models/aws_robomaker_residential_Bed_01/materials/textures/aws_Bed_01.png
[1.276s] -- Symlinking: /home/irman/ROS2_Humanoid_VLA/install/g1_gazebo_sim/share/g1_gazebo_sim//models/aws_robomaker_residential_Bed_01/meshes/aws_Bed_01_collision.DAE
[1.282s] -- Symlinking: /home/irman/ROS2_Humanoid_VLA/install/g1_gazebo_sim/share/g1_gazebo_sim//models/aws_robomaker_residential_Bed_01/meshes/aws_Bed_01_visual.DAE
[1.289s] -- Symlinking: /home/irman/ROS2_Humanoid_VLA/install/g1_gazebo_sim/share/g1_gazebo_sim//models/aws_robomaker_residential_Bed_01/model.config
[1.295s] -- Symlinking: /home/irman/ROS2_Humanoid_VLA/install/g1_gazebo_sim/share/g1_gazebo_sim//models/aws_robomaker_residential_Bed_01/model.sdf
[1.303s] -- Symlinking: /home/irman/ROS2_Humanoid_VLA/install/g1_gazebo_sim/share/g1_gazebo_sim//models/aws_robomaker_residential_Board_01/materials/textures/aws_Board_01.png
[1.308s] -- Symlinking: /home/irman/ROS2_Humanoid_VLA/install/g1_gazebo_sim/share/g1_gazebo_sim//models/aws_robomaker_residential_Board_01/meshes/aws_Board_01_collision.DAE
[1.314s] -- Symlinking: /home/irman/ROS2_Humanoid_VLA/install/g1_gazebo_sim/share/g1_gazebo_sim//models/aws_robomaker_residential_Board_01/meshes/aws_Board_01_visual.DAE
[1.319s] -- Symlinking: /home/irman/ROS2_Humanoid_VLA/install/g1_gazebo_sim/share/g1_gazebo_sim//models/aws_robomaker_residential_Board_01/model.config
[1.327s] -- Symlinking: /home/irman/ROS2_Humanoid_VLA/install/g1_gazebo_sim/share/g1_gazebo_sim//models/aws_robomaker_residential_Board_01/model.sdf
[1.334s] -- Symlinking: /home/irman/ROS2_Humanoid_VLA/install/g1_gazebo_sim/share/g1_gazebo_sim//models/aws_robomaker_residential_Carpet_01/materials/textures/aws_Carpet_01.png
[1.339s] -- Symlinking: /home/irman/ROS2_Humanoid_VLA/install/g1_gazebo_sim/share/g1_gazebo_sim//models/aws_robomaker_residential_Carpet_01/meshes/aws_Carpet_01_collision.DAE
[1.345s] -- Symlinking: /home/irman/ROS2_Humanoid_VLA/install/g1_gazebo_sim/share/g1_gazebo_sim//models/aws_robomaker_residential_Carpet_01/meshes/aws_Carpet_01_visual.DAE
[1.351s] -- Symlinking: /home/irman/ROS2_Humanoid_VLA/install/g1_gazebo_sim/share/g1_gazebo_sim//models/aws_robomaker_residential_Carpet_01/model.config
[1.357s] -- Symlinking: /home/irman/ROS2_Humanoid_VLA/install/g1_gazebo_sim/share/g1_gazebo_sim//models/aws_robomaker_residential_Carpet_01/model.sdf
[1.365s] -- Symlinking: /home/irman/ROS2_Humanoid_VLA/install/g1_gazebo_sim/share/g1_gazebo_sim//models/aws_robomaker_residential_ChairA_01/materials/textures/aws_ChairA_01.png
[1.372s] -- Symlinking: /home/irman/ROS2_Humanoid_VLA/install/g1_gazebo_sim/share/g1_gazebo_sim//models/aws_robomaker_residential_ChairA_01/meshes/aws_ChairA_01_collision.DAE
[1.377s] -- Symlinking: /home/irman/ROS2_Humanoid_VLA/install/g1_gazebo_sim/share/g1_gazebo_sim//models/aws_robomaker_residential_ChairA_01/meshes/aws_ChairA_01_visual.DAE
[1.383s] -- Symlinking: /home/irman/ROS2_Humanoid_VLA/install/g1_gazebo_sim/share/g1_gazebo_sim//models/aws_robomaker_residential_ChairA_01/model.config
[1.389s] -- Symlinking: /home/irman/ROS2_Humanoid_VLA/install/g1_gazebo_sim/share/g1_gazebo_sim//models/aws_robomaker_residential_ChairA_01/model.sdf
[1.397s] -- Symlinking: /home/irman/ROS2_Humanoid_VLA/install/g1_gazebo_sim/share/g1_gazebo_sim//models/aws_robomaker_residential_ChairD_01/materials/textures/aws_ChairD_01.png
[1.403s] -- Symlinking: /home/irman/ROS2_Humanoid_VLA/install/g1_gazebo_sim/share/g1_gazebo_sim//models/aws_robomaker_residential_ChairD_01/meshes/aws_ChairD_01_collision.DAE
[1.410s] -- Symlinking: /home/irman/ROS2_Humanoid_VLA/install/g1_gazebo_sim/share/g1_gazebo_sim//models/aws_robomaker_residential_ChairD_01/meshes/aws_ChairD_01_visual.DAE
[1.416s] -- Symlinking: /home/irman/ROS2_Humanoid_VLA/install/g1_gazebo_sim/share/g1_gazebo_sim//models/aws_robomaker_residential_ChairD_01/model.config
[1.423s] -- Symlinking: /home/irman/ROS2_Humanoid_VLA/install/g1_gazebo_sim/share/g1_gazebo_sim//models/aws_robomaker_residential_ChairD_01/model.sdf
[1.430s] -- Symlinking: /home/irman/ROS2_Humanoid_VLA/install/g1_gazebo_sim/share/g1_gazebo_sim//models/aws_robomaker_residential_Chandelier_01/materials/textures/aws_Chandelier_01.png
[1.438s] -- Symlinking: /home/irman/ROS2_Humanoid_VLA/install/g1_gazebo_sim/share/g1_gazebo_sim//models/aws_robomaker_residential_Chandelier_01/meshes/aws_Chandelier_01.DAE
[1.444s] -- Symlinking: /home/irman/ROS2_Humanoid_VLA/install/g1_gazebo_sim/share/g1_gazebo_sim//models/aws_robomaker_residential_Chandelier_01/meshes/aws_Chandelier_01_collision.DAE
[1.450s] -- Symlinking: /home/irman/ROS2_Humanoid_VLA/install/g1_gazebo_sim/share/g1_gazebo_sim//models/aws_robomaker_residential_Chandelier_01/meshes/aws_Chandelier_01_visual.DAE
[1.456s] -- Symlinking: /home/irman/ROS2_Humanoid_VLA/install/g1_gazebo_sim/share/g1_gazebo_sim//models/aws_robomaker_residential_Chandelier_01/model.config
[1.464s] -- Symlinking: /home/irman/ROS2_Humanoid_VLA/install/g1_gazebo_sim/share/g1_gazebo_sim//models/aws_robomaker_residential_Chandelier_01/model.sdf
[1.471s] -- Symlinking: /home/irman/ROS2_Humanoid_VLA/install/g1_gazebo_sim/share/g1_gazebo_sim//models/aws_robomaker_residential_CoffeeTable_01/materials/textures/aws_CoffeeTable_01.png
[1.477s] -- Symlinking: /home/irman/ROS2_Humanoid_VLA/install/g1_gazebo_sim/share/g1_gazebo_sim//models/aws_robomaker_residential_CoffeeTable_01/meshes/aws_CoffeeTable_01_collision.DAE
[1.484s] -- Symlinking: /home/irman/ROS2_Humanoid_VLA/install/g1_gazebo_sim/share/g1_gazebo_sim//models/aws_robomaker_residential_CoffeeTable_01/meshes/aws_CoffeeTable_01_visual.DAE
[1.490s] -- Symlinking: /home/irman/ROS2_Humanoid_VLA/install/g1_gazebo_sim/share/g1_gazebo_sim//models/aws_robomaker_residential_CoffeeTable_01/model.config
[1.497s] -- Symlinking: /home/irman/ROS2_Humanoid_VLA/install/g1_gazebo_sim/share/g1_gazebo_sim//models/aws_robomaker_residential_CoffeeTable_01/model.sdf
[1.504s] -- Symlinking: /home/irman/ROS2_Humanoid_VLA/install/g1_gazebo_sim/share/g1_gazebo_sim//models/aws_robomaker_residential_CookingBench_01/materials/textures/aws_CookingBench_01.png
[1.510s] -- Symlinking: /home/irman/ROS2_Humanoid_VLA/install/g1_gazebo_sim/share/g1_gazebo_sim//models/aws_robomaker_residential_CookingBench_01/meshes/aws_CookingBench_01.DAE
[1.516s] -- Symlinking: /home/irman/ROS2_Humanoid_VLA/install/g1_gazebo_sim/share/g1_gazebo_sim//models/aws_robomaker_residential_CookingBench_01/meshes/aws_CookingBench_01_collision.DAE
[1.522s] -- Symlinking: /home/irman/ROS2_Humanoid_VLA/install/g1_gazebo_sim/share/g1_gazebo_sim//models/aws_robomaker_residential_CookingBench_01/meshes/aws_CookingBench_01_visual.DAE
[1.529s] -- Symlinking: /home/irman/ROS2_Humanoid_VLA/install/g1_gazebo_sim/share/g1_gazebo_sim//models/aws_robomaker_residential_CookingBench_01/model.config
[1.536s] -- Symlinking: /home/irman/ROS2_Humanoid_VLA/install/g1_gazebo_sim/share/g1_gazebo_sim//models/aws_robomaker_residential_CookingBench_01/model.sdf
[1.543s] -- Symlinking: /home/irman/ROS2_Humanoid_VLA/install/g1_gazebo_sim/share/g1_gazebo_sim//models/aws_robomaker_residential_Curtain_01/materials/textures/aws_Curtain_01.png
[1.550s] -- Symlinking: /home/irman/ROS2_Humanoid_VLA/install/g1_gazebo_sim/share/g1_gazebo_sim//models/aws_robomaker_residential_Curtain_01/meshes/aws_Curtain_01_collision.DAE
[1.557s] -- Symlinking: /home/irman/ROS2_Humanoid_VLA/install/g1_gazebo_sim/share/g1_gazebo_sim//models/aws_robomaker_residential_Curtain_01/meshes/aws_Curtain_01_visual.DAE
[1.563s] -- Symlinking: /home/irman/ROS2_Humanoid_VLA/install/g1_gazebo_sim/share/g1_gazebo_sim//models/aws_robomaker_residential_Curtain_01/model.config
[1.571s] -- Symlinking: /home/irman/ROS2_Humanoid_VLA/install/g1_gazebo_sim/share/g1_gazebo_sim//models/aws_robomaker_residential_Curtain_01/model.sdf
[1.577s] -- Symlinking: /home/irman/ROS2_Humanoid_VLA/install/g1_gazebo_sim/share/g1_gazebo_sim//models/aws_robomaker_residential_DeskPortraitA_01/materials/textures/DeskPortraitA_01.jpg
[1.583s] -- Symlinking: /home/irman/ROS2_Humanoid_VLA/install/g1_gazebo_sim/share/g1_gazebo_sim//models/aws_robomaker_residential_DeskPortraitA_01/materials/textures/aws_DeskPortraitA_01.png
[1.589s] -- Symlinking: /home/irman/ROS2_Humanoid_VLA/install/g1_gazebo_sim/share/g1_gazebo_sim//models/aws_robomaker_residential_DeskPortraitA_01/materials/textures/aws_DeskPortraitA_02.png
[1.596s] -- Symlinking: /home/irman/ROS2_Humanoid_VLA/install/g1_gazebo_sim/share/g1_gazebo_sim//models/aws_robomaker_residential_DeskPortraitA_01/meshes/aws_DeskPortraitA_01_collision.DAE
[1.602s] -- Symlinking: /home/irman/ROS2_Humanoid_VLA/install/g1_gazebo_sim/share/g1_gazebo_sim//models/aws_robomaker_residential_DeskPortraitA_01/meshes/aws_DeskPortraitA_01_visual.DAE
[1.609s] -- Symlinking: /home/irman/ROS2_Humanoid_VLA/install/g1_gazebo_sim/share/g1_gazebo_sim//models/aws_robomaker_residential_DeskPortraitA_01/model.config
[1.616s] -- Symlinking: /home/irman/ROS2_Humanoid_VLA/install/g1_gazebo_sim/share/g1_gazebo_sim//models/aws_robomaker_residential_DeskPortraitA_01/model.sdf
[1.622s] -- Symlinking: /home/irman/ROS2_Humanoid_VLA/install/g1_gazebo_sim/share/g1_gazebo_sim//models/aws_robomaker_residential_DeskPortraitA_02/materials/textures/DeskPortraitA_02.jpg
[1.628s] -- Symlinking: /home/irman/ROS2_Humanoid_VLA/install/g1_gazebo_sim/share/g1_gazebo_sim//models/aws_robomaker_residential_DeskPortraitA_02/materials/textures/aws_DeskPortraitA_01.png
[1.634s] -- Symlinking: /home/irman/ROS2_Humanoid_VLA/install/g1_gazebo_sim/share/g1_gazebo_sim//models/aws_robomaker_residential_DeskPortraitA_02/materials/textures/aws_DeskPortraitA_02.png
[1.640s] -- Symlinking: /home/irman/ROS2_Humanoid_VLA/install/g1_gazebo_sim/share/g1_gazebo_sim//models/aws_robomaker_residential_DeskPortraitA_02/meshes/aws_DeskPortraitA_01_collision.DAE
[1.647s] -- Symlinking: /home/irman/ROS2_Humanoid_VLA/install/g1_gazebo_sim/share/g1_gazebo_sim//models/aws_robomaker_residential_DeskPortraitA_02/meshes/aws_DeskPortraitA_01_visual.DAE
[1.654s] -- Symlinking: /home/irman/ROS2_Humanoid_VLA/install/g1_gazebo_sim/share/g1_gazebo_sim//models/aws_robomaker_residential_DeskPortraitA_02/model.config
[1.660s] -- Symlinking: /home/irman/ROS2_Humanoid_VLA/install/g1_gazebo_sim/share/g1_gazebo_sim//models/aws_robomaker_residential_DeskPortraitA_02/model.sdf
[1.668s] -- Symlinking: /home/irman/ROS2_Humanoid_VLA/install/g1_gazebo_sim/share/g1_gazebo_sim//models/aws_robomaker_residential_DeskPortraitB_01/materials/textures/DeskPortraitB_01.jpg
[1.674s] -- Symlinking: /home/irman/ROS2_Humanoid_VLA/install/g1_gazebo_sim/share/g1_gazebo_sim//models/aws_robomaker_residential_DeskPortraitB_01/materials/textures/aws_DeskPortraitB_01.png
[1.681s] -- Symlinking: /home/irman/ROS2_Humanoid_VLA/install/g1_gazebo_sim/share/g1_gazebo_sim//models/aws_robomaker_residential_DeskPortraitB_01/materials/textures/aws_DeskPortraitB_02.png
[1.688s] -- Symlinking: /home/irman/ROS2_Humanoid_VLA/install/g1_gazebo_sim/share/g1_gazebo_sim//models/aws_robomaker_residential_DeskPortraitB_01/meshes/aws_DeskPortraitB_01_collision.DAE
[1.695s] -- Symlinking: /home/irman/ROS2_Humanoid_VLA/install/g1_gazebo_sim/share/g1_gazebo_sim//models/aws_robomaker_residential_DeskPortraitB_01/meshes/aws_DeskPortraitB_01_visual.DAE
[1.702s] -- Symlinking: /home/irman/ROS2_Humanoid_VLA/install/g1_gazebo_sim/share/g1_gazebo_sim//models/aws_robomaker_residential_DeskPortraitB_01/model.config
[1.709s] -- Symlinking: /home/irman/ROS2_Humanoid_VLA/install/g1_gazebo_sim/share/g1_gazebo_sim//models/aws_robomaker_residential_DeskPortraitB_01/model.sdf
[1.716s] -- Symlinking: /home/irman/ROS2_Humanoid_VLA/install/g1_gazebo_sim/share/g1_gazebo_sim//models/aws_robomaker_residential_DeskPortraitB_02/materials/textures/DeskPortraitB_02.jpg
[1.722s] -- Symlinking: /home/irman/ROS2_Humanoid_VLA/install/g1_gazebo_sim/share/g1_gazebo_sim//models/aws_robomaker_residential_DeskPortraitB_02/materials/textures/aws_DeskPortraitB_01.png
[1.728s] -- Symlinking: /home/irman/ROS2_Humanoid_VLA/install/g1_gazebo_sim/share/g1_gazebo_sim//models/aws_robomaker_residential_DeskPortraitB_02/materials/textures/aws_DeskPortraitB_02.png
[1.735s] -- Symlinking: /home/irman/ROS2_Humanoid_VLA/install/g1_gazebo_sim/share/g1_gazebo_sim//models/aws_robomaker_residential_DeskPortraitB_02/meshes/aws_DeskPortraitB_01_collision.DAE
[1.742s] -- Symlinking: /home/irman/ROS2_Humanoid_VLA/install/g1_gazebo_sim/share/g1_gazebo_sim//models/aws_robomaker_residential_DeskPortraitB_02/meshes/aws_DeskPortraitB_01_visual.DAE
[1.748s] -- Symlinking: /home/irman/ROS2_Humanoid_VLA/install/g1_gazebo_sim/share/g1_gazebo_sim//models/aws_robomaker_residential_DeskPortraitB_02/model.config
[1.753s] -- Symlinking: /home/irman/ROS2_Humanoid_VLA/install/g1_gazebo_sim/share/g1_gazebo_sim//models/aws_robomaker_residential_DeskPortraitB_02/model.sdf
[1.760s] -- Symlinking: /home/irman/ROS2_Humanoid_VLA/install/g1_gazebo_sim/share/g1_gazebo_sim//models/aws_robomaker_residential_DeskPortraitC_01/materials/textures/DeskPortraitC_01.jpg
[1.768s] -- Symlinking: /home/irman/ROS2_Humanoid_VLA/install/g1_gazebo_sim/share/g1_gazebo_sim//models/aws_robomaker_residential_DeskPortraitC_01/materials/textures/aws_DeskPortraitC_01.png
[1.774s] -- Symlinking: /home/irman/ROS2_Humanoid_VLA/install/g1_gazebo_sim/share/g1_gazebo_sim//models/aws_robomaker_residential_DeskPortraitC_01/materials/textures/aws_DeskPortraitC_02.png
[1.781s] -- Symlinking: /home/irman/ROS2_Humanoid_VLA/install/g1_gazebo_sim/share/g1_gazebo_sim//models/aws_robomaker_residential_DeskPortraitC_01/meshes/aws_DeskPortraitC_01_collision.DAE
[1.788s] -- Symlinking: /home/irman/ROS2_Humanoid_VLA/install/g1_gazebo_sim/share/g1_gazebo_sim//models/aws_robomaker_residential_DeskPortraitC_01/meshes/aws_DeskPortraitC_01_visual.DAE
[1.795s] -- Symlinking: /home/irman/ROS2_Humanoid_VLA/install/g1_gazebo_sim/share/g1_gazebo_sim//models/aws_robomaker_residential_DeskPortraitC_01/model.config
[1.801s] -- Symlinking: /home/irman/ROS2_Humanoid_VLA/install/g1_gazebo_sim/share/g1_gazebo_sim//models/aws_robomaker_residential_DeskPortraitC_01/model.sdf
[1.809s] -- Symlinking: /home/irman/ROS2_Humanoid_VLA/install/g1_gazebo_sim/share/g1_gazebo_sim//models/aws_robomaker_residential_DeskPortraitC_02/materials/textures/DeskPortraitC_02.jpg
[1.815s] -- Symlinking: /home/irman/ROS2_Humanoid_VLA/install/g1_gazebo_sim/share/g1_gazebo_sim//models/aws_robomaker_residential_DeskPortraitC_02/materials/textures/aws_DeskPortraitC_01.png
[1.822s] -- Symlinking: /home/irman/ROS2_Humanoid_VLA/install/g1_gazebo_sim/share/g1_gazebo_sim//models/aws_robomaker_residential_DeskPortraitC_02/materials/textures/aws_DeskPortraitC_02.png
[1.828s] -- Symlinking: /home/irman/ROS2_Humanoid_VLA/install/g1_gazebo_sim/share/g1_gazebo_sim//models/aws_robomaker_residential_DeskPortraitC_02/meshes/aws_DeskPortraitC_01_collision.DAE
[1.836s] -- Symlinking: /home/irman/ROS2_Humanoid_VLA/install/g1_gazebo_sim/share/g1_gazebo_sim//models/aws_robomaker_residential_DeskPortraitC_02/meshes/aws_DeskPortraitC_01_visual.DAE
[1.843s] -- Symlinking: /home/irman/ROS2_Humanoid_VLA/install/g1_gazebo_sim/share/g1_gazebo_sim//models/aws_robomaker_residential_DeskPortraitC_02/model.config
[1.850s] -- Symlinking: /home/irman/ROS2_Humanoid_VLA/install/g1_gazebo_sim/share/g1_gazebo_sim//models/aws_robomaker_residential_DeskPortraitC_02/model.sdf
[1.857s] -- Symlinking: /home/irman/ROS2_Humanoid_VLA/install/g1_gazebo_sim/share/g1_gazebo_sim//models/aws_robomaker_residential_DeskPortraitD_01/materials/textures/DeskPortraitD_01.jpg
[1.863s] -- Symlinking: /home/irman/ROS2_Humanoid_VLA/install/g1_gazebo_sim/share/g1_gazebo_sim//models/aws_robomaker_residential_DeskPortraitD_01/materials/textures/aws_DeskPortraitD_01.png
[1.870s] -- Symlinking: /home/irman/ROS2_Humanoid_VLA/install/g1_gazebo_sim/share/g1_gazebo_sim//models/aws_robomaker_residential_DeskPortraitD_01/materials/textures/aws_DeskPortraitD_02.png
[1.876s] -- Symlinking: /home/irman/ROS2_Humanoid_VLA/install/g1_gazebo_sim/share/g1_gazebo_sim//models/aws_robomaker_residential_DeskPortraitD_01/meshes/aws_DeskPortraitD_01_collision.DAE
[1.883s] -- Symlinking: /home/irman/ROS2_Humanoid_VLA/install/g1_gazebo_sim/share/g1_gazebo_sim//models/aws_robomaker_residential_DeskPortraitD_01/meshes/aws_DeskPortraitD_01_visual.DAE
[1.890s] -- Symlinking: /home/irman/ROS2_Humanoid_VLA/install/g1_gazebo_sim/share/g1_gazebo_sim//models/aws_robomaker_residential_DeskPortraitD_01/model.config
[1.896s] -- Symlinking: /home/irman/ROS2_Humanoid_VLA/install/g1_gazebo_sim/share/g1_gazebo_sim//models/aws_robomaker_residential_DeskPortraitD_01/model.sdf
[1.903s] -- Symlinking: /home/irman/ROS2_Humanoid_VLA/install/g1_gazebo_sim/share/g1_gazebo_sim//models/aws_robomaker_residential_DeskPortraitD_02/materials/textures/DeskPortraitD_02.jpg
[1.910s] -- Symlinking: /home/irman/ROS2_Humanoid_VLA/install/g1_gazebo_sim/share/g1_gazebo_sim//models/aws_robomaker_residential_DeskPortraitD_02/materials/textures/aws_DeskPortraitD_01.png
[1.917s] -- Symlinking: /home/irman/ROS2_Humanoid_VLA/install/g1_gazebo_sim/share/g1_gazebo_sim//models/aws_robomaker_residential_DeskPortraitD_02/materials/textures/aws_DeskPortraitD_02.png
[1.925s] -- Symlinking: /home/irman/ROS2_Humanoid_VLA/install/g1_gazebo_sim/share/g1_gazebo_sim//models/aws_robomaker_residential_DeskPortraitD_02/meshes/aws_DeskPortraitD_01_collision.DAE
[1.931s] -- Symlinking: /home/irman/ROS2_Humanoid_VLA/install/g1_gazebo_sim/share/g1_gazebo_sim//models/aws_robomaker_residential_DeskPortraitD_02/meshes/aws_DeskPortraitD_01_visual.DAE
[1.938s] -- Symlinking: /home/irman/ROS2_Humanoid_VLA/install/g1_gazebo_sim/share/g1_gazebo_sim//models/aws_robomaker_residential_DeskPortraitD_02/model.config
[1.945s] -- Symlinking: /home/irman/ROS2_Humanoid_VLA/install/g1_gazebo_sim/share/g1_gazebo_sim//models/aws_robomaker_residential_DeskPortraitD_02/model.sdf
[1.952s] -- Symlinking: /home/irman/ROS2_Humanoid_VLA/install/g1_gazebo_sim/share/g1_gazebo_sim//models/aws_robomaker_residential_DeskPortraitD_03/materials/textures/DeskPortraitD_03.jpg
[1.959s] -- Symlinking: /home/irman/ROS2_Humanoid_VLA/install/g1_gazebo_sim/share/g1_gazebo_sim//models/aws_robomaker_residential_DeskPortraitD_03/materials/textures/aws_DeskPortraitD_01.png
[1.965s] -- Symlinking: /home/irman/ROS2_Humanoid_VLA/install/g1_gazebo_sim/share/g1_gazebo_sim//models/aws_robomaker_residential_DeskPortraitD_03/materials/textures/aws_DeskPortraitD_02.png
[1.972s] -- Symlinking: /home/irman/ROS2_Humanoid_VLA/install/g1_gazebo_sim/share/g1_gazebo_sim//models/aws_robomaker_residential_DeskPortraitD_03/meshes/aws_DeskPortraitD_01_collision.DAE
[1.979s] -- Symlinking: /home/irman/ROS2_Humanoid_VLA/install/g1_gazebo_sim/share/g1_gazebo_sim//models/aws_robomaker_residential_DeskPortraitD_03/meshes/aws_DeskPortraitD_01_visual.DAE
[1.985s] -- Symlinking: /home/irman/ROS2_Humanoid_VLA/install/g1_gazebo_sim/share/g1_gazebo_sim//models/aws_robomaker_residential_DeskPortraitD_03/model.config
[1.992s] -- Symlinking: /home/irman/ROS2_Humanoid_VLA/install/g1_gazebo_sim/share/g1_gazebo_sim//models/aws_robomaker_residential_DeskPortraitD_03/model.sdf
[1.998s] -- Symlinking: /home/irman/ROS2_Humanoid_VLA/install/g1_gazebo_sim/share/g1_gazebo_sim//models/aws_robomaker_residential_DeskPortraitD_04/materials/textures/DeskPortraitD_04.jpg
[2.004s] -- Symlinking: /home/irman/ROS2_Humanoid_VLA/install/g1_gazebo_sim/share/g1_gazebo_sim//models/aws_robomaker_residential_DeskPortraitD_04/materials/textures/aws_DeskPortraitD_01.png
[2.010s] -- Symlinking: /home/irman/ROS2_Humanoid_VLA/install/g1_gazebo_sim/share/g1_gazebo_sim//models/aws_robomaker_residential_DeskPortraitD_04/materials/textures/aws_DeskPortraitD_02.png
[2.017s] -- Symlinking: /home/irman/ROS2_Humanoid_VLA/install/g1_gazebo_sim/share/g1_gazebo_sim//models/aws_robomaker_residential_DeskPortraitD_04/meshes/aws_DeskPortraitD_01_collision.DAE
[2.024s] -- Symlinking: /home/irman/ROS2_Humanoid_VLA/install/g1_gazebo_sim/share/g1_gazebo_sim//models/aws_robomaker_residential_DeskPortraitD_04/meshes/aws_DeskPortraitD_01_visual.DAE
[2.031s] -- Symlinking: /home/irman/ROS2_Humanoid_VLA/install/g1_gazebo_sim/share/g1_gazebo_sim//models/aws_robomaker_residential_DeskPortraitD_04/model.config
[2.038s] -- Symlinking: /home/irman/ROS2_Humanoid_VLA/install/g1_gazebo_sim/share/g1_gazebo_sim//models/aws_robomaker_residential_DeskPortraitD_04/model.sdf
[2.045s] -- Symlinking: /home/irman/ROS2_Humanoid_VLA/install/g1_gazebo_sim/share/g1_gazebo_sim//models/aws_robomaker_residential_Door_01/materials/textures/aws_Door_01.png
[2.052s] -- Symlinking: /home/irman/ROS2_Humanoid_VLA/install/g1_gazebo_sim/share/g1_gazebo_sim//models/aws_robomaker_residential_Door_01/meshes/aws_Door_01_collision.DAE
[2.059s] -- Symlinking: /home/irman/ROS2_Humanoid_VLA/install/g1_gazebo_sim/share/g1_gazebo_sim//models/aws_robomaker_residential_Door_01/meshes/aws_Door_01_visual.DAE
[2.065s] -- Symlinking: /home/irman/ROS2_Humanoid_VLA/install/g1_gazebo_sim/share/g1_gazebo_sim//models/aws_robomaker_residential_Door_01/model.config
[2.072s] -- Symlinking: /home/irman/ROS2_Humanoid_VLA/install/g1_gazebo_sim/share/g1_gazebo_sim//models/aws_robomaker_residential_Door_01/model.sdf
[2.078s] -- Symlinking: /home/irman/ROS2_Humanoid_VLA/install/g1_gazebo_sim/share/g1_gazebo_sim//models/aws_robomaker_residential_Dumbbell_01/materials/textures/aws_Dumbbell_01.png
[2.085s] -- Symlinking: /home/irman/ROS2_Humanoid_VLA/install/g1_gazebo_sim/share/g1_gazebo_sim//models/aws_robomaker_residential_Dumbbell_01/meshes/aws_Dumbbell_01_collision.DAE
[2.091s] -- Symlinking: /home/irman/ROS2_Humanoid_VLA/install/g1_gazebo_sim/share/g1_gazebo_sim//models/aws_robomaker_residential_Dumbbell_01/meshes/aws_Dumbbell_01_visual.DAE
[2.098s] -- Symlinking: /home/irman/ROS2_Humanoid_VLA/install/g1_gazebo_sim/share/g1_gazebo_sim//models/aws_robomaker_residential_Dumbbell_01/model.config
[2.104s] -- Symlinking: /home/irman/ROS2_Humanoid_VLA/install/g1_gazebo_sim/share/g1_gazebo_sim//models/aws_robomaker_residential_Dumbbell_01/model.sdf
[2.111s] -- Symlinking: /home/irman/ROS2_Humanoid_VLA/install/g1_gazebo_sim/share/g1_gazebo_sim//models/aws_robomaker_residential_FitnessEquipment_01/materials/textures/aws_FitnessEquipment_01.png
[2.117s] -- Symlinking: /home/irman/ROS2_Humanoid_VLA/install/g1_gazebo_sim/share/g1_gazebo_sim//models/aws_robomaker_residential_FitnessEquipment_01/meshes/aws_FitnessEquipment_01_collision.DAE
[2.124s] -- Symlinking: /home/irman/ROS2_Humanoid_VLA/install/g1_gazebo_sim/share/g1_gazebo_sim//models/aws_robomaker_residential_FitnessEquipment_01/meshes/aws_FitnessEquipment_01_visual.DAE
[2.130s] -- Symlinking: /home/irman/ROS2_Humanoid_VLA/install/g1_gazebo_sim/share/g1_gazebo_sim//models/aws_robomaker_residential_FitnessEquipment_01/model.config
[2.137s] -- Symlinking: /home/irman/ROS2_Humanoid_VLA/install/g1_gazebo_sim/share/g1_gazebo_sim//models/aws_robomaker_residential_FitnessEquipment_01/model.sdf
[2.144s] -- Symlinking: /home/irman/ROS2_Humanoid_VLA/install/g1_gazebo_sim/share/g1_gazebo_sim//models/aws_robomaker_residential_FloorB_01/materials/textures/aws_FloorB_01.png
[2.150s] -- Symlinking: /home/irman/ROS2_Humanoid_VLA/install/g1_gazebo_sim/share/g1_gazebo_sim//models/aws_robomaker_residential_FloorB_01/meshes/aws_FloorB_01_collision.DAE
[2.157s] -- Symlinking: /home/irman/ROS2_Humanoid_VLA/install/g1_gazebo_sim/share/g1_gazebo_sim//models/aws_robomaker_residential_FloorB_01/meshes/aws_FloorB_01_visual.DAE
[2.163s] -- Symlinking: /home/irman/ROS2_Humanoid_VLA/install/g1_gazebo_sim/share/g1_gazebo_sim//models/aws_robomaker_residential_FloorB_01/model.config
[2.170s] -- Symlinking: /home/irman/ROS2_Humanoid_VLA/install/g1_gazebo_sim/share/g1_gazebo_sim//models/aws_robomaker_residential_FloorB_01/model.sdf
[2.176s] -- Symlinking: /home/irman/ROS2_Humanoid_VLA/install/g1_gazebo_sim/share/g1_gazebo_sim//models/aws_robomaker_residential_FoldingDoor_01/materials/textures/aws_FoldingDoor_01.png
[2.183s] -- Symlinking: /home/irman/ROS2_Humanoid_VLA/install/g1_gazebo_sim/share/g1_gazebo_sim//models/aws_robomaker_residential_FoldingDoor_01/meshes/aws_FoldingDoor_01_collision.DAE
[2.190s] -- Symlinking: /home/irman/ROS2_Humanoid_VLA/install/g1_gazebo_sim/share/g1_gazebo_sim//models/aws_robomaker_residential_FoldingDoor_01/meshes/aws_FoldingDoor_01_visual.DAE
[2.196s] -- Symlinking: /home/irman/ROS2_Humanoid_VLA/install/g1_gazebo_sim/share/g1_gazebo_sim//models/aws_robomaker_residential_FoldingDoor_01/model.config
[2.203s] -- Symlinking: /home/irman/ROS2_Humanoid_VLA/install/g1_gazebo_sim/share/g1_gazebo_sim//models/aws_robomaker_residential_FoldingDoor_01/model.sdf
[2.209s] -- Symlinking: /home/irman/ROS2_Humanoid_VLA/install/g1_gazebo_sim/share/g1_gazebo_sim//models/aws_robomaker_residential_FoldingDoor_02/materials/textures/aws_FoldingDoor_02.png
[2.216s] -- Symlinking: /home/irman/ROS2_Humanoid_VLA/install/g1_gazebo_sim/share/g1_gazebo_sim//models/aws_robomaker_residential_FoldingDoor_02/meshes/aws_FoldingDoor_02_collision.DAE
[2.223s] -- Symlinking: /home/irman/ROS2_Humanoid_VLA/install/g1_gazebo_sim/share/g1_gazebo_sim//models/aws_robomaker_residential_FoldingDoor_02/meshes/aws_FoldingDoor_02_visual.DAE
[2.230s] -- Symlinking: /home/irman/ROS2_Humanoid_VLA/install/g1_gazebo_sim/share/g1_gazebo_sim//models/aws_robomaker_residential_FoldingDoor_02/model.config
[2.236s] -- Symlinking: /home/irman/ROS2_Humanoid_VLA/install/g1_gazebo_sim/share/g1_gazebo_sim//models/aws_robomaker_residential_FoldingDoor_02/model.sdf
[2.243s] -- Symlinking: /home/irman/ROS2_Humanoid_VLA/install/g1_gazebo_sim/share/g1_gazebo_sim//models/aws_robomaker_residential_Handle_01/materials/textures/aws_Handle_01.png
[2.249s] -- Symlinking: /home/irman/ROS2_Humanoid_VLA/install/g1_gazebo_sim/share/g1_gazebo_sim//models/aws_robomaker_residential_Handle_01/meshes/aws_Handle_01_collision.DAE
[2.254s] -- Symlinking: /home/irman/ROS2_Humanoid_VLA/install/g1_gazebo_sim/share/g1_gazebo_sim//models/aws_robomaker_residential_Handle_01/meshes/aws_Handle_01_visual.DAE
[2.261s] -- Symlinking: /home/irman/ROS2_Humanoid_VLA/install/g1_gazebo_sim/share/g1_gazebo_sim//models/aws_robomaker_residential_Handle_01/model.config
[2.267s] -- Symlinking: /home/irman/ROS2_Humanoid_VLA/install/g1_gazebo_sim/share/g1_gazebo_sim//models/aws_robomaker_residential_Handle_01/model.sdf
[2.273s] -- Symlinking: /home/irman/ROS2_Humanoid_VLA/install/g1_gazebo_sim/share/g1_gazebo_sim//models/aws_robomaker_residential_HouseWallB_01/materials/textures/aws_HouseWallB_01.png
[2.280s] -- Symlinking: /home/irman/ROS2_Humanoid_VLA/install/g1_gazebo_sim/share/g1_gazebo_sim//models/aws_robomaker_residential_HouseWallB_01/meshes/aws_HouseWallB_01_collision.DAE
[2.288s] -- Symlinking: /home/irman/ROS2_Humanoid_VLA/install/g1_gazebo_sim/share/g1_gazebo_sim//models/aws_robomaker_residential_HouseWallB_01/meshes/aws_HouseWallB_01_visual.DAE
[2.294s] -- Symlinking: /home/irman/ROS2_Humanoid_VLA/install/g1_gazebo_sim/share/g1_gazebo_sim//models/aws_robomaker_residential_HouseWallB_01/model.config
[2.301s] -- Symlinking: /home/irman/ROS2_Humanoid_VLA/install/g1_gazebo_sim/share/g1_gazebo_sim//models/aws_robomaker_residential_HouseWallB_01/model.sdf
[2.308s] -- Symlinking: /home/irman/ROS2_Humanoid_VLA/install/g1_gazebo_sim/share/g1_gazebo_sim//models/aws_robomaker_residential_KitchenCabinet_01/materials/textures/aws_KitchenCabinet_01.png
[2.315s] -- Symlinking: /home/irman/ROS2_Humanoid_VLA/install/g1_gazebo_sim/share/g1_gazebo_sim//models/aws_robomaker_residential_KitchenCabinet_01/meshes/aws_KitchenCabinet_01_collision.DAE
[2.321s] -- Symlinking: /home/irman/ROS2_Humanoid_VLA/install/g1_gazebo_sim/share/g1_gazebo_sim//models/aws_robomaker_residential_KitchenCabinet_01/meshes/aws_KitchenCabinet_01_visual.DAE
[2.328s] -- Symlinking: /home/irman/ROS2_Humanoid_VLA/install/g1_gazebo_sim/share/g1_gazebo_sim//models/aws_robomaker_residential_KitchenCabinet_01/model.config
[2.335s] -- Symlinking: /home/irman/ROS2_Humanoid_VLA/install/g1_gazebo_sim/share/g1_gazebo_sim//models/aws_robomaker_residential_KitchenCabinet_01/model.sdf
[2.341s] -- Symlinking: /home/irman/ROS2_Humanoid_VLA/install/g1_gazebo_sim/share/g1_gazebo_sim//models/aws_robomaker_residential_KitchenTable_01/materials/textures/aws_KitchenTable_01.png
[2.348s] -- Symlinking: /home/irman/ROS2_Humanoid_VLA/install/g1_gazebo_sim/share/g1_gazebo_sim//models/aws_robomaker_residential_KitchenTable_01/meshes/aws_KitchenTable_01_collision.DAE
[2.355s] -- Symlinking: /home/irman/ROS2_Humanoid_VLA/install/g1_gazebo_sim/share/g1_gazebo_sim//models/aws_robomaker_residential_KitchenTable_01/meshes/aws_KitchenTable_01_visual.DAE
[2.362s] -- Symlinking: /home/irman/ROS2_Humanoid_VLA/install/g1_gazebo_sim/share/g1_gazebo_sim//models/aws_robomaker_residential_KitchenTable_01/model.config
[2.368s] -- Symlinking: /home/irman/ROS2_Humanoid_VLA/install/g1_gazebo_sim/share/g1_gazebo_sim//models/aws_robomaker_residential_KitchenTable_01/model.sdf
[2.376s] -- Symlinking: /home/irman/ROS2_Humanoid_VLA/install/g1_gazebo_sim/share/g1_gazebo_sim//models/aws_robomaker_residential_KitchenUtensils_01/materials/textures/aws_KitchenUtensils_01.png
[2.383s] -- Symlinking: /home/irman/ROS2_Humanoid_VLA/install/g1_gazebo_sim/share/g1_gazebo_sim//models/aws_robomaker_residential_KitchenUtensils_01/meshes/aws_KitchenUtensils_01_collision.DAE
[2.390s] -- Symlinking: /home/irman/ROS2_Humanoid_VLA/install/g1_gazebo_sim/share/g1_gazebo_sim//models/aws_robomaker_residential_KitchenUtensils_01/meshes/aws_KitchenUtensils_01_visual.DAE
[2.397s] -- Symlinking: /home/irman/ROS2_Humanoid_VLA/install/g1_gazebo_sim/share/g1_gazebo_sim//models/aws_robomaker_residential_KitchenUtensils_01/model.config
[2.404s] -- Symlinking: /home/irman/ROS2_Humanoid_VLA/install/g1_gazebo_sim/share/g1_gazebo_sim//models/aws_robomaker_residential_KitchenUtensils_01/model.sdf
[2.411s] -- Symlinking: /home/irman/ROS2_Humanoid_VLA/install/g1_gazebo_sim/share/g1_gazebo_sim//models/aws_robomaker_residential_LightC_01/materials/textures/aws_LightC_01.png
[2.418s] -- Symlinking: /home/irman/ROS2_Humanoid_VLA/install/g1_gazebo_sim/share/g1_gazebo_sim//models/aws_robomaker_residential_LightC_01/meshes/aws_LightC_01_collision.DAE
[2.424s] -- Symlinking: /home/irman/ROS2_Humanoid_VLA/install/g1_gazebo_sim/share/g1_gazebo_sim//models/aws_robomaker_residential_LightC_01/meshes/aws_LightC_01_visual.DAE
[2.431s] -- Symlinking: /home/irman/ROS2_Humanoid_VLA/install/g1_gazebo_sim/share/g1_gazebo_sim//models/aws_robomaker_residential_LightC_01/model.config
[2.438s] -- Symlinking: /home/irman/ROS2_Humanoid_VLA/install/g1_gazebo_sim/share/g1_gazebo_sim//models/aws_robomaker_residential_LightC_01/model.sdf
[2.444s] -- Symlinking: /home/irman/ROS2_Humanoid_VLA/install/g1_gazebo_sim/share/g1_gazebo_sim//models/aws_robomaker_residential_NightStand_01/materials/textures/aws_NightStand_01.png
[2.452s] -- Symlinking: /home/irman/ROS2_Humanoid_VLA/install/g1_gazebo_sim/share/g1_gazebo_sim//models/aws_robomaker_residential_NightStand_01/meshes/aws_NightStand_01_collision.DAE
[2.460s] -- Symlinking: /home/irman/ROS2_Humanoid_VLA/install/g1_gazebo_sim/share/g1_gazebo_sim//models/aws_robomaker_residential_NightStand_01/meshes/aws_NightStand_01_visual.DAE
[2.467s] -- Symlinking: /home/irman/ROS2_Humanoid_VLA/install/g1_gazebo_sim/share/g1_gazebo_sim//models/aws_robomaker_residential_NightStand_01/model.config
[2.473s] -- Symlinking: /home/irman/ROS2_Humanoid_VLA/install/g1_gazebo_sim/share/g1_gazebo_sim//models/aws_robomaker_residential_NightStand_01/model.sdf
[2.480s] -- Symlinking: /home/irman/ROS2_Humanoid_VLA/install/g1_gazebo_sim/share/g1_gazebo_sim//models/aws_robomaker_residential_Pillow_01/materials/textures/aws_Pillow_01.png
[2.487s] -- Symlinking: /home/irman/ROS2_Humanoid_VLA/install/g1_gazebo_sim/share/g1_gazebo_sim//models/aws_robomaker_residential_Pillow_01/meshes/aws_Pillow_01_collision.DAE
[2.495s] -- Symlinking: /home/irman/ROS2_Humanoid_VLA/install/g1_gazebo_sim/share/g1_gazebo_sim//models/aws_robomaker_residential_Pillow_01/meshes/aws_Pillow_01_visual.DAE
[2.502s] -- Symlinking: /home/irman/ROS2_Humanoid_VLA/install/g1_gazebo_sim/share/g1_gazebo_sim//models/aws_robomaker_residential_Pillow_01/model.config
[2.509s] -- Symlinking: /home/irman/ROS2_Humanoid_VLA/install/g1_gazebo_sim/share/g1_gazebo_sim//models/aws_robomaker_residential_Pillow_01/model.sdf
[2.516s] -- Symlinking: /home/irman/ROS2_Humanoid_VLA/install/g1_gazebo_sim/share/g1_gazebo_sim//models/aws_robomaker_residential_PortraitA_01/materials/textures/PortraitA_01.jpg
[2.522s] -- Symlinking: /home/irman/ROS2_Humanoid_VLA/install/g1_gazebo_sim/share/g1_gazebo_sim//models/aws_robomaker_residential_PortraitA_01/materials/textures/aws_PortraitA_01.png
[2.529s] -- Symlinking: /home/irman/ROS2_Humanoid_VLA/install/g1_gazebo_sim/share/g1_gazebo_sim//models/aws_robomaker_residential_PortraitA_01/materials/textures/aws_PortraitA_02.png
[2.536s] -- Symlinking: /home/irman/ROS2_Humanoid_VLA/install/g1_gazebo_sim/share/g1_gazebo_sim//models/aws_robomaker_residential_PortraitA_01/meshes/aws_PortraitA_01_collision.DAE
[2.543s] -- Symlinking: /home/irman/ROS2_Humanoid_VLA/install/g1_gazebo_sim/share/g1_gazebo_sim//models/aws_robomaker_residential_PortraitA_01/meshes/aws_PortraitA_01_visual.DAE
[2.549s] -- Symlinking: /home/irman/ROS2_Humanoid_VLA/install/g1_gazebo_sim/share/g1_gazebo_sim//models/aws_robomaker_residential_PortraitA_01/model.config
[2.556s] -- Symlinking: /home/irman/ROS2_Humanoid_VLA/install/g1_gazebo_sim/share/g1_gazebo_sim//models/aws_robomaker_residential_PortraitA_01/model.sdf
[2.562s] -- Symlinking: /home/irman/ROS2_Humanoid_VLA/install/g1_gazebo_sim/share/g1_gazebo_sim//models/aws_robomaker_residential_PortraitA_02/materials/textures/PortraitA_02.jpg
[2.571s] -- Symlinking: /home/irman/ROS2_Humanoid_VLA/install/g1_gazebo_sim/share/g1_gazebo_sim//models/aws_robomaker_residential_PortraitA_02/materials/textures/aws_PortraitA_01.png
[2.578s] -- Symlinking: /home/irman/ROS2_Humanoid_VLA/install/g1_gazebo_sim/share/g1_gazebo_sim//models/aws_robomaker_residential_PortraitA_02/materials/textures/aws_PortraitA_02.png
[2.584s] -- Symlinking: /home/irman/ROS2_Humanoid_VLA/install/g1_gazebo_sim/share/g1_gazebo_sim//models/aws_robomaker_residential_PortraitA_02/meshes/aws_PortraitA_01_collision.DAE
[2.590s] -- Symlinking: /home/irman/ROS2_Humanoid_VLA/install/g1_gazebo_sim/share/g1_gazebo_sim//models/aws_robomaker_residential_PortraitA_02/meshes/aws_PortraitA_01_visual.DAE
[2.596s] -- Symlinking: /home/irman/ROS2_Humanoid_VLA/install/g1_gazebo_sim/share/g1_gazebo_sim//models/aws_robomaker_residential_PortraitA_02/model.config
[2.604s] -- Symlinking: /home/irman/ROS2_Humanoid_VLA/install/g1_gazebo_sim/share/g1_gazebo_sim//models/aws_robomaker_residential_PortraitA_02/model.sdf
[2.610s] -- Symlinking: /home/irman/ROS2_Humanoid_VLA/install/g1_gazebo_sim/share/g1_gazebo_sim//models/aws_robomaker_residential_PortraitB_01/materials/textures/PortraitB_01.jpg
[2.616s] -- Symlinking: /home/irman/ROS2_Humanoid_VLA/install/g1_gazebo_sim/share/g1_gazebo_sim//models/aws_robomaker_residential_PortraitB_01/materials/textures/aws_PortraitB_01.png
[2.622s] -- Symlinking: /home/irman/ROS2_Humanoid_VLA/install/g1_gazebo_sim/share/g1_gazebo_sim//models/aws_robomaker_residential_PortraitB_01/materials/textures/aws_PortraitB_02.png
[2.629s] -- Symlinking: /home/irman/ROS2_Humanoid_VLA/install/g1_gazebo_sim/share/g1_gazebo_sim//models/aws_robomaker_residential_PortraitB_01/meshes/aws_PortraitB_01_collision.DAE
[2.636s] -- Symlinking: /home/irman/ROS2_Humanoid_VLA/install/g1_gazebo_sim/share/g1_gazebo_sim//models/aws_robomaker_residential_PortraitB_01/meshes/aws_PortraitB_01_visual.DAE
[2.643s] -- Symlinking: /home/irman/ROS2_Humanoid_VLA/install/g1_gazebo_sim/share/g1_gazebo_sim//models/aws_robomaker_residential_PortraitB_01/model.config
[2.649s] -- Symlinking: /home/irman/ROS2_Humanoid_VLA/install/g1_gazebo_sim/share/g1_gazebo_sim//models/aws_robomaker_residential_PortraitB_01/model.sdf
[2.655s] -- Symlinking: /home/irman/ROS2_Humanoid_VLA/install/g1_gazebo_sim/share/g1_gazebo_sim//models/aws_robomaker_residential_PortraitB_02/materials/textures/PortraitB_02.jpg
[2.662s] -- Symlinking: /home/irman/ROS2_Humanoid_VLA/install/g1_gazebo_sim/share/g1_gazebo_sim//models/aws_robomaker_residential_PortraitB_02/materials/textures/aws_PortraitB_01.png
[2.668s] -- Symlinking: /home/irman/ROS2_Humanoid_VLA/install/g1_gazebo_sim/share/g1_gazebo_sim//models/aws_robomaker_residential_PortraitB_02/materials/textures/aws_PortraitB_02.png
[2.676s] -- Symlinking: /home/irman/ROS2_Humanoid_VLA/install/g1_gazebo_sim/share/g1_gazebo_sim//models/aws_robomaker_residential_PortraitB_02/meshes/aws_PortraitB_01_collision.DAE
[2.682s] -- Symlinking: /home/irman/ROS2_Humanoid_VLA/install/g1_gazebo_sim/share/g1_gazebo_sim//models/aws_robomaker_residential_PortraitB_02/meshes/aws_PortraitB_01_visual.DAE
[2.689s] -- Symlinking: /home/irman/ROS2_Humanoid_VLA/install/g1_gazebo_sim/share/g1_gazebo_sim//models/aws_robomaker_residential_PortraitB_02/model.config
[2.696s] -- Symlinking: /home/irman/ROS2_Humanoid_VLA/install/g1_gazebo_sim/share/g1_gazebo_sim//models/aws_robomaker_residential_PortraitB_02/model.sdf
[2.702s] -- Symlinking: /home/irman/ROS2_Humanoid_VLA/install/g1_gazebo_sim/share/g1_gazebo_sim//models/aws_robomaker_residential_PortraitB_03/materials/textures/PortraitB_03.jpg
[2.709s] -- Symlinking: /home/irman/ROS2_Humanoid_VLA/install/g1_gazebo_sim/share/g1_gazebo_sim//models/aws_robomaker_residential_PortraitB_03/materials/textures/aws_PortraitB_01.png
[2.715s] -- Symlinking: /home/irman/ROS2_Humanoid_VLA/install/g1_gazebo_sim/share/g1_gazebo_sim//models/aws_robomaker_residential_PortraitB_03/materials/textures/aws_PortraitB_02.png
[2.721s] -- Symlinking: /home/irman/ROS2_Humanoid_VLA/install/g1_gazebo_sim/share/g1_gazebo_sim//models/aws_robomaker_residential_PortraitB_03/meshes/aws_PortraitB_01_collision.DAE
[2.727s] -- Symlinking: /home/irman/ROS2_Humanoid_VLA/install/g1_gazebo_sim/share/g1_gazebo_sim//models/aws_robomaker_residential_PortraitB_03/meshes/aws_PortraitB_01_visual.DAE
[2.733s] -- Symlinking: /home/irman/ROS2_Humanoid_VLA/install/g1_gazebo_sim/share/g1_gazebo_sim//models/aws_robomaker_residential_PortraitB_03/model.config
[2.740s] -- Symlinking: /home/irman/ROS2_Humanoid_VLA/install/g1_gazebo_sim/share/g1_gazebo_sim//models/aws_robomaker_residential_PortraitB_03/model.sdf
[2.748s] -- Symlinking: /home/irman/ROS2_Humanoid_VLA/install/g1_gazebo_sim/share/g1_gazebo_sim//models/aws_robomaker_residential_PortraitC_01/materials/textures/PortraitC_01.jpg
[2.755s] -- Symlinking: /home/irman/ROS2_Humanoid_VLA/install/g1_gazebo_sim/share/g1_gazebo_sim//models/aws_robomaker_residential_PortraitC_01/materials/textures/aws_PortraitC_01.png
[2.763s] -- Symlinking: /home/irman/ROS2_Humanoid_VLA/install/g1_gazebo_sim/share/g1_gazebo_sim//models/aws_robomaker_residential_PortraitC_01/materials/textures/aws_PortraitC_02.png
[2.770s] -- Symlinking: /home/irman/ROS2_Humanoid_VLA/install/g1_gazebo_sim/share/g1_gazebo_sim//models/aws_robomaker_residential_PortraitC_01/meshes/aws_PortraitC_01_collision.DAE
[2.776s] -- Symlinking: /home/irman/ROS2_Humanoid_VLA/install/g1_gazebo_sim/share/g1_gazebo_sim//models/aws_robomaker_residential_PortraitC_01/meshes/aws_PortraitC_01_visual.DAE
[2.782s] -- Symlinking: /home/irman/ROS2_Humanoid_VLA/install/g1_gazebo_sim/share/g1_gazebo_sim//models/aws_robomaker_residential_PortraitC_01/model.config
[2.789s] -- Symlinking: /home/irman/ROS2_Humanoid_VLA/install/g1_gazebo_sim/share/g1_gazebo_sim//models/aws_robomaker_residential_PortraitC_01/model.sdf
[2.795s] -- Symlinking: /home/irman/ROS2_Humanoid_VLA/install/g1_gazebo_sim/share/g1_gazebo_sim//models/aws_robomaker_residential_PortraitD_01/materials/textures/PortraitD_01.jpg
[2.802s] -- Symlinking: /home/irman/ROS2_Humanoid_VLA/install/g1_gazebo_sim/share/g1_gazebo_sim//models/aws_robomaker_residential_PortraitD_01/materials/textures/aws_PortraitD_01.png
[2.809s] -- Symlinking: /home/irman/ROS2_Humanoid_VLA/install/g1_gazebo_sim/share/g1_gazebo_sim//models/aws_robomaker_residential_PortraitD_01/materials/textures/aws_PortraitD_02.png
[2.816s] -- Symlinking: /home/irman/ROS2_Humanoid_VLA/install/g1_gazebo_sim/share/g1_gazebo_sim//models/aws_robomaker_residential_PortraitD_01/meshes/aws_PortraitD_01_collision.DAE
[2.823s] -- Symlinking: /home/irman/ROS2_Humanoid_VLA/install/g1_gazebo_sim/share/g1_gazebo_sim//models/aws_robomaker_residential_PortraitD_01/meshes/aws_PortraitD_01_visual.DAE
[2.829s] -- Symlinking: /home/irman/ROS2_Humanoid_VLA/install/g1_gazebo_sim/share/g1_gazebo_sim//models/aws_robomaker_residential_PortraitD_01/model.config
[2.836s] -- Symlinking: /home/irman/ROS2_Humanoid_VLA/install/g1_gazebo_sim/share/g1_gazebo_sim//models/aws_robomaker_residential_PortraitD_01/model.sdf
[2.842s] -- Symlinking: /home/irman/ROS2_Humanoid_VLA/install/g1_gazebo_sim/share/g1_gazebo_sim//models/aws_robomaker_residential_PortraitD_02/materials/textures/PortraitD_02.jpg
[2.850s] -- Symlinking: /home/irman/ROS2_Humanoid_VLA/install/g1_gazebo_sim/share/g1_gazebo_sim//models/aws_robomaker_residential_PortraitD_02/materials/textures/aws_PortraitD_01.png
[2.857s] -- Symlinking: /home/irman/ROS2_Humanoid_VLA/install/g1_gazebo_sim/share/g1_gazebo_sim//models/aws_robomaker_residential_PortraitD_02/materials/textures/aws_PortraitD_02.png
[2.863s] -- Symlinking: /home/irman/ROS2_Humanoid_VLA/install/g1_gazebo_sim/share/g1_gazebo_sim//models/aws_robomaker_residential_PortraitD_02/meshes/aws_PortraitD_01_collision.DAE
[2.870s] -- Symlinking: /home/irman/ROS2_Humanoid_VLA/install/g1_gazebo_sim/share/g1_gazebo_sim//models/aws_robomaker_residential_PortraitD_02/meshes/aws_PortraitD_01_visual.DAE
[2.877s] -- Symlinking: /home/irman/ROS2_Humanoid_VLA/install/g1_gazebo_sim/share/g1_gazebo_sim//models/aws_robomaker_residential_PortraitD_02/model.config
[2.884s] -- Symlinking: /home/irman/ROS2_Humanoid_VLA/install/g1_gazebo_sim/share/g1_gazebo_sim//models/aws_robomaker_residential_PortraitD_02/model.sdf
[2.890s] -- Symlinking: /home/irman/ROS2_Humanoid_VLA/install/g1_gazebo_sim/share/g1_gazebo_sim//models/aws_robomaker_residential_PortraitE_01/materials/textures/PortraitE_01.jpg
[2.896s] -- Symlinking: /home/irman/ROS2_Humanoid_VLA/install/g1_gazebo_sim/share/g1_gazebo_sim//models/aws_robomaker_residential_PortraitE_01/materials/textures/aws_PortraitE_01.png
[2.903s] -- Symlinking: /home/irman/ROS2_Humanoid_VLA/install/g1_gazebo_sim/share/g1_gazebo_sim//models/aws_robomaker_residential_PortraitE_01/materials/textures/aws_PortraitE_02.png
[2.910s] -- Symlinking: /home/irman/ROS2_Humanoid_VLA/install/g1_gazebo_sim/share/g1_gazebo_sim//models/aws_robomaker_residential_PortraitE_01/meshes/aws_PortraitE_01_collision.DAE
[2.917s] -- Symlinking: /home/irman/ROS2_Humanoid_VLA/install/g1_gazebo_sim/share/g1_gazebo_sim//models/aws_robomaker_residential_PortraitE_01/meshes/aws_PortraitE_01_visual.DAE
[2.924s] -- Symlinking: /home/irman/ROS2_Humanoid_VLA/install/g1_gazebo_sim/share/g1_gazebo_sim//models/aws_robomaker_residential_PortraitE_01/model.config
[2.930s] -- Symlinking: /home/irman/ROS2_Humanoid_VLA/install/g1_gazebo_sim/share/g1_gazebo_sim//models/aws_robomaker_residential_PortraitE_01/model.sdf
[2.935s] -- Symlinking: /home/irman/ROS2_Humanoid_VLA/install/g1_gazebo_sim/share/g1_gazebo_sim//models/aws_robomaker_residential_PortraitE_02/materials/textures/PortraitE_02.jpg
[2.943s] -- Symlinking: /home/irman/ROS2_Humanoid_VLA/install/g1_gazebo_sim/share/g1_gazebo_sim//models/aws_robomaker_residential_PortraitE_02/materials/textures/aws_PortraitE_01.png
[2.949s] -- Symlinking: /home/irman/ROS2_Humanoid_VLA/install/g1_gazebo_sim/share/g1_gazebo_sim//models/aws_robomaker_residential_PortraitE_02/materials/textures/aws_PortraitE_02.png
[2.956s] -- Symlinking: /home/irman/ROS2_Humanoid_VLA/install/g1_gazebo_sim/share/g1_gazebo_sim//models/aws_robomaker_residential_PortraitE_02/meshes/aws_PortraitE_01_collision.DAE
[2.962s] -- Symlinking: /home/irman/ROS2_Humanoid_VLA/install/g1_gazebo_sim/share/g1_gazebo_sim//models/aws_robomaker_residential_PortraitE_02/meshes/aws_PortraitE_01_visual.DAE
[2.969s] -- Symlinking: /home/irman/ROS2_Humanoid_VLA/install/g1_gazebo_sim/share/g1_gazebo_sim//models/aws_robomaker_residential_PortraitE_02/model.config
[2.976s] -- Symlinking: /home/irman/ROS2_Humanoid_VLA/install/g1_gazebo_sim/share/g1_gazebo_sim//models/aws_robomaker_residential_PortraitE_02/model.sdf
[2.982s] -- Symlinking: /home/irman/ROS2_Humanoid_VLA/install/g1_gazebo_sim/share/g1_gazebo_sim//models/aws_robomaker_residential_Quilt_01/materials/textures/aws_Quilt_01.png
[2.989s] -- Symlinking: /home/irman/ROS2_Humanoid_VLA/install/g1_gazebo_sim/share/g1_gazebo_sim//models/aws_robomaker_residential_Quilt_01/meshes/aws_Quilt_01_collision.DAE
[2.995s] -- Symlinking: /home/irman/ROS2_Humanoid_VLA/install/g1_gazebo_sim/share/g1_gazebo_sim//models/aws_robomaker_residential_Quilt_01/meshes/aws_Quilt_01_visual.DAE
[3.002s] -- Symlinking: /home/irman/ROS2_Humanoid_VLA/install/g1_gazebo_sim/share/g1_gazebo_sim//models/aws_robomaker_residential_Quilt_01/model.config
[3.011s] -- Symlinking: /home/irman/ROS2_Humanoid_VLA/install/g1_gazebo_sim/share/g1_gazebo_sim//models/aws_robomaker_residential_Quilt_01/model.sdf
[3.017s] -- Symlinking: /home/irman/ROS2_Humanoid_VLA/install/g1_gazebo_sim/share/g1_gazebo_sim//models/aws_robomaker_residential_Rangehood_01/materials/textures/aws_Rangehood_01.png
[3.023s] -- Symlinking: /home/irman/ROS2_Humanoid_VLA/install/g1_gazebo_sim/share/g1_gazebo_sim//models/aws_robomaker_residential_Rangehood_01/meshes/aws_Rangehood_01_collision.DAE
[3.030s] -- Symlinking: /home/irman/ROS2_Humanoid_VLA/install/g1_gazebo_sim/share/g1_gazebo_sim//models/aws_robomaker_residential_Rangehood_01/meshes/aws_Rangehood_01_visual.DAE
[3.037s] -- Symlinking: /home/irman/ROS2_Humanoid_VLA/install/g1_gazebo_sim/share/g1_gazebo_sim//models/aws_robomaker_residential_Rangehood_01/model.config
[3.044s] -- Symlinking: /home/irman/ROS2_Humanoid_VLA/install/g1_gazebo_sim/share/g1_gazebo_sim//models/aws_robomaker_residential_Rangehood_01/model.sdf
[3.052s] -- Symlinking: /home/irman/ROS2_Humanoid_VLA/install/g1_gazebo_sim/share/g1_gazebo_sim//models/aws_robomaker_residential_ReadingDesk_01/materials/textures/aws_ReadingDesk_01.png
[3.059s] -- Symlinking: /home/irman/ROS2_Humanoid_VLA/install/g1_gazebo_sim/share/g1_gazebo_sim//models/aws_robomaker_residential_ReadingDesk_01/meshes/aws_ReadingDesk_01_collision.DAE
[3.065s] -- Symlinking: /home/irman/ROS2_Humanoid_VLA/install/g1_gazebo_sim/share/g1_gazebo_sim//models/aws_robomaker_residential_ReadingDesk_01/meshes/aws_ReadingDesk_01_visual.DAE
[3.072s] -- Symlinking: /home/irman/ROS2_Humanoid_VLA/install/g1_gazebo_sim/share/g1_gazebo_sim//models/aws_robomaker_residential_ReadingDesk_01/model.config
[3.079s] -- Symlinking: /home/irman/ROS2_Humanoid_VLA/install/g1_gazebo_sim/share/g1_gazebo_sim//models/aws_robomaker_residential_ReadingDesk_01/model.sdf
[3.086s] -- Symlinking: /home/irman/ROS2_Humanoid_VLA/install/g1_gazebo_sim/share/g1_gazebo_sim//models/aws_robomaker_residential_Refrigerator_01/materials/textures/aws_Refrigerator_01.png
[3.093s] -- Symlinking: /home/irman/ROS2_Humanoid_VLA/install/g1_gazebo_sim/share/g1_gazebo_sim//models/aws_robomaker_residential_Refrigerator_01/materials/textures/aws_Refrigerator_02.png
[3.100s] -- Symlinking: /home/irman/ROS2_Humanoid_VLA/install/g1_gazebo_sim/share/g1_gazebo_sim//models/aws_robomaker_residential_Refrigerator_01/meshes/aws_Refrigerator_01.DAE
[3.106s] -- Symlinking: /home/irman/ROS2_Humanoid_VLA/install/g1_gazebo_sim/share/g1_gazebo_sim//models/aws_robomaker_residential_Refrigerator_01/meshes/aws_Refrigerator_01_collision.DAE
[3.113s] -- Symlinking: /home/irman/ROS2_Humanoid_VLA/install/g1_gazebo_sim/share/g1_gazebo_sim//models/aws_robomaker_residential_Refrigerator_01/meshes/aws_Refrigerator_01_visual.DAE
[3.120s] -- Symlinking: /home/irman/ROS2_Humanoid_VLA/install/g1_gazebo_sim/share/g1_gazebo_sim//models/aws_robomaker_residential_Refrigerator_01/model.config
[3.127s] -- Symlinking: /home/irman/ROS2_Humanoid_VLA/install/g1_gazebo_sim/share/g1_gazebo_sim//models/aws_robomaker_residential_Refrigerator_01/model.sdf
[3.133s] -- Symlinking: /home/irman/ROS2_Humanoid_VLA/install/g1_gazebo_sim/share/g1_gazebo_sim//models/aws_robomaker_residential_RoomCeiling_01/materials/textures/aws_RoomCeiling_01.png
[3.140s] -- Symlinking: /home/irman/ROS2_Humanoid_VLA/install/g1_gazebo_sim/share/g1_gazebo_sim//models/aws_robomaker_residential_RoomCeiling_01/meshes/aws_RoomCeiling_01_collision.DAE
[3.148s] -- Symlinking: /home/irman/ROS2_Humanoid_VLA/install/g1_gazebo_sim/share/g1_gazebo_sim//models/aws_robomaker_residential_RoomCeiling_01/meshes/aws_RoomCeiling_01_visual.DAE
[3.155s] -- Symlinking: /home/irman/ROS2_Humanoid_VLA/install/g1_gazebo_sim/share/g1_gazebo_sim//models/aws_robomaker_residential_RoomCeiling_01/model.config
[3.161s] -- Symlinking: /home/irman/ROS2_Humanoid_VLA/install/g1_gazebo_sim/share/g1_gazebo_sim//models/aws_robomaker_residential_RoomCeiling_01/model.sdf
[3.167s] -- Symlinking: /home/irman/ROS2_Humanoid_VLA/install/g1_gazebo_sim/share/g1_gazebo_sim//models/aws_robomaker_residential_RoomWall_01/materials/textures/aws_RoomWall_01.png
[3.173s] -- Symlinking: /home/irman/ROS2_Humanoid_VLA/install/g1_gazebo_sim/share/g1_gazebo_sim//models/aws_robomaker_residential_RoomWall_01/meshes/aws_RoomWall_01_collision.DAE
[3.180s] -- Symlinking: /home/irman/ROS2_Humanoid_VLA/install/g1_gazebo_sim/share/g1_gazebo_sim//models/aws_robomaker_residential_RoomWall_01/meshes/aws_RoomWall_01_visual.DAE
[3.187s] -- Symlinking: /home/irman/ROS2_Humanoid_VLA/install/g1_gazebo_sim/share/g1_gazebo_sim//models/aws_robomaker_residential_RoomWall_01/model.config
[3.193s] -- Symlinking: /home/irman/ROS2_Humanoid_VLA/install/g1_gazebo_sim/share/g1_gazebo_sim//models/aws_robomaker_residential_RoomWall_01/model.sdf
[3.200s] -- Symlinking: /home/irman/ROS2_Humanoid_VLA/install/g1_gazebo_sim/share/g1_gazebo_sim//models/aws_robomaker_residential_RoomWindow_01/materials/textures/aws_RoomWindow_01.png
[3.206s] -- Symlinking: /home/irman/ROS2_Humanoid_VLA/install/g1_gazebo_sim/share/g1_gazebo_sim//models/aws_robomaker_residential_RoomWindow_01/meshes/aws_RoomWindow_01_collision.DAE
[3.212s] -- Symlinking: /home/irman/ROS2_Humanoid_VLA/install/g1_gazebo_sim/share/g1_gazebo_sim//models/aws_robomaker_residential_RoomWindow_01/meshes/aws_RoomWindow_01_visual.DAE
[3.218s] -- Symlinking: /home/irman/ROS2_Humanoid_VLA/install/g1_gazebo_sim/share/g1_gazebo_sim//models/aws_robomaker_residential_RoomWindow_01/model.config
[3.225s] -- Symlinking: /home/irman/ROS2_Humanoid_VLA/install/g1_gazebo_sim/share/g1_gazebo_sim//models/aws_robomaker_residential_RoomWindow_01/model.sdf
[3.231s] -- Symlinking: /home/irman/ROS2_Humanoid_VLA/install/g1_gazebo_sim/share/g1_gazebo_sim//models/aws_robomaker_residential_SeasoningBox_01/materials/textures/aws_SeasoningBox_01.png
[3.237s] -- Symlinking: /home/irman/ROS2_Humanoid_VLA/install/g1_gazebo_sim/share/g1_gazebo_sim//models/aws_robomaker_residential_SeasoningBox_01/meshes/aws_SeasoningBox_01_collision.DAE
[3.244s] -- Symlinking: /home/irman/ROS2_Humanoid_VLA/install/g1_gazebo_sim/share/g1_gazebo_sim//models/aws_robomaker_residential_SeasoningBox_01/meshes/aws_SeasoningBox_01_visual.DAE
[3.251s] -- Symlinking: /home/irman/ROS2_Humanoid_VLA/install/g1_gazebo_sim/share/g1_gazebo_sim//models/aws_robomaker_residential_SeasoningBox_01/model.config
[3.258s] -- Symlinking: /home/irman/ROS2_Humanoid_VLA/install/g1_gazebo_sim/share/g1_gazebo_sim//models/aws_robomaker_residential_SeasoningBox_01/model.sdf
[3.266s] -- Symlinking: /home/irman/ROS2_Humanoid_VLA/install/g1_gazebo_sim/share/g1_gazebo_sim//models/aws_robomaker_residential_SecurityCamera_01/materials/textures/aws_SecurityCamera_01.png
[3.272s] -- Symlinking: /home/irman/ROS2_Humanoid_VLA/install/g1_gazebo_sim/share/g1_gazebo_sim//models/aws_robomaker_residential_SecurityCamera_01/meshes/aws_SecurityCamera_01_collision.DAE
[3.280s] -- Symlinking: /home/irman/ROS2_Humanoid_VLA/install/g1_gazebo_sim/share/g1_gazebo_sim//models/aws_robomaker_residential_SecurityCamera_01/meshes/aws_SecurityCamera_01_visual.DAE
[3.286s] -- Symlinking: /home/irman/ROS2_Humanoid_VLA/install/g1_gazebo_sim/share/g1_gazebo_sim//models/aws_robomaker_residential_SecurityCamera_01/model.config
[3.294s] -- Symlinking: /home/irman/ROS2_Humanoid_VLA/install/g1_gazebo_sim/share/g1_gazebo_sim//models/aws_robomaker_residential_SecurityCamera_01/model.sdf
[3.300s] -- Symlinking: /home/irman/ROS2_Humanoid_VLA/install/g1_gazebo_sim/share/g1_gazebo_sim//models/aws_robomaker_residential_ShoeRack_01/materials/textures/aws_ShoeRack_01.png
[3.306s] -- Symlinking: /home/irman/ROS2_Humanoid_VLA/install/g1_gazebo_sim/share/g1_gazebo_sim//models/aws_robomaker_residential_ShoeRack_01/meshes/aws_ShoeRack_01_collision.DAE
[3.314s] -- Symlinking: /home/irman/ROS2_Humanoid_VLA/install/g1_gazebo_sim/share/g1_gazebo_sim//models/aws_robomaker_residential_ShoeRack_01/meshes/aws_ShoeRack_01_visual.DAE
[3.319s] -- Symlinking: /home/irman/ROS2_Humanoid_VLA/install/g1_gazebo_sim/share/g1_gazebo_sim//models/aws_robomaker_residential_ShoeRack_01/model.config
[3.326s] -- Symlinking: /home/irman/ROS2_Humanoid_VLA/install/g1_gazebo_sim/share/g1_gazebo_sim//models/aws_robomaker_residential_ShoeRack_01/model.sdf
[3.332s] -- Symlinking: /home/irman/ROS2_Humanoid_VLA/install/g1_gazebo_sim/share/g1_gazebo_sim//models/aws_robomaker_residential_SofaB_01/materials/textures/aws_SofaB_01.png
[3.339s] -- Symlinking: /home/irman/ROS2_Humanoid_VLA/install/g1_gazebo_sim/share/g1_gazebo_sim//models/aws_robomaker_residential_SofaB_01/meshes/aws_SofaB_01_collision.DAE
[3.347s] -- Symlinking: /home/irman/ROS2_Humanoid_VLA/install/g1_gazebo_sim/share/g1_gazebo_sim//models/aws_robomaker_residential_SofaB_01/meshes/aws_SofaB_01_visual.DAE
[3.353s] -- Symlinking: /home/irman/ROS2_Humanoid_VLA/install/g1_gazebo_sim/share/g1_gazebo_sim//models/aws_robomaker_residential_SofaB_01/model.config
[3.359s] -- Symlinking: /home/irman/ROS2_Humanoid_VLA/install/g1_gazebo_sim/share/g1_gazebo_sim//models/aws_robomaker_residential_SofaB_01/model.sdf
[3.366s] -- Symlinking: /home/irman/ROS2_Humanoid_VLA/install/g1_gazebo_sim/share/g1_gazebo_sim//models/aws_robomaker_residential_SofaC_01/materials/textures/aws_SofaC_01.png
[3.372s] -- Symlinking: /home/irman/ROS2_Humanoid_VLA/install/g1_gazebo_sim/share/g1_gazebo_sim//models/aws_robomaker_residential_SofaC_01/meshes/aws_SofaC_01_collision.DAE
[3.379s] -- Symlinking: /home/irman/ROS2_Humanoid_VLA/install/g1_gazebo_sim/share/g1_gazebo_sim//models/aws_robomaker_residential_SofaC_01/meshes/aws_SofaC_01_visual.DAE
[3.385s] -- Symlinking: /home/irman/ROS2_Humanoid_VLA/install/g1_gazebo_sim/share/g1_gazebo_sim//models/aws_robomaker_residential_SofaC_01/model.config
[3.393s] -- Symlinking: /home/irman/ROS2_Humanoid_VLA/install/g1_gazebo_sim/share/g1_gazebo_sim//models/aws_robomaker_residential_SofaC_01/model.sdf
[3.399s] -- Symlinking: /home/irman/ROS2_Humanoid_VLA/install/g1_gazebo_sim/share/g1_gazebo_sim//models/aws_robomaker_residential_Sofa_01/materials/textures/aws_Sofa_01.png
[3.405s] -- Symlinking: /home/irman/ROS2_Humanoid_VLA/install/g1_gazebo_sim/share/g1_gazebo_sim//models/aws_robomaker_residential_Sofa_01/meshes/aws_Sofa_01.DAE
[3.412s] -- Symlinking: /home/irman/ROS2_Humanoid_VLA/install/g1_gazebo_sim/share/g1_gazebo_sim//models/aws_robomaker_residential_Sofa_01/meshes/aws_Sofa_01_collision.DAE
[3.419s] -- Symlinking: /home/irman/ROS2_Humanoid_VLA/install/g1_gazebo_sim/share/g1_gazebo_sim//models/aws_robomaker_residential_Sofa_01/meshes/aws_Sofa_01_visual.DAE
[3.427s] -- Symlinking: /home/irman/ROS2_Humanoid_VLA/install/g1_gazebo_sim/share/g1_gazebo_sim//models/aws_robomaker_residential_Sofa_01/model.config
[3.433s] -- Symlinking: /home/irman/ROS2_Humanoid_VLA/install/g1_gazebo_sim/share/g1_gazebo_sim//models/aws_robomaker_residential_Sofa_01/model.sdf
[3.440s] -- Symlinking: /home/irman/ROS2_Humanoid_VLA/install/g1_gazebo_sim/share/g1_gazebo_sim//models/aws_robomaker_residential_TVCabinet_01/materials/textures/aws_TVCabinet_01.png
[3.447s] -- Symlinking: /home/irman/ROS2_Humanoid_VLA/install/g1_gazebo_sim/share/g1_gazebo_sim//models/aws_robomaker_residential_TVCabinet_01/meshes/aws_TVCabinet_01_collision.DAE
[3.454s] -- Symlinking: /home/irman/ROS2_Humanoid_VLA/install/g1_gazebo_sim/share/g1_gazebo_sim//models/aws_robomaker_residential_TVCabinet_01/meshes/aws_TVCabinet_01_visual.DAE
[3.460s] -- Symlinking: /home/irman/ROS2_Humanoid_VLA/install/g1_gazebo_sim/share/g1_gazebo_sim//models/aws_robomaker_residential_TVCabinet_01/model.config
[3.467s] -- Symlinking: /home/irman/ROS2_Humanoid_VLA/install/g1_gazebo_sim/share/g1_gazebo_sim//models/aws_robomaker_residential_TVCabinet_01/model.sdf
[3.474s] -- Symlinking: /home/irman/ROS2_Humanoid_VLA/install/g1_gazebo_sim/share/g1_gazebo_sim//models/aws_robomaker_residential_TV_01/materials/textures/aws_TV_01.png
[3.480s] -- Symlinking: /home/irman/ROS2_Humanoid_VLA/install/g1_gazebo_sim/share/g1_gazebo_sim//models/aws_robomaker_residential_TV_01/meshes/aws_TV_01_collision.DAE
[3.487s] -- Symlinking: /home/irman/ROS2_Humanoid_VLA/install/g1_gazebo_sim/share/g1_gazebo_sim//models/aws_robomaker_residential_TV_01/meshes/aws_TV_01_visual.DAE
[3.494s] -- Symlinking: /home/irman/ROS2_Humanoid_VLA/install/g1_gazebo_sim/share/g1_gazebo_sim//models/aws_robomaker_residential_TV_01/model.config
[3.500s] -- Symlinking: /home/irman/ROS2_Humanoid_VLA/install/g1_gazebo_sim/share/g1_gazebo_sim//models/aws_robomaker_residential_TV_01/model.sdf
[3.506s] -- Symlinking: /home/irman/ROS2_Humanoid_VLA/install/g1_gazebo_sim/share/g1_gazebo_sim//models/aws_robomaker_residential_TV_02/materials/textures/aws_TV_01.png
[3.513s] -- Symlinking: /home/irman/ROS2_Humanoid_VLA/install/g1_gazebo_sim/share/g1_gazebo_sim//models/aws_robomaker_residential_TV_02/meshes/aws_TV_01_collision.DAE
[3.519s] -- Symlinking: /home/irman/ROS2_Humanoid_VLA/install/g1_gazebo_sim/share/g1_gazebo_sim//models/aws_robomaker_residential_TV_02/meshes/aws_TV_01_visual.DAE
[3.527s] -- Symlinking: /home/irman/ROS2_Humanoid_VLA/install/g1_gazebo_sim/share/g1_gazebo_sim//models/aws_robomaker_residential_TV_02/model.config
[3.533s] -- Symlinking: /home/irman/ROS2_Humanoid_VLA/install/g1_gazebo_sim/share/g1_gazebo_sim//models/aws_robomaker_residential_TV_02/model.sdf
[3.542s] -- Symlinking: /home/irman/ROS2_Humanoid_VLA/install/g1_gazebo_sim/share/g1_gazebo_sim//models/aws_robomaker_residential_Tablet_01/.DS_Store
[3.550s] -- Symlinking: /home/irman/ROS2_Humanoid_VLA/install/g1_gazebo_sim/share/g1_gazebo_sim//models/aws_robomaker_residential_Tablet_01/materials/.DS_Store
[3.556s] -- Symlinking: /home/irman/ROS2_Humanoid_VLA/install/g1_gazebo_sim/share/g1_gazebo_sim//models/aws_robomaker_residential_Tablet_01/materials/textures/aws_Tablet_01_nologo.png
[3.563s] -- Symlinking: /home/irman/ROS2_Humanoid_VLA/install/g1_gazebo_sim/share/g1_gazebo_sim//models/aws_robomaker_residential_Tablet_01/meshes/aws_Tablet_01_collision.DAE
[3.571s] -- Symlinking: /home/irman/ROS2_Humanoid_VLA/install/g1_gazebo_sim/share/g1_gazebo_sim//models/aws_robomaker_residential_Tablet_01/meshes/aws_Tablet_01_visual.DAE
[3.578s] -- Symlinking: /home/irman/ROS2_Humanoid_VLA/install/g1_gazebo_sim/share/g1_gazebo_sim//models/aws_robomaker_residential_Tablet_01/model.config
[3.584s] -- Symlinking: /home/irman/ROS2_Humanoid_VLA/install/g1_gazebo_sim/share/g1_gazebo_sim//models/aws_robomaker_residential_Tablet_01/model.sdf
[3.591s] -- Symlinking: /home/irman/ROS2_Humanoid_VLA/install/g1_gazebo_sim/share/g1_gazebo_sim//models/aws_robomaker_residential_Tableware_01/materials/textures/aws_Tableware_01.png
[3.598s] -- Symlinking: /home/irman/ROS2_Humanoid_VLA/install/g1_gazebo_sim/share/g1_gazebo_sim//models/aws_robomaker_residential_Tableware_01/meshes/aws_Tableware_01_collision.DAE
[3.604s] -- Symlinking: /home/irman/ROS2_Humanoid_VLA/install/g1_gazebo_sim/share/g1_gazebo_sim//models/aws_robomaker_residential_Tableware_01/meshes/aws_Tableware_01_visual.DAE
[3.611s] -- Symlinking: /home/irman/ROS2_Humanoid_VLA/install/g1_gazebo_sim/share/g1_gazebo_sim//models/aws_robomaker_residential_Tableware_01/model.config
[3.617s] -- Symlinking: /home/irman/ROS2_Humanoid_VLA/install/g1_gazebo_sim/share/g1_gazebo_sim//models/aws_robomaker_residential_Tableware_01/model.sdf
[3.624s] -- Symlinking: /home/irman/ROS2_Humanoid_VLA/install/g1_gazebo_sim/share/g1_gazebo_sim//models/aws_robomaker_residential_Trash_01/materials/textures/aws_Trash_01.png
[3.631s] -- Symlinking: /home/irman/ROS2_Humanoid_VLA/install/g1_gazebo_sim/share/g1_gazebo_sim//models/aws_robomaker_residential_Trash_01/meshes/aws_Trash_01_collision.DAE
[3.639s] -- Symlinking: /home/irman/ROS2_Humanoid_VLA/install/g1_gazebo_sim/share/g1_gazebo_sim//models/aws_robomaker_residential_Trash_01/meshes/aws_Trash_01_visual.DAE
[3.645s] -- Symlinking: /home/irman/ROS2_Humanoid_VLA/install/g1_gazebo_sim/share/g1_gazebo_sim//models/aws_robomaker_residential_Trash_01/model.config
[3.652s] -- Symlinking: /home/irman/ROS2_Humanoid_VLA/install/g1_gazebo_sim/share/g1_gazebo_sim//models/aws_robomaker_residential_Trash_01/model.sdf
[3.658s] -- Symlinking: /home/irman/ROS2_Humanoid_VLA/install/g1_gazebo_sim/share/g1_gazebo_sim//models/aws_robomaker_residential_Vase_01/materials/textures/aws_Vase_01.png
[3.664s] -- Symlinking: /home/irman/ROS2_Humanoid_VLA/install/g1_gazebo_sim/share/g1_gazebo_sim//models/aws_robomaker_residential_Vase_01/meshes/aws_Vase_01_collision.DAE
[3.670s] -- Symlinking: /home/irman/ROS2_Humanoid_VLA/install/g1_gazebo_sim/share/g1_gazebo_sim//models/aws_robomaker_residential_Vase_01/meshes/aws_Vase_01_visual.DAE
[3.676s] -- Symlinking: /home/irman/ROS2_Humanoid_VLA/install/g1_gazebo_sim/share/g1_gazebo_sim//models/aws_robomaker_residential_Vase_01/model.config
[3.682s] -- Symlinking: /home/irman/ROS2_Humanoid_VLA/install/g1_gazebo_sim/share/g1_gazebo_sim//models/aws_robomaker_residential_Vase_01/model.sdf
[3.689s] -- Symlinking: /home/irman/ROS2_Humanoid_VLA/install/g1_gazebo_sim/share/g1_gazebo_sim//models/aws_robomaker_residential_Wardrobe_01/materials/textures/aws_Wardrobe_01.png
[3.695s] -- Symlinking: /home/irman/ROS2_Humanoid_VLA/install/g1_gazebo_sim/share/g1_gazebo_sim//models/aws_robomaker_residential_Wardrobe_01/meshes/aws_Wardrobe_01_collision.DAE
[3.701s] -- Symlinking: /home/irman/ROS2_Humanoid_VLA/install/g1_gazebo_sim/share/g1_gazebo_sim//models/aws_robomaker_residential_Wardrobe_01/meshes/aws_Wardrobe_01_visual.DAE
[3.706s] -- Symlinking: /home/irman/ROS2_Humanoid_VLA/install/g1_gazebo_sim/share/g1_gazebo_sim//models/aws_robomaker_residential_Wardrobe_01/model.config
[3.712s] -- Symlinking: /home/irman/ROS2_Humanoid_VLA/install/g1_gazebo_sim/share/g1_gazebo_sim//models/aws_robomaker_residential_Wardrobe_01/model.sdf
[3.719s] -- Symlinking: /home/irman/ROS2_Humanoid_VLA/install/g1_gazebo_sim/share/ament_index/resource_index/package_run_dependencies/g1_gazebo_sim
[3.725s] -- Symlinking: /home/irman/ROS2_Humanoid_VLA/install/g1_gazebo_sim/share/ament_index/resource_index/parent_prefix_path/g1_gazebo_sim
[3.731s] -- Symlinking: /home/irman/ROS2_Humanoid_VLA/install/g1_gazebo_sim/share/g1_gazebo_sim/environment/ament_prefix_path.sh
[3.739s] -- Symlinking: /home/irman/ROS2_Humanoid_VLA/install/g1_gazebo_sim/share/g1_gazebo_sim/environment/ament_prefix_path.dsv
[3.746s] -- Symlinking: /home/irman/ROS2_Humanoid_VLA/install/g1_gazebo_sim/share/g1_gazebo_sim/environment/path.sh
[3.751s] -- Symlinking: /home/irman/ROS2_Humanoid_VLA/install/g1_gazebo_sim/share/g1_gazebo_sim/environment/path.dsv
[3.758s] -- Symlinking: /home/irman/ROS2_Humanoid_VLA/install/g1_gazebo_sim/share/g1_gazebo_sim/local_setup.bash
[3.765s] -- Symlinking: /home/irman/ROS2_Humanoid_VLA/install/g1_gazebo_sim/share/g1_gazebo_sim/local_setup.sh
[3.773s] -- Symlinking: /home/irman/ROS2_Humanoid_VLA/install/g1_gazebo_sim/share/g1_gazebo_sim/local_setup.zsh
[3.780s] -- Symlinking: /home/irman/ROS2_Humanoid_VLA/install/g1_gazebo_sim/share/g1_gazebo_sim/local_setup.dsv
[3.787s] -- Symlinking: /home/irman/ROS2_Humanoid_VLA/install/g1_gazebo_sim/share/g1_gazebo_sim/package.dsv
[3.796s] -- Symlinking: /home/irman/ROS2_Humanoid_VLA/install/g1_gazebo_sim/share/ament_index/resource_index/packages/g1_gazebo_sim
[3.803s] -- Symlinking: /home/irman/ROS2_Humanoid_VLA/install/g1_gazebo_sim/share/g1_gazebo_sim/cmake/g1_gazebo_simConfig.cmake
[3.809s] -- Symlinking: /home/irman/ROS2_Humanoid_VLA/install/g1_gazebo_sim/share/g1_gazebo_sim/cmake/g1_gazebo_simConfig-version.cmake
[3.816s] -- Symlinking: /home/irman/ROS2_Humanoid_VLA/install/g1_gazebo_sim/share/g1_gazebo_sim/package.xml
[3.824s] Invoked command in '/home/irman/ROS2_Humanoid_VLA/build/g1_gazebo_sim' returned '0': AMENT_PREFIX_PATH=/home/irman/ROS2_Humanoid_VLA/install/g1_package:${AMENT_PREFIX_PATH} CMAKE_PREFIX_PATH=/home/irman/ROS2_Humanoid_VLA/install/g1_package:${CMAKE_PREFIX_PATH} CONDA_PROMPT_MODIFIER=(ros2_env) DEBUGINFOD_URLS=https://debuginfod.ubuntu.com /home/irman/micromamba/envs/ros2_env/bin/cmake --install /home/irman/ROS2_Humanoid_VLA/build/g1_gazebo_sim
