[0.103s] colcon DEBUG Command line arguments: ['/home/irman/micromamba/envs/ros2_env/bin/colcon', 'build', '--packages-select', 'ros2_control_test_assets', 'joint_state_broadcaster', 'joint_trajectory_controller', '--symlink-install']
[0.103s] colcon DEBUG Parsed command line arguments: Namespace(log_base=None, log_level=None, verb_name='build', build_base='build', install_base='install', merge_install=False, symlink_install=True, test_result_base=None, continue_on_error=False, executor='parallel', parallel_workers=16, event_handlers=None, ignore_user_meta=False, metas=['./colcon.meta'], base_paths=['.'], packages_ignore=None, packages_ignore_regex=None, paths=None, packages_up_to=None, packages_up_to_regex=None, packages_above=None, packages_above_and_dependencies=None, packages_above_depth=None, packages_select_by_dep=None, packages_skip_by_dep=None, packages_skip_up_to=None, packages_select_build_failed=False, packages_skip_build_finished=False, packages_select_test_failures=False, packages_skip_test_passed=False, packages_select=['ros2_control_test_assets', 'joint_state_broadcaster', 'joint_trajectory_controller'], packages_skip=None, packages_select_regex=None, packages_skip_regex=None, packages_start=None, packages_end=None, cmake_args=None, cmake_target=None, cmake_target_skip_unavailable=False, cmake_clean_cache=False, cmake_clean_first=False, cmake_force_configure=False, ament_cmake_args=None, catkin_cmake_args=None, catkin_skip_building_tests=False, verb_parser=<colcon_defaults.argument_parser.defaults.DefaultArgumentsDecorator object at 0x7e4c274ee250>, verb_extension=<colcon_core.verb.build.BuildVerb object at 0x7e4c26353810>, main=<bound method BuildVerb.main of <colcon_core.verb.build.BuildVerb object at 0x7e4c26353810>>)
[0.133s] colcon.colcon_core.package_discovery Level 1 discover_packages(colcon_meta) check parameters
[0.133s] colcon.colcon_core.package_discovery Level 1 discover_packages(recursive) check parameters
[0.133s] colcon.colcon_core.package_discovery Level 1 discover_packages(ignore) check parameters
[0.133s] colcon.colcon_core.package_discovery Level 1 discover_packages(path) check parameters
[0.133s] colcon.colcon_core.package_discovery Level 1 discover_packages(colcon_meta) discover
[0.133s] colcon.colcon_core.package_discovery Level 1 discover_packages(recursive) discover
[0.133s] colcon.colcon_core.package_discovery INFO Crawling recursively for packages in '/home/irman/ROS2_Humanoid_VLA'
[0.133s] colcon.colcon_core.package_identification Level 1 _identify(.) by extensions ['ignore', 'ignore_ament_install']
[0.133s] colcon.colcon_core.package_identification Level 1 _identify(.) by extension 'ignore'
[0.133s] colcon.colcon_core.package_identification Level 1 _identify(.) by extension 'ignore_ament_install'
[0.133s] colcon.colcon_core.package_identification Level 1 _identify(.) by extensions ['colcon_pkg']
[0.133s] colcon.colcon_core.package_identification Level 1 _identify(.) by extension 'colcon_pkg'
[0.133s] colcon.colcon_core.package_identification Level 1 _identify(.) by extensions ['colcon_meta']
[0.133s] colcon.colcon_core.package_identification Level 1 _identify(.) by extension 'colcon_meta'
[0.133s] colcon.colcon_core.package_identification Level 1 _identify(.) by extensions ['ros']
[0.133s] colcon.colcon_core.package_identification Level 1 _identify(.) by extension 'ros'
[0.153s] colcon.colcon_core.package_identification Level 1 _identify(.) by extensions ['cmake', 'python']
[0.153s] colcon.colcon_core.package_identification Level 1 _identify(.) by extension 'cmake'
[0.153s] colcon.colcon_core.package_identification Level 1 _identify(.) by extension 'python'
[0.154s] colcon.colcon_core.package_identification Level 1 _identify(.) by extensions ['python_setup_py']
[0.154s] colcon.colcon_core.package_identification Level 1 _identify(.) by extension 'python_setup_py'
[0.154s] colcon.colcon_core.package_identification Level 1 _identify(build) by extensions ['ignore', 'ignore_ament_install']
[0.154s] colcon.colcon_core.package_identification Level 1 _identify(build) by extension 'ignore'
[0.154s] colcon.colcon_core.package_identification Level 1 _identify(build) ignored
[0.154s] colcon.colcon_core.package_identification Level 1 _identify(g1_controller) by extensions ['ignore', 'ignore_ament_install']
[0.154s] colcon.colcon_core.package_identification Level 1 _identify(g1_controller) by extension 'ignore'
[0.154s] colcon.colcon_core.package_identification Level 1 _identify(g1_controller) by extension 'ignore_ament_install'
[0.154s] colcon.colcon_core.package_identification Level 1 _identify(g1_controller) by extensions ['colcon_pkg']
[0.154s] colcon.colcon_core.package_identification Level 1 _identify(g1_controller) by extension 'colcon_pkg'
[0.154s] colcon.colcon_core.package_identification Level 1 _identify(g1_controller) by extensions ['colcon_meta']
[0.154s] colcon.colcon_core.package_identification Level 1 _identify(g1_controller) by extension 'colcon_meta'
[0.154s] colcon.colcon_core.package_identification Level 1 _identify(g1_controller) by extensions ['ros']
[0.154s] colcon.colcon_core.package_identification Level 1 _identify(g1_controller) by extension 'ros'
[0.157s] colcon.colcon_core.package_identification DEBUG Package 'g1_controller' with type 'ros.ament_cmake' and name 'g1_controller'
[0.157s] colcon.colcon_core.package_identification Level 1 _identify(g1_gazebo_sim) by extensions ['ignore', 'ignore_ament_install']
[0.157s] colcon.colcon_core.package_identification Level 1 _identify(g1_gazebo_sim) by extension 'ignore'
[0.157s] colcon.colcon_core.package_identification Level 1 _identify(g1_gazebo_sim) by extension 'ignore_ament_install'
[0.157s] colcon.colcon_core.package_identification Level 1 _identify(g1_gazebo_sim) by extensions ['colcon_pkg']
[0.157s] colcon.colcon_core.package_identification Level 1 _identify(g1_gazebo_sim) by extension 'colcon_pkg'
[0.157s] colcon.colcon_core.package_identification Level 1 _identify(g1_gazebo_sim) by extensions ['colcon_meta']
[0.157s] colcon.colcon_core.package_identification Level 1 _identify(g1_gazebo_sim) by extension 'colcon_meta'
[0.157s] colcon.colcon_core.package_identification Level 1 _identify(g1_gazebo_sim) by extensions ['ros']
[0.157s] colcon.colcon_core.package_identification Level 1 _identify(g1_gazebo_sim) by extension 'ros'
[0.158s] colcon.colcon_core.package_identification DEBUG Package 'g1_gazebo_sim' with type 'ros.ament_cmake' and name 'g1_gazebo_sim'
[0.158s] colcon.colcon_core.package_identification Level 1 _identify(g1_package) by extensions ['ignore', 'ignore_ament_install']
[0.158s] colcon.colcon_core.package_identification Level 1 _identify(g1_package) by extension 'ignore'
[0.158s] colcon.colcon_core.package_identification Level 1 _identify(g1_package) by extension 'ignore_ament_install'
[0.158s] colcon.colcon_core.package_identification Level 1 _identify(g1_package) by extensions ['colcon_pkg']
[0.158s] colcon.colcon_core.package_identification Level 1 _identify(g1_package) by extension 'colcon_pkg'
[0.158s] colcon.colcon_core.package_identification Level 1 _identify(g1_package) by extensions ['colcon_meta']
[0.158s] colcon.colcon_core.package_identification Level 1 _identify(g1_package) by extension 'colcon_meta'
[0.158s] colcon.colcon_core.package_identification Level 1 _identify(g1_package) by extensions ['ros']
[0.158s] colcon.colcon_core.package_identification Level 1 _identify(g1_package) by extension 'ros'
[0.160s] colcon.colcon_core.package_identification DEBUG Package 'g1_package' with type 'ros.ament_cmake' and name 'g1_package'
[0.160s] colcon.colcon_core.package_identification Level 1 _identify(install) by extensions ['ignore', 'ignore_ament_install']
[0.160s] colcon.colcon_core.package_identification Level 1 _identify(install) by extension 'ignore'
[0.160s] colcon.colcon_core.package_identification Level 1 _identify(install) ignored
[0.160s] colcon.colcon_core.package_identification Level 1 _identify(log) by extensions ['ignore', 'ignore_ament_install']
[0.160s] colcon.colcon_core.package_identification Level 1 _identify(log) by extension 'ignore'
[0.160s] colcon.colcon_core.package_identification Level 1 _identify(log) ignored
[0.160s] colcon.colcon_core.package_identification Level 1 _identify(src) by extensions ['ignore', 'ignore_ament_install']
[0.160s] colcon.colcon_core.package_identification Level 1 _identify(src) by extension 'ignore'
[0.160s] colcon.colcon_core.package_identification Level 1 _identify(src) by extension 'ignore_ament_install'
[0.161s] colcon.colcon_core.package_identification Level 1 _identify(src) by extensions ['colcon_pkg']
[0.161s] colcon.colcon_core.package_identification Level 1 _identify(src) by extension 'colcon_pkg'
[0.161s] colcon.colcon_core.package_identification Level 1 _identify(src) by extensions ['colcon_meta']
[0.161s] colcon.colcon_core.package_identification Level 1 _identify(src) by extension 'colcon_meta'
[0.161s] colcon.colcon_core.package_identification Level 1 _identify(src) by extensions ['ros']
[0.161s] colcon.colcon_core.package_identification Level 1 _identify(src) by extension 'ros'
[0.161s] colcon.colcon_core.package_identification Level 1 _identify(src) by extensions ['cmake', 'python']
[0.161s] colcon.colcon_core.package_identification Level 1 _identify(src) by extension 'cmake'
[0.161s] colcon.colcon_core.package_identification Level 1 _identify(src) by extension 'python'
[0.161s] colcon.colcon_core.package_identification Level 1 _identify(src) by extensions ['python_setup_py']
[0.161s] colcon.colcon_core.package_identification Level 1 _identify(src) by extension 'python_setup_py'
[0.161s] colcon.colcon_core.package_identification Level 1 _identify(src/ros2_control) by extensions ['ignore', 'ignore_ament_install']
[0.161s] colcon.colcon_core.package_identification Level 1 _identify(src/ros2_control) by extension 'ignore'
[0.161s] colcon.colcon_core.package_identification Level 1 _identify(src/ros2_control) by extension 'ignore_ament_install'
[0.161s] colcon.colcon_core.package_identification Level 1 _identify(src/ros2_control) by extensions ['colcon_pkg']
[0.161s] colcon.colcon_core.package_identification Level 1 _identify(src/ros2_control) by extension 'colcon_pkg'
[0.161s] colcon.colcon_core.package_identification Level 1 _identify(src/ros2_control) by extensions ['colcon_meta']
[0.161s] colcon.colcon_core.package_identification Level 1 _identify(src/ros2_control) by extension 'colcon_meta'
[0.161s] colcon.colcon_core.package_identification Level 1 _identify(src/ros2_control) by extensions ['ros']
[0.161s] colcon.colcon_core.package_identification Level 1 _identify(src/ros2_control) by extension 'ros'
[0.161s] colcon.colcon_core.package_identification Level 1 _identify(src/ros2_control) by extensions ['cmake', 'python']
[0.161s] colcon.colcon_core.package_identification Level 1 _identify(src/ros2_control) by extension 'cmake'
[0.161s] colcon.colcon_core.package_identification Level 1 _identify(src/ros2_control) by extension 'python'
[0.161s] colcon.colcon_core.package_identification Level 1 _identify(src/ros2_control) by extensions ['python_setup_py']
[0.161s] colcon.colcon_core.package_identification Level 1 _identify(src/ros2_control) by extension 'python_setup_py'
[0.161s] colcon.colcon_core.package_identification Level 1 _identify(src/ros2_control/controller_interface) by extensions ['ignore', 'ignore_ament_install']
[0.161s] colcon.colcon_core.package_identification Level 1 _identify(src/ros2_control/controller_interface) by extension 'ignore'
[0.161s] colcon.colcon_core.package_identification Level 1 _identify(src/ros2_control/controller_interface) by extension 'ignore_ament_install'
[0.161s] colcon.colcon_core.package_identification Level 1 _identify(src/ros2_control/controller_interface) by extensions ['colcon_pkg']
[0.162s] colcon.colcon_core.package_identification Level 1 _identify(src/ros2_control/controller_interface) by extension 'colcon_pkg'
[0.162s] colcon.colcon_core.package_identification Level 1 _identify(src/ros2_control/controller_interface) by extensions ['colcon_meta']
[0.162s] colcon.colcon_core.package_identification Level 1 _identify(src/ros2_control/controller_interface) by extension 'colcon_meta'
[0.162s] colcon.colcon_core.package_identification Level 1 _identify(src/ros2_control/controller_interface) by extensions ['ros']
[0.162s] colcon.colcon_core.package_identification Level 1 _identify(src/ros2_control/controller_interface) by extension 'ros'
[0.162s] colcon.colcon_core.package_identification DEBUG Package 'src/ros2_control/controller_interface' with type 'ros.ament_cmake' and name 'controller_interface'
[0.162s] colcon.colcon_core.package_identification Level 1 _identify(src/ros2_control/controller_manager) by extensions ['ignore', 'ignore_ament_install']
[0.162s] colcon.colcon_core.package_identification Level 1 _identify(src/ros2_control/controller_manager) by extension 'ignore'
[0.162s] colcon.colcon_core.package_identification Level 1 _identify(src/ros2_control/controller_manager) by extension 'ignore_ament_install'
[0.162s] colcon.colcon_core.package_identification Level 1 _identify(src/ros2_control/controller_manager) by extensions ['colcon_pkg']
[0.162s] colcon.colcon_core.package_identification Level 1 _identify(src/ros2_control/controller_manager) by extension 'colcon_pkg'
[0.162s] colcon.colcon_core.package_identification Level 1 _identify(src/ros2_control/controller_manager) by extensions ['colcon_meta']
[0.162s] colcon.colcon_core.package_identification Level 1 _identify(src/ros2_control/controller_manager) by extension 'colcon_meta'
[0.162s] colcon.colcon_core.package_identification Level 1 _identify(src/ros2_control/controller_manager) by extensions ['ros']
[0.162s] colcon.colcon_core.package_identification Level 1 _identify(src/ros2_control/controller_manager) by extension 'ros'
[0.163s] colcon.colcon_core.package_identification DEBUG Package 'src/ros2_control/controller_manager' with type 'ros.ament_cmake' and name 'controller_manager'
[0.163s] colcon.colcon_core.package_identification Level 1 _identify(src/ros2_control/controller_manager_msgs) by extensions ['ignore', 'ignore_ament_install']
[0.163s] colcon.colcon_core.package_identification Level 1 _identify(src/ros2_control/controller_manager_msgs) by extension 'ignore'
[0.163s] colcon.colcon_core.package_identification Level 1 _identify(src/ros2_control/controller_manager_msgs) by extension 'ignore_ament_install'
[0.164s] colcon.colcon_core.package_identification Level 1 _identify(src/ros2_control/controller_manager_msgs) by extensions ['colcon_pkg']
[0.164s] colcon.colcon_core.package_identification Level 1 _identify(src/ros2_control/controller_manager_msgs) by extension 'colcon_pkg'
[0.164s] colcon.colcon_core.package_identification Level 1 _identify(src/ros2_control/controller_manager_msgs) by extensions ['colcon_meta']
[0.164s] colcon.colcon_core.package_identification Level 1 _identify(src/ros2_control/controller_manager_msgs) by extension 'colcon_meta'
[0.164s] colcon.colcon_core.package_identification Level 1 _identify(src/ros2_control/controller_manager_msgs) by extensions ['ros']
[0.164s] colcon.colcon_core.package_identification Level 1 _identify(src/ros2_control/controller_manager_msgs) by extension 'ros'
[0.164s] colcon.colcon_core.package_identification DEBUG Package 'src/ros2_control/controller_manager_msgs' with type 'ros.ament_cmake' and name 'controller_manager_msgs'
[0.164s] colcon.colcon_core.package_identification Level 1 _identify(src/ros2_control/doc) by extensions ['ignore', 'ignore_ament_install']
[0.164s] colcon.colcon_core.package_identification Level 1 _identify(src/ros2_control/doc) by extension 'ignore'
[0.164s] colcon.colcon_core.package_identification Level 1 _identify(src/ros2_control/doc) by extension 'ignore_ament_install'
[0.164s] colcon.colcon_core.package_identification Level 1 _identify(src/ros2_control/doc) by extensions ['colcon_pkg']
[0.164s] colcon.colcon_core.package_identification Level 1 _identify(src/ros2_control/doc) by extension 'colcon_pkg'
[0.164s] colcon.colcon_core.package_identification Level 1 _identify(src/ros2_control/doc) by extensions ['colcon_meta']
[0.164s] colcon.colcon_core.package_identification Level 1 _identify(src/ros2_control/doc) by extension 'colcon_meta'
[0.164s] colcon.colcon_core.package_identification Level 1 _identify(src/ros2_control/doc) by extensions ['ros']
[0.164s] colcon.colcon_core.package_identification Level 1 _identify(src/ros2_control/doc) by extension 'ros'
[0.165s] colcon.colcon_core.package_identification Level 1 _identify(src/ros2_control/doc) by extensions ['cmake', 'python']
[0.165s] colcon.colcon_core.package_identification Level 1 _identify(src/ros2_control/doc) by extension 'cmake'
[0.165s] colcon.colcon_core.package_identification Level 1 _identify(src/ros2_control/doc) by extension 'python'
[0.165s] colcon.colcon_core.package_identification Level 1 _identify(src/ros2_control/doc) by extensions ['python_setup_py']
[0.165s] colcon.colcon_core.package_identification Level 1 _identify(src/ros2_control/doc) by extension 'python_setup_py'
[0.165s] colcon.colcon_core.package_identification Level 1 _identify(src/ros2_control/hardware_interface) by extensions ['ignore', 'ignore_ament_install']
[0.165s] colcon.colcon_core.package_identification Level 1 _identify(src/ros2_control/hardware_interface) by extension 'ignore'
[0.165s] colcon.colcon_core.package_identification Level 1 _identify(src/ros2_control/hardware_interface) by extension 'ignore_ament_install'
[0.165s] colcon.colcon_core.package_identification Level 1 _identify(src/ros2_control/hardware_interface) by extensions ['colcon_pkg']
[0.165s] colcon.colcon_core.package_identification Level 1 _identify(src/ros2_control/hardware_interface) by extension 'colcon_pkg'
[0.165s] colcon.colcon_core.package_identification Level 1 _identify(src/ros2_control/hardware_interface) by extensions ['colcon_meta']
[0.165s] colcon.colcon_core.package_identification Level 1 _identify(src/ros2_control/hardware_interface) by extension 'colcon_meta'
[0.165s] colcon.colcon_core.package_identification Level 1 _identify(src/ros2_control/hardware_interface) by extensions ['ros']
[0.165s] colcon.colcon_core.package_identification Level 1 _identify(src/ros2_control/hardware_interface) by extension 'ros'
[0.165s] colcon.colcon_core.package_identification DEBUG Package 'src/ros2_control/hardware_interface' with type 'ros.ament_cmake' and name 'hardware_interface'
[0.166s] colcon.colcon_core.package_identification Level 1 _identify(src/ros2_control/hardware_interface_testing) by extensions ['ignore', 'ignore_ament_install']
[0.166s] colcon.colcon_core.package_identification Level 1 _identify(src/ros2_control/hardware_interface_testing) by extension 'ignore'
[0.166s] colcon.colcon_core.package_identification Level 1 _identify(src/ros2_control/hardware_interface_testing) by extension 'ignore_ament_install'
[0.166s] colcon.colcon_core.package_identification Level 1 _identify(src/ros2_control/hardware_interface_testing) by extensions ['colcon_pkg']
[0.166s] colcon.colcon_core.package_identification Level 1 _identify(src/ros2_control/hardware_interface_testing) by extension 'colcon_pkg'
[0.166s] colcon.colcon_core.package_identification Level 1 _identify(src/ros2_control/hardware_interface_testing) by extensions ['colcon_meta']
[0.166s] colcon.colcon_core.package_identification Level 1 _identify(src/ros2_control/hardware_interface_testing) by extension 'colcon_meta'
[0.166s] colcon.colcon_core.package_identification Level 1 _identify(src/ros2_control/hardware_interface_testing) by extensions ['ros']
[0.166s] colcon.colcon_core.package_identification Level 1 _identify(src/ros2_control/hardware_interface_testing) by extension 'ros'
[0.166s] colcon.colcon_core.package_identification DEBUG Package 'src/ros2_control/hardware_interface_testing' with type 'ros.ament_cmake' and name 'hardware_interface_testing'
[0.166s] colcon.colcon_core.package_identification Level 1 _identify(src/ros2_control/joint_limits) by extensions ['ignore', 'ignore_ament_install']
[0.166s] colcon.colcon_core.package_identification Level 1 _identify(src/ros2_control/joint_limits) by extension 'ignore'
[0.167s] colcon.colcon_core.package_identification Level 1 _identify(src/ros2_control/joint_limits) by extension 'ignore_ament_install'
[0.167s] colcon.colcon_core.package_identification Level 1 _identify(src/ros2_control/joint_limits) by extensions ['colcon_pkg']
[0.167s] colcon.colcon_core.package_identification Level 1 _identify(src/ros2_control/joint_limits) by extension 'colcon_pkg'
[0.167s] colcon.colcon_core.package_identification Level 1 _identify(src/ros2_control/joint_limits) by extensions ['colcon_meta']
[0.167s] colcon.colcon_core.package_identification Level 1 _identify(src/ros2_control/joint_limits) by extension 'colcon_meta'
[0.167s] colcon.colcon_core.package_identification Level 1 _identify(src/ros2_control/joint_limits) by extensions ['ros']
[0.167s] colcon.colcon_core.package_identification Level 1 _identify(src/ros2_control/joint_limits) by extension 'ros'
[0.167s] colcon.colcon_core.package_identification DEBUG Package 'src/ros2_control/joint_limits' with type 'ros.ament_cmake' and name 'joint_limits'
[0.167s] colcon.colcon_core.package_identification Level 1 _identify(src/ros2_control/joint_limits_interface) by extensions ['ignore', 'ignore_ament_install']
[0.167s] colcon.colcon_core.package_identification Level 1 _identify(src/ros2_control/joint_limits_interface) by extension 'ignore'
[0.167s] colcon.colcon_core.package_identification Level 1 _identify(src/ros2_control/joint_limits_interface) ignored
[0.167s] colcon.colcon_core.package_identification Level 1 _identify(src/ros2_control/ros2_control) by extensions ['ignore', 'ignore_ament_install']
[0.167s] colcon.colcon_core.package_identification Level 1 _identify(src/ros2_control/ros2_control) by extension 'ignore'
[0.167s] colcon.colcon_core.package_identification Level 1 _identify(src/ros2_control/ros2_control) by extension 'ignore_ament_install'
[0.167s] colcon.colcon_core.package_identification Level 1 _identify(src/ros2_control/ros2_control) by extensions ['colcon_pkg']
[0.167s] colcon.colcon_core.package_identification Level 1 _identify(src/ros2_control/ros2_control) by extension 'colcon_pkg'
[0.167s] colcon.colcon_core.package_identification Level 1 _identify(src/ros2_control/ros2_control) by extensions ['colcon_meta']
[0.168s] colcon.colcon_core.package_identification Level 1 _identify(src/ros2_control/ros2_control) by extension 'colcon_meta'
[0.168s] colcon.colcon_core.package_identification Level 1 _identify(src/ros2_control/ros2_control) by extensions ['ros']
[0.168s] colcon.colcon_core.package_identification Level 1 _identify(src/ros2_control/ros2_control) by extension 'ros'
[0.168s] colcon.colcon_core.package_identification DEBUG Package 'src/ros2_control/ros2_control' with type 'ros.ament_cmake' and name 'ros2_control'
[0.168s] colcon.colcon_core.package_identification Level 1 _identify(src/ros2_control/ros2_control_test_assets) by extensions ['ignore', 'ignore_ament_install']
[0.168s] colcon.colcon_core.package_identification Level 1 _identify(src/ros2_control/ros2_control_test_assets) by extension 'ignore'
[0.168s] colcon.colcon_core.package_identification Level 1 _identify(src/ros2_control/ros2_control_test_assets) by extension 'ignore_ament_install'
[0.168s] colcon.colcon_core.package_identification Level 1 _identify(src/ros2_control/ros2_control_test_assets) by extensions ['colcon_pkg']
[0.168s] colcon.colcon_core.package_identification Level 1 _identify(src/ros2_control/ros2_control_test_assets) by extension 'colcon_pkg'
[0.168s] colcon.colcon_core.package_identification Level 1 _identify(src/ros2_control/ros2_control_test_assets) by extensions ['colcon_meta']
[0.168s] colcon.colcon_core.package_identification Level 1 _identify(src/ros2_control/ros2_control_test_assets) by extension 'colcon_meta'
[0.168s] colcon.colcon_core.package_identification Level 1 _identify(src/ros2_control/ros2_control_test_assets) by extensions ['ros']
[0.168s] colcon.colcon_core.package_identification Level 1 _identify(src/ros2_control/ros2_control_test_assets) by extension 'ros'
[0.168s] colcon.colcon_core.package_identification DEBUG Package 'src/ros2_control/ros2_control_test_assets' with type 'ros.ament_cmake' and name 'ros2_control_test_assets'
[0.169s] colcon.colcon_core.package_identification Level 1 _identify(src/ros2_control/ros2controlcli) by extensions ['ignore', 'ignore_ament_install']
[0.169s] colcon.colcon_core.package_identification Level 1 _identify(src/ros2_control/ros2controlcli) by extension 'ignore'
[0.169s] colcon.colcon_core.package_identification Level 1 _identify(src/ros2_control/ros2controlcli) by extension 'ignore_ament_install'
[0.169s] colcon.colcon_core.package_identification Level 1 _identify(src/ros2_control/ros2controlcli) by extensions ['colcon_pkg']
[0.169s] colcon.colcon_core.package_identification Level 1 _identify(src/ros2_control/ros2controlcli) by extension 'colcon_pkg'
[0.169s] colcon.colcon_core.package_identification Level 1 _identify(src/ros2_control/ros2controlcli) by extensions ['colcon_meta']
[0.169s] colcon.colcon_core.package_identification Level 1 _identify(src/ros2_control/ros2controlcli) by extension 'colcon_meta'
[0.169s] colcon.colcon_core.package_identification Level 1 _identify(src/ros2_control/ros2controlcli) by extensions ['ros']
[0.169s] colcon.colcon_core.package_identification Level 1 _identify(src/ros2_control/ros2controlcli) by extension 'ros'
[0.169s] colcon.colcon_core.package_identification DEBUG Package 'src/ros2_control/ros2controlcli' with type 'ros.ament_python' and name 'ros2controlcli'
[0.170s] colcon.colcon_core.package_identification Level 1 _identify(src/ros2_control/rqt_controller_manager) by extensions ['ignore', 'ignore_ament_install']
[0.170s] colcon.colcon_core.package_identification Level 1 _identify(src/ros2_control/rqt_controller_manager) by extension 'ignore'
[0.170s] colcon.colcon_core.package_identification Level 1 _identify(src/ros2_control/rqt_controller_manager) by extension 'ignore_ament_install'
[0.170s] colcon.colcon_core.package_identification Level 1 _identify(src/ros2_control/rqt_controller_manager) by extensions ['colcon_pkg']
[0.170s] colcon.colcon_core.package_identification Level 1 _identify(src/ros2_control/rqt_controller_manager) by extension 'colcon_pkg'
[0.170s] colcon.colcon_core.package_identification Level 1 _identify(src/ros2_control/rqt_controller_manager) by extensions ['colcon_meta']
[0.170s] colcon.colcon_core.package_identification Level 1 _identify(src/ros2_control/rqt_controller_manager) by extension 'colcon_meta'
[0.170s] colcon.colcon_core.package_identification Level 1 _identify(src/ros2_control/rqt_controller_manager) by extensions ['ros']
[0.170s] colcon.colcon_core.package_identification Level 1 _identify(src/ros2_control/rqt_controller_manager) by extension 'ros'
[0.170s] colcon.colcon_core.package_identification DEBUG Package 'src/ros2_control/rqt_controller_manager' with type 'ros.ament_python' and name 'rqt_controller_manager'
[0.170s] colcon.colcon_core.package_identification Level 1 _identify(src/ros2_control/transmission_interface) by extensions ['ignore', 'ignore_ament_install']
[0.170s] colcon.colcon_core.package_identification Level 1 _identify(src/ros2_control/transmission_interface) by extension 'ignore'
[0.170s] colcon.colcon_core.package_identification Level 1 _identify(src/ros2_control/transmission_interface) by extension 'ignore_ament_install'
[0.170s] colcon.colcon_core.package_identification Level 1 _identify(src/ros2_control/transmission_interface) by extensions ['colcon_pkg']
[0.170s] colcon.colcon_core.package_identification Level 1 _identify(src/ros2_control/transmission_interface) by extension 'colcon_pkg'
[0.170s] colcon.colcon_core.package_identification Level 1 _identify(src/ros2_control/transmission_interface) by extensions ['colcon_meta']
[0.170s] colcon.colcon_core.package_identification Level 1 _identify(src/ros2_control/transmission_interface) by extension 'colcon_meta'
[0.170s] colcon.colcon_core.package_identification Level 1 _identify(src/ros2_control/transmission_interface) by extensions ['ros']
[0.170s] colcon.colcon_core.package_identification Level 1 _identify(src/ros2_control/transmission_interface) by extension 'ros'
[0.171s] colcon.colcon_core.package_identification DEBUG Package 'src/ros2_control/transmission_interface' with type 'ros.ament_cmake' and name 'transmission_interface'
[0.171s] colcon.colcon_core.package_identification Level 1 _identify(src/ros2_controllers) by extensions ['ignore', 'ignore_ament_install']
[0.171s] colcon.colcon_core.package_identification Level 1 _identify(src/ros2_controllers) by extension 'ignore'
[0.171s] colcon.colcon_core.package_identification Level 1 _identify(src/ros2_controllers) by extension 'ignore_ament_install'
[0.171s] colcon.colcon_core.package_identification Level 1 _identify(src/ros2_controllers) by extensions ['colcon_pkg']
[0.171s] colcon.colcon_core.package_identification Level 1 _identify(src/ros2_controllers) by extension 'colcon_pkg'
[0.171s] colcon.colcon_core.package_identification Level 1 _identify(src/ros2_controllers) by extensions ['colcon_meta']
[0.171s] colcon.colcon_core.package_identification Level 1 _identify(src/ros2_controllers) by extension 'colcon_meta'
[0.171s] colcon.colcon_core.package_identification Level 1 _identify(src/ros2_controllers) by extensions ['ros']
[0.171s] colcon.colcon_core.package_identification Level 1 _identify(src/ros2_controllers) by extension 'ros'
[0.171s] colcon.colcon_core.package_identification Level 1 _identify(src/ros2_controllers) by extensions ['cmake', 'python']
[0.171s] colcon.colcon_core.package_identification Level 1 _identify(src/ros2_controllers) by extension 'cmake'
[0.171s] colcon.colcon_core.package_identification Level 1 _identify(src/ros2_controllers) by extension 'python'
[0.171s] colcon.colcon_core.package_identification Level 1 _identify(src/ros2_controllers) by extensions ['python_setup_py']
[0.171s] colcon.colcon_core.package_identification Level 1 _identify(src/ros2_controllers) by extension 'python_setup_py'
[0.171s] colcon.colcon_core.package_identification Level 1 _identify(src/ros2_controllers/ackermann_steering_controller) by extensions ['ignore', 'ignore_ament_install']
[0.171s] colcon.colcon_core.package_identification Level 1 _identify(src/ros2_controllers/ackermann_steering_controller) by extension 'ignore'
[0.172s] colcon.colcon_core.package_identification Level 1 _identify(src/ros2_controllers/ackermann_steering_controller) by extension 'ignore_ament_install'
[0.172s] colcon.colcon_core.package_identification Level 1 _identify(src/ros2_controllers/ackermann_steering_controller) by extensions ['colcon_pkg']
[0.172s] colcon.colcon_core.package_identification Level 1 _identify(src/ros2_controllers/ackermann_steering_controller) by extension 'colcon_pkg'
[0.172s] colcon.colcon_core.package_identification Level 1 _identify(src/ros2_controllers/ackermann_steering_controller) by extensions ['colcon_meta']
[0.172s] colcon.colcon_core.package_identification Level 1 _identify(src/ros2_controllers/ackermann_steering_controller) by extension 'colcon_meta'
[0.172s] colcon.colcon_core.package_identification Level 1 _identify(src/ros2_controllers/ackermann_steering_controller) by extensions ['ros']
[0.172s] colcon.colcon_core.package_identification Level 1 _identify(src/ros2_controllers/ackermann_steering_controller) by extension 'ros'
[0.173s] colcon.colcon_core.package_identification DEBUG Package 'src/ros2_controllers/ackermann_steering_controller' with type 'ros.ament_cmake' and name 'ackermann_steering_controller'
[0.173s] colcon.colcon_core.package_identification Level 1 _identify(src/ros2_controllers/admittance_controller) by extensions ['ignore', 'ignore_ament_install']
[0.173s] colcon.colcon_core.package_identification Level 1 _identify(src/ros2_controllers/admittance_controller) by extension 'ignore'
[0.173s] colcon.colcon_core.package_identification Level 1 _identify(src/ros2_controllers/admittance_controller) by extension 'ignore_ament_install'
[0.173s] colcon.colcon_core.package_identification Level 1 _identify(src/ros2_controllers/admittance_controller) by extensions ['colcon_pkg']
[0.173s] colcon.colcon_core.package_identification Level 1 _identify(src/ros2_controllers/admittance_controller) by extension 'colcon_pkg'
[0.173s] colcon.colcon_core.package_identification Level 1 _identify(src/ros2_controllers/admittance_controller) by extensions ['colcon_meta']
[0.173s] colcon.colcon_core.package_identification Level 1 _identify(src/ros2_controllers/admittance_controller) by extension 'colcon_meta'
[0.173s] colcon.colcon_core.package_identification Level 1 _identify(src/ros2_controllers/admittance_controller) by extensions ['ros']
[0.173s] colcon.colcon_core.package_identification Level 1 _identify(src/ros2_controllers/admittance_controller) by extension 'ros'
[0.175s] colcon.colcon_core.package_identification DEBUG Package 'src/ros2_controllers/admittance_controller' with type 'ros.ament_cmake' and name 'admittance_controller'
[0.175s] colcon.colcon_core.package_identification Level 1 _identify(src/ros2_controllers/bicycle_steering_controller) by extensions ['ignore', 'ignore_ament_install']
[0.175s] colcon.colcon_core.package_identification Level 1 _identify(src/ros2_controllers/bicycle_steering_controller) by extension 'ignore'
[0.175s] colcon.colcon_core.package_identification Level 1 _identify(src/ros2_controllers/bicycle_steering_controller) by extension 'ignore_ament_install'
[0.175s] colcon.colcon_core.package_identification Level 1 _identify(src/ros2_controllers/bicycle_steering_controller) by extensions ['colcon_pkg']
[0.175s] colcon.colcon_core.package_identification Level 1 _identify(src/ros2_controllers/bicycle_steering_controller) by extension 'colcon_pkg'
[0.175s] colcon.colcon_core.package_identification Level 1 _identify(src/ros2_controllers/bicycle_steering_controller) by extensions ['colcon_meta']
[0.175s] colcon.colcon_core.package_identification Level 1 _identify(src/ros2_controllers/bicycle_steering_controller) by extension 'colcon_meta'
[0.175s] colcon.colcon_core.package_identification Level 1 _identify(src/ros2_controllers/bicycle_steering_controller) by extensions ['ros']
[0.175s] colcon.colcon_core.package_identification Level 1 _identify(src/ros2_controllers/bicycle_steering_controller) by extension 'ros'
[0.176s] colcon.colcon_core.package_identification DEBUG Package 'src/ros2_controllers/bicycle_steering_controller' with type 'ros.ament_cmake' and name 'bicycle_steering_controller'
[0.176s] colcon.colcon_core.package_identification Level 1 _identify(src/ros2_controllers/diff_drive_controller) by extensions ['ignore', 'ignore_ament_install']
[0.176s] colcon.colcon_core.package_identification Level 1 _identify(src/ros2_controllers/diff_drive_controller) by extension 'ignore'
[0.176s] colcon.colcon_core.package_identification Level 1 _identify(src/ros2_controllers/diff_drive_controller) by extension 'ignore_ament_install'
[0.176s] colcon.colcon_core.package_identification Level 1 _identify(src/ros2_controllers/diff_drive_controller) by extensions ['colcon_pkg']
[0.176s] colcon.colcon_core.package_identification Level 1 _identify(src/ros2_controllers/diff_drive_controller) by extension 'colcon_pkg'
[0.176s] colcon.colcon_core.package_identification Level 1 _identify(src/ros2_controllers/diff_drive_controller) by extensions ['colcon_meta']
[0.176s] colcon.colcon_core.package_identification Level 1 _identify(src/ros2_controllers/diff_drive_controller) by extension 'colcon_meta'
[0.176s] colcon.colcon_core.package_identification Level 1 _identify(src/ros2_controllers/diff_drive_controller) by extensions ['ros']
[0.176s] colcon.colcon_core.package_identification Level 1 _identify(src/ros2_controllers/diff_drive_controller) by extension 'ros'
[0.177s] colcon.colcon_core.package_identification DEBUG Package 'src/ros2_controllers/diff_drive_controller' with type 'ros.ament_cmake' and name 'diff_drive_controller'
[0.177s] colcon.colcon_core.package_identification Level 1 _identify(src/ros2_controllers/doc) by extensions ['ignore', 'ignore_ament_install']
[0.177s] colcon.colcon_core.package_identification Level 1 _identify(src/ros2_controllers/doc) by extension 'ignore'
[0.177s] colcon.colcon_core.package_identification Level 1 _identify(src/ros2_controllers/doc) by extension 'ignore_ament_install'
[0.177s] colcon.colcon_core.package_identification Level 1 _identify(src/ros2_controllers/doc) by extensions ['colcon_pkg']
[0.177s] colcon.colcon_core.package_identification Level 1 _identify(src/ros2_controllers/doc) by extension 'colcon_pkg'
[0.177s] colcon.colcon_core.package_identification Level 1 _identify(src/ros2_controllers/doc) by extensions ['colcon_meta']
[0.177s] colcon.colcon_core.package_identification Level 1 _identify(src/ros2_controllers/doc) by extension 'colcon_meta'
[0.177s] colcon.colcon_core.package_identification Level 1 _identify(src/ros2_controllers/doc) by extensions ['ros']
[0.177s] colcon.colcon_core.package_identification Level 1 _identify(src/ros2_controllers/doc) by extension 'ros'
[0.178s] colcon.colcon_core.package_identification Level 1 _identify(src/ros2_controllers/doc) by extensions ['cmake', 'python']
[0.178s] colcon.colcon_core.package_identification Level 1 _identify(src/ros2_controllers/doc) by extension 'cmake'
[0.178s] colcon.colcon_core.package_identification Level 1 _identify(src/ros2_controllers/doc) by extension 'python'
[0.178s] colcon.colcon_core.package_identification Level 1 _identify(src/ros2_controllers/doc) by extensions ['python_setup_py']
[0.178s] colcon.colcon_core.package_identification Level 1 _identify(src/ros2_controllers/doc) by extension 'python_setup_py'
[0.178s] colcon.colcon_core.package_identification Level 1 _identify(src/ros2_controllers/doc/images) by extensions ['ignore', 'ignore_ament_install']
[0.178s] colcon.colcon_core.package_identification Level 1 _identify(src/ros2_controllers/doc/images) by extension 'ignore'
[0.178s] colcon.colcon_core.package_identification Level 1 _identify(src/ros2_controllers/doc/images) by extension 'ignore_ament_install'
[0.178s] colcon.colcon_core.package_identification Level 1 _identify(src/ros2_controllers/doc/images) by extensions ['colcon_pkg']
[0.178s] colcon.colcon_core.package_identification Level 1 _identify(src/ros2_controllers/doc/images) by extension 'colcon_pkg'
[0.178s] colcon.colcon_core.package_identification Level 1 _identify(src/ros2_controllers/doc/images) by extensions ['colcon_meta']
[0.178s] colcon.colcon_core.package_identification Level 1 _identify(src/ros2_controllers/doc/images) by extension 'colcon_meta'
[0.178s] colcon.colcon_core.package_identification Level 1 _identify(src/ros2_controllers/doc/images) by extensions ['ros']
[0.178s] colcon.colcon_core.package_identification Level 1 _identify(src/ros2_controllers/doc/images) by extension 'ros'
[0.178s] colcon.colcon_core.package_identification Level 1 _identify(src/ros2_controllers/doc/images) by extensions ['cmake', 'python']
[0.178s] colcon.colcon_core.package_identification Level 1 _identify(src/ros2_controllers/doc/images) by extension 'cmake'
[0.178s] colcon.colcon_core.package_identification Level 1 _identify(src/ros2_controllers/doc/images) by extension 'python'
[0.178s] colcon.colcon_core.package_identification Level 1 _identify(src/ros2_controllers/doc/images) by extensions ['python_setup_py']
[0.178s] colcon.colcon_core.package_identification Level 1 _identify(src/ros2_controllers/doc/images) by extension 'python_setup_py'
[0.178s] colcon.colcon_core.package_identification Level 1 _identify(src/ros2_controllers/effort_controllers) by extensions ['ignore', 'ignore_ament_install']
[0.178s] colcon.colcon_core.package_identification Level 1 _identify(src/ros2_controllers/effort_controllers) by extension 'ignore'
[0.178s] colcon.colcon_core.package_identification Level 1 _identify(src/ros2_controllers/effort_controllers) by extension 'ignore_ament_install'
[0.178s] colcon.colcon_core.package_identification Level 1 _identify(src/ros2_controllers/effort_controllers) by extensions ['colcon_pkg']
[0.178s] colcon.colcon_core.package_identification Level 1 _identify(src/ros2_controllers/effort_controllers) by extension 'colcon_pkg'
[0.178s] colcon.colcon_core.package_identification Level 1 _identify(src/ros2_controllers/effort_controllers) by extensions ['colcon_meta']
[0.178s] colcon.colcon_core.package_identification Level 1 _identify(src/ros2_controllers/effort_controllers) by extension 'colcon_meta'
[0.179s] colcon.colcon_core.package_identification Level 1 _identify(src/ros2_controllers/effort_controllers) by extensions ['ros']
[0.179s] colcon.colcon_core.package_identification Level 1 _identify(src/ros2_controllers/effort_controllers) by extension 'ros'
[0.179s] colcon.colcon_core.package_identification DEBUG Package 'src/ros2_controllers/effort_controllers' with type 'ros.ament_cmake' and name 'effort_controllers'
[0.179s] colcon.colcon_core.package_identification Level 1 _identify(src/ros2_controllers/force_torque_sensor_broadcaster) by extensions ['ignore', 'ignore_ament_install']
[0.179s] colcon.colcon_core.package_identification Level 1 _identify(src/ros2_controllers/force_torque_sensor_broadcaster) by extension 'ignore'
[0.180s] colcon.colcon_core.package_identification Level 1 _identify(src/ros2_controllers/force_torque_sensor_broadcaster) by extension 'ignore_ament_install'
[0.180s] colcon.colcon_core.package_identification Level 1 _identify(src/ros2_controllers/force_torque_sensor_broadcaster) by extensions ['colcon_pkg']
[0.180s] colcon.colcon_core.package_identification Level 1 _identify(src/ros2_controllers/force_torque_sensor_broadcaster) by extension 'colcon_pkg'
[0.180s] colcon.colcon_core.package_identification Level 1 _identify(src/ros2_controllers/force_torque_sensor_broadcaster) by extensions ['colcon_meta']
[0.180s] colcon.colcon_core.package_identification Level 1 _identify(src/ros2_controllers/force_torque_sensor_broadcaster) by extension 'colcon_meta'
[0.180s] colcon.colcon_core.package_identification Level 1 _identify(src/ros2_controllers/force_torque_sensor_broadcaster) by extensions ['ros']
[0.180s] colcon.colcon_core.package_identification Level 1 _identify(src/ros2_controllers/force_torque_sensor_broadcaster) by extension 'ros'
[0.181s] colcon.colcon_core.package_identification DEBUG Package 'src/ros2_controllers/force_torque_sensor_broadcaster' with type 'ros.ament_cmake' and name 'force_torque_sensor_broadcaster'
[0.181s] colcon.colcon_core.package_identification Level 1 _identify(src/ros2_controllers/forward_command_controller) by extensions ['ignore', 'ignore_ament_install']
[0.181s] colcon.colcon_core.package_identification Level 1 _identify(src/ros2_controllers/forward_command_controller) by extension 'ignore'
[0.181s] colcon.colcon_core.package_identification Level 1 _identify(src/ros2_controllers/forward_command_controller) by extension 'ignore_ament_install'
[0.181s] colcon.colcon_core.package_identification Level 1 _identify(src/ros2_controllers/forward_command_controller) by extensions ['colcon_pkg']
[0.181s] colcon.colcon_core.package_identification Level 1 _identify(src/ros2_controllers/forward_command_controller) by extension 'colcon_pkg'
[0.181s] colcon.colcon_core.package_identification Level 1 _identify(src/ros2_controllers/forward_command_controller) by extensions ['colcon_meta']
[0.181s] colcon.colcon_core.package_identification Level 1 _identify(src/ros2_controllers/forward_command_controller) by extension 'colcon_meta'
[0.181s] colcon.colcon_core.package_identification Level 1 _identify(src/ros2_controllers/forward_command_controller) by extensions ['ros']
[0.181s] colcon.colcon_core.package_identification Level 1 _identify(src/ros2_controllers/forward_command_controller) by extension 'ros'
[0.182s] colcon.colcon_core.package_identification DEBUG Package 'src/ros2_controllers/forward_command_controller' with type 'ros.ament_cmake' and name 'forward_command_controller'
[0.182s] colcon.colcon_core.package_identification Level 1 _identify(src/ros2_controllers/gpio_controllers) by extensions ['ignore', 'ignore_ament_install']
[0.182s] colcon.colcon_core.package_identification Level 1 _identify(src/ros2_controllers/gpio_controllers) by extension 'ignore'
[0.182s] colcon.colcon_core.package_identification Level 1 _identify(src/ros2_controllers/gpio_controllers) by extension 'ignore_ament_install'
[0.182s] colcon.colcon_core.package_identification Level 1 _identify(src/ros2_controllers/gpio_controllers) by extensions ['colcon_pkg']
[0.182s] colcon.colcon_core.package_identification Level 1 _identify(src/ros2_controllers/gpio_controllers) by extension 'colcon_pkg'
[0.182s] colcon.colcon_core.package_identification Level 1 _identify(src/ros2_controllers/gpio_controllers) by extensions ['colcon_meta']
[0.182s] colcon.colcon_core.package_identification Level 1 _identify(src/ros2_controllers/gpio_controllers) by extension 'colcon_meta'
[0.182s] colcon.colcon_core.package_identification Level 1 _identify(src/ros2_controllers/gpio_controllers) by extensions ['ros']
[0.182s] colcon.colcon_core.package_identification Level 1 _identify(src/ros2_controllers/gpio_controllers) by extension 'ros'
[0.183s] colcon.colcon_core.package_identification DEBUG Package 'src/ros2_controllers/gpio_controllers' with type 'ros.ament_cmake' and name 'gpio_controllers'
[0.183s] colcon.colcon_core.package_identification Level 1 _identify(src/ros2_controllers/gripper_controllers) by extensions ['ignore', 'ignore_ament_install']
[0.183s] colcon.colcon_core.package_identification Level 1 _identify(src/ros2_controllers/gripper_controllers) by extension 'ignore'
[0.183s] colcon.colcon_core.package_identification Level 1 _identify(src/ros2_controllers/gripper_controllers) by extension 'ignore_ament_install'
[0.183s] colcon.colcon_core.package_identification Level 1 _identify(src/ros2_controllers/gripper_controllers) by extensions ['colcon_pkg']
[0.183s] colcon.colcon_core.package_identification Level 1 _identify(src/ros2_controllers/gripper_controllers) by extension 'colcon_pkg'
[0.183s] colcon.colcon_core.package_identification Level 1 _identify(src/ros2_controllers/gripper_controllers) by extensions ['colcon_meta']
[0.183s] colcon.colcon_core.package_identification Level 1 _identify(src/ros2_controllers/gripper_controllers) by extension 'colcon_meta'
[0.183s] colcon.colcon_core.package_identification Level 1 _identify(src/ros2_controllers/gripper_controllers) by extensions ['ros']
[0.183s] colcon.colcon_core.package_identification Level 1 _identify(src/ros2_controllers/gripper_controllers) by extension 'ros'
[0.184s] colcon.colcon_core.package_identification DEBUG Package 'src/ros2_controllers/gripper_controllers' with type 'ros.ament_cmake' and name 'gripper_controllers'
[0.184s] colcon.colcon_core.package_identification Level 1 _identify(src/ros2_controllers/imu_sensor_broadcaster) by extensions ['ignore', 'ignore_ament_install']
[0.184s] colcon.colcon_core.package_identification Level 1 _identify(src/ros2_controllers/imu_sensor_broadcaster) by extension 'ignore'
[0.184s] colcon.colcon_core.package_identification Level 1 _identify(src/ros2_controllers/imu_sensor_broadcaster) by extension 'ignore_ament_install'
[0.184s] colcon.colcon_core.package_identification Level 1 _identify(src/ros2_controllers/imu_sensor_broadcaster) by extensions ['colcon_pkg']
[0.184s] colcon.colcon_core.package_identification Level 1 _identify(src/ros2_controllers/imu_sensor_broadcaster) by extension 'colcon_pkg'
[0.184s] colcon.colcon_core.package_identification Level 1 _identify(src/ros2_controllers/imu_sensor_broadcaster) by extensions ['colcon_meta']
[0.184s] colcon.colcon_core.package_identification Level 1 _identify(src/ros2_controllers/imu_sensor_broadcaster) by extension 'colcon_meta'
[0.184s] colcon.colcon_core.package_identification Level 1 _identify(src/ros2_controllers/imu_sensor_broadcaster) by extensions ['ros']
[0.184s] colcon.colcon_core.package_identification Level 1 _identify(src/ros2_controllers/imu_sensor_broadcaster) by extension 'ros'
[0.185s] colcon.colcon_core.package_identification DEBUG Package 'src/ros2_controllers/imu_sensor_broadcaster' with type 'ros.ament_cmake' and name 'imu_sensor_broadcaster'
[0.185s] colcon.colcon_core.package_identification Level 1 _identify(src/ros2_controllers/joint_state_broadcaster) by extensions ['ignore', 'ignore_ament_install']
[0.185s] colcon.colcon_core.package_identification Level 1 _identify(src/ros2_controllers/joint_state_broadcaster) by extension 'ignore'
[0.185s] colcon.colcon_core.package_identification Level 1 _identify(src/ros2_controllers/joint_state_broadcaster) by extension 'ignore_ament_install'
[0.185s] colcon.colcon_core.package_identification Level 1 _identify(src/ros2_controllers/joint_state_broadcaster) by extensions ['colcon_pkg']
[0.185s] colcon.colcon_core.package_identification Level 1 _identify(src/ros2_controllers/joint_state_broadcaster) by extension 'colcon_pkg'
[0.185s] colcon.colcon_core.package_identification Level 1 _identify(src/ros2_controllers/joint_state_broadcaster) by extensions ['colcon_meta']
[0.185s] colcon.colcon_core.package_identification Level 1 _identify(src/ros2_controllers/joint_state_broadcaster) by extension 'colcon_meta'
[0.185s] colcon.colcon_core.package_identification Level 1 _identify(src/ros2_controllers/joint_state_broadcaster) by extensions ['ros']
[0.185s] colcon.colcon_core.package_identification Level 1 _identify(src/ros2_controllers/joint_state_broadcaster) by extension 'ros'
[0.186s] colcon.colcon_core.package_identification DEBUG Package 'src/ros2_controllers/joint_state_broadcaster' with type 'ros.ament_cmake' and name 'joint_state_broadcaster'
[0.186s] colcon.colcon_core.package_identification Level 1 _identify(src/ros2_controllers/joint_trajectory_controller) by extensions ['ignore', 'ignore_ament_install']
[0.186s] colcon.colcon_core.package_identification Level 1 _identify(src/ros2_controllers/joint_trajectory_controller) by extension 'ignore'
[0.186s] colcon.colcon_core.package_identification Level 1 _identify(src/ros2_controllers/joint_trajectory_controller) by extension 'ignore_ament_install'
[0.186s] colcon.colcon_core.package_identification Level 1 _identify(src/ros2_controllers/joint_trajectory_controller) by extensions ['colcon_pkg']
[0.186s] colcon.colcon_core.package_identification Level 1 _identify(src/ros2_controllers/joint_trajectory_controller) by extension 'colcon_pkg'
[0.186s] colcon.colcon_core.package_identification Level 1 _identify(src/ros2_controllers/joint_trajectory_controller) by extensions ['colcon_meta']
[0.186s] colcon.colcon_core.package_identification Level 1 _identify(src/ros2_controllers/joint_trajectory_controller) by extension 'colcon_meta'
[0.186s] colcon.colcon_core.package_identification Level 1 _identify(src/ros2_controllers/joint_trajectory_controller) by extensions ['ros']
[0.186s] colcon.colcon_core.package_identification Level 1 _identify(src/ros2_controllers/joint_trajectory_controller) by extension 'ros'
[0.187s] colcon.colcon_core.package_identification DEBUG Package 'src/ros2_controllers/joint_trajectory_controller' with type 'ros.ament_cmake' and name 'joint_trajectory_controller'
[0.187s] colcon.colcon_core.package_identification Level 1 _identify(src/ros2_controllers/mecanum_drive_controller) by extensions ['ignore', 'ignore_ament_install']
[0.187s] colcon.colcon_core.package_identification Level 1 _identify(src/ros2_controllers/mecanum_drive_controller) by extension 'ignore'
[0.187s] colcon.colcon_core.package_identification Level 1 _identify(src/ros2_controllers/mecanum_drive_controller) by extension 'ignore_ament_install'
[0.187s] colcon.colcon_core.package_identification Level 1 _identify(src/ros2_controllers/mecanum_drive_controller) by extensions ['colcon_pkg']
[0.187s] colcon.colcon_core.package_identification Level 1 _identify(src/ros2_controllers/mecanum_drive_controller) by extension 'colcon_pkg'
[0.187s] colcon.colcon_core.package_identification Level 1 _identify(src/ros2_controllers/mecanum_drive_controller) by extensions ['colcon_meta']
[0.187s] colcon.colcon_core.package_identification Level 1 _identify(src/ros2_controllers/mecanum_drive_controller) by extension 'colcon_meta'
[0.187s] colcon.colcon_core.package_identification Level 1 _identify(src/ros2_controllers/mecanum_drive_controller) by extensions ['ros']
[0.187s] colcon.colcon_core.package_identification Level 1 _identify(src/ros2_controllers/mecanum_drive_controller) by extension 'ros'
[0.189s] colcon.colcon_core.package_identification DEBUG Package 'src/ros2_controllers/mecanum_drive_controller' with type 'ros.ament_cmake' and name 'mecanum_drive_controller'
[0.189s] colcon.colcon_core.package_identification Level 1 _identify(src/ros2_controllers/pid_controller) by extensions ['ignore', 'ignore_ament_install']
[0.189s] colcon.colcon_core.package_identification Level 1 _identify(src/ros2_controllers/pid_controller) by extension 'ignore'
[0.189s] colcon.colcon_core.package_identification Level 1 _identify(src/ros2_controllers/pid_controller) by extension 'ignore_ament_install'
[0.189s] colcon.colcon_core.package_identification Level 1 _identify(src/ros2_controllers/pid_controller) by extensions ['colcon_pkg']
[0.189s] colcon.colcon_core.package_identification Level 1 _identify(src/ros2_controllers/pid_controller) by extension 'colcon_pkg'
[0.189s] colcon.colcon_core.package_identification Level 1 _identify(src/ros2_controllers/pid_controller) by extensions ['colcon_meta']
[0.189s] colcon.colcon_core.package_identification Level 1 _identify(src/ros2_controllers/pid_controller) by extension 'colcon_meta'
[0.189s] colcon.colcon_core.package_identification Level 1 _identify(src/ros2_controllers/pid_controller) by extensions ['ros']
[0.189s] colcon.colcon_core.package_identification Level 1 _identify(src/ros2_controllers/pid_controller) by extension 'ros'
[0.190s] colcon.colcon_core.package_identification DEBUG Package 'src/ros2_controllers/pid_controller' with type 'ros.ament_cmake' and name 'pid_controller'
[0.191s] colcon.colcon_core.package_identification Level 1 _identify(src/ros2_controllers/pose_broadcaster) by extensions ['ignore', 'ignore_ament_install']
[0.191s] colcon.colcon_core.package_identification Level 1 _identify(src/ros2_controllers/pose_broadcaster) by extension 'ignore'
[0.191s] colcon.colcon_core.package_identification Level 1 _identify(src/ros2_controllers/pose_broadcaster) by extension 'ignore_ament_install'
[0.191s] colcon.colcon_core.package_identification Level 1 _identify(src/ros2_controllers/pose_broadcaster) by extensions ['colcon_pkg']
[0.191s] colcon.colcon_core.package_identification Level 1 _identify(src/ros2_controllers/pose_broadcaster) by extension 'colcon_pkg'
[0.191s] colcon.colcon_core.package_identification Level 1 _identify(src/ros2_controllers/pose_broadcaster) by extensions ['colcon_meta']
[0.191s] colcon.colcon_core.package_identification Level 1 _identify(src/ros2_controllers/pose_broadcaster) by extension 'colcon_meta'
[0.191s] colcon.colcon_core.package_identification Level 1 _identify(src/ros2_controllers/pose_broadcaster) by extensions ['ros']
[0.191s] colcon.colcon_core.package_identification Level 1 _identify(src/ros2_controllers/pose_broadcaster) by extension 'ros'
[0.192s] colcon.colcon_core.package_identification DEBUG Package 'src/ros2_controllers/pose_broadcaster' with type 'ros.ament_cmake' and name 'pose_broadcaster'
[0.192s] colcon.colcon_core.package_identification Level 1 _identify(src/ros2_controllers/position_controllers) by extensions ['ignore', 'ignore_ament_install']
[0.192s] colcon.colcon_core.package_identification Level 1 _identify(src/ros2_controllers/position_controllers) by extension 'ignore'
[0.192s] colcon.colcon_core.package_identification Level 1 _identify(src/ros2_controllers/position_controllers) by extension 'ignore_ament_install'
[0.192s] colcon.colcon_core.package_identification Level 1 _identify(src/ros2_controllers/position_controllers) by extensions ['colcon_pkg']
[0.192s] colcon.colcon_core.package_identification Level 1 _identify(src/ros2_controllers/position_controllers) by extension 'colcon_pkg'
[0.192s] colcon.colcon_core.package_identification Level 1 _identify(src/ros2_controllers/position_controllers) by extensions ['colcon_meta']
[0.192s] colcon.colcon_core.package_identification Level 1 _identify(src/ros2_controllers/position_controllers) by extension 'colcon_meta'
[0.192s] colcon.colcon_core.package_identification Level 1 _identify(src/ros2_controllers/position_controllers) by extensions ['ros']
[0.192s] colcon.colcon_core.package_identification Level 1 _identify(src/ros2_controllers/position_controllers) by extension 'ros'
[0.192s] colcon.colcon_core.package_identification DEBUG Package 'src/ros2_controllers/position_controllers' with type 'ros.ament_cmake' and name 'position_controllers'
[0.192s] colcon.colcon_core.package_identification Level 1 _identify(src/ros2_controllers/range_sensor_broadcaster) by extensions ['ignore', 'ignore_ament_install']
[0.193s] colcon.colcon_core.package_identification Level 1 _identify(src/ros2_controllers/range_sensor_broadcaster) by extension 'ignore'
[0.193s] colcon.colcon_core.package_identification Level 1 _identify(src/ros2_controllers/range_sensor_broadcaster) by extension 'ignore_ament_install'
[0.193s] colcon.colcon_core.package_identification Level 1 _identify(src/ros2_controllers/range_sensor_broadcaster) by extensions ['colcon_pkg']
[0.193s] colcon.colcon_core.package_identification Level 1 _identify(src/ros2_controllers/range_sensor_broadcaster) by extension 'colcon_pkg'
[0.193s] colcon.colcon_core.package_identification Level 1 _identify(src/ros2_controllers/range_sensor_broadcaster) by extensions ['colcon_meta']
[0.193s] colcon.colcon_core.package_identification Level 1 _identify(src/ros2_controllers/range_sensor_broadcaster) by extension 'colcon_meta'
[0.193s] colcon.colcon_core.package_identification Level 1 _identify(src/ros2_controllers/range_sensor_broadcaster) by extensions ['ros']
[0.193s] colcon.colcon_core.package_identification Level 1 _identify(src/ros2_controllers/range_sensor_broadcaster) by extension 'ros'
[0.194s] colcon.colcon_core.package_identification DEBUG Package 'src/ros2_controllers/range_sensor_broadcaster' with type 'ros.ament_cmake' and name 'range_sensor_broadcaster'
[0.194s] colcon.colcon_core.package_identification Level 1 _identify(src/ros2_controllers/ros2_controllers) by extensions ['ignore', 'ignore_ament_install']
[0.194s] colcon.colcon_core.package_identification Level 1 _identify(src/ros2_controllers/ros2_controllers) by extension 'ignore'
[0.194s] colcon.colcon_core.package_identification Level 1 _identify(src/ros2_controllers/ros2_controllers) by extension 'ignore_ament_install'
[0.194s] colcon.colcon_core.package_identification Level 1 _identify(src/ros2_controllers/ros2_controllers) by extensions ['colcon_pkg']
[0.194s] colcon.colcon_core.package_identification Level 1 _identify(src/ros2_controllers/ros2_controllers) by extension 'colcon_pkg'
[0.194s] colcon.colcon_core.package_identification Level 1 _identify(src/ros2_controllers/ros2_controllers) by extensions ['colcon_meta']
[0.194s] colcon.colcon_core.package_identification Level 1 _identify(src/ros2_controllers/ros2_controllers) by extension 'colcon_meta'
[0.194s] colcon.colcon_core.package_identification Level 1 _identify(src/ros2_controllers/ros2_controllers) by extensions ['ros']
[0.194s] colcon.colcon_core.package_identification Level 1 _identify(src/ros2_controllers/ros2_controllers) by extension 'ros'
[0.194s] colcon.colcon_core.package_identification DEBUG Package 'src/ros2_controllers/ros2_controllers' with type 'ros.ament_cmake' and name 'ros2_controllers'
[0.194s] colcon.colcon_core.package_identification Level 1 _identify(src/ros2_controllers/ros2_controllers_test_nodes) by extensions ['ignore', 'ignore_ament_install']
[0.194s] colcon.colcon_core.package_identification Level 1 _identify(src/ros2_controllers/ros2_controllers_test_nodes) by extension 'ignore'
[0.195s] colcon.colcon_core.package_identification Level 1 _identify(src/ros2_controllers/ros2_controllers_test_nodes) by extension 'ignore_ament_install'
[0.195s] colcon.colcon_core.package_identification Level 1 _identify(src/ros2_controllers/ros2_controllers_test_nodes) by extensions ['colcon_pkg']
[0.195s] colcon.colcon_core.package_identification Level 1 _identify(src/ros2_controllers/ros2_controllers_test_nodes) by extension 'colcon_pkg'
[0.195s] colcon.colcon_core.package_identification Level 1 _identify(src/ros2_controllers/ros2_controllers_test_nodes) by extensions ['colcon_meta']
[0.195s] colcon.colcon_core.package_identification Level 1 _identify(src/ros2_controllers/ros2_controllers_test_nodes) by extension 'colcon_meta'
[0.195s] colcon.colcon_core.package_identification Level 1 _identify(src/ros2_controllers/ros2_controllers_test_nodes) by extensions ['ros']
[0.195s] colcon.colcon_core.package_identification Level 1 _identify(src/ros2_controllers/ros2_controllers_test_nodes) by extension 'ros'
[0.195s] colcon.colcon_core.package_identification DEBUG Package 'src/ros2_controllers/ros2_controllers_test_nodes' with type 'ros.ament_python' and name 'ros2_controllers_test_nodes'
[0.195s] colcon.colcon_core.package_identification Level 1 _identify(src/ros2_controllers/rqt_joint_trajectory_controller) by extensions ['ignore', 'ignore_ament_install']
[0.195s] colcon.colcon_core.package_identification Level 1 _identify(src/ros2_controllers/rqt_joint_trajectory_controller) by extension 'ignore'
[0.195s] colcon.colcon_core.package_identification Level 1 _identify(src/ros2_controllers/rqt_joint_trajectory_controller) by extension 'ignore_ament_install'
[0.195s] colcon.colcon_core.package_identification Level 1 _identify(src/ros2_controllers/rqt_joint_trajectory_controller) by extensions ['colcon_pkg']
[0.195s] colcon.colcon_core.package_identification Level 1 _identify(src/ros2_controllers/rqt_joint_trajectory_controller) by extension 'colcon_pkg'
[0.195s] colcon.colcon_core.package_identification Level 1 _identify(src/ros2_controllers/rqt_joint_trajectory_controller) by extensions ['colcon_meta']
[0.195s] colcon.colcon_core.package_identification Level 1 _identify(src/ros2_controllers/rqt_joint_trajectory_controller) by extension 'colcon_meta'
[0.195s] colcon.colcon_core.package_identification Level 1 _identify(src/ros2_controllers/rqt_joint_trajectory_controller) by extensions ['ros']
[0.195s] colcon.colcon_core.package_identification Level 1 _identify(src/ros2_controllers/rqt_joint_trajectory_controller) by extension 'ros'
[0.196s] colcon.colcon_core.package_identification DEBUG Package 'src/ros2_controllers/rqt_joint_trajectory_controller' with type 'ros.ament_python' and name 'rqt_joint_trajectory_controller'
[0.196s] colcon.colcon_core.package_identification Level 1 _identify(src/ros2_controllers/steering_controllers_library) by extensions ['ignore', 'ignore_ament_install']
[0.196s] colcon.colcon_core.package_identification Level 1 _identify(src/ros2_controllers/steering_controllers_library) by extension 'ignore'
[0.196s] colcon.colcon_core.package_identification Level 1 _identify(src/ros2_controllers/steering_controllers_library) by extension 'ignore_ament_install'
[0.196s] colcon.colcon_core.package_identification Level 1 _identify(src/ros2_controllers/steering_controllers_library) by extensions ['colcon_pkg']
[0.196s] colcon.colcon_core.package_identification Level 1 _identify(src/ros2_controllers/steering_controllers_library) by extension 'colcon_pkg'
[0.196s] colcon.colcon_core.package_identification Level 1 _identify(src/ros2_controllers/steering_controllers_library) by extensions ['colcon_meta']
[0.196s] colcon.colcon_core.package_identification Level 1 _identify(src/ros2_controllers/steering_controllers_library) by extension 'colcon_meta'
[0.196s] colcon.colcon_core.package_identification Level 1 _identify(src/ros2_controllers/steering_controllers_library) by extensions ['ros']
[0.196s] colcon.colcon_core.package_identification Level 1 _identify(src/ros2_controllers/steering_controllers_library) by extension 'ros'
[0.197s] colcon.colcon_core.package_identification DEBUG Package 'src/ros2_controllers/steering_controllers_library' with type 'ros.ament_cmake' and name 'steering_controllers_library'
[0.197s] colcon.colcon_core.package_identification Level 1 _identify(src/ros2_controllers/tricycle_controller) by extensions ['ignore', 'ignore_ament_install']
[0.197s] colcon.colcon_core.package_identification Level 1 _identify(src/ros2_controllers/tricycle_controller) by extension 'ignore'
[0.197s] colcon.colcon_core.package_identification Level 1 _identify(src/ros2_controllers/tricycle_controller) by extension 'ignore_ament_install'
[0.197s] colcon.colcon_core.package_identification Level 1 _identify(src/ros2_controllers/tricycle_controller) by extensions ['colcon_pkg']
[0.197s] colcon.colcon_core.package_identification Level 1 _identify(src/ros2_controllers/tricycle_controller) by extension 'colcon_pkg'
[0.197s] colcon.colcon_core.package_identification Level 1 _identify(src/ros2_controllers/tricycle_controller) by extensions ['colcon_meta']
[0.197s] colcon.colcon_core.package_identification Level 1 _identify(src/ros2_controllers/tricycle_controller) by extension 'colcon_meta'
[0.197s] colcon.colcon_core.package_identification Level 1 _identify(src/ros2_controllers/tricycle_controller) by extensions ['ros']
[0.197s] colcon.colcon_core.package_identification Level 1 _identify(src/ros2_controllers/tricycle_controller) by extension 'ros'
[0.198s] colcon.colcon_core.package_identification DEBUG Package 'src/ros2_controllers/tricycle_controller' with type 'ros.ament_cmake' and name 'tricycle_controller'
[0.199s] colcon.colcon_core.package_identification Level 1 _identify(src/ros2_controllers/tricycle_steering_controller) by extensions ['ignore', 'ignore_ament_install']
[0.199s] colcon.colcon_core.package_identification Level 1 _identify(src/ros2_controllers/tricycle_steering_controller) by extension 'ignore'
[0.199s] colcon.colcon_core.package_identification Level 1 _identify(src/ros2_controllers/tricycle_steering_controller) by extension 'ignore_ament_install'
[0.199s] colcon.colcon_core.package_identification Level 1 _identify(src/ros2_controllers/tricycle_steering_controller) by extensions ['colcon_pkg']
[0.199s] colcon.colcon_core.package_identification Level 1 _identify(src/ros2_controllers/tricycle_steering_controller) by extension 'colcon_pkg'
[0.199s] colcon.colcon_core.package_identification Level 1 _identify(src/ros2_controllers/tricycle_steering_controller) by extensions ['colcon_meta']
[0.199s] colcon.colcon_core.package_identification Level 1 _identify(src/ros2_controllers/tricycle_steering_controller) by extension 'colcon_meta'
[0.199s] colcon.colcon_core.package_identification Level 1 _identify(src/ros2_controllers/tricycle_steering_controller) by extensions ['ros']
[0.199s] colcon.colcon_core.package_identification Level 1 _identify(src/ros2_controllers/tricycle_steering_controller) by extension 'ros'
[0.199s] colcon.colcon_core.package_identification DEBUG Package 'src/ros2_controllers/tricycle_steering_controller' with type 'ros.ament_cmake' and name 'tricycle_steering_controller'
[0.200s] colcon.colcon_core.package_identification Level 1 _identify(src/ros2_controllers/velocity_controllers) by extensions ['ignore', 'ignore_ament_install']
[0.200s] colcon.colcon_core.package_identification Level 1 _identify(src/ros2_controllers/velocity_controllers) by extension 'ignore'
[0.200s] colcon.colcon_core.package_identification Level 1 _identify(src/ros2_controllers/velocity_controllers) by extension 'ignore_ament_install'
[0.200s] colcon.colcon_core.package_identification Level 1 _identify(src/ros2_controllers/velocity_controllers) by extensions ['colcon_pkg']
[0.200s] colcon.colcon_core.package_identification Level 1 _identify(src/ros2_controllers/velocity_controllers) by extension 'colcon_pkg'
[0.200s] colcon.colcon_core.package_identification Level 1 _identify(src/ros2_controllers/velocity_controllers) by extensions ['colcon_meta']
[0.200s] colcon.colcon_core.package_identification Level 1 _identify(src/ros2_controllers/velocity_controllers) by extension 'colcon_meta'
[0.200s] colcon.colcon_core.package_identification Level 1 _identify(src/ros2_controllers/velocity_controllers) by extensions ['ros']
[0.200s] colcon.colcon_core.package_identification Level 1 _identify(src/ros2_controllers/velocity_controllers) by extension 'ros'
[0.200s] colcon.colcon_core.package_identification DEBUG Package 'src/ros2_controllers/velocity_controllers' with type 'ros.ament_cmake' and name 'velocity_controllers'
[0.200s] colcon.colcon_core.package_discovery Level 1 discover_packages(recursive) using defaults
[0.200s] colcon.colcon_core.package_discovery Level 1 discover_packages(ignore) discover
[0.201s] colcon.colcon_core.package_discovery Level 1 discover_packages(ignore) using defaults
[0.201s] colcon.colcon_core.package_discovery Level 1 discover_packages(path) discover
[0.201s] colcon.colcon_core.package_discovery Level 1 discover_packages(path) using defaults
[0.227s] colcon.colcon_core.package_selection INFO Skipping not selected package 'controller_manager_msgs' in 'src/ros2_control/controller_manager_msgs'
[0.227s] colcon.colcon_core.package_selection INFO Skipping not selected package 'g1_package' in 'g1_package'
[0.227s] colcon.colcon_core.package_selection INFO Skipping not selected package 'joint_limits' in 'src/ros2_control/joint_limits'
[0.227s] colcon.colcon_core.package_selection INFO Skipping not selected package 'ros2_controllers_test_nodes' in 'src/ros2_controllers/ros2_controllers_test_nodes'
[0.227s] colcon.colcon_core.package_selection INFO Skipping not selected package 'g1_gazebo_sim' in 'g1_gazebo_sim'
[0.227s] colcon.colcon_core.package_selection INFO Skipping not selected package 'hardware_interface' in 'src/ros2_control/hardware_interface'
[0.227s] colcon.colcon_core.package_selection INFO Skipping not selected package 'rqt_joint_trajectory_controller' in 'src/ros2_controllers/rqt_joint_trajectory_controller'
[0.227s] colcon.colcon_core.package_selection INFO Skipping not selected package 'controller_interface' in 'src/ros2_control/controller_interface'
[0.227s] colcon.colcon_core.package_selection INFO Skipping not selected package 'hardware_interface_testing' in 'src/ros2_control/hardware_interface_testing'
[0.227s] colcon.colcon_core.package_selection INFO Skipping not selected package 'transmission_interface' in 'src/ros2_control/transmission_interface'
[0.227s] colcon.colcon_core.package_selection INFO Skipping not selected package 'controller_manager' in 'src/ros2_control/controller_manager'
[0.227s] colcon.colcon_core.package_selection INFO Skipping not selected package 'admittance_controller' in 'src/ros2_controllers/admittance_controller'
[0.227s] colcon.colcon_core.package_selection INFO Skipping not selected package 'diff_drive_controller' in 'src/ros2_controllers/diff_drive_controller'
[0.227s] colcon.colcon_core.package_selection INFO Skipping not selected package 'force_torque_sensor_broadcaster' in 'src/ros2_controllers/force_torque_sensor_broadcaster'
[0.227s] colcon.colcon_core.package_selection INFO Skipping not selected package 'forward_command_controller' in 'src/ros2_controllers/forward_command_controller'
[0.227s] colcon.colcon_core.package_selection INFO Skipping not selected package 'gpio_controllers' in 'src/ros2_controllers/gpio_controllers'
[0.227s] colcon.colcon_core.package_selection INFO Skipping not selected package 'gripper_controllers' in 'src/ros2_controllers/gripper_controllers'
[0.227s] colcon.colcon_core.package_selection INFO Skipping not selected package 'imu_sensor_broadcaster' in 'src/ros2_controllers/imu_sensor_broadcaster'
[0.227s] colcon.colcon_core.package_selection INFO Skipping not selected package 'mecanum_drive_controller' in 'src/ros2_controllers/mecanum_drive_controller'
[0.227s] colcon.colcon_core.package_selection INFO Skipping not selected package 'pid_controller' in 'src/ros2_controllers/pid_controller'
[0.227s] colcon.colcon_core.package_selection INFO Skipping not selected package 'pose_broadcaster' in 'src/ros2_controllers/pose_broadcaster'
[0.227s] colcon.colcon_core.package_selection INFO Skipping not selected package 'range_sensor_broadcaster' in 'src/ros2_controllers/range_sensor_broadcaster'
[0.227s] colcon.colcon_core.package_selection INFO Skipping not selected package 'ros2controlcli' in 'src/ros2_control/ros2controlcli'
[0.227s] colcon.colcon_core.package_selection INFO Skipping not selected package 'rqt_controller_manager' in 'src/ros2_control/rqt_controller_manager'
[0.227s] colcon.colcon_core.package_selection INFO Skipping not selected package 'steering_controllers_library' in 'src/ros2_controllers/steering_controllers_library'
[0.227s] colcon.colcon_core.package_selection INFO Skipping not selected package 'tricycle_controller' in 'src/ros2_controllers/tricycle_controller'
[0.227s] colcon.colcon_core.package_selection INFO Skipping not selected package 'ackermann_steering_controller' in 'src/ros2_controllers/ackermann_steering_controller'
[0.227s] colcon.colcon_core.package_selection INFO Skipping not selected package 'bicycle_steering_controller' in 'src/ros2_controllers/bicycle_steering_controller'
[0.227s] colcon.colcon_core.package_selection INFO Skipping not selected package 'effort_controllers' in 'src/ros2_controllers/effort_controllers'
[0.227s] colcon.colcon_core.package_selection INFO Skipping not selected package 'g1_controller' in 'g1_controller'
[0.227s] colcon.colcon_core.package_selection INFO Skipping not selected package 'position_controllers' in 'src/ros2_controllers/position_controllers'
[0.227s] colcon.colcon_core.package_selection INFO Skipping not selected package 'ros2_control' in 'src/ros2_control/ros2_control'
[0.227s] colcon.colcon_core.package_selection INFO Skipping not selected package 'tricycle_steering_controller' in 'src/ros2_controllers/tricycle_steering_controller'
[0.227s] colcon.colcon_core.package_selection INFO Skipping not selected package 'velocity_controllers' in 'src/ros2_controllers/velocity_controllers'
[0.227s] colcon.colcon_core.package_selection INFO Skipping not selected package 'ros2_controllers' in 'src/ros2_controllers/ros2_controllers'
[0.228s] colcon.colcon_core.verb Level 5 set package 'ros2_control_test_assets' build argument 'cmake_args' from command line to 'None'
[0.228s] colcon.colcon_core.verb Level 5 set package 'ros2_control_test_assets' build argument 'cmake_target' from command line to 'None'
[0.228s] colcon.colcon_core.verb Level 5 set package 'ros2_control_test_assets' build argument 'cmake_target_skip_unavailable' from command line to 'False'
[0.228s] colcon.colcon_core.verb Level 5 set package 'ros2_control_test_assets' build argument 'cmake_clean_cache' from command line to 'False'
[0.228s] colcon.colcon_core.verb Level 5 set package 'ros2_control_test_assets' build argument 'cmake_clean_first' from command line to 'False'
[0.228s] colcon.colcon_core.verb Level 5 set package 'ros2_control_test_assets' build argument 'cmake_force_configure' from command line to 'False'
[0.228s] colcon.colcon_core.verb Level 5 set package 'ros2_control_test_assets' build argument 'ament_cmake_args' from command line to 'None'
[0.228s] colcon.colcon_core.verb Level 5 set package 'ros2_control_test_assets' build argument 'catkin_cmake_args' from command line to 'None'
[0.228s] colcon.colcon_core.verb Level 5 set package 'ros2_control_test_assets' build argument 'catkin_skip_building_tests' from command line to 'False'
[0.228s] colcon.colcon_core.verb DEBUG Building package 'ros2_control_test_assets' with the following arguments: {'ament_cmake_args': None, 'build_base': '/home/irman/ROS2_Humanoid_VLA/build/ros2_control_test_assets', 'catkin_cmake_args': None, 'catkin_skip_building_tests': False, 'cmake_args': None, 'cmake_clean_cache': False, 'cmake_clean_first': False, 'cmake_force_configure': False, 'cmake_target': None, 'cmake_target_skip_unavailable': False, 'install_base': '/home/irman/ROS2_Humanoid_VLA/install/ros2_control_test_assets', 'merge_install': False, 'path': '/home/irman/ROS2_Humanoid_VLA/src/ros2_control/ros2_control_test_assets', 'symlink_install': True, 'test_result_base': None}
[0.228s] colcon.colcon_core.verb Level 5 set package 'joint_state_broadcaster' build argument 'cmake_args' from command line to 'None'
[0.228s] colcon.colcon_core.verb Level 5 set package 'joint_state_broadcaster' build argument 'cmake_target' from command line to 'None'
[0.228s] colcon.colcon_core.verb Level 5 set package 'joint_state_broadcaster' build argument 'cmake_target_skip_unavailable' from command line to 'False'
[0.228s] colcon.colcon_core.verb Level 5 set package 'joint_state_broadcaster' build argument 'cmake_clean_cache' from command line to 'False'
[0.228s] colcon.colcon_core.verb Level 5 set package 'joint_state_broadcaster' build argument 'cmake_clean_first' from command line to 'False'
[0.228s] colcon.colcon_core.verb Level 5 set package 'joint_state_broadcaster' build argument 'cmake_force_configure' from command line to 'False'
[0.228s] colcon.colcon_core.verb Level 5 set package 'joint_state_broadcaster' build argument 'ament_cmake_args' from command line to 'None'
[0.228s] colcon.colcon_core.verb Level 5 set package 'joint_state_broadcaster' build argument 'catkin_cmake_args' from command line to 'None'
[0.228s] colcon.colcon_core.verb Level 5 set package 'joint_state_broadcaster' build argument 'catkin_skip_building_tests' from command line to 'False'
[0.228s] colcon.colcon_core.verb DEBUG Building package 'joint_state_broadcaster' with the following arguments: {'ament_cmake_args': None, 'build_base': '/home/irman/ROS2_Humanoid_VLA/build/joint_state_broadcaster', 'catkin_cmake_args': None, 'catkin_skip_building_tests': False, 'cmake_args': None, 'cmake_clean_cache': False, 'cmake_clean_first': False, 'cmake_force_configure': False, 'cmake_target': None, 'cmake_target_skip_unavailable': False, 'install_base': '/home/irman/ROS2_Humanoid_VLA/install/joint_state_broadcaster', 'merge_install': False, 'path': '/home/irman/ROS2_Humanoid_VLA/src/ros2_controllers/joint_state_broadcaster', 'symlink_install': True, 'test_result_base': None}
[0.228s] colcon.colcon_core.verb Level 5 set package 'joint_trajectory_controller' build argument 'cmake_args' from command line to 'None'
[0.228s] colcon.colcon_core.verb Level 5 set package 'joint_trajectory_controller' build argument 'cmake_target' from command line to 'None'
[0.228s] colcon.colcon_core.verb Level 5 set package 'joint_trajectory_controller' build argument 'cmake_target_skip_unavailable' from command line to 'False'
[0.228s] colcon.colcon_core.verb Level 5 set package 'joint_trajectory_controller' build argument 'cmake_clean_cache' from command line to 'False'
[0.228s] colcon.colcon_core.verb Level 5 set package 'joint_trajectory_controller' build argument 'cmake_clean_first' from command line to 'False'
[0.228s] colcon.colcon_core.verb Level 5 set package 'joint_trajectory_controller' build argument 'cmake_force_configure' from command line to 'False'
[0.228s] colcon.colcon_core.verb Level 5 set package 'joint_trajectory_controller' build argument 'ament_cmake_args' from command line to 'None'
[0.228s] colcon.colcon_core.verb Level 5 set package 'joint_trajectory_controller' build argument 'catkin_cmake_args' from command line to 'None'
[0.228s] colcon.colcon_core.verb Level 5 set package 'joint_trajectory_controller' build argument 'catkin_skip_building_tests' from command line to 'False'
[0.228s] colcon.colcon_core.verb DEBUG Building package 'joint_trajectory_controller' with the following arguments: {'ament_cmake_args': None, 'build_base': '/home/irman/ROS2_Humanoid_VLA/build/joint_trajectory_controller', 'catkin_cmake_args': None, 'catkin_skip_building_tests': False, 'cmake_args': None, 'cmake_clean_cache': False, 'cmake_clean_first': False, 'cmake_force_configure': False, 'cmake_target': None, 'cmake_target_skip_unavailable': False, 'install_base': '/home/irman/ROS2_Humanoid_VLA/install/joint_trajectory_controller', 'merge_install': False, 'path': '/home/irman/ROS2_Humanoid_VLA/src/ros2_controllers/joint_trajectory_controller', 'symlink_install': True, 'test_result_base': None}
[0.229s] colcon.colcon_core.executor INFO Executing jobs using 'parallel' executor
[0.229s] colcon.colcon_parallel_executor.executor.parallel DEBUG run_until_complete
[0.230s] colcon.colcon_ros.task.ament_cmake.build INFO Building ROS package in '/home/irman/ROS2_Humanoid_VLA/src/ros2_control/ros2_control_test_assets' with build type 'ament_cmake'
[0.230s] colcon.colcon_cmake.task.cmake.build INFO Building CMake package in '/home/irman/ROS2_Humanoid_VLA/src/ros2_control/ros2_control_test_assets'
[0.232s] colcon.colcon_core.plugin_system INFO Skipping extension 'colcon_core.shell.bat': Not used on non-Windows systems
[0.232s] colcon.colcon_core.shell INFO Skip shell extension 'powershell' for command environment: Not usable outside of PowerShell
[0.232s] colcon.colcon_core.shell DEBUG Skip shell extension 'dsv' for command environment
[0.239s] colcon.colcon_core.event_handler.log_command DEBUG Invoking command in '/home/irman/ROS2_Humanoid_VLA/build/ros2_control_test_assets': CONDA_PROMPT_MODIFIER=(ros2_env) DEBUGINFOD_URLS=https://debuginfod.ubuntu.com /home/irman/micromamba/envs/ros2_env/bin/cmake /home/irman/ROS2_Humanoid_VLA/src/ros2_control/ros2_control_test_assets -DAMENT_CMAKE_SYMLINK_INSTALL=1 -DCMAKE_INSTALL_PREFIX=/home/irman/ROS2_Humanoid_VLA/install/ros2_control_test_assets
[0.817s] colcon.colcon_core.event_handler.log_command DEBUG Invoked command in '/home/irman/ROS2_Humanoid_VLA/build/ros2_control_test_assets' returned '0': CONDA_PROMPT_MODIFIER=(ros2_env) DEBUGINFOD_URLS=https://debuginfod.ubuntu.com /home/irman/micromamba/envs/ros2_env/bin/cmake /home/irman/ROS2_Humanoid_VLA/src/ros2_control/ros2_control_test_assets -DAMENT_CMAKE_SYMLINK_INSTALL=1 -DCMAKE_INSTALL_PREFIX=/home/irman/ROS2_Humanoid_VLA/install/ros2_control_test_assets
[0.819s] colcon.colcon_core.event_handler.log_command DEBUG Invoking command in '/home/irman/ROS2_Humanoid_VLA/build/ros2_control_test_assets': CONDA_PROMPT_MODIFIER=(ros2_env) DEBUGINFOD_URLS=https://debuginfod.ubuntu.com /home/irman/micromamba/envs/ros2_env/bin/cmake --build /home/irman/ROS2_Humanoid_VLA/build/ros2_control_test_assets -- -j16 -l16
[0.850s] colcon.colcon_core.event_handler.log_command DEBUG Invoked command in '/home/irman/ROS2_Humanoid_VLA/build/ros2_control_test_assets' returned '0': CONDA_PROMPT_MODIFIER=(ros2_env) DEBUGINFOD_URLS=https://debuginfod.ubuntu.com /home/irman/micromamba/envs/ros2_env/bin/cmake --build /home/irman/ROS2_Humanoid_VLA/build/ros2_control_test_assets -- -j16 -l16
[0.859s] colcon.colcon_core.event_handler.log_command DEBUG Invoking command in '/home/irman/ROS2_Humanoid_VLA/build/ros2_control_test_assets': CONDA_PROMPT_MODIFIER=(ros2_env) DEBUGINFOD_URLS=https://debuginfod.ubuntu.com /home/irman/micromamba/envs/ros2_env/bin/cmake --install /home/irman/ROS2_Humanoid_VLA/build/ros2_control_test_assets
[0.992s] colcon.colcon_core.environment Level 1 create_environment_scripts_only(ros2_control_test_assets)
[0.993s] colcon.colcon_core.event_handler.log_command DEBUG Invoked command in '/home/irman/ROS2_Humanoid_VLA/build/ros2_control_test_assets' returned '0': CONDA_PROMPT_MODIFIER=(ros2_env) DEBUGINFOD_URLS=https://debuginfod.ubuntu.com /home/irman/micromamba/envs/ros2_env/bin/cmake --install /home/irman/ROS2_Humanoid_VLA/build/ros2_control_test_assets
[0.994s] colcon.colcon_core.environment Level 1 checking '/home/irman/ROS2_Humanoid_VLA/install/ros2_control_test_assets' for CMake module files
[0.995s] colcon.colcon_core.environment Level 1 checking '/home/irman/ROS2_Humanoid_VLA/install/ros2_control_test_assets' for CMake config files
[0.995s] colcon.colcon_core.shell Level 1 create_environment_hook('ros2_control_test_assets', 'cmake_prefix_path')
[0.995s] colcon.colcon_core.shell INFO Creating environment hook '/home/irman/ROS2_Humanoid_VLA/install/ros2_control_test_assets/share/ros2_control_test_assets/hook/cmake_prefix_path.ps1'
[0.995s] colcon.colcon_core.shell INFO Creating environment descriptor '/home/irman/ROS2_Humanoid_VLA/install/ros2_control_test_assets/share/ros2_control_test_assets/hook/cmake_prefix_path.dsv'
[0.996s] colcon.colcon_core.shell INFO Creating environment hook '/home/irman/ROS2_Humanoid_VLA/install/ros2_control_test_assets/share/ros2_control_test_assets/hook/cmake_prefix_path.sh'
[0.996s] colcon.colcon_core.environment Level 1 checking '/home/irman/ROS2_Humanoid_VLA/install/ros2_control_test_assets/bin'
[0.996s] colcon.colcon_core.environment Level 1 checking '/home/irman/ROS2_Humanoid_VLA/install/ros2_control_test_assets/lib/pkgconfig/ros2_control_test_assets.pc'
[0.997s] colcon.colcon_core.environment Level 1 checking '/home/irman/ROS2_Humanoid_VLA/install/ros2_control_test_assets/lib/python3.11/site-packages'
[0.997s] colcon.colcon_core.environment Level 1 checking '/home/irman/ROS2_Humanoid_VLA/install/ros2_control_test_assets/bin'
[0.997s] colcon.colcon_core.shell INFO Creating package script '/home/irman/ROS2_Humanoid_VLA/install/ros2_control_test_assets/share/ros2_control_test_assets/package.ps1'
[0.998s] colcon.colcon_core.shell INFO Creating package descriptor '/home/irman/ROS2_Humanoid_VLA/install/ros2_control_test_assets/share/ros2_control_test_assets/package.dsv'
[0.998s] colcon.colcon_core.shell INFO Creating package script '/home/irman/ROS2_Humanoid_VLA/install/ros2_control_test_assets/share/ros2_control_test_assets/package.sh'
[1.013s] colcon.colcon_core.shell INFO Creating package script '/home/irman/ROS2_Humanoid_VLA/install/ros2_control_test_assets/share/ros2_control_test_assets/package.bash'
[1.013s] colcon.colcon_core.shell INFO Creating package script '/home/irman/ROS2_Humanoid_VLA/install/ros2_control_test_assets/share/ros2_control_test_assets/package.zsh'
[1.013s] colcon.colcon_core.environment Level 1 create_file_with_runtime_dependencies(/home/irman/ROS2_Humanoid_VLA/install/ros2_control_test_assets/share/colcon-core/packages/ros2_control_test_assets)
[1.014s] colcon.colcon_core.environment Level 1 create_environment_scripts_only(ros2_control_test_assets)
[1.014s] colcon.colcon_core.environment Level 1 checking '/home/irman/ROS2_Humanoid_VLA/install/ros2_control_test_assets' for CMake module files
[1.014s] colcon.colcon_core.environment Level 1 checking '/home/irman/ROS2_Humanoid_VLA/install/ros2_control_test_assets' for CMake config files
[1.014s] colcon.colcon_core.shell Level 1 create_environment_hook('ros2_control_test_assets', 'cmake_prefix_path')
[1.015s] colcon.colcon_core.shell INFO Creating environment hook '/home/irman/ROS2_Humanoid_VLA/install/ros2_control_test_assets/share/ros2_control_test_assets/hook/cmake_prefix_path.ps1'
[1.015s] colcon.colcon_core.shell INFO Creating environment descriptor '/home/irman/ROS2_Humanoid_VLA/install/ros2_control_test_assets/share/ros2_control_test_assets/hook/cmake_prefix_path.dsv'
[1.015s] colcon.colcon_core.shell INFO Creating environment hook '/home/irman/ROS2_Humanoid_VLA/install/ros2_control_test_assets/share/ros2_control_test_assets/hook/cmake_prefix_path.sh'
[1.015s] colcon.colcon_core.environment Level 1 checking '/home/irman/ROS2_Humanoid_VLA/install/ros2_control_test_assets/bin'
[1.015s] colcon.colcon_core.environment Level 1 checking '/home/irman/ROS2_Humanoid_VLA/install/ros2_control_test_assets/lib/pkgconfig/ros2_control_test_assets.pc'
[1.016s] colcon.colcon_core.environment Level 1 checking '/home/irman/ROS2_Humanoid_VLA/install/ros2_control_test_assets/lib/python3.11/site-packages'
[1.016s] colcon.colcon_core.environment Level 1 checking '/home/irman/ROS2_Humanoid_VLA/install/ros2_control_test_assets/bin'
[1.016s] colcon.colcon_core.shell INFO Creating package script '/home/irman/ROS2_Humanoid_VLA/install/ros2_control_test_assets/share/ros2_control_test_assets/package.ps1'
[1.016s] colcon.colcon_core.shell INFO Creating package descriptor '/home/irman/ROS2_Humanoid_VLA/install/ros2_control_test_assets/share/ros2_control_test_assets/package.dsv'
[1.016s] colcon.colcon_core.shell INFO Creating package script '/home/irman/ROS2_Humanoid_VLA/install/ros2_control_test_assets/share/ros2_control_test_assets/package.sh'
[1.017s] colcon.colcon_core.shell INFO Creating package script '/home/irman/ROS2_Humanoid_VLA/install/ros2_control_test_assets/share/ros2_control_test_assets/package.bash'
[1.017s] colcon.colcon_core.shell INFO Creating package script '/home/irman/ROS2_Humanoid_VLA/install/ros2_control_test_assets/share/ros2_control_test_assets/package.zsh'
[1.017s] colcon.colcon_core.environment Level 1 create_file_with_runtime_dependencies(/home/irman/ROS2_Humanoid_VLA/install/ros2_control_test_assets/share/colcon-core/packages/ros2_control_test_assets)
[1.017s] colcon.colcon_ros.task.ament_cmake.build INFO Building ROS package in '/home/irman/ROS2_Humanoid_VLA/src/ros2_controllers/joint_state_broadcaster' with build type 'ament_cmake'
[1.017s] colcon.colcon_cmake.task.cmake.build INFO Building CMake package in '/home/irman/ROS2_Humanoid_VLA/src/ros2_controllers/joint_state_broadcaster'
[1.018s] colcon.colcon_core.shell INFO Skip shell extension 'powershell' for command environment: Not usable outside of PowerShell
[1.018s] colcon.colcon_core.shell DEBUG Skip shell extension 'dsv' for command environment
[1.019s] colcon.colcon_core.shell WARNING The following packages are in the workspace but haven't been built:
- controller_manager_msgs
- hardware_interface
- controller_interface
- controller_manager
They are being used from the following locations instead:
- /home/irman/micromamba/envs/ros2_env
- /home/irman/micromamba/envs/ros2_env
- /home/irman/micromamba/envs/ros2_env
- /home/irman/micromamba/envs/ros2_env
To suppress this warning ignore these packages in the workspace:
--packages-ignore controller_manager_msgs hardware_interface controller_interface controller_manager
[1.019s] colcon.colcon_cmake.task.cmake.build ERROR Failed to find the following files:
- /home/irman/ROS2_Humanoid_VLA/install/hardware_interface_testing/share/hardware_interface_testing/package.sh
Check that the following packages have been built:
- hardware_interface_testing
[1.020s] colcon.colcon_core.environment Level 1 create_environment_scripts_only(joint_state_broadcaster)
[1.020s] colcon.colcon_core.environment Level 1 checking '/home/irman/ROS2_Humanoid_VLA/install/joint_state_broadcaster' for CMake module files
[1.020s] colcon.colcon_core.environment Level 1 checking '/home/irman/ROS2_Humanoid_VLA/install/joint_state_broadcaster' for CMake config files
[1.020s] colcon.colcon_core.environment Level 1 checking '/home/irman/ROS2_Humanoid_VLA/install/joint_state_broadcaster/bin'
[1.020s] colcon.colcon_core.environment Level 1 checking '/home/irman/ROS2_Humanoid_VLA/install/joint_state_broadcaster/lib/pkgconfig/joint_state_broadcaster.pc'
[1.020s] colcon.colcon_core.environment Level 1 checking '/home/irman/ROS2_Humanoid_VLA/install/joint_state_broadcaster/lib/python3.11/site-packages'
[1.020s] colcon.colcon_core.environment Level 1 checking '/home/irman/ROS2_Humanoid_VLA/install/joint_state_broadcaster/bin'
[1.021s] colcon.colcon_core.shell INFO Creating package script '/home/irman/ROS2_Humanoid_VLA/install/joint_state_broadcaster/share/joint_state_broadcaster/package.ps1'
[1.021s] colcon.colcon_core.shell INFO Creating package descriptor '/home/irman/ROS2_Humanoid_VLA/install/joint_state_broadcaster/share/joint_state_broadcaster/package.dsv'
[1.021s] colcon.colcon_core.shell INFO Creating package script '/home/irman/ROS2_Humanoid_VLA/install/joint_state_broadcaster/share/joint_state_broadcaster/package.sh'
[1.021s] colcon.colcon_core.shell INFO Creating package script '/home/irman/ROS2_Humanoid_VLA/install/joint_state_broadcaster/share/joint_state_broadcaster/package.bash'
[1.022s] colcon.colcon_core.shell INFO Creating package script '/home/irman/ROS2_Humanoid_VLA/install/joint_state_broadcaster/share/joint_state_broadcaster/package.zsh'
[1.022s] colcon.colcon_core.environment Level 1 create_file_with_runtime_dependencies(/home/irman/ROS2_Humanoid_VLA/install/joint_state_broadcaster/share/colcon-core/packages/joint_state_broadcaster)
[1.022s] colcon.colcon_ros.task.ament_cmake.build INFO Building ROS package in '/home/irman/ROS2_Humanoid_VLA/src/ros2_controllers/joint_trajectory_controller' with build type 'ament_cmake'
[1.022s] colcon.colcon_cmake.task.cmake.build INFO Building CMake package in '/home/irman/ROS2_Humanoid_VLA/src/ros2_controllers/joint_trajectory_controller'
[1.022s] colcon.colcon_core.shell INFO Skip shell extension 'powershell' for command environment: Not usable outside of PowerShell
[1.022s] colcon.colcon_core.shell DEBUG Skip shell extension 'dsv' for command environment
[1.024s] colcon.colcon_core.shell WARNING The following packages are in the workspace but haven't been built:
- controller_manager_msgs
- hardware_interface
- controller_interface
- controller_manager
They are being used from the following locations instead:
- /home/irman/micromamba/envs/ros2_env
- /home/irman/micromamba/envs/ros2_env
- /home/irman/micromamba/envs/ros2_env
- /home/irman/micromamba/envs/ros2_env
To suppress this warning ignore these packages in the workspace:
--packages-ignore controller_manager_msgs hardware_interface controller_interface controller_manager
[1.024s] colcon.colcon_cmake.task.cmake.build ERROR Failed to find the following files:
- /home/irman/ROS2_Humanoid_VLA/install/hardware_interface_testing/share/hardware_interface_testing/package.sh
Check that the following packages have been built:
- hardware_interface_testing
[1.036s] colcon.colcon_parallel_executor.executor.parallel DEBUG closing loop
[1.036s] colcon.colcon_parallel_executor.executor.parallel DEBUG loop closed
[1.036s] colcon.colcon_parallel_executor.executor.parallel DEBUG run_until_complete finished with '1'
[1.036s] colcon.colcon_core.event_reactor DEBUG joining thread
[1.037s] colcon.colcon_core.event_reactor DEBUG joined thread
[1.037s] colcon.colcon_core.shell INFO Creating prefix script '/home/irman/ROS2_Humanoid_VLA/install/local_setup.ps1'
[1.038s] colcon.colcon_core.shell INFO Creating prefix util module '/home/irman/ROS2_Humanoid_VLA/install/_local_setup_util_ps1.py'
[1.038s] colcon.colcon_core.shell INFO Creating prefix chain script '/home/irman/ROS2_Humanoid_VLA/install/setup.ps1'
[1.039s] colcon.colcon_core.shell INFO Creating prefix script '/home/irman/ROS2_Humanoid_VLA/install/local_setup.sh'
[1.039s] colcon.colcon_core.shell INFO Creating prefix util module '/home/irman/ROS2_Humanoid_VLA/install/_local_setup_util_sh.py'
[1.040s] colcon.colcon_core.shell INFO Creating prefix chain script '/home/irman/ROS2_Humanoid_VLA/install/setup.sh'
[1.040s] colcon.colcon_core.shell INFO Creating prefix script '/home/irman/ROS2_Humanoid_VLA/install/local_setup.bash'
[1.040s] colcon.colcon_core.shell INFO Creating prefix chain script '/home/irman/ROS2_Humanoid_VLA/install/setup.bash'
[1.041s] colcon.colcon_core.shell INFO Creating prefix script '/home/irman/ROS2_Humanoid_VLA/install/local_setup.zsh'
[1.041s] colcon.colcon_core.shell INFO Creating prefix chain script '/home/irman/ROS2_Humanoid_VLA/install/setup.zsh'
