-- Install configuration: ""
-- Up-to-date: /home/irman/ROS2_Humanoid_VLA/install/g1_package/share/g1_package/launch
-- Up-to-date: /home/irman/ROS2_Humanoid_VLA/install/g1_package/share/g1_package/launch/g1_robot.launch.xml
-- Up-to-date: /home/irman/ROS2_Humanoid_VLA/install/g1_package/share/g1_package/meshes
-- Up-to-date: /home/irman/ROS2_Humanoid_VLA/install/g1_package/share/g1_package/meshes/right_rubber_hand.STL
-- Up-to-date: /home/irman/ROS2_Humanoid_VLA/install/g1_package/share/g1_package/meshes/right_hand_thumb_1_link.STL
-- Up-to-date: /home/irman/ROS2_Humanoid_VLA/install/g1_package/share/g1_package/meshes/left_hip_pitch_link.STL
-- Up-to-date: /home/irman/ROS2_Humanoid_VLA/install/g1_package/share/g1_package/meshes/torso_link_rev_1_0.STL
-- Up-to-date: /home/irman/ROS2_Humanoid_VLA/install/g1_package/share/g1_package/meshes/waist_constraint_R.STL
-- Up-to-date: /home/irman/ROS2_Humanoid_VLA/install/g1_package/share/g1_package/meshes/left_hand_thumb_2_link.STL
-- Up-to-date: /home/irman/ROS2_Humanoid_VLA/install/g1_package/share/g1_package/meshes/waist_support_link.STL
-- Up-to-date: /home/irman/ROS2_Humanoid_VLA/install/g1_package/share/g1_package/meshes/torso_constraint_R_link.STL
-- Up-to-date: /home/irman/ROS2_Humanoid_VLA/install/g1_package/share/g1_package/meshes/torso_link_23dof_rev_1_0.STL
-- Up-to-date: /home/irman/ROS2_Humanoid_VLA/install/g1_package/share/g1_package/meshes/waist_roll_link_rev_1_0.STL
-- Up-to-date: /home/irman/ROS2_Humanoid_VLA/install/g1_package/share/g1_package/meshes/right_hand_middle_1_link.STL
-- Up-to-date: /home/irman/ROS2_Humanoid_VLA/install/g1_package/share/g1_package/meshes/right_hand_index_1_link.STL
-- Up-to-date: /home/irman/ROS2_Humanoid_VLA/install/g1_package/share/g1_package/meshes/left_hand_middle_1_link.STL
-- Up-to-date: /home/irman/ROS2_Humanoid_VLA/install/g1_package/share/g1_package/meshes/left_ankle_roll_link.STL
-- Up-to-date: /home/irman/ROS2_Humanoid_VLA/install/g1_package/share/g1_package/meshes/left_hand_middle_0_link.STL
-- Up-to-date: /home/irman/ROS2_Humanoid_VLA/install/g1_package/share/g1_package/meshes/right_hand_thumb_2_link.STL
-- Up-to-date: /home/irman/ROS2_Humanoid_VLA/install/g1_package/share/g1_package/meshes/left_ankle_pitch_link.STL
-- Up-to-date: /home/irman/ROS2_Humanoid_VLA/install/g1_package/share/g1_package/meshes/right_elbow_link.STL
-- Up-to-date: /home/irman/ROS2_Humanoid_VLA/install/g1_package/share/g1_package/meshes/torso_link.STL
-- Up-to-date: /home/irman/ROS2_Humanoid_VLA/install/g1_package/share/g1_package/meshes/right_hand_thumb_0_link.STL
-- Up-to-date: /home/irman/ROS2_Humanoid_VLA/install/g1_package/share/g1_package/meshes/left_shoulder_pitch_link.STL
-- Up-to-date: /home/irman/ROS2_Humanoid_VLA/install/g1_package/share/g1_package/meshes/pelvis.STL
-- Up-to-date: /home/irman/ROS2_Humanoid_VLA/install/g1_package/share/g1_package/meshes/left_hand_thumb_1_link.STL
-- Up-to-date: /home/irman/ROS2_Humanoid_VLA/install/g1_package/share/g1_package/meshes/left_knee_link.STL
-- Up-to-date: /home/irman/ROS2_Humanoid_VLA/install/g1_package/share/g1_package/meshes/right_hand_middle_0_link.STL
-- Up-to-date: /home/irman/ROS2_Humanoid_VLA/install/g1_package/share/g1_package/meshes/left_shoulder_roll_link.STL
-- Up-to-date: /home/irman/ROS2_Humanoid_VLA/install/g1_package/share/g1_package/meshes/right_shoulder_yaw_link.STL
-- Up-to-date: /home/irman/ROS2_Humanoid_VLA/install/g1_package/share/g1_package/meshes/right_shoulder_pitch_link.STL
-- Up-to-date: /home/irman/ROS2_Humanoid_VLA/install/g1_package/share/g1_package/meshes/torso_constraint_L_link.STL
-- Up-to-date: /home/irman/ROS2_Humanoid_VLA/install/g1_package/share/g1_package/meshes/left_shoulder_yaw_link.STL
-- Up-to-date: /home/irman/ROS2_Humanoid_VLA/install/g1_package/share/g1_package/meshes/right_knee_link.STL
-- Up-to-date: /home/irman/ROS2_Humanoid_VLA/install/g1_package/share/g1_package/meshes/left_hand_thumb_0_link.STL
-- Up-to-date: /home/irman/ROS2_Humanoid_VLA/install/g1_package/share/g1_package/meshes/waist_yaw_link.STL
-- Up-to-date: /home/irman/ROS2_Humanoid_VLA/install/g1_package/share/g1_package/meshes/waist_yaw_link_rev_1_0.STL
-- Up-to-date: /home/irman/ROS2_Humanoid_VLA/install/g1_package/share/g1_package/meshes/left_hand_index_0_link.STL
-- Up-to-date: /home/irman/ROS2_Humanoid_VLA/install/g1_package/share/g1_package/meshes/right_wrist_yaw_link.STL
-- Up-to-date: /home/irman/ROS2_Humanoid_VLA/install/g1_package/share/g1_package/meshes/torso_constraint_L_rod_link.STL
-- Up-to-date: /home/irman/ROS2_Humanoid_VLA/install/g1_package/share/g1_package/meshes/right_hand_palm_link.STL
-- Up-to-date: /home/irman/ROS2_Humanoid_VLA/install/g1_package/share/g1_package/meshes/waist_constraint_L.STL
-- Up-to-date: /home/irman/ROS2_Humanoid_VLA/install/g1_package/share/g1_package/meshes/left_hand_index_1_link.STL
-- Up-to-date: /home/irman/ROS2_Humanoid_VLA/install/g1_package/share/g1_package/meshes/left_hand_palm_link.STL
-- Up-to-date: /home/irman/ROS2_Humanoid_VLA/install/g1_package/share/g1_package/meshes/right_hip_roll_link.STL
-- Up-to-date: /home/irman/ROS2_Humanoid_VLA/install/g1_package/share/g1_package/meshes/right_ankle_pitch_link.STL
-- Up-to-date: /home/irman/ROS2_Humanoid_VLA/install/g1_package/share/g1_package/meshes/right_hip_pitch_link.STL
-- Up-to-date: /home/irman/ROS2_Humanoid_VLA/install/g1_package/share/g1_package/meshes/head_link.STL
-- Up-to-date: /home/irman/ROS2_Humanoid_VLA/install/g1_package/share/g1_package/meshes/left_wrist_roll_rubber_hand.STL
-- Up-to-date: /home/irman/ROS2_Humanoid_VLA/install/g1_package/share/g1_package/meshes/right_wrist_roll_link.STL
-- Up-to-date: /home/irman/ROS2_Humanoid_VLA/install/g1_package/share/g1_package/meshes/torso_constraint_R_rod_link.STL
-- Up-to-date: /home/irman/ROS2_Humanoid_VLA/install/g1_package/share/g1_package/meshes/left_elbow_link.STL
-- Up-to-date: /home/irman/ROS2_Humanoid_VLA/install/g1_package/share/g1_package/meshes/pelvis_contour_link.STL
-- Up-to-date: /home/irman/ROS2_Humanoid_VLA/install/g1_package/share/g1_package/meshes/left_hip_yaw_link.STL
-- Up-to-date: /home/irman/ROS2_Humanoid_VLA/install/g1_package/share/g1_package/meshes/left_wrist_roll_link.STL
-- Up-to-date: /home/irman/ROS2_Humanoid_VLA/install/g1_package/share/g1_package/meshes/logo_link.STL
-- Up-to-date: /home/irman/ROS2_Humanoid_VLA/install/g1_package/share/g1_package/meshes/left_wrist_pitch_link.STL
-- Up-to-date: /home/irman/ROS2_Humanoid_VLA/install/g1_package/share/g1_package/meshes/right_ankle_roll_link.STL
-- Up-to-date: /home/irman/ROS2_Humanoid_VLA/install/g1_package/share/g1_package/meshes/right_hip_yaw_link.STL
-- Up-to-date: /home/irman/ROS2_Humanoid_VLA/install/g1_package/share/g1_package/meshes/right_shoulder_roll_link.STL
-- Up-to-date: /home/irman/ROS2_Humanoid_VLA/install/g1_package/share/g1_package/meshes/left_hip_roll_link.STL
-- Up-to-date: /home/irman/ROS2_Humanoid_VLA/install/g1_package/share/g1_package/meshes/waist_roll_link.STL
-- Up-to-date: /home/irman/ROS2_Humanoid_VLA/install/g1_package/share/g1_package/meshes/left_rubber_hand.STL
-- Up-to-date: /home/irman/ROS2_Humanoid_VLA/install/g1_package/share/g1_package/meshes/left_wrist_yaw_link.STL
-- Up-to-date: /home/irman/ROS2_Humanoid_VLA/install/g1_package/share/g1_package/meshes/right_wrist_roll_rubber_hand.STL
-- Up-to-date: /home/irman/ROS2_Humanoid_VLA/install/g1_package/share/g1_package/meshes/right_hand_index_0_link.STL
-- Up-to-date: /home/irman/ROS2_Humanoid_VLA/install/g1_package/share/g1_package/meshes/right_wrist_pitch_link.STL
-- Up-to-date: /home/irman/ROS2_Humanoid_VLA/install/g1_package/share/g1_package/urdf
-- Up-to-date: /home/irman/ROS2_Humanoid_VLA/install/g1_package/share/g1_package/urdf/g1_29dof_gazebo.urdf
-- Up-to-date: /home/irman/ROS2_Humanoid_VLA/install/g1_package/share/g1_package/urdf/g1.rviz
-- Up-to-date: /home/irman/ROS2_Humanoid_VLA/install/g1_package/share/g1_package/urdf/g1_29dof.urdf
-- Installing: /home/irman/ROS2_Humanoid_VLA/install/g1_package/share/g1_package/urdf/g1_29dof_ros2_control.urdf
-- Up-to-date: /home/irman/ROS2_Humanoid_VLA/install/g1_package/share/ament_index/resource_index/package_run_dependencies/g1_package
-- Up-to-date: /home/irman/ROS2_Humanoid_VLA/install/g1_package/share/ament_index/resource_index/parent_prefix_path/g1_package
-- Up-to-date: /home/irman/ROS2_Humanoid_VLA/install/g1_package/share/g1_package/environment/ament_prefix_path.sh
-- Up-to-date: /home/irman/ROS2_Humanoid_VLA/install/g1_package/share/g1_package/environment/ament_prefix_path.dsv
-- Up-to-date: /home/irman/ROS2_Humanoid_VLA/install/g1_package/share/g1_package/environment/path.sh
-- Up-to-date: /home/irman/ROS2_Humanoid_VLA/install/g1_package/share/g1_package/environment/path.dsv
-- Up-to-date: /home/irman/ROS2_Humanoid_VLA/install/g1_package/share/g1_package/local_setup.bash
-- Up-to-date: /home/irman/ROS2_Humanoid_VLA/install/g1_package/share/g1_package/local_setup.sh
-- Up-to-date: /home/irman/ROS2_Humanoid_VLA/install/g1_package/share/g1_package/local_setup.zsh
-- Up-to-date: /home/irman/ROS2_Humanoid_VLA/install/g1_package/share/g1_package/local_setup.dsv
-- Up-to-date: /home/irman/ROS2_Humanoid_VLA/install/g1_package/share/g1_package/package.dsv
-- Up-to-date: /home/irman/ROS2_Humanoid_VLA/install/g1_package/share/ament_index/resource_index/packages/g1_package
-- Up-to-date: /home/irman/ROS2_Humanoid_VLA/install/g1_package/share/g1_package/cmake/g1_packageConfig.cmake
-- Up-to-date: /home/irman/ROS2_Humanoid_VLA/install/g1_package/share/g1_package/cmake/g1_packageConfig-version.cmake
-- Up-to-date: /home/irman/ROS2_Humanoid_VLA/install/g1_package/share/g1_package/package.xml
