[0.123s] colcon DEBUG Command line arguments: ['/home/irman/micromamba/envs/ros2_env/bin/colcon', 'build', '--packages-select', 'joint_state_broadcaster', 'joint_trajectory_controller', '--symlink-install']
[0.123s] colcon DEBUG Parsed command line arguments: Namespace(log_base=None, log_level=None, verb_name='build', build_base='build', install_base='install', merge_install=False, symlink_install=True, test_result_base=None, continue_on_error=False, executor='parallel', parallel_workers=16, event_handlers=None, ignore_user_meta=False, metas=['./colcon.meta'], base_paths=['.'], packages_ignore=None, packages_ignore_regex=None, paths=None, packages_up_to=None, packages_up_to_regex=None, packages_above=None, packages_above_and_dependencies=None, packages_above_depth=None, packages_select_by_dep=None, packages_skip_by_dep=None, packages_skip_up_to=None, packages_select_build_failed=False, packages_skip_build_finished=False, packages_select_test_failures=False, packages_skip_test_passed=False, packages_select=['joint_state_broadcaster', 'joint_trajectory_controller'], packages_skip=None, packages_select_regex=None, packages_skip_regex=None, packages_start=None, packages_end=None, cmake_args=None, cmake_target=None, cmake_target_skip_unavailable=False, cmake_clean_cache=False, cmake_clean_first=False, cmake_force_configure=False, ament_cmake_args=None, catkin_cmake_args=None, catkin_skip_building_tests=False, verb_parser=<colcon_defaults.argument_parser.defaults.DefaultArgumentsDecorator object at 0x74ca097742d0>, verb_extension=<colcon_core.verb.build.BuildVerb object at 0x74ca0975b510>, main=<bound method BuildVerb.main of <colcon_core.verb.build.BuildVerb object at 0x74ca0975b510>>)
[0.152s] colcon.colcon_core.package_discovery Level 1 discover_packages(colcon_meta) check parameters
[0.152s] colcon.colcon_core.package_discovery Level 1 discover_packages(recursive) check parameters
[0.152s] colcon.colcon_core.package_discovery Level 1 discover_packages(ignore) check parameters
[0.152s] colcon.colcon_core.package_discovery Level 1 discover_packages(path) check parameters
[0.152s] colcon.colcon_core.package_discovery Level 1 discover_packages(colcon_meta) discover
[0.152s] colcon.colcon_core.package_discovery Level 1 discover_packages(recursive) discover
[0.152s] colcon.colcon_core.package_discovery INFO Crawling recursively for packages in '/home/irman/ROS2_Humanoid_VLA'
[0.153s] colcon.colcon_core.package_identification Level 1 _identify(.) by extensions ['ignore', 'ignore_ament_install']
[0.153s] colcon.colcon_core.package_identification Level 1 _identify(.) by extension 'ignore'
[0.153s] colcon.colcon_core.package_identification Level 1 _identify(.) by extension 'ignore_ament_install'
[0.153s] colcon.colcon_core.package_identification Level 1 _identify(.) by extensions ['colcon_pkg']
[0.153s] colcon.colcon_core.package_identification Level 1 _identify(.) by extension 'colcon_pkg'
[0.153s] colcon.colcon_core.package_identification Level 1 _identify(.) by extensions ['colcon_meta']
[0.153s] colcon.colcon_core.package_identification Level 1 _identify(.) by extension 'colcon_meta'
[0.153s] colcon.colcon_core.package_identification Level 1 _identify(.) by extensions ['ros']
[0.153s] colcon.colcon_core.package_identification Level 1 _identify(.) by extension 'ros'
[0.175s] colcon.colcon_core.package_identification Level 1 _identify(.) by extensions ['cmake', 'python']
[0.175s] colcon.colcon_core.package_identification Level 1 _identify(.) by extension 'cmake'
[0.175s] colcon.colcon_core.package_identification Level 1 _identify(.) by extension 'python'
[0.175s] colcon.colcon_core.package_identification Level 1 _identify(.) by extensions ['python_setup_py']
[0.175s] colcon.colcon_core.package_identification Level 1 _identify(.) by extension 'python_setup_py'
[0.175s] colcon.colcon_core.package_identification Level 1 _identify(build) by extensions ['ignore', 'ignore_ament_install']
[0.175s] colcon.colcon_core.package_identification Level 1 _identify(build) by extension 'ignore'
[0.175s] colcon.colcon_core.package_identification Level 1 _identify(build) ignored
[0.175s] colcon.colcon_core.package_identification Level 1 _identify(g1_controller) by extensions ['ignore', 'ignore_ament_install']
[0.175s] colcon.colcon_core.package_identification Level 1 _identify(g1_controller) by extension 'ignore'
[0.175s] colcon.colcon_core.package_identification Level 1 _identify(g1_controller) by extension 'ignore_ament_install'
[0.175s] colcon.colcon_core.package_identification Level 1 _identify(g1_controller) by extensions ['colcon_pkg']
[0.175s] colcon.colcon_core.package_identification Level 1 _identify(g1_controller) by extension 'colcon_pkg'
[0.175s] colcon.colcon_core.package_identification Level 1 _identify(g1_controller) by extensions ['colcon_meta']
[0.175s] colcon.colcon_core.package_identification Level 1 _identify(g1_controller) by extension 'colcon_meta'
[0.175s] colcon.colcon_core.package_identification Level 1 _identify(g1_controller) by extensions ['ros']
[0.175s] colcon.colcon_core.package_identification Level 1 _identify(g1_controller) by extension 'ros'
[0.178s] colcon.colcon_core.package_identification DEBUG Package 'g1_controller' with type 'ros.ament_cmake' and name 'g1_controller'
[0.178s] colcon.colcon_core.package_identification Level 1 _identify(g1_gazebo_sim) by extensions ['ignore', 'ignore_ament_install']
[0.178s] colcon.colcon_core.package_identification Level 1 _identify(g1_gazebo_sim) by extension 'ignore'
[0.178s] colcon.colcon_core.package_identification Level 1 _identify(g1_gazebo_sim) by extension 'ignore_ament_install'
[0.178s] colcon.colcon_core.package_identification Level 1 _identify(g1_gazebo_sim) by extensions ['colcon_pkg']
[0.178s] colcon.colcon_core.package_identification Level 1 _identify(g1_gazebo_sim) by extension 'colcon_pkg'
[0.178s] colcon.colcon_core.package_identification Level 1 _identify(g1_gazebo_sim) by extensions ['colcon_meta']
[0.178s] colcon.colcon_core.package_identification Level 1 _identify(g1_gazebo_sim) by extension 'colcon_meta'
[0.178s] colcon.colcon_core.package_identification Level 1 _identify(g1_gazebo_sim) by extensions ['ros']
[0.178s] colcon.colcon_core.package_identification Level 1 _identify(g1_gazebo_sim) by extension 'ros'
[0.179s] colcon.colcon_core.package_identification DEBUG Package 'g1_gazebo_sim' with type 'ros.ament_cmake' and name 'g1_gazebo_sim'
[0.179s] colcon.colcon_core.package_identification Level 1 _identify(g1_package) by extensions ['ignore', 'ignore_ament_install']
[0.179s] colcon.colcon_core.package_identification Level 1 _identify(g1_package) by extension 'ignore'
[0.179s] colcon.colcon_core.package_identification Level 1 _identify(g1_package) by extension 'ignore_ament_install'
[0.179s] colcon.colcon_core.package_identification Level 1 _identify(g1_package) by extensions ['colcon_pkg']
[0.179s] colcon.colcon_core.package_identification Level 1 _identify(g1_package) by extension 'colcon_pkg'
[0.179s] colcon.colcon_core.package_identification Level 1 _identify(g1_package) by extensions ['colcon_meta']
[0.179s] colcon.colcon_core.package_identification Level 1 _identify(g1_package) by extension 'colcon_meta'
[0.179s] colcon.colcon_core.package_identification Level 1 _identify(g1_package) by extensions ['ros']
[0.179s] colcon.colcon_core.package_identification Level 1 _identify(g1_package) by extension 'ros'
[0.180s] colcon.colcon_core.package_identification DEBUG Package 'g1_package' with type 'ros.ament_cmake' and name 'g1_package'
[0.180s] colcon.colcon_core.package_identification Level 1 _identify(install) by extensions ['ignore', 'ignore_ament_install']
[0.181s] colcon.colcon_core.package_identification Level 1 _identify(install) by extension 'ignore'
[0.181s] colcon.colcon_core.package_identification Level 1 _identify(install) ignored
[0.181s] colcon.colcon_core.package_identification Level 1 _identify(log) by extensions ['ignore', 'ignore_ament_install']
[0.181s] colcon.colcon_core.package_identification Level 1 _identify(log) by extension 'ignore'
[0.181s] colcon.colcon_core.package_identification Level 1 _identify(log) ignored
[0.181s] colcon.colcon_core.package_identification Level 1 _identify(src) by extensions ['ignore', 'ignore_ament_install']
[0.181s] colcon.colcon_core.package_identification Level 1 _identify(src) by extension 'ignore'
[0.181s] colcon.colcon_core.package_identification Level 1 _identify(src) by extension 'ignore_ament_install'
[0.181s] colcon.colcon_core.package_identification Level 1 _identify(src) by extensions ['colcon_pkg']
[0.181s] colcon.colcon_core.package_identification Level 1 _identify(src) by extension 'colcon_pkg'
[0.181s] colcon.colcon_core.package_identification Level 1 _identify(src) by extensions ['colcon_meta']
[0.181s] colcon.colcon_core.package_identification Level 1 _identify(src) by extension 'colcon_meta'
[0.181s] colcon.colcon_core.package_identification Level 1 _identify(src) by extensions ['ros']
[0.181s] colcon.colcon_core.package_identification Level 1 _identify(src) by extension 'ros'
[0.181s] colcon.colcon_core.package_identification Level 1 _identify(src) by extensions ['cmake', 'python']
[0.181s] colcon.colcon_core.package_identification Level 1 _identify(src) by extension 'cmake'
[0.181s] colcon.colcon_core.package_identification Level 1 _identify(src) by extension 'python'
[0.181s] colcon.colcon_core.package_identification Level 1 _identify(src) by extensions ['python_setup_py']
[0.181s] colcon.colcon_core.package_identification Level 1 _identify(src) by extension 'python_setup_py'
[0.181s] colcon.colcon_core.package_identification Level 1 _identify(src/ros2_control) by extensions ['ignore', 'ignore_ament_install']
[0.181s] colcon.colcon_core.package_identification Level 1 _identify(src/ros2_control) by extension 'ignore'
[0.181s] colcon.colcon_core.package_identification Level 1 _identify(src/ros2_control) by extension 'ignore_ament_install'
[0.181s] colcon.colcon_core.package_identification Level 1 _identify(src/ros2_control) by extensions ['colcon_pkg']
[0.181s] colcon.colcon_core.package_identification Level 1 _identify(src/ros2_control) by extension 'colcon_pkg'
[0.181s] colcon.colcon_core.package_identification Level 1 _identify(src/ros2_control) by extensions ['colcon_meta']
[0.181s] colcon.colcon_core.package_identification Level 1 _identify(src/ros2_control) by extension 'colcon_meta'
[0.181s] colcon.colcon_core.package_identification Level 1 _identify(src/ros2_control) by extensions ['ros']
[0.182s] colcon.colcon_core.package_identification Level 1 _identify(src/ros2_control) by extension 'ros'
[0.182s] colcon.colcon_core.package_identification Level 1 _identify(src/ros2_control) by extensions ['cmake', 'python']
[0.182s] colcon.colcon_core.package_identification Level 1 _identify(src/ros2_control) by extension 'cmake'
[0.182s] colcon.colcon_core.package_identification Level 1 _identify(src/ros2_control) by extension 'python'
[0.182s] colcon.colcon_core.package_identification Level 1 _identify(src/ros2_control) by extensions ['python_setup_py']
[0.182s] colcon.colcon_core.package_identification Level 1 _identify(src/ros2_control) by extension 'python_setup_py'
[0.182s] colcon.colcon_core.package_identification Level 1 _identify(src/ros2_control/controller_interface) by extensions ['ignore', 'ignore_ament_install']
[0.182s] colcon.colcon_core.package_identification Level 1 _identify(src/ros2_control/controller_interface) by extension 'ignore'
[0.182s] colcon.colcon_core.package_identification Level 1 _identify(src/ros2_control/controller_interface) by extension 'ignore_ament_install'
[0.182s] colcon.colcon_core.package_identification Level 1 _identify(src/ros2_control/controller_interface) by extensions ['colcon_pkg']
[0.182s] colcon.colcon_core.package_identification Level 1 _identify(src/ros2_control/controller_interface) by extension 'colcon_pkg'
[0.182s] colcon.colcon_core.package_identification Level 1 _identify(src/ros2_control/controller_interface) by extensions ['colcon_meta']
[0.182s] colcon.colcon_core.package_identification Level 1 _identify(src/ros2_control/controller_interface) by extension 'colcon_meta'
[0.182s] colcon.colcon_core.package_identification Level 1 _identify(src/ros2_control/controller_interface) by extensions ['ros']
[0.182s] colcon.colcon_core.package_identification Level 1 _identify(src/ros2_control/controller_interface) by extension 'ros'
[0.183s] colcon.colcon_core.package_identification DEBUG Package 'src/ros2_control/controller_interface' with type 'ros.ament_cmake' and name 'controller_interface'
[0.183s] colcon.colcon_core.package_identification Level 1 _identify(src/ros2_control/controller_manager) by extensions ['ignore', 'ignore_ament_install']
[0.183s] colcon.colcon_core.package_identification Level 1 _identify(src/ros2_control/controller_manager) by extension 'ignore'
[0.183s] colcon.colcon_core.package_identification Level 1 _identify(src/ros2_control/controller_manager) by extension 'ignore_ament_install'
[0.183s] colcon.colcon_core.package_identification Level 1 _identify(src/ros2_control/controller_manager) by extensions ['colcon_pkg']
[0.183s] colcon.colcon_core.package_identification Level 1 _identify(src/ros2_control/controller_manager) by extension 'colcon_pkg'
[0.183s] colcon.colcon_core.package_identification Level 1 _identify(src/ros2_control/controller_manager) by extensions ['colcon_meta']
[0.183s] colcon.colcon_core.package_identification Level 1 _identify(src/ros2_control/controller_manager) by extension 'colcon_meta'
[0.183s] colcon.colcon_core.package_identification Level 1 _identify(src/ros2_control/controller_manager) by extensions ['ros']
[0.183s] colcon.colcon_core.package_identification Level 1 _identify(src/ros2_control/controller_manager) by extension 'ros'
[0.184s] colcon.colcon_core.package_identification DEBUG Package 'src/ros2_control/controller_manager' with type 'ros.ament_cmake' and name 'controller_manager'
[0.184s] colcon.colcon_core.package_identification Level 1 _identify(src/ros2_control/controller_manager_msgs) by extensions ['ignore', 'ignore_ament_install']
[0.184s] colcon.colcon_core.package_identification Level 1 _identify(src/ros2_control/controller_manager_msgs) by extension 'ignore'
[0.185s] colcon.colcon_core.package_identification Level 1 _identify(src/ros2_control/controller_manager_msgs) by extension 'ignore_ament_install'
[0.185s] colcon.colcon_core.package_identification Level 1 _identify(src/ros2_control/controller_manager_msgs) by extensions ['colcon_pkg']
[0.185s] colcon.colcon_core.package_identification Level 1 _identify(src/ros2_control/controller_manager_msgs) by extension 'colcon_pkg'
[0.185s] colcon.colcon_core.package_identification Level 1 _identify(src/ros2_control/controller_manager_msgs) by extensions ['colcon_meta']
[0.185s] colcon.colcon_core.package_identification Level 1 _identify(src/ros2_control/controller_manager_msgs) by extension 'colcon_meta'
[0.185s] colcon.colcon_core.package_identification Level 1 _identify(src/ros2_control/controller_manager_msgs) by extensions ['ros']
[0.185s] colcon.colcon_core.package_identification Level 1 _identify(src/ros2_control/controller_manager_msgs) by extension 'ros'
[0.185s] colcon.colcon_core.package_identification DEBUG Package 'src/ros2_control/controller_manager_msgs' with type 'ros.ament_cmake' and name 'controller_manager_msgs'
[0.185s] colcon.colcon_core.package_identification Level 1 _identify(src/ros2_control/doc) by extensions ['ignore', 'ignore_ament_install']
[0.185s] colcon.colcon_core.package_identification Level 1 _identify(src/ros2_control/doc) by extension 'ignore'
[0.185s] colcon.colcon_core.package_identification Level 1 _identify(src/ros2_control/doc) by extension 'ignore_ament_install'
[0.185s] colcon.colcon_core.package_identification Level 1 _identify(src/ros2_control/doc) by extensions ['colcon_pkg']
[0.186s] colcon.colcon_core.package_identification Level 1 _identify(src/ros2_control/doc) by extension 'colcon_pkg'
[0.186s] colcon.colcon_core.package_identification Level 1 _identify(src/ros2_control/doc) by extensions ['colcon_meta']
[0.186s] colcon.colcon_core.package_identification Level 1 _identify(src/ros2_control/doc) by extension 'colcon_meta'
[0.186s] colcon.colcon_core.package_identification Level 1 _identify(src/ros2_control/doc) by extensions ['ros']
[0.186s] colcon.colcon_core.package_identification Level 1 _identify(src/ros2_control/doc) by extension 'ros'
[0.186s] colcon.colcon_core.package_identification Level 1 _identify(src/ros2_control/doc) by extensions ['cmake', 'python']
[0.186s] colcon.colcon_core.package_identification Level 1 _identify(src/ros2_control/doc) by extension 'cmake'
[0.186s] colcon.colcon_core.package_identification Level 1 _identify(src/ros2_control/doc) by extension 'python'
[0.186s] colcon.colcon_core.package_identification Level 1 _identify(src/ros2_control/doc) by extensions ['python_setup_py']
[0.186s] colcon.colcon_core.package_identification Level 1 _identify(src/ros2_control/doc) by extension 'python_setup_py'
[0.186s] colcon.colcon_core.package_identification Level 1 _identify(src/ros2_control/hardware_interface) by extensions ['ignore', 'ignore_ament_install']
[0.186s] colcon.colcon_core.package_identification Level 1 _identify(src/ros2_control/hardware_interface) by extension 'ignore'
[0.186s] colcon.colcon_core.package_identification Level 1 _identify(src/ros2_control/hardware_interface) by extension 'ignore_ament_install'
[0.186s] colcon.colcon_core.package_identification Level 1 _identify(src/ros2_control/hardware_interface) by extensions ['colcon_pkg']
[0.186s] colcon.colcon_core.package_identification Level 1 _identify(src/ros2_control/hardware_interface) by extension 'colcon_pkg'
[0.186s] colcon.colcon_core.package_identification Level 1 _identify(src/ros2_control/hardware_interface) by extensions ['colcon_meta']
[0.186s] colcon.colcon_core.package_identification Level 1 _identify(src/ros2_control/hardware_interface) by extension 'colcon_meta'
[0.186s] colcon.colcon_core.package_identification Level 1 _identify(src/ros2_control/hardware_interface) by extensions ['ros']
[0.186s] colcon.colcon_core.package_identification Level 1 _identify(src/ros2_control/hardware_interface) by extension 'ros'
[0.187s] colcon.colcon_core.package_identification DEBUG Package 'src/ros2_control/hardware_interface' with type 'ros.ament_cmake' and name 'hardware_interface'
[0.187s] colcon.colcon_core.package_identification Level 1 _identify(src/ros2_control/hardware_interface_testing) by extensions ['ignore', 'ignore_ament_install']
[0.187s] colcon.colcon_core.package_identification Level 1 _identify(src/ros2_control/hardware_interface_testing) by extension 'ignore'
[0.187s] colcon.colcon_core.package_identification Level 1 _identify(src/ros2_control/hardware_interface_testing) by extension 'ignore_ament_install'
[0.187s] colcon.colcon_core.package_identification Level 1 _identify(src/ros2_control/hardware_interface_testing) by extensions ['colcon_pkg']
[0.187s] colcon.colcon_core.package_identification Level 1 _identify(src/ros2_control/hardware_interface_testing) by extension 'colcon_pkg'
[0.187s] colcon.colcon_core.package_identification Level 1 _identify(src/ros2_control/hardware_interface_testing) by extensions ['colcon_meta']
[0.187s] colcon.colcon_core.package_identification Level 1 _identify(src/ros2_control/hardware_interface_testing) by extension 'colcon_meta'
[0.187s] colcon.colcon_core.package_identification Level 1 _identify(src/ros2_control/hardware_interface_testing) by extensions ['ros']
[0.187s] colcon.colcon_core.package_identification Level 1 _identify(src/ros2_control/hardware_interface_testing) by extension 'ros'
[0.188s] colcon.colcon_core.package_identification DEBUG Package 'src/ros2_control/hardware_interface_testing' with type 'ros.ament_cmake' and name 'hardware_interface_testing'
[0.188s] colcon.colcon_core.package_identification Level 1 _identify(src/ros2_control/joint_limits) by extensions ['ignore', 'ignore_ament_install']
[0.188s] colcon.colcon_core.package_identification Level 1 _identify(src/ros2_control/joint_limits) by extension 'ignore'
[0.188s] colcon.colcon_core.package_identification Level 1 _identify(src/ros2_control/joint_limits) by extension 'ignore_ament_install'
[0.188s] colcon.colcon_core.package_identification Level 1 _identify(src/ros2_control/joint_limits) by extensions ['colcon_pkg']
[0.188s] colcon.colcon_core.package_identification Level 1 _identify(src/ros2_control/joint_limits) by extension 'colcon_pkg'
[0.188s] colcon.colcon_core.package_identification Level 1 _identify(src/ros2_control/joint_limits) by extensions ['colcon_meta']
[0.188s] colcon.colcon_core.package_identification Level 1 _identify(src/ros2_control/joint_limits) by extension 'colcon_meta'
[0.188s] colcon.colcon_core.package_identification Level 1 _identify(src/ros2_control/joint_limits) by extensions ['ros']
[0.188s] colcon.colcon_core.package_identification Level 1 _identify(src/ros2_control/joint_limits) by extension 'ros'
[0.188s] colcon.colcon_core.package_identification DEBUG Package 'src/ros2_control/joint_limits' with type 'ros.ament_cmake' and name 'joint_limits'
[0.188s] colcon.colcon_core.package_identification Level 1 _identify(src/ros2_control/joint_limits_interface) by extensions ['ignore', 'ignore_ament_install']
[0.188s] colcon.colcon_core.package_identification Level 1 _identify(src/ros2_control/joint_limits_interface) by extension 'ignore'
[0.189s] colcon.colcon_core.package_identification Level 1 _identify(src/ros2_control/joint_limits_interface) ignored
[0.189s] colcon.colcon_core.package_identification Level 1 _identify(src/ros2_control/ros2_control) by extensions ['ignore', 'ignore_ament_install']
[0.189s] colcon.colcon_core.package_identification Level 1 _identify(src/ros2_control/ros2_control) by extension 'ignore'
[0.189s] colcon.colcon_core.package_identification Level 1 _identify(src/ros2_control/ros2_control) by extension 'ignore_ament_install'
[0.189s] colcon.colcon_core.package_identification Level 1 _identify(src/ros2_control/ros2_control) by extensions ['colcon_pkg']
[0.189s] colcon.colcon_core.package_identification Level 1 _identify(src/ros2_control/ros2_control) by extension 'colcon_pkg'
[0.189s] colcon.colcon_core.package_identification Level 1 _identify(src/ros2_control/ros2_control) by extensions ['colcon_meta']
[0.189s] colcon.colcon_core.package_identification Level 1 _identify(src/ros2_control/ros2_control) by extension 'colcon_meta'
[0.189s] colcon.colcon_core.package_identification Level 1 _identify(src/ros2_control/ros2_control) by extensions ['ros']
[0.189s] colcon.colcon_core.package_identification Level 1 _identify(src/ros2_control/ros2_control) by extension 'ros'
[0.189s] colcon.colcon_core.package_identification DEBUG Package 'src/ros2_control/ros2_control' with type 'ros.ament_cmake' and name 'ros2_control'
[0.189s] colcon.colcon_core.package_identification Level 1 _identify(src/ros2_control/ros2_control_test_assets) by extensions ['ignore', 'ignore_ament_install']
[0.189s] colcon.colcon_core.package_identification Level 1 _identify(src/ros2_control/ros2_control_test_assets) by extension 'ignore'
[0.189s] colcon.colcon_core.package_identification Level 1 _identify(src/ros2_control/ros2_control_test_assets) by extension 'ignore_ament_install'
[0.189s] colcon.colcon_core.package_identification Level 1 _identify(src/ros2_control/ros2_control_test_assets) by extensions ['colcon_pkg']
[0.189s] colcon.colcon_core.package_identification Level 1 _identify(src/ros2_control/ros2_control_test_assets) by extension 'colcon_pkg'
[0.189s] colcon.colcon_core.package_identification Level 1 _identify(src/ros2_control/ros2_control_test_assets) by extensions ['colcon_meta']
[0.189s] colcon.colcon_core.package_identification Level 1 _identify(src/ros2_control/ros2_control_test_assets) by extension 'colcon_meta'
[0.189s] colcon.colcon_core.package_identification Level 1 _identify(src/ros2_control/ros2_control_test_assets) by extensions ['ros']
[0.189s] colcon.colcon_core.package_identification Level 1 _identify(src/ros2_control/ros2_control_test_assets) by extension 'ros'
[0.190s] colcon.colcon_core.package_identification DEBUG Package 'src/ros2_control/ros2_control_test_assets' with type 'ros.ament_cmake' and name 'ros2_control_test_assets'
[0.190s] colcon.colcon_core.package_identification Level 1 _identify(src/ros2_control/ros2controlcli) by extensions ['ignore', 'ignore_ament_install']
[0.190s] colcon.colcon_core.package_identification Level 1 _identify(src/ros2_control/ros2controlcli) by extension 'ignore'
[0.190s] colcon.colcon_core.package_identification Level 1 _identify(src/ros2_control/ros2controlcli) by extension 'ignore_ament_install'
[0.190s] colcon.colcon_core.package_identification Level 1 _identify(src/ros2_control/ros2controlcli) by extensions ['colcon_pkg']
[0.190s] colcon.colcon_core.package_identification Level 1 _identify(src/ros2_control/ros2controlcli) by extension 'colcon_pkg'
[0.190s] colcon.colcon_core.package_identification Level 1 _identify(src/ros2_control/ros2controlcli) by extensions ['colcon_meta']
[0.190s] colcon.colcon_core.package_identification Level 1 _identify(src/ros2_control/ros2controlcli) by extension 'colcon_meta'
[0.190s] colcon.colcon_core.package_identification Level 1 _identify(src/ros2_control/ros2controlcli) by extensions ['ros']
[0.190s] colcon.colcon_core.package_identification Level 1 _identify(src/ros2_control/ros2controlcli) by extension 'ros'
[0.191s] colcon.colcon_core.package_identification DEBUG Package 'src/ros2_control/ros2controlcli' with type 'ros.ament_python' and name 'ros2controlcli'
[0.191s] colcon.colcon_core.package_identification Level 1 _identify(src/ros2_control/rqt_controller_manager) by extensions ['ignore', 'ignore_ament_install']
[0.191s] colcon.colcon_core.package_identification Level 1 _identify(src/ros2_control/rqt_controller_manager) by extension 'ignore'
[0.191s] colcon.colcon_core.package_identification Level 1 _identify(src/ros2_control/rqt_controller_manager) by extension 'ignore_ament_install'
[0.191s] colcon.colcon_core.package_identification Level 1 _identify(src/ros2_control/rqt_controller_manager) by extensions ['colcon_pkg']
[0.191s] colcon.colcon_core.package_identification Level 1 _identify(src/ros2_control/rqt_controller_manager) by extension 'colcon_pkg'
[0.191s] colcon.colcon_core.package_identification Level 1 _identify(src/ros2_control/rqt_controller_manager) by extensions ['colcon_meta']
[0.191s] colcon.colcon_core.package_identification Level 1 _identify(src/ros2_control/rqt_controller_manager) by extension 'colcon_meta'
[0.191s] colcon.colcon_core.package_identification Level 1 _identify(src/ros2_control/rqt_controller_manager) by extensions ['ros']
[0.191s] colcon.colcon_core.package_identification Level 1 _identify(src/ros2_control/rqt_controller_manager) by extension 'ros'
[0.191s] colcon.colcon_core.package_identification DEBUG Package 'src/ros2_control/rqt_controller_manager' with type 'ros.ament_python' and name 'rqt_controller_manager'
[0.191s] colcon.colcon_core.package_identification Level 1 _identify(src/ros2_control/transmission_interface) by extensions ['ignore', 'ignore_ament_install']
[0.191s] colcon.colcon_core.package_identification Level 1 _identify(src/ros2_control/transmission_interface) by extension 'ignore'
[0.192s] colcon.colcon_core.package_identification Level 1 _identify(src/ros2_control/transmission_interface) by extension 'ignore_ament_install'
[0.192s] colcon.colcon_core.package_identification Level 1 _identify(src/ros2_control/transmission_interface) by extensions ['colcon_pkg']
[0.192s] colcon.colcon_core.package_identification Level 1 _identify(src/ros2_control/transmission_interface) by extension 'colcon_pkg'
[0.192s] colcon.colcon_core.package_identification Level 1 _identify(src/ros2_control/transmission_interface) by extensions ['colcon_meta']
[0.192s] colcon.colcon_core.package_identification Level 1 _identify(src/ros2_control/transmission_interface) by extension 'colcon_meta'
[0.192s] colcon.colcon_core.package_identification Level 1 _identify(src/ros2_control/transmission_interface) by extensions ['ros']
[0.192s] colcon.colcon_core.package_identification Level 1 _identify(src/ros2_control/transmission_interface) by extension 'ros'
[0.192s] colcon.colcon_core.package_identification DEBUG Package 'src/ros2_control/transmission_interface' with type 'ros.ament_cmake' and name 'transmission_interface'
[0.192s] colcon.colcon_core.package_identification Level 1 _identify(src/ros2_controllers) by extensions ['ignore', 'ignore_ament_install']
[0.192s] colcon.colcon_core.package_identification Level 1 _identify(src/ros2_controllers) by extension 'ignore'
[0.192s] colcon.colcon_core.package_identification Level 1 _identify(src/ros2_controllers) by extension 'ignore_ament_install'
[0.192s] colcon.colcon_core.package_identification Level 1 _identify(src/ros2_controllers) by extensions ['colcon_pkg']
[0.192s] colcon.colcon_core.package_identification Level 1 _identify(src/ros2_controllers) by extension 'colcon_pkg'
[0.192s] colcon.colcon_core.package_identification Level 1 _identify(src/ros2_controllers) by extensions ['colcon_meta']
[0.192s] colcon.colcon_core.package_identification Level 1 _identify(src/ros2_controllers) by extension 'colcon_meta'
[0.192s] colcon.colcon_core.package_identification Level 1 _identify(src/ros2_controllers) by extensions ['ros']
[0.192s] colcon.colcon_core.package_identification Level 1 _identify(src/ros2_controllers) by extension 'ros'
[0.192s] colcon.colcon_core.package_identification Level 1 _identify(src/ros2_controllers) by extensions ['cmake', 'python']
[0.192s] colcon.colcon_core.package_identification Level 1 _identify(src/ros2_controllers) by extension 'cmake'
[0.192s] colcon.colcon_core.package_identification Level 1 _identify(src/ros2_controllers) by extension 'python'
[0.192s] colcon.colcon_core.package_identification Level 1 _identify(src/ros2_controllers) by extensions ['python_setup_py']
[0.192s] colcon.colcon_core.package_identification Level 1 _identify(src/ros2_controllers) by extension 'python_setup_py'
[0.193s] colcon.colcon_core.package_identification Level 1 _identify(src/ros2_controllers/ackermann_steering_controller) by extensions ['ignore', 'ignore_ament_install']
[0.193s] colcon.colcon_core.package_identification Level 1 _identify(src/ros2_controllers/ackermann_steering_controller) by extension 'ignore'
[0.193s] colcon.colcon_core.package_identification Level 1 _identify(src/ros2_controllers/ackermann_steering_controller) by extension 'ignore_ament_install'
[0.193s] colcon.colcon_core.package_identification Level 1 _identify(src/ros2_controllers/ackermann_steering_controller) by extensions ['colcon_pkg']
[0.193s] colcon.colcon_core.package_identification Level 1 _identify(src/ros2_controllers/ackermann_steering_controller) by extension 'colcon_pkg'
[0.193s] colcon.colcon_core.package_identification Level 1 _identify(src/ros2_controllers/ackermann_steering_controller) by extensions ['colcon_meta']
[0.193s] colcon.colcon_core.package_identification Level 1 _identify(src/ros2_controllers/ackermann_steering_controller) by extension 'colcon_meta'
[0.193s] colcon.colcon_core.package_identification Level 1 _identify(src/ros2_controllers/ackermann_steering_controller) by extensions ['ros']
[0.193s] colcon.colcon_core.package_identification Level 1 _identify(src/ros2_controllers/ackermann_steering_controller) by extension 'ros'
[0.193s] colcon.colcon_core.package_identification DEBUG Package 'src/ros2_controllers/ackermann_steering_controller' with type 'ros.ament_cmake' and name 'ackermann_steering_controller'
[0.194s] colcon.colcon_core.package_identification Level 1 _identify(src/ros2_controllers/admittance_controller) by extensions ['ignore', 'ignore_ament_install']
[0.194s] colcon.colcon_core.package_identification Level 1 _identify(src/ros2_controllers/admittance_controller) by extension 'ignore'
[0.194s] colcon.colcon_core.package_identification Level 1 _identify(src/ros2_controllers/admittance_controller) by extension 'ignore_ament_install'
[0.194s] colcon.colcon_core.package_identification Level 1 _identify(src/ros2_controllers/admittance_controller) by extensions ['colcon_pkg']
[0.194s] colcon.colcon_core.package_identification Level 1 _identify(src/ros2_controllers/admittance_controller) by extension 'colcon_pkg'
[0.194s] colcon.colcon_core.package_identification Level 1 _identify(src/ros2_controllers/admittance_controller) by extensions ['colcon_meta']
[0.194s] colcon.colcon_core.package_identification Level 1 _identify(src/ros2_controllers/admittance_controller) by extension 'colcon_meta'
[0.194s] colcon.colcon_core.package_identification Level 1 _identify(src/ros2_controllers/admittance_controller) by extensions ['ros']
[0.194s] colcon.colcon_core.package_identification Level 1 _identify(src/ros2_controllers/admittance_controller) by extension 'ros'
[0.195s] colcon.colcon_core.package_identification DEBUG Package 'src/ros2_controllers/admittance_controller' with type 'ros.ament_cmake' and name 'admittance_controller'
[0.195s] colcon.colcon_core.package_identification Level 1 _identify(src/ros2_controllers/bicycle_steering_controller) by extensions ['ignore', 'ignore_ament_install']
[0.195s] colcon.colcon_core.package_identification Level 1 _identify(src/ros2_controllers/bicycle_steering_controller) by extension 'ignore'
[0.195s] colcon.colcon_core.package_identification Level 1 _identify(src/ros2_controllers/bicycle_steering_controller) by extension 'ignore_ament_install'
[0.195s] colcon.colcon_core.package_identification Level 1 _identify(src/ros2_controllers/bicycle_steering_controller) by extensions ['colcon_pkg']
[0.195s] colcon.colcon_core.package_identification Level 1 _identify(src/ros2_controllers/bicycle_steering_controller) by extension 'colcon_pkg'
[0.195s] colcon.colcon_core.package_identification Level 1 _identify(src/ros2_controllers/bicycle_steering_controller) by extensions ['colcon_meta']
[0.195s] colcon.colcon_core.package_identification Level 1 _identify(src/ros2_controllers/bicycle_steering_controller) by extension 'colcon_meta'
[0.195s] colcon.colcon_core.package_identification Level 1 _identify(src/ros2_controllers/bicycle_steering_controller) by extensions ['ros']
[0.195s] colcon.colcon_core.package_identification Level 1 _identify(src/ros2_controllers/bicycle_steering_controller) by extension 'ros'
[0.196s] colcon.colcon_core.package_identification DEBUG Package 'src/ros2_controllers/bicycle_steering_controller' with type 'ros.ament_cmake' and name 'bicycle_steering_controller'
[0.196s] colcon.colcon_core.package_identification Level 1 _identify(src/ros2_controllers/diff_drive_controller) by extensions ['ignore', 'ignore_ament_install']
[0.196s] colcon.colcon_core.package_identification Level 1 _identify(src/ros2_controllers/diff_drive_controller) by extension 'ignore'
[0.196s] colcon.colcon_core.package_identification Level 1 _identify(src/ros2_controllers/diff_drive_controller) by extension 'ignore_ament_install'
[0.196s] colcon.colcon_core.package_identification Level 1 _identify(src/ros2_controllers/diff_drive_controller) by extensions ['colcon_pkg']
[0.196s] colcon.colcon_core.package_identification Level 1 _identify(src/ros2_controllers/diff_drive_controller) by extension 'colcon_pkg'
[0.196s] colcon.colcon_core.package_identification Level 1 _identify(src/ros2_controllers/diff_drive_controller) by extensions ['colcon_meta']
[0.196s] colcon.colcon_core.package_identification Level 1 _identify(src/ros2_controllers/diff_drive_controller) by extension 'colcon_meta'
[0.196s] colcon.colcon_core.package_identification Level 1 _identify(src/ros2_controllers/diff_drive_controller) by extensions ['ros']
[0.196s] colcon.colcon_core.package_identification Level 1 _identify(src/ros2_controllers/diff_drive_controller) by extension 'ros'
[0.198s] colcon.colcon_core.package_identification DEBUG Package 'src/ros2_controllers/diff_drive_controller' with type 'ros.ament_cmake' and name 'diff_drive_controller'
[0.198s] colcon.colcon_core.package_identification Level 1 _identify(src/ros2_controllers/doc) by extensions ['ignore', 'ignore_ament_install']
[0.198s] colcon.colcon_core.package_identification Level 1 _identify(src/ros2_controllers/doc) by extension 'ignore'
[0.198s] colcon.colcon_core.package_identification Level 1 _identify(src/ros2_controllers/doc) by extension 'ignore_ament_install'
[0.198s] colcon.colcon_core.package_identification Level 1 _identify(src/ros2_controllers/doc) by extensions ['colcon_pkg']
[0.198s] colcon.colcon_core.package_identification Level 1 _identify(src/ros2_controllers/doc) by extension 'colcon_pkg'
[0.198s] colcon.colcon_core.package_identification Level 1 _identify(src/ros2_controllers/doc) by extensions ['colcon_meta']
[0.198s] colcon.colcon_core.package_identification Level 1 _identify(src/ros2_controllers/doc) by extension 'colcon_meta'
[0.198s] colcon.colcon_core.package_identification Level 1 _identify(src/ros2_controllers/doc) by extensions ['ros']
[0.198s] colcon.colcon_core.package_identification Level 1 _identify(src/ros2_controllers/doc) by extension 'ros'
[0.198s] colcon.colcon_core.package_identification Level 1 _identify(src/ros2_controllers/doc) by extensions ['cmake', 'python']
[0.198s] colcon.colcon_core.package_identification Level 1 _identify(src/ros2_controllers/doc) by extension 'cmake'
[0.198s] colcon.colcon_core.package_identification Level 1 _identify(src/ros2_controllers/doc) by extension 'python'
[0.198s] colcon.colcon_core.package_identification Level 1 _identify(src/ros2_controllers/doc) by extensions ['python_setup_py']
[0.198s] colcon.colcon_core.package_identification Level 1 _identify(src/ros2_controllers/doc) by extension 'python_setup_py'
[0.198s] colcon.colcon_core.package_identification Level 1 _identify(src/ros2_controllers/doc/images) by extensions ['ignore', 'ignore_ament_install']
[0.198s] colcon.colcon_core.package_identification Level 1 _identify(src/ros2_controllers/doc/images) by extension 'ignore'
[0.198s] colcon.colcon_core.package_identification Level 1 _identify(src/ros2_controllers/doc/images) by extension 'ignore_ament_install'
[0.198s] colcon.colcon_core.package_identification Level 1 _identify(src/ros2_controllers/doc/images) by extensions ['colcon_pkg']
[0.198s] colcon.colcon_core.package_identification Level 1 _identify(src/ros2_controllers/doc/images) by extension 'colcon_pkg'
[0.198s] colcon.colcon_core.package_identification Level 1 _identify(src/ros2_controllers/doc/images) by extensions ['colcon_meta']
[0.198s] colcon.colcon_core.package_identification Level 1 _identify(src/ros2_controllers/doc/images) by extension 'colcon_meta'
[0.198s] colcon.colcon_core.package_identification Level 1 _identify(src/ros2_controllers/doc/images) by extensions ['ros']
[0.198s] colcon.colcon_core.package_identification Level 1 _identify(src/ros2_controllers/doc/images) by extension 'ros'
[0.198s] colcon.colcon_core.package_identification Level 1 _identify(src/ros2_controllers/doc/images) by extensions ['cmake', 'python']
[0.198s] colcon.colcon_core.package_identification Level 1 _identify(src/ros2_controllers/doc/images) by extension 'cmake'
[0.198s] colcon.colcon_core.package_identification Level 1 _identify(src/ros2_controllers/doc/images) by extension 'python'
[0.198s] colcon.colcon_core.package_identification Level 1 _identify(src/ros2_controllers/doc/images) by extensions ['python_setup_py']
[0.198s] colcon.colcon_core.package_identification Level 1 _identify(src/ros2_controllers/doc/images) by extension 'python_setup_py'
[0.198s] colcon.colcon_core.package_identification Level 1 _identify(src/ros2_controllers/effort_controllers) by extensions ['ignore', 'ignore_ament_install']
[0.199s] colcon.colcon_core.package_identification Level 1 _identify(src/ros2_controllers/effort_controllers) by extension 'ignore'
[0.199s] colcon.colcon_core.package_identification Level 1 _identify(src/ros2_controllers/effort_controllers) by extension 'ignore_ament_install'
[0.199s] colcon.colcon_core.package_identification Level 1 _identify(src/ros2_controllers/effort_controllers) by extensions ['colcon_pkg']
[0.199s] colcon.colcon_core.package_identification Level 1 _identify(src/ros2_controllers/effort_controllers) by extension 'colcon_pkg'
[0.199s] colcon.colcon_core.package_identification Level 1 _identify(src/ros2_controllers/effort_controllers) by extensions ['colcon_meta']
[0.199s] colcon.colcon_core.package_identification Level 1 _identify(src/ros2_controllers/effort_controllers) by extension 'colcon_meta'
[0.199s] colcon.colcon_core.package_identification Level 1 _identify(src/ros2_controllers/effort_controllers) by extensions ['ros']
[0.199s] colcon.colcon_core.package_identification Level 1 _identify(src/ros2_controllers/effort_controllers) by extension 'ros'
[0.199s] colcon.colcon_core.package_identification DEBUG Package 'src/ros2_controllers/effort_controllers' with type 'ros.ament_cmake' and name 'effort_controllers'
[0.199s] colcon.colcon_core.package_identification Level 1 _identify(src/ros2_controllers/force_torque_sensor_broadcaster) by extensions ['ignore', 'ignore_ament_install']
[0.200s] colcon.colcon_core.package_identification Level 1 _identify(src/ros2_controllers/force_torque_sensor_broadcaster) by extension 'ignore'
[0.200s] colcon.colcon_core.package_identification Level 1 _identify(src/ros2_controllers/force_torque_sensor_broadcaster) by extension 'ignore_ament_install'
[0.200s] colcon.colcon_core.package_identification Level 1 _identify(src/ros2_controllers/force_torque_sensor_broadcaster) by extensions ['colcon_pkg']
[0.200s] colcon.colcon_core.package_identification Level 1 _identify(src/ros2_controllers/force_torque_sensor_broadcaster) by extension 'colcon_pkg'
[0.200s] colcon.colcon_core.package_identification Level 1 _identify(src/ros2_controllers/force_torque_sensor_broadcaster) by extensions ['colcon_meta']
[0.200s] colcon.colcon_core.package_identification Level 1 _identify(src/ros2_controllers/force_torque_sensor_broadcaster) by extension 'colcon_meta'
[0.200s] colcon.colcon_core.package_identification Level 1 _identify(src/ros2_controllers/force_torque_sensor_broadcaster) by extensions ['ros']
[0.200s] colcon.colcon_core.package_identification Level 1 _identify(src/ros2_controllers/force_torque_sensor_broadcaster) by extension 'ros'
[0.201s] colcon.colcon_core.package_identification DEBUG Package 'src/ros2_controllers/force_torque_sensor_broadcaster' with type 'ros.ament_cmake' and name 'force_torque_sensor_broadcaster'
[0.201s] colcon.colcon_core.package_identification Level 1 _identify(src/ros2_controllers/forward_command_controller) by extensions ['ignore', 'ignore_ament_install']
[0.201s] colcon.colcon_core.package_identification Level 1 _identify(src/ros2_controllers/forward_command_controller) by extension 'ignore'
[0.201s] colcon.colcon_core.package_identification Level 1 _identify(src/ros2_controllers/forward_command_controller) by extension 'ignore_ament_install'
[0.201s] colcon.colcon_core.package_identification Level 1 _identify(src/ros2_controllers/forward_command_controller) by extensions ['colcon_pkg']
[0.201s] colcon.colcon_core.package_identification Level 1 _identify(src/ros2_controllers/forward_command_controller) by extension 'colcon_pkg'
[0.201s] colcon.colcon_core.package_identification Level 1 _identify(src/ros2_controllers/forward_command_controller) by extensions ['colcon_meta']
[0.201s] colcon.colcon_core.package_identification Level 1 _identify(src/ros2_controllers/forward_command_controller) by extension 'colcon_meta'
[0.201s] colcon.colcon_core.package_identification Level 1 _identify(src/ros2_controllers/forward_command_controller) by extensions ['ros']
[0.201s] colcon.colcon_core.package_identification Level 1 _identify(src/ros2_controllers/forward_command_controller) by extension 'ros'
[0.202s] colcon.colcon_core.package_identification DEBUG Package 'src/ros2_controllers/forward_command_controller' with type 'ros.ament_cmake' and name 'forward_command_controller'
[0.202s] colcon.colcon_core.package_identification Level 1 _identify(src/ros2_controllers/gpio_controllers) by extensions ['ignore', 'ignore_ament_install']
[0.202s] colcon.colcon_core.package_identification Level 1 _identify(src/ros2_controllers/gpio_controllers) by extension 'ignore'
[0.202s] colcon.colcon_core.package_identification Level 1 _identify(src/ros2_controllers/gpio_controllers) by extension 'ignore_ament_install'
[0.202s] colcon.colcon_core.package_identification Level 1 _identify(src/ros2_controllers/gpio_controllers) by extensions ['colcon_pkg']
[0.202s] colcon.colcon_core.package_identification Level 1 _identify(src/ros2_controllers/gpio_controllers) by extension 'colcon_pkg'
[0.202s] colcon.colcon_core.package_identification Level 1 _identify(src/ros2_controllers/gpio_controllers) by extensions ['colcon_meta']
[0.202s] colcon.colcon_core.package_identification Level 1 _identify(src/ros2_controllers/gpio_controllers) by extension 'colcon_meta'
[0.202s] colcon.colcon_core.package_identification Level 1 _identify(src/ros2_controllers/gpio_controllers) by extensions ['ros']
[0.202s] colcon.colcon_core.package_identification Level 1 _identify(src/ros2_controllers/gpio_controllers) by extension 'ros'
[0.203s] colcon.colcon_core.package_identification DEBUG Package 'src/ros2_controllers/gpio_controllers' with type 'ros.ament_cmake' and name 'gpio_controllers'
[0.203s] colcon.colcon_core.package_identification Level 1 _identify(src/ros2_controllers/gripper_controllers) by extensions ['ignore', 'ignore_ament_install']
[0.203s] colcon.colcon_core.package_identification Level 1 _identify(src/ros2_controllers/gripper_controllers) by extension 'ignore'
[0.203s] colcon.colcon_core.package_identification Level 1 _identify(src/ros2_controllers/gripper_controllers) by extension 'ignore_ament_install'
[0.203s] colcon.colcon_core.package_identification Level 1 _identify(src/ros2_controllers/gripper_controllers) by extensions ['colcon_pkg']
[0.203s] colcon.colcon_core.package_identification Level 1 _identify(src/ros2_controllers/gripper_controllers) by extension 'colcon_pkg'
[0.203s] colcon.colcon_core.package_identification Level 1 _identify(src/ros2_controllers/gripper_controllers) by extensions ['colcon_meta']
[0.203s] colcon.colcon_core.package_identification Level 1 _identify(src/ros2_controllers/gripper_controllers) by extension 'colcon_meta'
[0.203s] colcon.colcon_core.package_identification Level 1 _identify(src/ros2_controllers/gripper_controllers) by extensions ['ros']
[0.203s] colcon.colcon_core.package_identification Level 1 _identify(src/ros2_controllers/gripper_controllers) by extension 'ros'
[0.204s] colcon.colcon_core.package_identification DEBUG Package 'src/ros2_controllers/gripper_controllers' with type 'ros.ament_cmake' and name 'gripper_controllers'
[0.204s] colcon.colcon_core.package_identification Level 1 _identify(src/ros2_controllers/imu_sensor_broadcaster) by extensions ['ignore', 'ignore_ament_install']
[0.204s] colcon.colcon_core.package_identification Level 1 _identify(src/ros2_controllers/imu_sensor_broadcaster) by extension 'ignore'
[0.204s] colcon.colcon_core.package_identification Level 1 _identify(src/ros2_controllers/imu_sensor_broadcaster) by extension 'ignore_ament_install'
[0.204s] colcon.colcon_core.package_identification Level 1 _identify(src/ros2_controllers/imu_sensor_broadcaster) by extensions ['colcon_pkg']
[0.204s] colcon.colcon_core.package_identification Level 1 _identify(src/ros2_controllers/imu_sensor_broadcaster) by extension 'colcon_pkg'
[0.204s] colcon.colcon_core.package_identification Level 1 _identify(src/ros2_controllers/imu_sensor_broadcaster) by extensions ['colcon_meta']
[0.204s] colcon.colcon_core.package_identification Level 1 _identify(src/ros2_controllers/imu_sensor_broadcaster) by extension 'colcon_meta'
[0.204s] colcon.colcon_core.package_identification Level 1 _identify(src/ros2_controllers/imu_sensor_broadcaster) by extensions ['ros']
[0.204s] colcon.colcon_core.package_identification Level 1 _identify(src/ros2_controllers/imu_sensor_broadcaster) by extension 'ros'
[0.205s] colcon.colcon_core.package_identification DEBUG Package 'src/ros2_controllers/imu_sensor_broadcaster' with type 'ros.ament_cmake' and name 'imu_sensor_broadcaster'
[0.205s] colcon.colcon_core.package_identification Level 1 _identify(src/ros2_controllers/joint_state_broadcaster) by extensions ['ignore', 'ignore_ament_install']
[0.205s] colcon.colcon_core.package_identification Level 1 _identify(src/ros2_controllers/joint_state_broadcaster) by extension 'ignore'
[0.205s] colcon.colcon_core.package_identification Level 1 _identify(src/ros2_controllers/joint_state_broadcaster) by extension 'ignore_ament_install'
[0.205s] colcon.colcon_core.package_identification Level 1 _identify(src/ros2_controllers/joint_state_broadcaster) by extensions ['colcon_pkg']
[0.205s] colcon.colcon_core.package_identification Level 1 _identify(src/ros2_controllers/joint_state_broadcaster) by extension 'colcon_pkg'
[0.205s] colcon.colcon_core.package_identification Level 1 _identify(src/ros2_controllers/joint_state_broadcaster) by extensions ['colcon_meta']
[0.205s] colcon.colcon_core.package_identification Level 1 _identify(src/ros2_controllers/joint_state_broadcaster) by extension 'colcon_meta'
[0.205s] colcon.colcon_core.package_identification Level 1 _identify(src/ros2_controllers/joint_state_broadcaster) by extensions ['ros']
[0.205s] colcon.colcon_core.package_identification Level 1 _identify(src/ros2_controllers/joint_state_broadcaster) by extension 'ros'
[0.206s] colcon.colcon_core.package_identification DEBUG Package 'src/ros2_controllers/joint_state_broadcaster' with type 'ros.ament_cmake' and name 'joint_state_broadcaster'
[0.206s] colcon.colcon_core.package_identification Level 1 _identify(src/ros2_controllers/joint_trajectory_controller) by extensions ['ignore', 'ignore_ament_install']
[0.206s] colcon.colcon_core.package_identification Level 1 _identify(src/ros2_controllers/joint_trajectory_controller) by extension 'ignore'
[0.206s] colcon.colcon_core.package_identification Level 1 _identify(src/ros2_controllers/joint_trajectory_controller) by extension 'ignore_ament_install'
[0.206s] colcon.colcon_core.package_identification Level 1 _identify(src/ros2_controllers/joint_trajectory_controller) by extensions ['colcon_pkg']
[0.206s] colcon.colcon_core.package_identification Level 1 _identify(src/ros2_controllers/joint_trajectory_controller) by extension 'colcon_pkg'
[0.206s] colcon.colcon_core.package_identification Level 1 _identify(src/ros2_controllers/joint_trajectory_controller) by extensions ['colcon_meta']
[0.206s] colcon.colcon_core.package_identification Level 1 _identify(src/ros2_controllers/joint_trajectory_controller) by extension 'colcon_meta'
[0.206s] colcon.colcon_core.package_identification Level 1 _identify(src/ros2_controllers/joint_trajectory_controller) by extensions ['ros']
[0.206s] colcon.colcon_core.package_identification Level 1 _identify(src/ros2_controllers/joint_trajectory_controller) by extension 'ros'
[0.207s] colcon.colcon_core.package_identification DEBUG Package 'src/ros2_controllers/joint_trajectory_controller' with type 'ros.ament_cmake' and name 'joint_trajectory_controller'
[0.207s] colcon.colcon_core.package_identification Level 1 _identify(src/ros2_controllers/mecanum_drive_controller) by extensions ['ignore', 'ignore_ament_install']
[0.207s] colcon.colcon_core.package_identification Level 1 _identify(src/ros2_controllers/mecanum_drive_controller) by extension 'ignore'
[0.207s] colcon.colcon_core.package_identification Level 1 _identify(src/ros2_controllers/mecanum_drive_controller) by extension 'ignore_ament_install'
[0.207s] colcon.colcon_core.package_identification Level 1 _identify(src/ros2_controllers/mecanum_drive_controller) by extensions ['colcon_pkg']
[0.208s] colcon.colcon_core.package_identification Level 1 _identify(src/ros2_controllers/mecanum_drive_controller) by extension 'colcon_pkg'
[0.208s] colcon.colcon_core.package_identification Level 1 _identify(src/ros2_controllers/mecanum_drive_controller) by extensions ['colcon_meta']
[0.208s] colcon.colcon_core.package_identification Level 1 _identify(src/ros2_controllers/mecanum_drive_controller) by extension 'colcon_meta'
[0.208s] colcon.colcon_core.package_identification Level 1 _identify(src/ros2_controllers/mecanum_drive_controller) by extensions ['ros']
[0.208s] colcon.colcon_core.package_identification Level 1 _identify(src/ros2_controllers/mecanum_drive_controller) by extension 'ros'
[0.209s] colcon.colcon_core.package_identification DEBUG Package 'src/ros2_controllers/mecanum_drive_controller' with type 'ros.ament_cmake' and name 'mecanum_drive_controller'
[0.209s] colcon.colcon_core.package_identification Level 1 _identify(src/ros2_controllers/pid_controller) by extensions ['ignore', 'ignore_ament_install']
[0.209s] colcon.colcon_core.package_identification Level 1 _identify(src/ros2_controllers/pid_controller) by extension 'ignore'
[0.209s] colcon.colcon_core.package_identification Level 1 _identify(src/ros2_controllers/pid_controller) by extension 'ignore_ament_install'
[0.209s] colcon.colcon_core.package_identification Level 1 _identify(src/ros2_controllers/pid_controller) by extensions ['colcon_pkg']
[0.209s] colcon.colcon_core.package_identification Level 1 _identify(src/ros2_controllers/pid_controller) by extension 'colcon_pkg'
[0.209s] colcon.colcon_core.package_identification Level 1 _identify(src/ros2_controllers/pid_controller) by extensions ['colcon_meta']
[0.209s] colcon.colcon_core.package_identification Level 1 _identify(src/ros2_controllers/pid_controller) by extension 'colcon_meta'
[0.209s] colcon.colcon_core.package_identification Level 1 _identify(src/ros2_controllers/pid_controller) by extensions ['ros']
[0.209s] colcon.colcon_core.package_identification Level 1 _identify(src/ros2_controllers/pid_controller) by extension 'ros'
[0.210s] colcon.colcon_core.package_identification DEBUG Package 'src/ros2_controllers/pid_controller' with type 'ros.ament_cmake' and name 'pid_controller'
[0.210s] colcon.colcon_core.package_identification Level 1 _identify(src/ros2_controllers/pose_broadcaster) by extensions ['ignore', 'ignore_ament_install']
[0.210s] colcon.colcon_core.package_identification Level 1 _identify(src/ros2_controllers/pose_broadcaster) by extension 'ignore'
[0.210s] colcon.colcon_core.package_identification Level 1 _identify(src/ros2_controllers/pose_broadcaster) by extension 'ignore_ament_install'
[0.210s] colcon.colcon_core.package_identification Level 1 _identify(src/ros2_controllers/pose_broadcaster) by extensions ['colcon_pkg']
[0.210s] colcon.colcon_core.package_identification Level 1 _identify(src/ros2_controllers/pose_broadcaster) by extension 'colcon_pkg'
[0.210s] colcon.colcon_core.package_identification Level 1 _identify(src/ros2_controllers/pose_broadcaster) by extensions ['colcon_meta']
[0.210s] colcon.colcon_core.package_identification Level 1 _identify(src/ros2_controllers/pose_broadcaster) by extension 'colcon_meta'
[0.210s] colcon.colcon_core.package_identification Level 1 _identify(src/ros2_controllers/pose_broadcaster) by extensions ['ros']
[0.210s] colcon.colcon_core.package_identification Level 1 _identify(src/ros2_controllers/pose_broadcaster) by extension 'ros'
[0.211s] colcon.colcon_core.package_identification DEBUG Package 'src/ros2_controllers/pose_broadcaster' with type 'ros.ament_cmake' and name 'pose_broadcaster'
[0.211s] colcon.colcon_core.package_identification Level 1 _identify(src/ros2_controllers/position_controllers) by extensions ['ignore', 'ignore_ament_install']
[0.211s] colcon.colcon_core.package_identification Level 1 _identify(src/ros2_controllers/position_controllers) by extension 'ignore'
[0.211s] colcon.colcon_core.package_identification Level 1 _identify(src/ros2_controllers/position_controllers) by extension 'ignore_ament_install'
[0.211s] colcon.colcon_core.package_identification Level 1 _identify(src/ros2_controllers/position_controllers) by extensions ['colcon_pkg']
[0.211s] colcon.colcon_core.package_identification Level 1 _identify(src/ros2_controllers/position_controllers) by extension 'colcon_pkg'
[0.211s] colcon.colcon_core.package_identification Level 1 _identify(src/ros2_controllers/position_controllers) by extensions ['colcon_meta']
[0.211s] colcon.colcon_core.package_identification Level 1 _identify(src/ros2_controllers/position_controllers) by extension 'colcon_meta'
[0.211s] colcon.colcon_core.package_identification Level 1 _identify(src/ros2_controllers/position_controllers) by extensions ['ros']
[0.211s] colcon.colcon_core.package_identification Level 1 _identify(src/ros2_controllers/position_controllers) by extension 'ros'
[0.211s] colcon.colcon_core.package_identification DEBUG Package 'src/ros2_controllers/position_controllers' with type 'ros.ament_cmake' and name 'position_controllers'
[0.212s] colcon.colcon_core.package_identification Level 1 _identify(src/ros2_controllers/range_sensor_broadcaster) by extensions ['ignore', 'ignore_ament_install']
[0.212s] colcon.colcon_core.package_identification Level 1 _identify(src/ros2_controllers/range_sensor_broadcaster) by extension 'ignore'
[0.212s] colcon.colcon_core.package_identification Level 1 _identify(src/ros2_controllers/range_sensor_broadcaster) by extension 'ignore_ament_install'
[0.212s] colcon.colcon_core.package_identification Level 1 _identify(src/ros2_controllers/range_sensor_broadcaster) by extensions ['colcon_pkg']
[0.212s] colcon.colcon_core.package_identification Level 1 _identify(src/ros2_controllers/range_sensor_broadcaster) by extension 'colcon_pkg'
[0.212s] colcon.colcon_core.package_identification Level 1 _identify(src/ros2_controllers/range_sensor_broadcaster) by extensions ['colcon_meta']
[0.212s] colcon.colcon_core.package_identification Level 1 _identify(src/ros2_controllers/range_sensor_broadcaster) by extension 'colcon_meta'
[0.212s] colcon.colcon_core.package_identification Level 1 _identify(src/ros2_controllers/range_sensor_broadcaster) by extensions ['ros']
[0.212s] colcon.colcon_core.package_identification Level 1 _identify(src/ros2_controllers/range_sensor_broadcaster) by extension 'ros'
[0.213s] colcon.colcon_core.package_identification DEBUG Package 'src/ros2_controllers/range_sensor_broadcaster' with type 'ros.ament_cmake' and name 'range_sensor_broadcaster'
[0.213s] colcon.colcon_core.package_identification Level 1 _identify(src/ros2_controllers/ros2_controllers) by extensions ['ignore', 'ignore_ament_install']
[0.213s] colcon.colcon_core.package_identification Level 1 _identify(src/ros2_controllers/ros2_controllers) by extension 'ignore'
[0.213s] colcon.colcon_core.package_identification Level 1 _identify(src/ros2_controllers/ros2_controllers) by extension 'ignore_ament_install'
[0.213s] colcon.colcon_core.package_identification Level 1 _identify(src/ros2_controllers/ros2_controllers) by extensions ['colcon_pkg']
[0.213s] colcon.colcon_core.package_identification Level 1 _identify(src/ros2_controllers/ros2_controllers) by extension 'colcon_pkg'
[0.213s] colcon.colcon_core.package_identification Level 1 _identify(src/ros2_controllers/ros2_controllers) by extensions ['colcon_meta']
[0.213s] colcon.colcon_core.package_identification Level 1 _identify(src/ros2_controllers/ros2_controllers) by extension 'colcon_meta'
[0.213s] colcon.colcon_core.package_identification Level 1 _identify(src/ros2_controllers/ros2_controllers) by extensions ['ros']
[0.213s] colcon.colcon_core.package_identification Level 1 _identify(src/ros2_controllers/ros2_controllers) by extension 'ros'
[0.214s] colcon.colcon_core.package_identification DEBUG Package 'src/ros2_controllers/ros2_controllers' with type 'ros.ament_cmake' and name 'ros2_controllers'
[0.214s] colcon.colcon_core.package_identification Level 1 _identify(src/ros2_controllers/ros2_controllers_test_nodes) by extensions ['ignore', 'ignore_ament_install']
[0.214s] colcon.colcon_core.package_identification Level 1 _identify(src/ros2_controllers/ros2_controllers_test_nodes) by extension 'ignore'
[0.214s] colcon.colcon_core.package_identification Level 1 _identify(src/ros2_controllers/ros2_controllers_test_nodes) by extension 'ignore_ament_install'
[0.214s] colcon.colcon_core.package_identification Level 1 _identify(src/ros2_controllers/ros2_controllers_test_nodes) by extensions ['colcon_pkg']
[0.214s] colcon.colcon_core.package_identification Level 1 _identify(src/ros2_controllers/ros2_controllers_test_nodes) by extension 'colcon_pkg'
[0.214s] colcon.colcon_core.package_identification Level 1 _identify(src/ros2_controllers/ros2_controllers_test_nodes) by extensions ['colcon_meta']
[0.214s] colcon.colcon_core.package_identification Level 1 _identify(src/ros2_controllers/ros2_controllers_test_nodes) by extension 'colcon_meta'
[0.214s] colcon.colcon_core.package_identification Level 1 _identify(src/ros2_controllers/ros2_controllers_test_nodes) by extensions ['ros']
[0.214s] colcon.colcon_core.package_identification Level 1 _identify(src/ros2_controllers/ros2_controllers_test_nodes) by extension 'ros'
[0.215s] colcon.colcon_core.package_identification DEBUG Package 'src/ros2_controllers/ros2_controllers_test_nodes' with type 'ros.ament_python' and name 'ros2_controllers_test_nodes'
[0.215s] colcon.colcon_core.package_identification Level 1 _identify(src/ros2_controllers/rqt_joint_trajectory_controller) by extensions ['ignore', 'ignore_ament_install']
[0.215s] colcon.colcon_core.package_identification Level 1 _identify(src/ros2_controllers/rqt_joint_trajectory_controller) by extension 'ignore'
[0.215s] colcon.colcon_core.package_identification Level 1 _identify(src/ros2_controllers/rqt_joint_trajectory_controller) by extension 'ignore_ament_install'
[0.215s] colcon.colcon_core.package_identification Level 1 _identify(src/ros2_controllers/rqt_joint_trajectory_controller) by extensions ['colcon_pkg']
[0.215s] colcon.colcon_core.package_identification Level 1 _identify(src/ros2_controllers/rqt_joint_trajectory_controller) by extension 'colcon_pkg'
[0.215s] colcon.colcon_core.package_identification Level 1 _identify(src/ros2_controllers/rqt_joint_trajectory_controller) by extensions ['colcon_meta']
[0.215s] colcon.colcon_core.package_identification Level 1 _identify(src/ros2_controllers/rqt_joint_trajectory_controller) by extension 'colcon_meta'
[0.215s] colcon.colcon_core.package_identification Level 1 _identify(src/ros2_controllers/rqt_joint_trajectory_controller) by extensions ['ros']
[0.215s] colcon.colcon_core.package_identification Level 1 _identify(src/ros2_controllers/rqt_joint_trajectory_controller) by extension 'ros'
[0.215s] colcon.colcon_core.package_identification DEBUG Package 'src/ros2_controllers/rqt_joint_trajectory_controller' with type 'ros.ament_python' and name 'rqt_joint_trajectory_controller'
[0.215s] colcon.colcon_core.package_identification Level 1 _identify(src/ros2_controllers/steering_controllers_library) by extensions ['ignore', 'ignore_ament_install']
[0.216s] colcon.colcon_core.package_identification Level 1 _identify(src/ros2_controllers/steering_controllers_library) by extension 'ignore'
[0.216s] colcon.colcon_core.package_identification Level 1 _identify(src/ros2_controllers/steering_controllers_library) by extension 'ignore_ament_install'
[0.216s] colcon.colcon_core.package_identification Level 1 _identify(src/ros2_controllers/steering_controllers_library) by extensions ['colcon_pkg']
[0.216s] colcon.colcon_core.package_identification Level 1 _identify(src/ros2_controllers/steering_controllers_library) by extension 'colcon_pkg'
[0.216s] colcon.colcon_core.package_identification Level 1 _identify(src/ros2_controllers/steering_controllers_library) by extensions ['colcon_meta']
[0.216s] colcon.colcon_core.package_identification Level 1 _identify(src/ros2_controllers/steering_controllers_library) by extension 'colcon_meta'
[0.216s] colcon.colcon_core.package_identification Level 1 _identify(src/ros2_controllers/steering_controllers_library) by extensions ['ros']
[0.216s] colcon.colcon_core.package_identification Level 1 _identify(src/ros2_controllers/steering_controllers_library) by extension 'ros'
[0.217s] colcon.colcon_core.package_identification DEBUG Package 'src/ros2_controllers/steering_controllers_library' with type 'ros.ament_cmake' and name 'steering_controllers_library'
[0.217s] colcon.colcon_core.package_identification Level 1 _identify(src/ros2_controllers/tricycle_controller) by extensions ['ignore', 'ignore_ament_install']
[0.217s] colcon.colcon_core.package_identification Level 1 _identify(src/ros2_controllers/tricycle_controller) by extension 'ignore'
[0.217s] colcon.colcon_core.package_identification Level 1 _identify(src/ros2_controllers/tricycle_controller) by extension 'ignore_ament_install'
[0.217s] colcon.colcon_core.package_identification Level 1 _identify(src/ros2_controllers/tricycle_controller) by extensions ['colcon_pkg']
[0.217s] colcon.colcon_core.package_identification Level 1 _identify(src/ros2_controllers/tricycle_controller) by extension 'colcon_pkg'
[0.217s] colcon.colcon_core.package_identification Level 1 _identify(src/ros2_controllers/tricycle_controller) by extensions ['colcon_meta']
[0.217s] colcon.colcon_core.package_identification Level 1 _identify(src/ros2_controllers/tricycle_controller) by extension 'colcon_meta'
[0.217s] colcon.colcon_core.package_identification Level 1 _identify(src/ros2_controllers/tricycle_controller) by extensions ['ros']
[0.217s] colcon.colcon_core.package_identification Level 1 _identify(src/ros2_controllers/tricycle_controller) by extension 'ros'
[0.218s] colcon.colcon_core.package_identification DEBUG Package 'src/ros2_controllers/tricycle_controller' with type 'ros.ament_cmake' and name 'tricycle_controller'
[0.218s] colcon.colcon_core.package_identification Level 1 _identify(src/ros2_controllers/tricycle_steering_controller) by extensions ['ignore', 'ignore_ament_install']
[0.218s] colcon.colcon_core.package_identification Level 1 _identify(src/ros2_controllers/tricycle_steering_controller) by extension 'ignore'
[0.218s] colcon.colcon_core.package_identification Level 1 _identify(src/ros2_controllers/tricycle_steering_controller) by extension 'ignore_ament_install'
[0.218s] colcon.colcon_core.package_identification Level 1 _identify(src/ros2_controllers/tricycle_steering_controller) by extensions ['colcon_pkg']
[0.218s] colcon.colcon_core.package_identification Level 1 _identify(src/ros2_controllers/tricycle_steering_controller) by extension 'colcon_pkg'
[0.218s] colcon.colcon_core.package_identification Level 1 _identify(src/ros2_controllers/tricycle_steering_controller) by extensions ['colcon_meta']
[0.218s] colcon.colcon_core.package_identification Level 1 _identify(src/ros2_controllers/tricycle_steering_controller) by extension 'colcon_meta'
[0.218s] colcon.colcon_core.package_identification Level 1 _identify(src/ros2_controllers/tricycle_steering_controller) by extensions ['ros']
[0.218s] colcon.colcon_core.package_identification Level 1 _identify(src/ros2_controllers/tricycle_steering_controller) by extension 'ros'
[0.219s] colcon.colcon_core.package_identification DEBUG Package 'src/ros2_controllers/tricycle_steering_controller' with type 'ros.ament_cmake' and name 'tricycle_steering_controller'
[0.219s] colcon.colcon_core.package_identification Level 1 _identify(src/ros2_controllers/velocity_controllers) by extensions ['ignore', 'ignore_ament_install']
[0.219s] colcon.colcon_core.package_identification Level 1 _identify(src/ros2_controllers/velocity_controllers) by extension 'ignore'
[0.219s] colcon.colcon_core.package_identification Level 1 _identify(src/ros2_controllers/velocity_controllers) by extension 'ignore_ament_install'
[0.219s] colcon.colcon_core.package_identification Level 1 _identify(src/ros2_controllers/velocity_controllers) by extensions ['colcon_pkg']
[0.219s] colcon.colcon_core.package_identification Level 1 _identify(src/ros2_controllers/velocity_controllers) by extension 'colcon_pkg'
[0.219s] colcon.colcon_core.package_identification Level 1 _identify(src/ros2_controllers/velocity_controllers) by extensions ['colcon_meta']
[0.219s] colcon.colcon_core.package_identification Level 1 _identify(src/ros2_controllers/velocity_controllers) by extension 'colcon_meta'
[0.219s] colcon.colcon_core.package_identification Level 1 _identify(src/ros2_controllers/velocity_controllers) by extensions ['ros']
[0.219s] colcon.colcon_core.package_identification Level 1 _identify(src/ros2_controllers/velocity_controllers) by extension 'ros'
[0.220s] colcon.colcon_core.package_identification DEBUG Package 'src/ros2_controllers/velocity_controllers' with type 'ros.ament_cmake' and name 'velocity_controllers'
[0.220s] colcon.colcon_core.package_discovery Level 1 discover_packages(recursive) using defaults
[0.220s] colcon.colcon_core.package_discovery Level 1 discover_packages(ignore) discover
[0.220s] colcon.colcon_core.package_discovery Level 1 discover_packages(ignore) using defaults
[0.220s] colcon.colcon_core.package_discovery Level 1 discover_packages(path) discover
[0.220s] colcon.colcon_core.package_discovery Level 1 discover_packages(path) using defaults
[0.244s] colcon.colcon_core.package_selection INFO Skipping not selected package 'controller_manager_msgs' in 'src/ros2_control/controller_manager_msgs'
[0.244s] colcon.colcon_core.package_selection INFO Skipping not selected package 'g1_package' in 'g1_package'
[0.244s] colcon.colcon_core.package_selection INFO Skipping not selected package 'joint_limits' in 'src/ros2_control/joint_limits'
[0.244s] colcon.colcon_core.package_selection INFO Skipping not selected package 'ros2_control_test_assets' in 'src/ros2_control/ros2_control_test_assets'
[0.244s] colcon.colcon_core.package_selection INFO Skipping not selected package 'ros2_controllers_test_nodes' in 'src/ros2_controllers/ros2_controllers_test_nodes'
[0.244s] colcon.colcon_core.package_selection INFO Skipping not selected package 'g1_gazebo_sim' in 'g1_gazebo_sim'
[0.244s] colcon.colcon_core.package_selection INFO Skipping not selected package 'hardware_interface' in 'src/ros2_control/hardware_interface'
[0.244s] colcon.colcon_core.package_selection INFO Skipping not selected package 'rqt_joint_trajectory_controller' in 'src/ros2_controllers/rqt_joint_trajectory_controller'
[0.244s] colcon.colcon_core.package_selection INFO Skipping not selected package 'controller_interface' in 'src/ros2_control/controller_interface'
[0.244s] colcon.colcon_core.package_selection INFO Skipping not selected package 'hardware_interface_testing' in 'src/ros2_control/hardware_interface_testing'
[0.244s] colcon.colcon_core.package_selection INFO Skipping not selected package 'transmission_interface' in 'src/ros2_control/transmission_interface'
[0.244s] colcon.colcon_core.package_selection INFO Skipping not selected package 'controller_manager' in 'src/ros2_control/controller_manager'
[0.244s] colcon.colcon_core.package_selection INFO Skipping not selected package 'admittance_controller' in 'src/ros2_controllers/admittance_controller'
[0.244s] colcon.colcon_core.package_selection INFO Skipping not selected package 'diff_drive_controller' in 'src/ros2_controllers/diff_drive_controller'
[0.244s] colcon.colcon_core.package_selection INFO Skipping not selected package 'force_torque_sensor_broadcaster' in 'src/ros2_controllers/force_torque_sensor_broadcaster'
[0.244s] colcon.colcon_core.package_selection INFO Skipping not selected package 'forward_command_controller' in 'src/ros2_controllers/forward_command_controller'
[0.244s] colcon.colcon_core.package_selection INFO Skipping not selected package 'gpio_controllers' in 'src/ros2_controllers/gpio_controllers'
[0.244s] colcon.colcon_core.package_selection INFO Skipping not selected package 'gripper_controllers' in 'src/ros2_controllers/gripper_controllers'
[0.244s] colcon.colcon_core.package_selection INFO Skipping not selected package 'imu_sensor_broadcaster' in 'src/ros2_controllers/imu_sensor_broadcaster'
[0.244s] colcon.colcon_core.package_selection INFO Skipping not selected package 'mecanum_drive_controller' in 'src/ros2_controllers/mecanum_drive_controller'
[0.244s] colcon.colcon_core.package_selection INFO Skipping not selected package 'pid_controller' in 'src/ros2_controllers/pid_controller'
[0.244s] colcon.colcon_core.package_selection INFO Skipping not selected package 'pose_broadcaster' in 'src/ros2_controllers/pose_broadcaster'
[0.244s] colcon.colcon_core.package_selection INFO Skipping not selected package 'range_sensor_broadcaster' in 'src/ros2_controllers/range_sensor_broadcaster'
[0.244s] colcon.colcon_core.package_selection INFO Skipping not selected package 'ros2controlcli' in 'src/ros2_control/ros2controlcli'
[0.244s] colcon.colcon_core.package_selection INFO Skipping not selected package 'rqt_controller_manager' in 'src/ros2_control/rqt_controller_manager'
[0.245s] colcon.colcon_core.package_selection INFO Skipping not selected package 'steering_controllers_library' in 'src/ros2_controllers/steering_controllers_library'
[0.245s] colcon.colcon_core.package_selection INFO Skipping not selected package 'tricycle_controller' in 'src/ros2_controllers/tricycle_controller'
[0.245s] colcon.colcon_core.package_selection INFO Skipping not selected package 'ackermann_steering_controller' in 'src/ros2_controllers/ackermann_steering_controller'
[0.245s] colcon.colcon_core.package_selection INFO Skipping not selected package 'bicycle_steering_controller' in 'src/ros2_controllers/bicycle_steering_controller'
[0.245s] colcon.colcon_core.package_selection INFO Skipping not selected package 'effort_controllers' in 'src/ros2_controllers/effort_controllers'
[0.245s] colcon.colcon_core.package_selection INFO Skipping not selected package 'g1_controller' in 'g1_controller'
[0.245s] colcon.colcon_core.package_selection INFO Skipping not selected package 'position_controllers' in 'src/ros2_controllers/position_controllers'
[0.245s] colcon.colcon_core.package_selection INFO Skipping not selected package 'ros2_control' in 'src/ros2_control/ros2_control'
[0.245s] colcon.colcon_core.package_selection INFO Skipping not selected package 'tricycle_steering_controller' in 'src/ros2_controllers/tricycle_steering_controller'
[0.245s] colcon.colcon_core.package_selection INFO Skipping not selected package 'velocity_controllers' in 'src/ros2_controllers/velocity_controllers'
[0.245s] colcon.colcon_core.package_selection INFO Skipping not selected package 'ros2_controllers' in 'src/ros2_controllers/ros2_controllers'
[0.245s] colcon.colcon_core.verb Level 5 set package 'joint_state_broadcaster' build argument 'cmake_args' from command line to 'None'
[0.245s] colcon.colcon_core.verb Level 5 set package 'joint_state_broadcaster' build argument 'cmake_target' from command line to 'None'
[0.245s] colcon.colcon_core.verb Level 5 set package 'joint_state_broadcaster' build argument 'cmake_target_skip_unavailable' from command line to 'False'
[0.245s] colcon.colcon_core.verb Level 5 set package 'joint_state_broadcaster' build argument 'cmake_clean_cache' from command line to 'False'
[0.245s] colcon.colcon_core.verb Level 5 set package 'joint_state_broadcaster' build argument 'cmake_clean_first' from command line to 'False'
[0.245s] colcon.colcon_core.verb Level 5 set package 'joint_state_broadcaster' build argument 'cmake_force_configure' from command line to 'False'
[0.245s] colcon.colcon_core.verb Level 5 set package 'joint_state_broadcaster' build argument 'ament_cmake_args' from command line to 'None'
[0.245s] colcon.colcon_core.verb Level 5 set package 'joint_state_broadcaster' build argument 'catkin_cmake_args' from command line to 'None'
[0.245s] colcon.colcon_core.verb Level 5 set package 'joint_state_broadcaster' build argument 'catkin_skip_building_tests' from command line to 'False'
[0.245s] colcon.colcon_core.verb DEBUG Building package 'joint_state_broadcaster' with the following arguments: {'ament_cmake_args': None, 'build_base': '/home/irman/ROS2_Humanoid_VLA/build/joint_state_broadcaster', 'catkin_cmake_args': None, 'catkin_skip_building_tests': False, 'cmake_args': None, 'cmake_clean_cache': False, 'cmake_clean_first': False, 'cmake_force_configure': False, 'cmake_target': None, 'cmake_target_skip_unavailable': False, 'install_base': '/home/irman/ROS2_Humanoid_VLA/install/joint_state_broadcaster', 'merge_install': False, 'path': '/home/irman/ROS2_Humanoid_VLA/src/ros2_controllers/joint_state_broadcaster', 'symlink_install': True, 'test_result_base': None}
[0.246s] colcon.colcon_core.verb Level 5 set package 'joint_trajectory_controller' build argument 'cmake_args' from command line to 'None'
[0.246s] colcon.colcon_core.verb Level 5 set package 'joint_trajectory_controller' build argument 'cmake_target' from command line to 'None'
[0.246s] colcon.colcon_core.verb Level 5 set package 'joint_trajectory_controller' build argument 'cmake_target_skip_unavailable' from command line to 'False'
[0.246s] colcon.colcon_core.verb Level 5 set package 'joint_trajectory_controller' build argument 'cmake_clean_cache' from command line to 'False'
[0.246s] colcon.colcon_core.verb Level 5 set package 'joint_trajectory_controller' build argument 'cmake_clean_first' from command line to 'False'
[0.246s] colcon.colcon_core.verb Level 5 set package 'joint_trajectory_controller' build argument 'cmake_force_configure' from command line to 'False'
[0.246s] colcon.colcon_core.verb Level 5 set package 'joint_trajectory_controller' build argument 'ament_cmake_args' from command line to 'None'
[0.246s] colcon.colcon_core.verb Level 5 set package 'joint_trajectory_controller' build argument 'catkin_cmake_args' from command line to 'None'
[0.246s] colcon.colcon_core.verb Level 5 set package 'joint_trajectory_controller' build argument 'catkin_skip_building_tests' from command line to 'False'
[0.246s] colcon.colcon_core.verb DEBUG Building package 'joint_trajectory_controller' with the following arguments: {'ament_cmake_args': None, 'build_base': '/home/irman/ROS2_Humanoid_VLA/build/joint_trajectory_controller', 'catkin_cmake_args': None, 'catkin_skip_building_tests': False, 'cmake_args': None, 'cmake_clean_cache': False, 'cmake_clean_first': False, 'cmake_force_configure': False, 'cmake_target': None, 'cmake_target_skip_unavailable': False, 'install_base': '/home/irman/ROS2_Humanoid_VLA/install/joint_trajectory_controller', 'merge_install': False, 'path': '/home/irman/ROS2_Humanoid_VLA/src/ros2_controllers/joint_trajectory_controller', 'symlink_install': True, 'test_result_base': None}
[0.246s] colcon.colcon_core.executor INFO Executing jobs using 'parallel' executor
[0.247s] colcon.colcon_parallel_executor.executor.parallel DEBUG run_until_complete
[0.247s] colcon.colcon_ros.task.ament_cmake.build INFO Building ROS package in '/home/irman/ROS2_Humanoid_VLA/src/ros2_controllers/joint_state_broadcaster' with build type 'ament_cmake'
[0.248s] colcon.colcon_cmake.task.cmake.build INFO Building CMake package in '/home/irman/ROS2_Humanoid_VLA/src/ros2_controllers/joint_state_broadcaster'
[0.250s] colcon.colcon_core.plugin_system INFO Skipping extension 'colcon_core.shell.bat': Not used on non-Windows systems
[0.250s] colcon.colcon_core.shell INFO Skip shell extension 'powershell' for command environment: Not usable outside of PowerShell
[0.250s] colcon.colcon_core.shell DEBUG Skip shell extension 'dsv' for command environment
[0.252s] colcon.colcon_core.shell WARNING The following packages are in the workspace but haven't been built:
- controller_manager_msgs
- hardware_interface
- controller_interface
- controller_manager
They are being used from the following locations instead:
- /home/irman/micromamba/envs/ros2_env
- /home/irman/micromamba/envs/ros2_env
- /home/irman/micromamba/envs/ros2_env
- /home/irman/micromamba/envs/ros2_env
To suppress this warning ignore these packages in the workspace:
--packages-ignore controller_manager_msgs hardware_interface controller_interface controller_manager
[0.254s] colcon.colcon_ros.task.ament_cmake.build INFO Building ROS package in '/home/irman/ROS2_Humanoid_VLA/src/ros2_controllers/joint_trajectory_controller' with build type 'ament_cmake'
[0.254s] colcon.colcon_cmake.task.cmake.build INFO Building CMake package in '/home/irman/ROS2_Humanoid_VLA/src/ros2_controllers/joint_trajectory_controller'
[0.254s] colcon.colcon_core.shell INFO Skip shell extension 'powershell' for command environment: Not usable outside of PowerShell
[0.254s] colcon.colcon_core.shell DEBUG Skip shell extension 'dsv' for command environment
[0.255s] colcon.colcon_core.shell WARNING The following packages are in the workspace but haven't been built:
- controller_manager_msgs
- hardware_interface
- controller_interface
- controller_manager
They are being used from the following locations instead:
- /home/irman/micromamba/envs/ros2_env
- /home/irman/micromamba/envs/ros2_env
- /home/irman/micromamba/envs/ros2_env
- /home/irman/micromamba/envs/ros2_env
To suppress this warning ignore these packages in the workspace:
--packages-ignore controller_manager_msgs hardware_interface controller_interface controller_manager
[0.259s] colcon.colcon_core.event_handler.log_command DEBUG Invoking command in '/home/irman/ROS2_Humanoid_VLA/build/joint_state_broadcaster': AMENT_PREFIX_PATH=/home/irman/ROS2_Humanoid_VLA/install/hardware_interface_testing:/home/irman/ROS2_Humanoid_VLA/install/ros2_control_test_assets:${AMENT_PREFIX_PATH} CMAKE_PREFIX_PATH=/home/irman/ROS2_Humanoid_VLA/install/hardware_interface_testing:/home/irman/ROS2_Humanoid_VLA/install/ros2_control_test_assets:${CMAKE_PREFIX_PATH} CONDA_PROMPT_MODIFIER=(ros2_env) DEBUGINFOD_URLS=https://debuginfod.ubuntu.com LD_LIBRARY_PATH=/home/irman/ROS2_Humanoid_VLA/install/hardware_interface_testing/lib:/home/irman/micromamba/envs/ros2_env/opt/rviz_ogre_vendor/lib:/home/irman/micromamba/envs/ros2_env/lib/gazebo-11/plugins /home/irman/micromamba/envs/ros2_env/bin/cmake --build /home/irman/ROS2_Humanoid_VLA/build/joint_state_broadcaster -- -j16 -l16
[0.262s] colcon.colcon_core.event_handler.log_command DEBUG Invoking command in '/home/irman/ROS2_Humanoid_VLA/build/joint_trajectory_controller': AMENT_PREFIX_PATH=/home/irman/ROS2_Humanoid_VLA/install/hardware_interface_testing:/home/irman/ROS2_Humanoid_VLA/install/ros2_control_test_assets:${AMENT_PREFIX_PATH} CMAKE_PREFIX_PATH=/home/irman/ROS2_Humanoid_VLA/install/hardware_interface_testing:/home/irman/ROS2_Humanoid_VLA/install/ros2_control_test_assets:${CMAKE_PREFIX_PATH} CONDA_PROMPT_MODIFIER=(ros2_env) DEBUGINFOD_URLS=https://debuginfod.ubuntu.com LD_LIBRARY_PATH=/home/irman/ROS2_Humanoid_VLA/install/hardware_interface_testing/lib:/home/irman/micromamba/envs/ros2_env/opt/rviz_ogre_vendor/lib:/home/irman/micromamba/envs/ros2_env/lib/gazebo-11/plugins /home/irman/micromamba/envs/ros2_env/bin/cmake /home/irman/ROS2_Humanoid_VLA/src/ros2_controllers/joint_trajectory_controller -DAMENT_CMAKE_SYMLINK_INSTALL=1 -DCMAKE_INSTALL_PREFIX=/home/irman/ROS2_Humanoid_VLA/install/joint_trajectory_controller
[0.392s] colcon.colcon_core.event_handler.log_command DEBUG Invoked command in '/home/irman/ROS2_Humanoid_VLA/build/joint_state_broadcaster' returned '0': AMENT_PREFIX_PATH=/home/irman/ROS2_Humanoid_VLA/install/hardware_interface_testing:/home/irman/ROS2_Humanoid_VLA/install/ros2_control_test_assets:${AMENT_PREFIX_PATH} CMAKE_PREFIX_PATH=/home/irman/ROS2_Humanoid_VLA/install/hardware_interface_testing:/home/irman/ROS2_Humanoid_VLA/install/ros2_control_test_assets:${CMAKE_PREFIX_PATH} CONDA_PROMPT_MODIFIER=(ros2_env) DEBUGINFOD_URLS=https://debuginfod.ubuntu.com LD_LIBRARY_PATH=/home/irman/ROS2_Humanoid_VLA/install/hardware_interface_testing/lib:/home/irman/micromamba/envs/ros2_env/opt/rviz_ogre_vendor/lib:/home/irman/micromamba/envs/ros2_env/lib/gazebo-11/plugins /home/irman/micromamba/envs/ros2_env/bin/cmake --build /home/irman/ROS2_Humanoid_VLA/build/joint_state_broadcaster -- -j16 -l16
[0.403s] colcon.colcon_core.event_handler.log_command DEBUG Invoking command in '/home/irman/ROS2_Humanoid_VLA/build/joint_state_broadcaster': AMENT_PREFIX_PATH=/home/irman/ROS2_Humanoid_VLA/install/hardware_interface_testing:/home/irman/ROS2_Humanoid_VLA/install/ros2_control_test_assets:${AMENT_PREFIX_PATH} CMAKE_PREFIX_PATH=/home/irman/ROS2_Humanoid_VLA/install/hardware_interface_testing:/home/irman/ROS2_Humanoid_VLA/install/ros2_control_test_assets:${CMAKE_PREFIX_PATH} CONDA_PROMPT_MODIFIER=(ros2_env) DEBUGINFOD_URLS=https://debuginfod.ubuntu.com LD_LIBRARY_PATH=/home/irman/ROS2_Humanoid_VLA/install/hardware_interface_testing/lib:/home/irman/micromamba/envs/ros2_env/opt/rviz_ogre_vendor/lib:/home/irman/micromamba/envs/ros2_env/lib/gazebo-11/plugins /home/irman/micromamba/envs/ros2_env/bin/cmake --install /home/irman/ROS2_Humanoid_VLA/build/joint_state_broadcaster
[0.589s] colcon.colcon_core.environment Level 1 create_environment_scripts_only(joint_state_broadcaster)
[0.589s] colcon.colcon_core.event_handler.log_command DEBUG Invoked command in '/home/irman/ROS2_Humanoid_VLA/build/joint_state_broadcaster' returned '0': AMENT_PREFIX_PATH=/home/irman/ROS2_Humanoid_VLA/install/hardware_interface_testing:/home/irman/ROS2_Humanoid_VLA/install/ros2_control_test_assets:${AMENT_PREFIX_PATH} CMAKE_PREFIX_PATH=/home/irman/ROS2_Humanoid_VLA/install/hardware_interface_testing:/home/irman/ROS2_Humanoid_VLA/install/ros2_control_test_assets:${CMAKE_PREFIX_PATH} CONDA_PROMPT_MODIFIER=(ros2_env) DEBUGINFOD_URLS=https://debuginfod.ubuntu.com LD_LIBRARY_PATH=/home/irman/ROS2_Humanoid_VLA/install/hardware_interface_testing/lib:/home/irman/micromamba/envs/ros2_env/opt/rviz_ogre_vendor/lib:/home/irman/micromamba/envs/ros2_env/lib/gazebo-11/plugins /home/irman/micromamba/envs/ros2_env/bin/cmake --install /home/irman/ROS2_Humanoid_VLA/build/joint_state_broadcaster
[0.591s] colcon.colcon_core.environment Level 1 checking '/home/irman/ROS2_Humanoid_VLA/install/joint_state_broadcaster' for CMake module files
[0.591s] colcon.colcon_core.environment Level 1 checking '/home/irman/ROS2_Humanoid_VLA/install/joint_state_broadcaster' for CMake config files
[0.591s] colcon.colcon_core.shell Level 1 create_environment_hook('joint_state_broadcaster', 'cmake_prefix_path')
[0.592s] colcon.colcon_core.shell INFO Creating environment hook '/home/irman/ROS2_Humanoid_VLA/install/joint_state_broadcaster/share/joint_state_broadcaster/hook/cmake_prefix_path.ps1'
[0.592s] colcon.colcon_core.shell INFO Creating environment descriptor '/home/irman/ROS2_Humanoid_VLA/install/joint_state_broadcaster/share/joint_state_broadcaster/hook/cmake_prefix_path.dsv'
[0.592s] colcon.colcon_core.shell INFO Creating environment hook '/home/irman/ROS2_Humanoid_VLA/install/joint_state_broadcaster/share/joint_state_broadcaster/hook/cmake_prefix_path.sh'
[0.593s] colcon.colcon_core.environment Level 1 checking '/home/irman/ROS2_Humanoid_VLA/install/joint_state_broadcaster/lib'
[0.593s] colcon.colcon_core.shell Level 1 create_environment_hook('joint_state_broadcaster', 'ld_library_path_lib')
[0.593s] colcon.colcon_core.shell INFO Creating environment hook '/home/irman/ROS2_Humanoid_VLA/install/joint_state_broadcaster/share/joint_state_broadcaster/hook/ld_library_path_lib.ps1'
[0.610s] colcon.colcon_core.shell INFO Creating environment descriptor '/home/irman/ROS2_Humanoid_VLA/install/joint_state_broadcaster/share/joint_state_broadcaster/hook/ld_library_path_lib.dsv'
[0.610s] colcon.colcon_core.shell INFO Creating environment hook '/home/irman/ROS2_Humanoid_VLA/install/joint_state_broadcaster/share/joint_state_broadcaster/hook/ld_library_path_lib.sh'
[0.610s] colcon.colcon_core.environment Level 1 checking '/home/irman/ROS2_Humanoid_VLA/install/joint_state_broadcaster/bin'
[0.610s] colcon.colcon_core.environment Level 1 checking '/home/irman/ROS2_Humanoid_VLA/install/joint_state_broadcaster/lib/pkgconfig/joint_state_broadcaster.pc'
[0.611s] colcon.colcon_core.environment Level 1 checking '/home/irman/ROS2_Humanoid_VLA/install/joint_state_broadcaster/lib/python3.11/site-packages'
[0.612s] colcon.colcon_core.environment Level 1 checking '/home/irman/ROS2_Humanoid_VLA/install/joint_state_broadcaster/bin'
[0.612s] colcon.colcon_core.shell INFO Creating package script '/home/irman/ROS2_Humanoid_VLA/install/joint_state_broadcaster/share/joint_state_broadcaster/package.ps1'
[0.613s] colcon.colcon_core.shell INFO Creating package descriptor '/home/irman/ROS2_Humanoid_VLA/install/joint_state_broadcaster/share/joint_state_broadcaster/package.dsv'
[0.613s] colcon.colcon_core.shell INFO Creating package script '/home/irman/ROS2_Humanoid_VLA/install/joint_state_broadcaster/share/joint_state_broadcaster/package.sh'
[0.614s] colcon.colcon_core.shell INFO Creating package script '/home/irman/ROS2_Humanoid_VLA/install/joint_state_broadcaster/share/joint_state_broadcaster/package.bash'
[0.615s] colcon.colcon_core.shell INFO Creating package script '/home/irman/ROS2_Humanoid_VLA/install/joint_state_broadcaster/share/joint_state_broadcaster/package.zsh'
[0.615s] colcon.colcon_core.environment Level 1 create_file_with_runtime_dependencies(/home/irman/ROS2_Humanoid_VLA/install/joint_state_broadcaster/share/colcon-core/packages/joint_state_broadcaster)
[0.616s] colcon.colcon_core.environment Level 1 create_environment_scripts_only(joint_state_broadcaster)
[0.616s] colcon.colcon_core.environment Level 1 checking '/home/irman/ROS2_Humanoid_VLA/install/joint_state_broadcaster' for CMake module files
[0.616s] colcon.colcon_core.environment Level 1 checking '/home/irman/ROS2_Humanoid_VLA/install/joint_state_broadcaster' for CMake config files
[0.616s] colcon.colcon_core.shell Level 1 create_environment_hook('joint_state_broadcaster', 'cmake_prefix_path')
[0.616s] colcon.colcon_core.shell INFO Creating environment hook '/home/irman/ROS2_Humanoid_VLA/install/joint_state_broadcaster/share/joint_state_broadcaster/hook/cmake_prefix_path.ps1'
[0.617s] colcon.colcon_core.shell INFO Creating environment descriptor '/home/irman/ROS2_Humanoid_VLA/install/joint_state_broadcaster/share/joint_state_broadcaster/hook/cmake_prefix_path.dsv'
[0.617s] colcon.colcon_core.shell INFO Creating environment hook '/home/irman/ROS2_Humanoid_VLA/install/joint_state_broadcaster/share/joint_state_broadcaster/hook/cmake_prefix_path.sh'
[0.617s] colcon.colcon_core.environment Level 1 checking '/home/irman/ROS2_Humanoid_VLA/install/joint_state_broadcaster/lib'
[0.617s] colcon.colcon_core.shell Level 1 create_environment_hook('joint_state_broadcaster', 'ld_library_path_lib')
[0.617s] colcon.colcon_core.shell INFO Creating environment hook '/home/irman/ROS2_Humanoid_VLA/install/joint_state_broadcaster/share/joint_state_broadcaster/hook/ld_library_path_lib.ps1'
[0.618s] colcon.colcon_core.shell INFO Creating environment descriptor '/home/irman/ROS2_Humanoid_VLA/install/joint_state_broadcaster/share/joint_state_broadcaster/hook/ld_library_path_lib.dsv'
[0.618s] colcon.colcon_core.shell INFO Creating environment hook '/home/irman/ROS2_Humanoid_VLA/install/joint_state_broadcaster/share/joint_state_broadcaster/hook/ld_library_path_lib.sh'
[0.618s] colcon.colcon_core.environment Level 1 checking '/home/irman/ROS2_Humanoid_VLA/install/joint_state_broadcaster/bin'
[0.618s] colcon.colcon_core.environment Level 1 checking '/home/irman/ROS2_Humanoid_VLA/install/joint_state_broadcaster/lib/pkgconfig/joint_state_broadcaster.pc'
[0.618s] colcon.colcon_core.environment Level 1 checking '/home/irman/ROS2_Humanoid_VLA/install/joint_state_broadcaster/lib/python3.11/site-packages'
[0.619s] colcon.colcon_core.environment Level 1 checking '/home/irman/ROS2_Humanoid_VLA/install/joint_state_broadcaster/bin'
[0.619s] colcon.colcon_core.shell INFO Creating package script '/home/irman/ROS2_Humanoid_VLA/install/joint_state_broadcaster/share/joint_state_broadcaster/package.ps1'
[0.619s] colcon.colcon_core.shell INFO Creating package descriptor '/home/irman/ROS2_Humanoid_VLA/install/joint_state_broadcaster/share/joint_state_broadcaster/package.dsv'
[0.619s] colcon.colcon_core.shell INFO Creating package script '/home/irman/ROS2_Humanoid_VLA/install/joint_state_broadcaster/share/joint_state_broadcaster/package.sh'
[0.620s] colcon.colcon_core.shell INFO Creating package script '/home/irman/ROS2_Humanoid_VLA/install/joint_state_broadcaster/share/joint_state_broadcaster/package.bash'
[0.620s] colcon.colcon_core.shell INFO Creating package script '/home/irman/ROS2_Humanoid_VLA/install/joint_state_broadcaster/share/joint_state_broadcaster/package.zsh'
[0.620s] colcon.colcon_core.environment Level 1 create_file_with_runtime_dependencies(/home/irman/ROS2_Humanoid_VLA/install/joint_state_broadcaster/share/colcon-core/packages/joint_state_broadcaster)
[1.437s] colcon.colcon_core.event_handler.log_command DEBUG Invoked command in '/home/irman/ROS2_Humanoid_VLA/build/joint_trajectory_controller' returned '1': AMENT_PREFIX_PATH=/home/irman/ROS2_Humanoid_VLA/install/hardware_interface_testing:/home/irman/ROS2_Humanoid_VLA/install/ros2_control_test_assets:${AMENT_PREFIX_PATH} CMAKE_PREFIX_PATH=/home/irman/ROS2_Humanoid_VLA/install/hardware_interface_testing:/home/irman/ROS2_Humanoid_VLA/install/ros2_control_test_assets:${CMAKE_PREFIX_PATH} CONDA_PROMPT_MODIFIER=(ros2_env) DEBUGINFOD_URLS=https://debuginfod.ubuntu.com LD_LIBRARY_PATH=/home/irman/ROS2_Humanoid_VLA/install/hardware_interface_testing/lib:/home/irman/micromamba/envs/ros2_env/opt/rviz_ogre_vendor/lib:/home/irman/micromamba/envs/ros2_env/lib/gazebo-11/plugins /home/irman/micromamba/envs/ros2_env/bin/cmake /home/irman/ROS2_Humanoid_VLA/src/ros2_controllers/joint_trajectory_controller -DAMENT_CMAKE_SYMLINK_INSTALL=1 -DCMAKE_INSTALL_PREFIX=/home/irman/ROS2_Humanoid_VLA/install/joint_trajectory_controller
[1.452s] colcon.colcon_core.environment Level 1 create_environment_scripts_only(joint_trajectory_controller)
[1.452s] colcon.colcon_core.environment Level 1 checking '/home/irman/ROS2_Humanoid_VLA/install/joint_trajectory_controller' for CMake module files
[1.452s] colcon.colcon_core.environment Level 1 checking '/home/irman/ROS2_Humanoid_VLA/install/joint_trajectory_controller' for CMake config files
[1.453s] colcon.colcon_core.environment Level 1 checking '/home/irman/ROS2_Humanoid_VLA/install/joint_trajectory_controller/bin'
[1.453s] colcon.colcon_core.environment Level 1 checking '/home/irman/ROS2_Humanoid_VLA/install/joint_trajectory_controller/lib/pkgconfig/joint_trajectory_controller.pc'
[1.453s] colcon.colcon_core.environment Level 1 checking '/home/irman/ROS2_Humanoid_VLA/install/joint_trajectory_controller/lib/python3.11/site-packages'
[1.453s] colcon.colcon_core.environment Level 1 checking '/home/irman/ROS2_Humanoid_VLA/install/joint_trajectory_controller/bin'
[1.453s] colcon.colcon_core.shell INFO Creating package script '/home/irman/ROS2_Humanoid_VLA/install/joint_trajectory_controller/share/joint_trajectory_controller/package.ps1'
[1.454s] colcon.colcon_core.shell INFO Creating package descriptor '/home/irman/ROS2_Humanoid_VLA/install/joint_trajectory_controller/share/joint_trajectory_controller/package.dsv'
[1.454s] colcon.colcon_core.shell INFO Creating package script '/home/irman/ROS2_Humanoid_VLA/install/joint_trajectory_controller/share/joint_trajectory_controller/package.sh'
[1.454s] colcon.colcon_core.shell INFO Creating package script '/home/irman/ROS2_Humanoid_VLA/install/joint_trajectory_controller/share/joint_trajectory_controller/package.bash'
[1.455s] colcon.colcon_core.shell INFO Creating package script '/home/irman/ROS2_Humanoid_VLA/install/joint_trajectory_controller/share/joint_trajectory_controller/package.zsh'
[1.455s] colcon.colcon_core.environment Level 1 create_file_with_runtime_dependencies(/home/irman/ROS2_Humanoid_VLA/install/joint_trajectory_controller/share/colcon-core/packages/joint_trajectory_controller)
[1.466s] colcon.colcon_parallel_executor.executor.parallel DEBUG closing loop
[1.466s] colcon.colcon_parallel_executor.executor.parallel DEBUG loop closed
[1.466s] colcon.colcon_parallel_executor.executor.parallel DEBUG run_until_complete finished with '1'
[1.466s] colcon.colcon_core.event_reactor DEBUG joining thread
[1.467s] colcon.colcon_core.event_reactor DEBUG joined thread
[1.467s] colcon.colcon_core.shell INFO Creating prefix script '/home/irman/ROS2_Humanoid_VLA/install/local_setup.ps1'
[1.468s] colcon.colcon_core.shell INFO Creating prefix util module '/home/irman/ROS2_Humanoid_VLA/install/_local_setup_util_ps1.py'
[1.469s] colcon.colcon_core.shell INFO Creating prefix chain script '/home/irman/ROS2_Humanoid_VLA/install/setup.ps1'
[1.469s] colcon.colcon_core.shell INFO Creating prefix script '/home/irman/ROS2_Humanoid_VLA/install/local_setup.sh'
[1.470s] colcon.colcon_core.shell INFO Creating prefix util module '/home/irman/ROS2_Humanoid_VLA/install/_local_setup_util_sh.py'
[1.470s] colcon.colcon_core.shell INFO Creating prefix chain script '/home/irman/ROS2_Humanoid_VLA/install/setup.sh'
[1.471s] colcon.colcon_core.shell INFO Creating prefix script '/home/irman/ROS2_Humanoid_VLA/install/local_setup.bash'
[1.472s] colcon.colcon_core.shell INFO Creating prefix chain script '/home/irman/ROS2_Humanoid_VLA/install/setup.bash'
[1.472s] colcon.colcon_core.shell INFO Creating prefix script '/home/irman/ROS2_Humanoid_VLA/install/local_setup.zsh'
[1.473s] colcon.colcon_core.shell INFO Creating prefix chain script '/home/irman/ROS2_Humanoid_VLA/install/setup.zsh'
