[0.015s] Invoking command in '/home/irman/ROS2_Humanoid_VLA/build/g1_controller': CONDA_PROMPT_MODIFIER=(ros2_env) DEBUGINFOD_URLS=https://debuginfod.ubuntu.com /home/irman/micromamba/envs/ros2_env/bin/cmake /home/irman/ROS2_Humanoid_VLA/g1_controller -DAMENT_CMAKE_SYMLINK_INSTALL=1 -DCMAKE_INSTALL_PREFIX=/home/irman/ROS2_Humanoid_VLA/install/g1_controller
[0.028s] CMake Deprecation Warning at CMakeLists.txt:1 (cmake_minimum_required):
[0.028s]   Compatibility with CMake < 3.10 will be removed from a future version of
[0.028s]   CMake.
[0.028s] 
[0.028s]   Update the VERSION argument <min> value.  Or, use the <min>...<max> syntax
[0.029s]   to tell CMake that the project requires at least <min> but has been updated
[0.029s]   to work with policies introduced by <max> or earlier.
[0.029s] 
[0.029s] 
[0.254s] -- The C compiler identification is GNU 14.3.0
[0.533s] -- The CXX compiler identification is GNU 14.3.0
[0.550s] -- Detecting C compiler ABI info
[0.681s] -- Detecting C compiler ABI info - done
[0.713s] -- Check for working C compiler: /home/irman/micromamba/envs/ros2_env/bin/x86_64-conda-linux-gnu-cc - skipped
[0.714s] -- Detecting C compile features
[0.714s] -- Detecting C compile features - done
[0.735s] -- Detecting CXX compiler ABI info
[0.866s] -- Detecting CXX compiler ABI info - done
[0.888s] -- Check for working CXX compiler: /home/irman/micromamba/envs/ros2_env/bin/x86_64-conda-linux-gnu-c++ - skipped
[0.888s] -- Detecting CXX compile features
[0.889s] -- Detecting CXX compile features - done
[0.907s] -- Found ament_cmake: 1.3.12 (/home/irman/micromamba/envs/ros2_env/share/ament_cmake/cmake)
[0.990s] -- Found Python3: /home/irman/micromamba/envs/ros2_env/bin/python3 (found version "3.11.14") found components: Interpreter
[1.033s] -- Override CMake install command with custom implementation using symlinks instead of copying resources
[1.112s] -- Found rclpy: 3.3.16 (/home/irman/micromamba/envs/ros2_env/share/rclpy/cmake)
[1.182s] -- Found ament_lint_auto: 0.12.12 (/home/irman/micromamba/envs/ros2_env/share/ament_lint_auto/cmake)
[1.285s] -- Added test 'copyright' to check source files copyright and LICENSE
[1.287s] -- Added test 'flake8' to check Python code syntax and style conventions
[1.288s] -- Added test 'lint_cmake' to check CMake code style
[1.288s] -- Added test 'pep257' to check Python code against some of the docstring style conventions in PEP 257
[1.289s] -- Added test 'xmllint' to check XML markup files
[1.291s] -- Configuring done (1.3s)
[1.295s] -- Generating done (0.0s)
[1.296s] -- Build files have been written to: /home/irman/ROS2_Humanoid_VLA/build/g1_controller
[1.301s] Invoked command in '/home/irman/ROS2_Humanoid_VLA/build/g1_controller' returned '0': CONDA_PROMPT_MODIFIER=(ros2_env) DEBUGINFOD_URLS=https://debuginfod.ubuntu.com /home/irman/micromamba/envs/ros2_env/bin/cmake /home/irman/ROS2_Humanoid_VLA/g1_controller -DAMENT_CMAKE_SYMLINK_INSTALL=1 -DCMAKE_INSTALL_PREFIX=/home/irman/ROS2_Humanoid_VLA/install/g1_controller
[1.301s] Invoking command in '/home/irman/ROS2_Humanoid_VLA/build/g1_controller': CONDA_PROMPT_MODIFIER=(ros2_env) DEBUGINFOD_URLS=https://debuginfod.ubuntu.com /home/irman/micromamba/envs/ros2_env/bin/cmake --build /home/irman/ROS2_Humanoid_VLA/build/g1_controller -- -j16 -l16
[1.342s] Built target ament_cmake_python_symlink_g1_controller
[1.482s] running egg_info
[1.490s] creating g1_controller.egg-info
[1.490s] writing g1_controller.egg-info/PKG-INFO
[1.490s] writing dependency_links to g1_controller.egg-info/dependency_links.txt
[1.491s] writing top-level names to g1_controller.egg-info/top_level.txt
[1.491s] writing manifest file 'g1_controller.egg-info/SOURCES.txt'
[1.514s] reading manifest file 'g1_controller.egg-info/SOURCES.txt'
[1.515s] writing manifest file 'g1_controller.egg-info/SOURCES.txt'
[1.536s] Built target ament_cmake_python_build_g1_controller_egg
[1.544s] Invoked command in '/home/irman/ROS2_Humanoid_VLA/build/g1_controller' returned '0': CONDA_PROMPT_MODIFIER=(ros2_env) DEBUGINFOD_URLS=https://debuginfod.ubuntu.com /home/irman/micromamba/envs/ros2_env/bin/cmake --build /home/irman/ROS2_Humanoid_VLA/build/g1_controller -- -j16 -l16
[1.552s] Invoking command in '/home/irman/ROS2_Humanoid_VLA/build/g1_controller': CONDA_PROMPT_MODIFIER=(ros2_env) DEBUGINFOD_URLS=https://debuginfod.ubuntu.com /home/irman/micromamba/envs/ros2_env/bin/cmake --install /home/irman/ROS2_Humanoid_VLA/build/g1_controller
[1.556s] -- Install configuration: ""
[1.557s] -- Execute custom install script
[1.557s] -- Symlinking: /home/irman/ROS2_Humanoid_VLA/install/g1_controller/share/g1_controller/environment/pythonpath.sh
[1.562s] -- Symlinking: /home/irman/ROS2_Humanoid_VLA/install/g1_controller/share/g1_controller/environment/pythonpath.dsv
[1.568s] -- Symlinking: /home/irman/ROS2_Humanoid_VLA/install/g1_controller/lib/python3.11/site-packages/g1_controller-0.1.0-py3.11.egg-info/PKG-INFO
[1.574s] -- Symlinking: /home/irman/ROS2_Humanoid_VLA/install/g1_controller/lib/python3.11/site-packages/g1_controller-0.1.0-py3.11.egg-info/SOURCES.txt
[1.580s] -- Symlinking: /home/irman/ROS2_Humanoid_VLA/install/g1_controller/lib/python3.11/site-packages/g1_controller-0.1.0-py3.11.egg-info/dependency_links.txt
[1.586s] -- Symlinking: /home/irman/ROS2_Humanoid_VLA/install/g1_controller/lib/python3.11/site-packages/g1_controller-0.1.0-py3.11.egg-info/top_level.txt
[1.592s] -- Symlinking: /home/irman/ROS2_Humanoid_VLA/install/g1_controller/lib/python3.11/site-packages/g1_controller/__init__.py
[1.598s] -- Symlinking: /home/irman/ROS2_Humanoid_VLA/install/g1_controller/lib/g1_controller/stand_controller.py
[1.604s] -- Symlinking: /home/irman/ROS2_Humanoid_VLA/install/g1_controller/lib/g1_controller/zero_pose_controller.py
[1.609s] -- Symlinking: /home/irman/ROS2_Humanoid_VLA/install/g1_controller/lib/g1_controller/gui_controller.py
[1.615s] -- Symlinking: /home/irman/ROS2_Humanoid_VLA/install/g1_controller/lib/g1_controller/ros2_control_gui.py
[1.621s] -- Symlinking: /home/irman/ROS2_Humanoid_VLA/install/g1_controller/lib/g1_controller/wasd_controller.py
[1.627s] -- Symlinking: /home/irman/ROS2_Humanoid_VLA/install/g1_controller/share/g1_controller/config/g1_controllers.yaml
[1.633s] -- Symlinking: /home/irman/ROS2_Humanoid_VLA/install/g1_controller/share/g1_controller/launch/robot_ros2_control_gui.launch.py
[1.639s] -- Symlinking: /home/irman/ROS2_Humanoid_VLA/install/g1_controller/share/g1_controller/launch/robot_wasd_control.launch.py
[1.646s] -- Symlinking: /home/irman/ROS2_Humanoid_VLA/install/g1_controller/share/g1_controller/launch/robot_with_controller.launch.py
[1.652s] -- Symlinking: /home/irman/ROS2_Humanoid_VLA/install/g1_controller/share/g1_controller/launch/robot_with_gui.launch.py
[1.658s] -- Symlinking: /home/irman/ROS2_Humanoid_VLA/install/g1_controller/share/ament_index/resource_index/package_run_dependencies/g1_controller
[1.663s] -- Symlinking: /home/irman/ROS2_Humanoid_VLA/install/g1_controller/share/ament_index/resource_index/parent_prefix_path/g1_controller
[1.670s] -- Symlinking: /home/irman/ROS2_Humanoid_VLA/install/g1_controller/share/g1_controller/environment/ament_prefix_path.sh
[1.675s] -- Symlinking: /home/irman/ROS2_Humanoid_VLA/install/g1_controller/share/g1_controller/environment/ament_prefix_path.dsv
[1.681s] -- Symlinking: /home/irman/ROS2_Humanoid_VLA/install/g1_controller/share/g1_controller/environment/path.sh
[1.687s] -- Symlinking: /home/irman/ROS2_Humanoid_VLA/install/g1_controller/share/g1_controller/environment/path.dsv
[1.694s] -- Symlinking: /home/irman/ROS2_Humanoid_VLA/install/g1_controller/share/g1_controller/local_setup.bash
[1.699s] -- Symlinking: /home/irman/ROS2_Humanoid_VLA/install/g1_controller/share/g1_controller/local_setup.sh
[1.705s] -- Symlinking: /home/irman/ROS2_Humanoid_VLA/install/g1_controller/share/g1_controller/local_setup.zsh
[1.711s] -- Symlinking: /home/irman/ROS2_Humanoid_VLA/install/g1_controller/share/g1_controller/local_setup.dsv
[1.717s] -- Symlinking: /home/irman/ROS2_Humanoid_VLA/install/g1_controller/share/g1_controller/package.dsv
[1.724s] -- Symlinking: /home/irman/ROS2_Humanoid_VLA/install/g1_controller/share/ament_index/resource_index/packages/g1_controller
[1.731s] -- Symlinking: /home/irman/ROS2_Humanoid_VLA/install/g1_controller/share/g1_controller/cmake/g1_controllerConfig.cmake
[1.736s] -- Symlinking: /home/irman/ROS2_Humanoid_VLA/install/g1_controller/share/g1_controller/cmake/g1_controllerConfig-version.cmake
[1.741s] -- Symlinking: /home/irman/ROS2_Humanoid_VLA/install/g1_controller/share/g1_controller/package.xml
[1.781s] Listing 'lib/python3.11/site-packages/g1_controller'...
[1.781s] Can't list 'lib/python3.11/site-packages/g1_controller'
[1.787s] Invoked command in '/home/irman/ROS2_Humanoid_VLA/build/g1_controller' returned '0': CONDA_PROMPT_MODIFIER=(ros2_env) DEBUGINFOD_URLS=https://debuginfod.ubuntu.com /home/irman/micromamba/envs/ros2_env/bin/cmake --install /home/irman/ROS2_Humanoid_VLA/build/g1_controller
