[0mCMake Deprecation Warning at /home/irman/micromamba/envs/ros2_env/src/gmock_vendor/CMakeLists.txt:2 (cmake_minimum_required):
  Compatibility with CMake < 3.10 will be removed from a future version of
  CMake.

  Update the VERSION argument <min> value.  Or, use the <min>...<max> syntax
  to tell CMake that the project requires at least <min> but has been updated
  to work with policies introduced by <max> or earlier.

[0m
[0mCMake Deprecation Warning at /home/irman/micromamba/envs/ros2_env/src/gtest_vendor/CMakeLists.txt:2 (cmake_minimum_required):
  Compatibility with CMake < 3.10 will be removed from a future version of
  CMake.

  Update the VERSION argument <min> value.  Or, use the <min>...<max> syntax
  to tell CMake that the project requires at least <min> but has been updated
  to work with policies introduced by <max> or earlier.

[0m
In file included from [01m[K/home/irman/micromamba/envs/ros2_env/lib/gcc/x86_64-conda-linux-gnu/14.3.0/include/c++/bits/hashtable_policy.h:36[m[K,
                 from [01m[K/home/irman/micromamba/envs/ros2_env/lib/gcc/x86_64-conda-linux-gnu/14.3.0/include/c++/bits/hashtable.h:35[m[K,
                 from [01m[K/home/irman/micromamba/envs/ros2_env/lib/gcc/x86_64-conda-linux-gnu/14.3.0/include/c++/bits/unordered_map.h:33[m[K,
                 from [01m[K/home/irman/micromamba/envs/ros2_env/lib/gcc/x86_64-conda-linux-gnu/14.3.0/include/c++/unordered_map:41[m[K,
                 from [01m[K/home/irman/micromamba/envs/ros2_env/lib/gcc/x86_64-conda-linux-gnu/14.3.0/include/c++/functional:63[m[K,
                 from [01m[K/home/irman/ROS2_Humanoid_VLA/src/ros2_controllers/joint_state_broadcaster/test/test_joint_state_broadcaster.cpp:17[m[K:
In static member function '[01m[Kstatic _Up* std::__copy_move<_IsMove, true, std::random_access_iterator_tag>::[01;32m[K__copy_m[m[K(_Tp*, _Tp*, _Up*) [35m[K[with _Tp = const long unsigned int; _Up = long unsigned int; bool _IsMove = false][m[K[m[K',
    inlined from '[01m[K_OI std::[01;32m[K__copy_move_a2[m[K(_II, _II, _OI) [35m[K[with bool _IsMove = false; _II = const long unsigned int*; _OI = long unsigned int*][m[K[m[K' at [01m[K/home/irman/micromamba/envs/ros2_env/lib/gcc/x86_64-conda-linux-gnu/14.3.0/include/c++/bits/stl_algobase.h:521:30[m[K,
    inlined from '[01m[K_OI std::[01;32m[K__copy_move_a1[m[K(_II, _II, _OI) [35m[K[with bool _IsMove = false; _II = const long unsigned int*; _OI = long unsigned int*][m[K[m[K' at [01m[K/home/irman/micromamba/envs/ros2_env/lib/gcc/x86_64-conda-linux-gnu/14.3.0/include/c++/bits/stl_algobase.h:548:42[m[K,
    inlined from '[01m[K_OI std::[01;32m[K__copy_move_a[m[K(_II, _II, _OI) [35m[K[with bool _IsMove = false; _II = __gnu_cxx::__normal_iterator<const long unsigned int*, vector<long unsigned int> >; _OI = long unsigned int*][m[K[m[K' at [01m[K/home/irman/micromamba/envs/ros2_env/lib/gcc/x86_64-conda-linux-gnu/14.3.0/include/c++/bits/stl_algobase.h:555:31[m[K,
    inlined from '[01m[K_OI std::[01;32m[Kcopy[m[K(_II, _II, _OI) [35m[K[with _II = __gnu_cxx::__normal_iterator<const long unsigned int*, vector<long unsigned int> >; _OI = long unsigned int*][m[K[m[K' at [01m[K/home/irman/micromamba/envs/ros2_env/lib/gcc/x86_64-conda-linux-gnu/14.3.0/include/c++/bits/stl_algobase.h:651:7[m[K,
    inlined from '[01m[Kstatic _ForwardIterator std::__uninitialized_copy<true>::[01;32m[K__uninit_copy[m[K(_InputIterator, _InputIterator, _ForwardIterator) [35m[K[with _InputIterator = __gnu_cxx::__normal_iterator<const long unsigned int*, std::vector<long unsigned int> >; _ForwardIterator = long unsigned int*][m[K[m[K' at [01m[K/home/irman/micromamba/envs/ros2_env/lib/gcc/x86_64-conda-linux-gnu/14.3.0/include/c++/bits/stl_uninitialized.h:147:27[m[K,
    inlined from '[01m[K_ForwardIterator std::[01;32m[Kuninitialized_copy[m[K(_InputIterator, _InputIterator, _ForwardIterator) [35m[K[with _InputIterator = __gnu_cxx::__normal_iterator<const long unsigned int*, vector<long unsigned int> >; _ForwardIterator = long unsigned int*][m[K[m[K' at [01m[K/home/irman/micromamba/envs/ros2_env/lib/gcc/x86_64-conda-linux-gnu/14.3.0/include/c++/bits/stl_uninitialized.h:185:15[m[K,
    inlined from '[01m[K_ForwardIterator std::[01;32m[K__uninitialized_copy_a[m[K(_InputIterator, _InputIterator, _ForwardIterator, allocator<_Tp>&) [35m[K[with _InputIterator = __gnu_cxx::__normal_iterator<const long unsigned int*, vector<long unsigned int> >; _ForwardIterator = long unsigned int*; _Tp = long unsigned int][m[K[m[K' at [01m[K/home/irman/micromamba/envs/ros2_env/lib/gcc/x86_64-conda-linux-gnu/14.3.0/include/c++/bits/stl_uninitialized.h:373:37[m[K,
    inlined from '[01m[Kstd::vector<_Tp, _Alloc>::[01;32m[Kvector[m[K(const std::vector<_Tp, _Alloc>&) [35m[K[with _Tp = long unsigned int; _Alloc = std::allocator<long unsigned int>][m[K[m[K' at [01m[K/home/irman/micromamba/envs/ros2_env/lib/gcc/x86_64-conda-linux-gnu/14.3.0/include/c++/bits/stl_vector.h:609:31[m[K,
    inlined from '[01m[Kvoid rclcpp::experimental::IntraProcessManager::[01;32m[Kdo_intra_process_publish[m[K(uint64_t, std::unique_ptr<MessageT, Deleter>, typename std::allocator_traits<_NodeAlloc>::rebind_traits<MessageT>::allocator_type&) [35m[K[with MessageT = statistics_msgs::msg::MetricsMessage_<std::allocator<void> >; ROSMessageType = statistics_msgs::msg::MetricsMessage_<std::allocator<void> >; Alloc = std::allocator<void>; Deleter = std::default_delete<statistics_msgs::msg::MetricsMessage_<std::allocator<void> > >][m[K[m[K' at [01m[K/home/irman/micromamba/envs/ros2_env/include/rclcpp/rclcpp/experimental/intra_process_manager.hpp:217:29[m[K:
[01m[K/home/irman/micromamba/envs/ros2_env/lib/gcc/x86_64-conda-linux-gnu/14.3.0/include/c++/bits/stl_algobase.h:452:30:[m[K [01;35m[Kwarning: [m[K'[01m[Kvoid*[01;32m[K __builtin_memmove[m[K(void*, const void*, long unsigned int)[m[K' forming offset 8 is out of the bounds [0, 8] [[01;35m[K]8;;https://gcc.gnu.org/onlinedocs/gcc-14.3.0/gcc/Warning-Options.html#index-Warray-bounds-Warray-bounds=]8;;[m[K]
  452 |             [01;35m[K__builtin_memmove(__result, __first, sizeof(_Tp) * _Num)[m[K;
      |             [01;35m[K~~~~~~~~~~~~~~~~~^~~~~~~~~~~~~~~~~~~~~~~~~~~~~~~~~~~~~~~[m[K
In static member function '[01m[Kstatic _Up* std::__copy_move<_IsMove, true, std::random_access_iterator_tag>::[01;32m[K__copy_m[m[K(_Tp*, _Tp*, _Up*) [35m[K[with _Tp = const long unsigned int; _Up = long unsigned int; bool _IsMove = false][m[K[m[K',
    inlined from '[01m[K_OI std::[01;32m[K__copy_move_a2[m[K(_II, _II, _OI) [35m[K[with bool _IsMove = false; _II = const long unsigned int*; _OI = long unsigned int*][m[K[m[K' at [01m[K/home/irman/micromamba/envs/ros2_env/lib/gcc/x86_64-conda-linux-gnu/14.3.0/include/c++/bits/stl_algobase.h:521:30[m[K,
    inlined from '[01m[K_OI std::[01;32m[K__copy_move_a1[m[K(_II, _II, _OI) [35m[K[with bool _IsMove = false; _II = const long unsigned int*; _OI = long unsigned int*][m[K[m[K' at [01m[K/home/irman/micromamba/envs/ros2_env/lib/gcc/x86_64-conda-linux-gnu/14.3.0/include/c++/bits/stl_algobase.h:548:42[m[K,
    inlined from '[01m[K_OI std::[01;32m[K__copy_move_a[m[K(_II, _II, _OI) [35m[K[with bool _IsMove = false; _II = __gnu_cxx::__normal_iterator<const long unsigned int*, vector<long unsigned int> >; _OI = long unsigned int*][m[K[m[K' at [01m[K/home/irman/micromamba/envs/ros2_env/lib/gcc/x86_64-conda-linux-gnu/14.3.0/include/c++/bits/stl_algobase.h:555:31[m[K,
    inlined from '[01m[K_OI std::[01;32m[Kcopy[m[K(_II, _II, _OI) [35m[K[with _II = __gnu_cxx::__normal_iterator<const long unsigned int*, vector<long unsigned int> >; _OI = long unsigned int*][m[K[m[K' at [01m[K/home/irman/micromamba/envs/ros2_env/lib/gcc/x86_64-conda-linux-gnu/14.3.0/include/c++/bits/stl_algobase.h:651:7[m[K,
    inlined from '[01m[Kstatic _ForwardIterator std::__uninitialized_copy<true>::[01;32m[K__uninit_copy[m[K(_InputIterator, _InputIterator, _ForwardIterator) [35m[K[with _InputIterator = __gnu_cxx::__normal_iterator<const long unsigned int*, std::vector<long unsigned int> >; _ForwardIterator = long unsigned int*][m[K[m[K' at [01m[K/home/irman/micromamba/envs/ros2_env/lib/gcc/x86_64-conda-linux-gnu/14.3.0/include/c++/bits/stl_uninitialized.h:147:27[m[K,
    inlined from '[01m[K_ForwardIterator std::[01;32m[Kuninitialized_copy[m[K(_InputIterator, _InputIterator, _ForwardIterator) [35m[K[with _InputIterator = __gnu_cxx::__normal_iterator<const long unsigned int*, vector<long unsigned int> >; _ForwardIterator = long unsigned int*][m[K[m[K' at [01m[K/home/irman/micromamba/envs/ros2_env/lib/gcc/x86_64-conda-linux-gnu/14.3.0/include/c++/bits/stl_uninitialized.h:185:15[m[K,
    inlined from '[01m[K_ForwardIterator std::[01;32m[K__uninitialized_copy_a[m[K(_InputIterator, _InputIterator, _ForwardIterator, allocator<_Tp>&) [35m[K[with _InputIterator = __gnu_cxx::__normal_iterator<const long unsigned int*, vector<long unsigned int> >; _ForwardIterator = long unsigned int*; _Tp = long unsigned int][m[K[m[K' at [01m[K/home/irman/micromamba/envs/ros2_env/lib/gcc/x86_64-conda-linux-gnu/14.3.0/include/c++/bits/stl_uninitialized.h:373:37[m[K,
    inlined from '[01m[Kvoid std::vector<_Tp, _Alloc>::[01;32m[K_M_range_insert[m[K(iterator, _ForwardIterator, _ForwardIterator, std::forward_iterator_tag) [35m[K[with _ForwardIterator = __gnu_cxx::__normal_iterator<const long unsigned int*, std::vector<long unsigned int> >; _Tp = long unsigned int; _Alloc = std::allocator<long unsigned int>][m[K[m[K' at [01m[K/home/irman/micromamba/envs/ros2_env/lib/gcc/x86_64-conda-linux-gnu/14.3.0/include/c++/bits/vector.tcc:987:34[m[K,
    inlined from '[01m[Kstd::vector<_Tp, _Alloc>::iterator std::vector<_Tp, _Alloc>::[01;32m[Kinsert[m[K(const_iterator, _InputIterator, _InputIterator) [35m[K[with _InputIterator = __gnu_cxx::__normal_iterator<const long unsigned int*, std::vector<long unsigned int> >; <template-parameter-2-2> = void; _Tp = long unsigned int; _Alloc = std::allocator<long unsigned int>][m[K[m[K' at [01m[K/home/irman/micromamba/envs/ros2_env/lib/gcc/x86_64-conda-linux-gnu/14.3.0/include/c++/bits/stl_vector.h:1501:19[m[K,
    inlined from '[01m[Kvoid rclcpp::experimental::IntraProcessManager::[01;32m[Kdo_intra_process_publish[m[K(uint64_t, std::unique_ptr<MessageT, Deleter>, typename std::allocator_traits<_NodeAlloc>::rebind_traits<MessageT>::allocator_type&) [35m[K[with MessageT = statistics_msgs::msg::MetricsMessage_<std::allocator<void> >; ROSMessageType = statistics_msgs::msg::MetricsMessage_<std::allocator<void> >; Alloc = std::allocator<void>; Deleter = std::default_delete<statistics_msgs::msg::MetricsMessage_<std::allocator<void> > >][m[K[m[K' at [01m[K/home/irman/micromamba/envs/ros2_env/include/rclcpp/rclcpp/experimental/intra_process_manager.hpp:218:33[m[K:
[01m[K/home/irman/micromamba/envs/ros2_env/lib/gcc/x86_64-conda-linux-gnu/14.3.0/include/c++/bits/stl_algobase.h:452:30:[m[K [01;35m[Kwarning: [m[K'[01m[Kvoid*[01;32m[K __builtin_memmove[m[K(void*, const void*, long unsigned int)[m[K' forming offset 8 is out of the bounds [0, 8] [[01;35m[K]8;;https://gcc.gnu.org/onlinedocs/gcc-14.3.0/gcc/Warning-Options.html#index-Warray-bounds-Warray-bounds=]8;;[m[K]
  452 |             [01;35m[K__builtin_memmove(__result, __first, sizeof(_Tp) * _Num)[m[K;
      |             [01;35m[K~~~~~~~~~~~~~~~~~^~~~~~~~~~~~~~~~~~~~~~~~~~~~~~~~~~~~~~~[m[K
