-- Found ament_cmake: 1.3.12 (/home/irman/micromamba/envs/ros2_env/share/ament_cmake/cmake)
-- Override CMake install command with custom implementation using symlinks instead of copying resources
-- Found builtin_interfaces: 1.2.1 (/home/irman/micromamba/envs/ros2_env/share/builtin_interfaces/cmake)
-- Found rosidl_generator_c: 3.1.6 (/home/irman/micromamba/envs/ros2_env/share/rosidl_generator_c/cmake)
-- Found rosidl_adapter: 3.1.6 (/home/irman/micromamba/envs/ros2_env/share/rosidl_adapter/cmake)
-- Found rosidl_generator_cpp: 3.1.6 (/home/irman/micromamba/envs/ros2_env/share/rosidl_generator_cpp/cmake)
-- Using all available rosidl_typesupport_c: rosidl_typesupport_fastrtps_c;rosidl_typesupport_introspection_c
-- Using all available rosidl_typesupport_cpp: rosidl_typesupport_fastrtps_cpp;rosidl_typesupport_introspection_cpp
-- Found control_msgs: 4.8.0 (/home/irman/micromamba/envs/ros2_env/share/control_msgs/cmake)
-- Found controller_interface: 2.51.0 (/home/irman/micromamba/envs/ros2_env/share/controller_interface/cmake)
-- Found TinyXML2 via Config file: /home/irman/micromamba/envs/ros2_env/lib/cmake/tinyxml2
-- Found rmw_implementation_cmake: 6.1.2 (/home/irman/micromamba/envs/ros2_env/share/rmw_implementation_cmake/cmake)
-- Found rmw_fastrtps_cpp: 6.2.7 (/home/irman/micromamba/envs/ros2_env/share/rmw_fastrtps_cpp/cmake)
-- Found TinyXML2 via Config file: /home/irman/micromamba/envs/ros2_env/lib/cmake/tinyxml2
-- Found TinyXML2 via Config file: /home/irman/micromamba/envs/ros2_env/lib/cmake/tinyxml2
-- Found TinyXML2 via Config file: /home/irman/micromamba/envs/ros2_env/lib/cmake/tinyxml2
-- Found TinyXML2 via Config file: /home/irman/micromamba/envs/ros2_env/lib/cmake/tinyxml2
-- Using RMW implementation 'rmw_fastrtps_cpp' as default
-- Found generate_parameter_library: 0.5.0 (/home/irman/micromamba/envs/ros2_env/share/generate_parameter_library/cmake)
-- Found parameter_traits: 0.5.0 (/home/irman/micromamba/envs/ros2_env/share/parameter_traits/cmake)
-- Found realtime_tools: 2.14.0 (/home/irman/micromamba/envs/ros2_env/share/realtime_tools/cmake)
-- Found ament_cmake_gmock: 1.3.12 (/home/irman/micromamba/envs/ros2_env/share/ament_cmake_gmock/cmake)
-- Found controller_manager: 2.51.0 (/home/irman/micromamba/envs/ros2_env/share/controller_manager/cmake)
-- Found ros2_control_test_assets: 2.51.0 (/home/irman/micromamba/envs/ros2_env/share/ros2_control_test_assets/cmake)
-- Found gmock sources under '/home/irman/micromamba/envs/ros2_env/src/gmock_vendor': C++ tests using 'Google Mock' will be built
-- Found ament_cmake_gtest: 1.3.12 (/home/irman/micromamba/envs/ros2_env/share/ament_cmake_gtest/cmake)
-- Found gtest sources under '/home/irman/micromamba/envs/ros2_env/src/gtest_vendor': C++ tests using 'Google Test' will be built
-- Configuring done (0.9s)
-- Generating done (0.1s)
-- Build files have been written to: /home/irman/ROS2_Humanoid_VLA/build/joint_state_broadcaster
[  7%] [1m[34mRunning `/home/irman/micromamba/envs/ros2_env/bin/generate_parameter_library_cpp /home/irman/ROS2_Humanoid_VLA/build/joint_state_broadcaster/include/joint_state_broadcaster/joint_state_broadcaster_parameters.hpp /home/irman/ROS2_Humanoid_VLA/src/ros2_controllers/joint_state_broadcaster/src/joint_state_broadcaster_parameters.yaml `[0m
[ 23%] Built target gmock_main
[ 46%] Built target gmock
[ 53%] [1m[34mCreating deprecated header file /home/irman/ROS2_Humanoid_VLA/build/joint_state_broadcaster/include/joint_state_broadcaster_parameters.hpp[0m
[ 53%] Built target joint_state_broadcaster_parameters
[ 61%] [32mBuilding CXX object CMakeFiles/joint_state_broadcaster.dir/src/joint_state_broadcaster.cpp.o[0m
[ 69%] [1m[32mLinking CXX shared library libjoint_state_broadcaster.so[0m
[ 69%] Built target joint_state_broadcaster
[ 84%] [32mBuilding CXX object CMakeFiles/test_joint_state_broadcaster.dir/test/test_joint_state_broadcaster.cpp.o[0m
[ 84%] [32mBuilding CXX object CMakeFiles/test_load_joint_state_broadcaster.dir/test/test_load_joint_state_broadcaster.cpp.o[0m
[ 92%] [1m[32mLinking CXX executable test_load_joint_state_broadcaster[0m
[ 92%] Built target test_load_joint_state_broadcaster
[100%] [1m[32mLinking CXX executable test_joint_state_broadcaster[0m
[100%] Built target test_joint_state_broadcaster
-- Install configuration: ""
-- Execute custom install script
-- Up-to-date symlink: /home/irman/ROS2_Humanoid_VLA/install/joint_state_broadcaster/include/joint_state_broadcaster/joint_state_broadcaster_parameters.hpp
-- Up-to-date symlink: /home/irman/ROS2_Humanoid_VLA/install/joint_state_broadcaster/share/joint_state_broadcaster//joint_state_plugin.xml
-- Up-to-date symlink: /home/irman/ROS2_Humanoid_VLA/install/joint_state_broadcaster/include/joint_state_broadcaster/joint_state_broadcaster/joint_state_broadcaster.hpp
-- Up-to-date symlink: /home/irman/ROS2_Humanoid_VLA/install/joint_state_broadcaster/include/joint_state_broadcaster/joint_state_broadcaster/visibility_control.h
-- Up-to-date symlink: /home/irman/ROS2_Humanoid_VLA/install/joint_state_broadcaster/share/ament_index/resource_index/package_run_dependencies/joint_state_broadcaster
-- Up-to-date symlink: /home/irman/ROS2_Humanoid_VLA/install/joint_state_broadcaster/share/ament_index/resource_index/parent_prefix_path/joint_state_broadcaster
-- Up-to-date symlink: /home/irman/ROS2_Humanoid_VLA/install/joint_state_broadcaster/share/joint_state_broadcaster/environment/ament_prefix_path.sh
-- Up-to-date symlink: /home/irman/ROS2_Humanoid_VLA/install/joint_state_broadcaster/share/joint_state_broadcaster/environment/ament_prefix_path.dsv
-- Up-to-date symlink: /home/irman/ROS2_Humanoid_VLA/install/joint_state_broadcaster/share/joint_state_broadcaster/environment/path.sh
-- Up-to-date symlink: /home/irman/ROS2_Humanoid_VLA/install/joint_state_broadcaster/share/joint_state_broadcaster/environment/path.dsv
-- Up-to-date symlink: /home/irman/ROS2_Humanoid_VLA/install/joint_state_broadcaster/share/joint_state_broadcaster/local_setup.bash
-- Up-to-date symlink: /home/irman/ROS2_Humanoid_VLA/install/joint_state_broadcaster/share/joint_state_broadcaster/local_setup.sh
-- Up-to-date symlink: /home/irman/ROS2_Humanoid_VLA/install/joint_state_broadcaster/share/joint_state_broadcaster/local_setup.zsh
-- Up-to-date symlink: /home/irman/ROS2_Humanoid_VLA/install/joint_state_broadcaster/share/joint_state_broadcaster/local_setup.dsv
-- Symlinking: /home/irman/ROS2_Humanoid_VLA/install/joint_state_broadcaster/share/joint_state_broadcaster/package.dsv
-- Up-to-date symlink: /home/irman/ROS2_Humanoid_VLA/install/joint_state_broadcaster/share/ament_index/resource_index/packages/joint_state_broadcaster
-- Up-to-date symlink: /home/irman/ROS2_Humanoid_VLA/install/joint_state_broadcaster/share/ament_index/resource_index/controller_interface__pluginlib__plugin/joint_state_broadcaster
-- Up-to-date symlink: /home/irman/ROS2_Humanoid_VLA/install/joint_state_broadcaster/share/joint_state_broadcaster/cmake/ament_cmake_export_dependencies-extras.cmake
-- Up-to-date symlink: /home/irman/ROS2_Humanoid_VLA/install/joint_state_broadcaster/share/joint_state_broadcaster/cmake/ament_cmake_export_targets-extras.cmake
-- Up-to-date symlink: /home/irman/ROS2_Humanoid_VLA/install/joint_state_broadcaster/share/joint_state_broadcaster/cmake/joint_state_broadcasterConfig.cmake
-- Up-to-date symlink: /home/irman/ROS2_Humanoid_VLA/install/joint_state_broadcaster/share/joint_state_broadcaster/cmake/joint_state_broadcasterConfig-version.cmake
-- Up-to-date symlink: /home/irman/ROS2_Humanoid_VLA/install/joint_state_broadcaster/share/joint_state_broadcaster/package.xml
-- Installing: /home/irman/ROS2_Humanoid_VLA/install/joint_state_broadcaster/lib/libjoint_state_broadcaster.so
-- Installing: /home/irman/ROS2_Humanoid_VLA/install/joint_state_broadcaster/share/joint_state_broadcaster/cmake/export_joint_state_broadcasterExport.cmake
-- Installing: /home/irman/ROS2_Humanoid_VLA/install/joint_state_broadcaster/share/joint_state_broadcaster/cmake/export_joint_state_broadcasterExport-noconfig.cmake
