[0.011s] Invoking command in '/home/irman/ROS2_Humanoid_VLA/build/joint_state_broadcaster': AMENT_PREFIX_PATH=/home/irman/ROS2_Humanoid_VLA/install/controller_manager:/home/irman/ROS2_Humanoid_VLA/install/hardware_interface_testing:/home/irman/ROS2_Humanoid_VLA/install/ros2_control_test_assets:${AMENT_PREFIX_PATH} CMAKE_PREFIX_PATH=/home/irman/ROS2_Humanoid_VLA/install/controller_manager:/home/irman/ROS2_Humanoid_VLA/install/hardware_interface_testing:/home/irman/ROS2_Humanoid_VLA/install/ros2_control_test_assets:${CMAKE_PREFIX_PATH} CONDA_PROMPT_MODIFIER=(ros2_env) DEBUGINFOD_URLS=https://debuginfod.ubuntu.com LD_LIBRARY_PATH=/home/irman/ROS2_Humanoid_VLA/install/controller_manager/lib:/home/irman/ROS2_Humanoid_VLA/install/hardware_interface_testing/lib:/home/irman/micromamba/envs/ros2_env/opt/rviz_ogre_vendor/lib:/home/irman/micromamba/envs/ros2_env/lib/gazebo-11/plugins PYTHONPATH=/home/irman/ROS2_Humanoid_VLA/install/controller_manager/lib/python3.11/site-packages:${PYTHONPATH} /home/irman/micromamba/envs/ros2_env/bin/cmake --build /home/irman/ROS2_Humanoid_VLA/build/joint_state_broadcaster -- -j16 -l16
[0.041s] -- Found ament_cmake: 1.3.12 (/home/irman/micromamba/envs/ros2_env/share/ament_cmake/cmake)
[0.209s] -- Override CMake install command with custom implementation using symlinks instead of copying resources
[0.216s] -- Found builtin_interfaces: 1.2.1 (/home/irman/micromamba/envs/ros2_env/share/builtin_interfaces/cmake)
[0.243s] -- Found rosidl_generator_c: 3.1.6 (/home/irman/micromamba/envs/ros2_env/share/rosidl_generator_c/cmake)
[0.246s] -- Found rosidl_adapter: 3.1.6 (/home/irman/micromamba/envs/ros2_env/share/rosidl_adapter/cmake)
[0.252s] -- Found rosidl_generator_cpp: 3.1.6 (/home/irman/micromamba/envs/ros2_env/share/rosidl_generator_cpp/cmake)
[0.262s] -- Using all available rosidl_typesupport_c: rosidl_typesupport_fastrtps_c;rosidl_typesupport_introspection_c
[0.276s] -- Using all available rosidl_typesupport_cpp: rosidl_typesupport_fastrtps_cpp;rosidl_typesupport_introspection_cpp
[0.289s] -- Found control_msgs: 4.8.0 (/home/irman/micromamba/envs/ros2_env/share/control_msgs/cmake)
[0.441s] -- Found controller_interface: 2.51.0 (/home/irman/micromamba/envs/ros2_env/share/controller_interface/cmake)
[0.462s] -- Found TinyXML2 via Config file: /home/irman/micromamba/envs/ros2_env/lib/cmake/tinyxml2
[0.529s] -- Found rmw_implementation_cmake: 6.1.2 (/home/irman/micromamba/envs/ros2_env/share/rmw_implementation_cmake/cmake)
[0.530s] -- Found rmw_fastrtps_cpp: 6.2.7 (/home/irman/micromamba/envs/ros2_env/share/rmw_fastrtps_cpp/cmake)
[0.561s] -- Found TinyXML2 via Config file: /home/irman/micromamba/envs/ros2_env/lib/cmake/tinyxml2
[0.586s] -- Found TinyXML2 via Config file: /home/irman/micromamba/envs/ros2_env/lib/cmake/tinyxml2
[0.621s] -- Found TinyXML2 via Config file: /home/irman/micromamba/envs/ros2_env/lib/cmake/tinyxml2
[0.647s] -- Found TinyXML2 via Config file: /home/irman/micromamba/envs/ros2_env/lib/cmake/tinyxml2
[0.678s] -- Using RMW implementation 'rmw_fastrtps_cpp' as default
[0.754s] -- Found generate_parameter_library: 0.5.0 (/home/irman/micromamba/envs/ros2_env/share/generate_parameter_library/cmake)
[0.755s] -- Found parameter_traits: 0.5.0 (/home/irman/micromamba/envs/ros2_env/share/parameter_traits/cmake)
[0.762s] -- Found realtime_tools: 2.14.0 (/home/irman/micromamba/envs/ros2_env/share/realtime_tools/cmake)
[0.782s] -- Found ament_cmake_gmock: 1.3.12 (/home/irman/micromamba/envs/ros2_env/share/ament_cmake_gmock/cmake)
[0.783s] -- Found controller_manager: 2.51.0 (/home/irman/micromamba/envs/ros2_env/share/controller_manager/cmake)
[0.817s] -- Found ros2_control_test_assets: 2.51.0 (/home/irman/micromamba/envs/ros2_env/share/ros2_control_test_assets/cmake)
[0.818s] -- Found gmock sources under '/home/irman/micromamba/envs/ros2_env/src/gmock_vendor': C++ tests using 'Google Mock' will be built
[0.821s] [0mCMake Deprecation Warning at /home/irman/micromamba/envs/ros2_env/src/gmock_vendor/CMakeLists.txt:2 (cmake_minimum_required):
[0.822s]   Compatibility with CMake < 3.10 will be removed from a future version of
[0.822s]   CMake.
[0.822s] 
[0.822s]   Update the VERSION argument <min> value.  Or, use the <min>...<max> syntax
[0.822s]   to tell CMake that the project requires at least <min> but has been updated
[0.822s]   to work with policies introduced by <max> or earlier.
[0.822s] 
[0.822s] [0m
[0.822s] -- Found ament_cmake_gtest: 1.3.12 (/home/irman/micromamba/envs/ros2_env/share/ament_cmake_gtest/cmake)
[0.822s] -- Found gtest sources under '/home/irman/micromamba/envs/ros2_env/src/gtest_vendor': C++ tests using 'Google Test' will be built
[0.825s] [0mCMake Deprecation Warning at /home/irman/micromamba/envs/ros2_env/src/gtest_vendor/CMakeLists.txt:2 (cmake_minimum_required):
[0.826s]   Compatibility with CMake < 3.10 will be removed from a future version of
[0.826s]   CMake.
[0.826s] 
[0.826s]   Update the VERSION argument <min> value.  Or, use the <min>...<max> syntax
[0.826s]   to tell CMake that the project requires at least <min> but has been updated
[0.826s]   to work with policies introduced by <max> or earlier.
[0.826s] 
[0.826s] [0m
[0.916s] -- Configuring done (0.9s)
[1.005s] -- Generating done (0.1s)
[1.013s] -- Build files have been written to: /home/irman/ROS2_Humanoid_VLA/build/joint_state_broadcaster
[1.050s] [  7%] [1m[34mRunning `/home/irman/micromamba/envs/ros2_env/bin/generate_parameter_library_cpp /home/irman/ROS2_Humanoid_VLA/build/joint_state_broadcaster/include/joint_state_broadcaster/joint_state_broadcaster_parameters.hpp /home/irman/ROS2_Humanoid_VLA/src/ros2_controllers/joint_state_broadcaster/src/joint_state_broadcaster_parameters.yaml `[0m
[1.055s] [ 23%] Built target gmock_main
[1.055s] [ 46%] Built target gmock
[1.552s] [ 53%] [1m[34mCreating deprecated header file /home/irman/ROS2_Humanoid_VLA/build/joint_state_broadcaster/include/joint_state_broadcaster_parameters.hpp[0m
[1.567s] [ 53%] Built target joint_state_broadcaster_parameters
[1.599s] [ 61%] [32mBuilding CXX object CMakeFiles/joint_state_broadcaster.dir/src/joint_state_broadcaster.cpp.o[0m
[10.196s] [ 69%] [1m[32mLinking CXX shared library libjoint_state_broadcaster.so[0m
[10.339s] [ 69%] Built target joint_state_broadcaster
[10.369s] [ 84%] [32mBuilding CXX object CMakeFiles/test_joint_state_broadcaster.dir/test/test_joint_state_broadcaster.cpp.o[0m
[10.369s] [ 84%] [32mBuilding CXX object CMakeFiles/test_load_joint_state_broadcaster.dir/test/test_load_joint_state_broadcaster.cpp.o[0m
[14.550s] [ 92%] [1m[32mLinking CXX executable test_load_joint_state_broadcaster[0m
[14.739s] [ 92%] Built target test_load_joint_state_broadcaster
[24.258s] In file included from [01m[K/home/irman/micromamba/envs/ros2_env/lib/gcc/x86_64-conda-linux-gnu/14.3.0/include/c++/bits/hashtable_policy.h:36[m[K,
[24.258s]                  from [01m[K/home/irman/micromamba/envs/ros2_env/lib/gcc/x86_64-conda-linux-gnu/14.3.0/include/c++/bits/hashtable.h:35[m[K,
[24.259s]                  from [01m[K/home/irman/micromamba/envs/ros2_env/lib/gcc/x86_64-conda-linux-gnu/14.3.0/include/c++/bits/unordered_map.h:33[m[K,
[24.259s]                  from [01m[K/home/irman/micromamba/envs/ros2_env/lib/gcc/x86_64-conda-linux-gnu/14.3.0/include/c++/unordered_map:41[m[K,
[24.259s]                  from [01m[K/home/irman/micromamba/envs/ros2_env/lib/gcc/x86_64-conda-linux-gnu/14.3.0/include/c++/functional:63[m[K,
[24.259s]                  from [01m[K/home/irman/ROS2_Humanoid_VLA/src/ros2_controllers/joint_state_broadcaster/test/test_joint_state_broadcaster.cpp:17[m[K:
[24.259s] In static member function '[01m[Kstatic _Up* std::__copy_move<_IsMove, true, std::random_access_iterator_tag>::[01;32m[K__copy_m[m[K(_Tp*, _Tp*, _Up*) [35m[K[with _Tp = const long unsigned int; _Up = long unsigned int; bool _IsMove = false][m[K[m[K',
[24.259s]     inlined from '[01m[K_OI std::[01;32m[K__copy_move_a2[m[K(_II, _II, _OI) [35m[K[with bool _IsMove = false; _II = const long unsigned int*; _OI = long unsigned int*][m[K[m[K' at [01m[K/home/irman/micromamba/envs/ros2_env/lib/gcc/x86_64-conda-linux-gnu/14.3.0/include/c++/bits/stl_algobase.h:521:30[m[K,
[24.259s]     inlined from '[01m[K_OI std::[01;32m[K__copy_move_a1[m[K(_II, _II, _OI) [35m[K[with bool _IsMove = false; _II = const long unsigned int*; _OI = long unsigned int*][m[K[m[K' at [01m[K/home/irman/micromamba/envs/ros2_env/lib/gcc/x86_64-conda-linux-gnu/14.3.0/include/c++/bits/stl_algobase.h:548:42[m[K,
[24.259s]     inlined from '[01m[K_OI std::[01;32m[K__copy_move_a[m[K(_II, _II, _OI) [35m[K[with bool _IsMove = false; _II = __gnu_cxx::__normal_iterator<const long unsigned int*, vector<long unsigned int> >; _OI = long unsigned int*][m[K[m[K' at [01m[K/home/irman/micromamba/envs/ros2_env/lib/gcc/x86_64-conda-linux-gnu/14.3.0/include/c++/bits/stl_algobase.h:555:31[m[K,
[24.259s]     inlined from '[01m[K_OI std::[01;32m[Kcopy[m[K(_II, _II, _OI) [35m[K[with _II = __gnu_cxx::__normal_iterator<const long unsigned int*, vector<long unsigned int> >; _OI = long unsigned int*][m[K[m[K' at [01m[K/home/irman/micromamba/envs/ros2_env/lib/gcc/x86_64-conda-linux-gnu/14.3.0/include/c++/bits/stl_algobase.h:651:7[m[K,
[24.259s]     inlined from '[01m[Kstatic _ForwardIterator std::__uninitialized_copy<true>::[01;32m[K__uninit_copy[m[K(_InputIterator, _InputIterator, _ForwardIterator) [35m[K[with _InputIterator = __gnu_cxx::__normal_iterator<const long unsigned int*, std::vector<long unsigned int> >; _ForwardIterator = long unsigned int*][m[K[m[K' at [01m[K/home/irman/micromamba/envs/ros2_env/lib/gcc/x86_64-conda-linux-gnu/14.3.0/include/c++/bits/stl_uninitialized.h:147:27[m[K,
[24.259s]     inlined from '[01m[K_ForwardIterator std::[01;32m[Kuninitialized_copy[m[K(_InputIterator, _InputIterator, _ForwardIterator) [35m[K[with _InputIterator = __gnu_cxx::__normal_iterator<const long unsigned int*, vector<long unsigned int> >; _ForwardIterator = long unsigned int*][m[K[m[K' at [01m[K/home/irman/micromamba/envs/ros2_env/lib/gcc/x86_64-conda-linux-gnu/14.3.0/include/c++/bits/stl_uninitialized.h:185:15[m[K,
[24.259s]     inlined from '[01m[K_ForwardIterator std::[01;32m[K__uninitialized_copy_a[m[K(_InputIterator, _InputIterator, _ForwardIterator, allocator<_Tp>&) [35m[K[with _InputIterator = __gnu_cxx::__normal_iterator<const long unsigned int*, vector<long unsigned int> >; _ForwardIterator = long unsigned int*; _Tp = long unsigned int][m[K[m[K' at [01m[K/home/irman/micromamba/envs/ros2_env/lib/gcc/x86_64-conda-linux-gnu/14.3.0/include/c++/bits/stl_uninitialized.h:373:37[m[K,
[24.259s]     inlined from '[01m[Kstd::vector<_Tp, _Alloc>::[01;32m[Kvector[m[K(const std::vector<_Tp, _Alloc>&) [35m[K[with _Tp = long unsigned int; _Alloc = std::allocator<long unsigned int>][m[K[m[K' at [01m[K/home/irman/micromamba/envs/ros2_env/lib/gcc/x86_64-conda-linux-gnu/14.3.0/include/c++/bits/stl_vector.h:609:31[m[K,
[24.259s]     inlined from '[01m[Kvoid rclcpp::experimental::IntraProcessManager::[01;32m[Kdo_intra_process_publish[m[K(uint64_t, std::unique_ptr<MessageT, Deleter>, typename std::allocator_traits<_NodeAlloc>::rebind_traits<MessageT>::allocator_type&) [35m[K[with MessageT = statistics_msgs::msg::MetricsMessage_<std::allocator<void> >; ROSMessageType = statistics_msgs::msg::MetricsMessage_<std::allocator<void> >; Alloc = std::allocator<void>; Deleter = std::default_delete<statistics_msgs::msg::MetricsMessage_<std::allocator<void> > >][m[K[m[K' at [01m[K/home/irman/micromamba/envs/ros2_env/include/rclcpp/rclcpp/experimental/intra_process_manager.hpp:217:29[m[K:
[24.259s] [01m[K/home/irman/micromamba/envs/ros2_env/lib/gcc/x86_64-conda-linux-gnu/14.3.0/include/c++/bits/stl_algobase.h:452:30:[m[K [01;35m[Kwarning: [m[K'[01m[Kvoid*[01;32m[K __builtin_memmove[m[K(void*, const void*, long unsigned int)[m[K' forming offset 8 is out of the bounds [0, 8] [[01;35m[K]8;;https://gcc.gnu.org/onlinedocs/gcc-14.3.0/gcc/Warning-Options.html#index-Warray-bounds-Warray-bounds=]8;;[m[K]
[24.259s]   452 |             [01;35m[K__builtin_memmove(__result, __first, sizeof(_Tp) * _Num)[m[K;
[24.259s]       |             [01;35m[K~~~~~~~~~~~~~~~~~^~~~~~~~~~~~~~~~~~~~~~~~~~~~~~~~~~~~~~~[m[K
[24.259s] In static member function '[01m[Kstatic _Up* std::__copy_move<_IsMove, true, std::random_access_iterator_tag>::[01;32m[K__copy_m[m[K(_Tp*, _Tp*, _Up*) [35m[K[with _Tp = const long unsigned int; _Up = long unsigned int; bool _IsMove = false][m[K[m[K',
[24.260s]     inlined from '[01m[K_OI std::[01;32m[K__copy_move_a2[m[K(_II, _II, _OI) [35m[K[with bool _IsMove = false; _II = const long unsigned int*; _OI = long unsigned int*][m[K[m[K' at [01m[K/home/irman/micromamba/envs/ros2_env/lib/gcc/x86_64-conda-linux-gnu/14.3.0/include/c++/bits/stl_algobase.h:521:30[m[K,
[24.260s]     inlined from '[01m[K_OI std::[01;32m[K__copy_move_a1[m[K(_II, _II, _OI) [35m[K[with bool _IsMove = false; _II = const long unsigned int*; _OI = long unsigned int*][m[K[m[K' at [01m[K/home/irman/micromamba/envs/ros2_env/lib/gcc/x86_64-conda-linux-gnu/14.3.0/include/c++/bits/stl_algobase.h:548:42[m[K,
[24.260s]     inlined from '[01m[K_OI std::[01;32m[K__copy_move_a[m[K(_II, _II, _OI) [35m[K[with bool _IsMove = false; _II = __gnu_cxx::__normal_iterator<const long unsigned int*, vector<long unsigned int> >; _OI = long unsigned int*][m[K[m[K' at [01m[K/home/irman/micromamba/envs/ros2_env/lib/gcc/x86_64-conda-linux-gnu/14.3.0/include/c++/bits/stl_algobase.h:555:31[m[K,
[24.260s]     inlined from '[01m[K_OI std::[01;32m[Kcopy[m[K(_II, _II, _OI) [35m[K[with _II = __gnu_cxx::__normal_iterator<const long unsigned int*, vector<long unsigned int> >; _OI = long unsigned int*][m[K[m[K' at [01m[K/home/irman/micromamba/envs/ros2_env/lib/gcc/x86_64-conda-linux-gnu/14.3.0/include/c++/bits/stl_algobase.h:651:7[m[K,
[24.260s]     inlined from '[01m[Kstatic _ForwardIterator std::__uninitialized_copy<true>::[01;32m[K__uninit_copy[m[K(_InputIterator, _InputIterator, _ForwardIterator) [35m[K[with _InputIterator = __gnu_cxx::__normal_iterator<const long unsigned int*, std::vector<long unsigned int> >; _ForwardIterator = long unsigned int*][m[K[m[K' at [01m[K/home/irman/micromamba/envs/ros2_env/lib/gcc/x86_64-conda-linux-gnu/14.3.0/include/c++/bits/stl_uninitialized.h:147:27[m[K,
[24.260s]     inlined from '[01m[K_ForwardIterator std::[01;32m[Kuninitialized_copy[m[K(_InputIterator, _InputIterator, _ForwardIterator) [35m[K[with _InputIterator = __gnu_cxx::__normal_iterator<const long unsigned int*, vector<long unsigned int> >; _ForwardIterator = long unsigned int*][m[K[m[K' at [01m[K/home/irman/micromamba/envs/ros2_env/lib/gcc/x86_64-conda-linux-gnu/14.3.0/include/c++/bits/stl_uninitialized.h:185:15[m[K,
[24.260s]     inlined from '[01m[K_ForwardIterator std::[01;32m[K__uninitialized_copy_a[m[K(_InputIterator, _InputIterator, _ForwardIterator, allocator<_Tp>&) [35m[K[with _InputIterator = __gnu_cxx::__normal_iterator<const long unsigned int*, vector<long unsigned int> >; _ForwardIterator = long unsigned int*; _Tp = long unsigned int][m[K[m[K' at [01m[K/home/irman/micromamba/envs/ros2_env/lib/gcc/x86_64-conda-linux-gnu/14.3.0/include/c++/bits/stl_uninitialized.h:373:37[m[K,
[24.260s]     inlined from '[01m[Kvoid std::vector<_Tp, _Alloc>::[01;32m[K_M_range_insert[m[K(iterator, _ForwardIterator, _ForwardIterator, std::forward_iterator_tag) [35m[K[with _ForwardIterator = __gnu_cxx::__normal_iterator<const long unsigned int*, std::vector<long unsigned int> >; _Tp = long unsigned int; _Alloc = std::allocator<long unsigned int>][m[K[m[K' at [01m[K/home/irman/micromamba/envs/ros2_env/lib/gcc/x86_64-conda-linux-gnu/14.3.0/include/c++/bits/vector.tcc:987:34[m[K,
[24.260s]     inlined from '[01m[Kstd::vector<_Tp, _Alloc>::iterator std::vector<_Tp, _Alloc>::[01;32m[Kinsert[m[K(const_iterator, _InputIterator, _InputIterator) [35m[K[with _InputIterator = __gnu_cxx::__normal_iterator<const long unsigned int*, std::vector<long unsigned int> >; <template-parameter-2-2> = void; _Tp = long unsigned int; _Alloc = std::allocator<long unsigned int>][m[K[m[K' at [01m[K/home/irman/micromamba/envs/ros2_env/lib/gcc/x86_64-conda-linux-gnu/14.3.0/include/c++/bits/stl_vector.h:1501:19[m[K,
[24.260s]     inlined from '[01m[Kvoid rclcpp::experimental::IntraProcessManager::[01;32m[Kdo_intra_process_publish[m[K(uint64_t, std::unique_ptr<MessageT, Deleter>, typename std::allocator_traits<_NodeAlloc>::rebind_traits<MessageT>::allocator_type&) [35m[K[with MessageT = statistics_msgs::msg::MetricsMessage_<std::allocator<void> >; ROSMessageType = statistics_msgs::msg::MetricsMessage_<std::allocator<void> >; Alloc = std::allocator<void>; Deleter = std::default_delete<statistics_msgs::msg::MetricsMessage_<std::allocator<void> > >][m[K[m[K' at [01m[K/home/irman/micromamba/envs/ros2_env/include/rclcpp/rclcpp/experimental/intra_process_manager.hpp:218:33[m[K:
[24.260s] [01m[K/home/irman/micromamba/envs/ros2_env/lib/gcc/x86_64-conda-linux-gnu/14.3.0/include/c++/bits/stl_algobase.h:452:30:[m[K [01;35m[Kwarning: [m[K'[01m[Kvoid*[01;32m[K __builtin_memmove[m[K(void*, const void*, long unsigned int)[m[K' forming offset 8 is out of the bounds [0, 8] [[01;35m[K]8;;https://gcc.gnu.org/onlinedocs/gcc-14.3.0/gcc/Warning-Options.html#index-Warray-bounds-Warray-bounds=]8;;[m[K]
[24.260s]   452 |             [01;35m[K__builtin_memmove(__result, __first, sizeof(_Tp) * _Num)[m[K;
[24.260s]       |             [01;35m[K~~~~~~~~~~~~~~~~~^~~~~~~~~~~~~~~~~~~~~~~~~~~~~~~~~~~~~~~[m[K
[28.406s] [100%] [1m[32mLinking CXX executable test_joint_state_broadcaster[0m
[28.664s] [100%] Built target test_joint_state_broadcaster
[28.674s] Invoked command in '/home/irman/ROS2_Humanoid_VLA/build/joint_state_broadcaster' returned '0': AMENT_PREFIX_PATH=/home/irman/ROS2_Humanoid_VLA/install/controller_manager:/home/irman/ROS2_Humanoid_VLA/install/hardware_interface_testing:/home/irman/ROS2_Humanoid_VLA/install/ros2_control_test_assets:${AMENT_PREFIX_PATH} CMAKE_PREFIX_PATH=/home/irman/ROS2_Humanoid_VLA/install/controller_manager:/home/irman/ROS2_Humanoid_VLA/install/hardware_interface_testing:/home/irman/ROS2_Humanoid_VLA/install/ros2_control_test_assets:${CMAKE_PREFIX_PATH} CONDA_PROMPT_MODIFIER=(ros2_env) DEBUGINFOD_URLS=https://debuginfod.ubuntu.com LD_LIBRARY_PATH=/home/irman/ROS2_Humanoid_VLA/install/controller_manager/lib:/home/irman/ROS2_Humanoid_VLA/install/hardware_interface_testing/lib:/home/irman/micromamba/envs/ros2_env/opt/rviz_ogre_vendor/lib:/home/irman/micromamba/envs/ros2_env/lib/gazebo-11/plugins PYTHONPATH=/home/irman/ROS2_Humanoid_VLA/install/controller_manager/lib/python3.11/site-packages:${PYTHONPATH} /home/irman/micromamba/envs/ros2_env/bin/cmake --build /home/irman/ROS2_Humanoid_VLA/build/joint_state_broadcaster -- -j16 -l16
[28.676s] Invoking command in '/home/irman/ROS2_Humanoid_VLA/build/joint_state_broadcaster': AMENT_PREFIX_PATH=/home/irman/ROS2_Humanoid_VLA/install/controller_manager:/home/irman/ROS2_Humanoid_VLA/install/hardware_interface_testing:/home/irman/ROS2_Humanoid_VLA/install/ros2_control_test_assets:${AMENT_PREFIX_PATH} CMAKE_PREFIX_PATH=/home/irman/ROS2_Humanoid_VLA/install/controller_manager:/home/irman/ROS2_Humanoid_VLA/install/hardware_interface_testing:/home/irman/ROS2_Humanoid_VLA/install/ros2_control_test_assets:${CMAKE_PREFIX_PATH} CONDA_PROMPT_MODIFIER=(ros2_env) DEBUGINFOD_URLS=https://debuginfod.ubuntu.com LD_LIBRARY_PATH=/home/irman/ROS2_Humanoid_VLA/install/controller_manager/lib:/home/irman/ROS2_Humanoid_VLA/install/hardware_interface_testing/lib:/home/irman/micromamba/envs/ros2_env/opt/rviz_ogre_vendor/lib:/home/irman/micromamba/envs/ros2_env/lib/gazebo-11/plugins PYTHONPATH=/home/irman/ROS2_Humanoid_VLA/install/controller_manager/lib/python3.11/site-packages:${PYTHONPATH} /home/irman/micromamba/envs/ros2_env/bin/cmake --install /home/irman/ROS2_Humanoid_VLA/build/joint_state_broadcaster
[28.681s] -- Install configuration: ""
[28.681s] -- Execute custom install script
[28.682s] -- Up-to-date symlink: /home/irman/ROS2_Humanoid_VLA/install/joint_state_broadcaster/include/joint_state_broadcaster/joint_state_broadcaster_parameters.hpp
[28.682s] -- Up-to-date symlink: /home/irman/ROS2_Humanoid_VLA/install/joint_state_broadcaster/share/joint_state_broadcaster//joint_state_plugin.xml
[28.682s] -- Up-to-date symlink: /home/irman/ROS2_Humanoid_VLA/install/joint_state_broadcaster/include/joint_state_broadcaster/joint_state_broadcaster/joint_state_broadcaster.hpp
[28.682s] -- Up-to-date symlink: /home/irman/ROS2_Humanoid_VLA/install/joint_state_broadcaster/include/joint_state_broadcaster/joint_state_broadcaster/visibility_control.h
[28.682s] -- Up-to-date symlink: /home/irman/ROS2_Humanoid_VLA/install/joint_state_broadcaster/share/ament_index/resource_index/package_run_dependencies/joint_state_broadcaster
[28.682s] -- Up-to-date symlink: /home/irman/ROS2_Humanoid_VLA/install/joint_state_broadcaster/share/ament_index/resource_index/parent_prefix_path/joint_state_broadcaster
[28.682s] -- Up-to-date symlink: /home/irman/ROS2_Humanoid_VLA/install/joint_state_broadcaster/share/joint_state_broadcaster/environment/ament_prefix_path.sh
[28.683s] -- Up-to-date symlink: /home/irman/ROS2_Humanoid_VLA/install/joint_state_broadcaster/share/joint_state_broadcaster/environment/ament_prefix_path.dsv
[28.683s] -- Up-to-date symlink: /home/irman/ROS2_Humanoid_VLA/install/joint_state_broadcaster/share/joint_state_broadcaster/environment/path.sh
[28.683s] -- Up-to-date symlink: /home/irman/ROS2_Humanoid_VLA/install/joint_state_broadcaster/share/joint_state_broadcaster/environment/path.dsv
[28.683s] -- Up-to-date symlink: /home/irman/ROS2_Humanoid_VLA/install/joint_state_broadcaster/share/joint_state_broadcaster/local_setup.bash
[28.683s] -- Up-to-date symlink: /home/irman/ROS2_Humanoid_VLA/install/joint_state_broadcaster/share/joint_state_broadcaster/local_setup.sh
[28.683s] -- Up-to-date symlink: /home/irman/ROS2_Humanoid_VLA/install/joint_state_broadcaster/share/joint_state_broadcaster/local_setup.zsh
[28.683s] -- Up-to-date symlink: /home/irman/ROS2_Humanoid_VLA/install/joint_state_broadcaster/share/joint_state_broadcaster/local_setup.dsv
[28.683s] -- Symlinking: /home/irman/ROS2_Humanoid_VLA/install/joint_state_broadcaster/share/joint_state_broadcaster/package.dsv
[28.691s] -- Up-to-date symlink: /home/irman/ROS2_Humanoid_VLA/install/joint_state_broadcaster/share/ament_index/resource_index/packages/joint_state_broadcaster
[28.691s] -- Up-to-date symlink: /home/irman/ROS2_Humanoid_VLA/install/joint_state_broadcaster/share/ament_index/resource_index/controller_interface__pluginlib__plugin/joint_state_broadcaster
[28.691s] -- Up-to-date symlink: /home/irman/ROS2_Humanoid_VLA/install/joint_state_broadcaster/share/joint_state_broadcaster/cmake/ament_cmake_export_dependencies-extras.cmake
[28.691s] -- Up-to-date symlink: /home/irman/ROS2_Humanoid_VLA/install/joint_state_broadcaster/share/joint_state_broadcaster/cmake/ament_cmake_export_targets-extras.cmake
[28.691s] -- Up-to-date symlink: /home/irman/ROS2_Humanoid_VLA/install/joint_state_broadcaster/share/joint_state_broadcaster/cmake/joint_state_broadcasterConfig.cmake
[28.691s] -- Up-to-date symlink: /home/irman/ROS2_Humanoid_VLA/install/joint_state_broadcaster/share/joint_state_broadcaster/cmake/joint_state_broadcasterConfig-version.cmake
[28.692s] -- Up-to-date symlink: /home/irman/ROS2_Humanoid_VLA/install/joint_state_broadcaster/share/joint_state_broadcaster/package.xml
[28.692s] -- Installing: /home/irman/ROS2_Humanoid_VLA/install/joint_state_broadcaster/lib/libjoint_state_broadcaster.so
[28.692s] -- Installing: /home/irman/ROS2_Humanoid_VLA/install/joint_state_broadcaster/share/joint_state_broadcaster/cmake/export_joint_state_broadcasterExport.cmake
[28.693s] -- Installing: /home/irman/ROS2_Humanoid_VLA/install/joint_state_broadcaster/share/joint_state_broadcaster/cmake/export_joint_state_broadcasterExport-noconfig.cmake
[28.695s] Invoked command in '/home/irman/ROS2_Humanoid_VLA/build/joint_state_broadcaster' returned '0': AMENT_PREFIX_PATH=/home/irman/ROS2_Humanoid_VLA/install/controller_manager:/home/irman/ROS2_Humanoid_VLA/install/hardware_interface_testing:/home/irman/ROS2_Humanoid_VLA/install/ros2_control_test_assets:${AMENT_PREFIX_PATH} CMAKE_PREFIX_PATH=/home/irman/ROS2_Humanoid_VLA/install/controller_manager:/home/irman/ROS2_Humanoid_VLA/install/hardware_interface_testing:/home/irman/ROS2_Humanoid_VLA/install/ros2_control_test_assets:${CMAKE_PREFIX_PATH} CONDA_PROMPT_MODIFIER=(ros2_env) DEBUGINFOD_URLS=https://debuginfod.ubuntu.com LD_LIBRARY_PATH=/home/irman/ROS2_Humanoid_VLA/install/controller_manager/lib:/home/irman/ROS2_Humanoid_VLA/install/hardware_interface_testing/lib:/home/irman/micromamba/envs/ros2_env/opt/rviz_ogre_vendor/lib:/home/irman/micromamba/envs/ros2_env/lib/gazebo-11/plugins PYTHONPATH=/home/irman/ROS2_Humanoid_VLA/install/controller_manager/lib/python3.11/site-packages:${PYTHONPATH} /home/irman/micromamba/envs/ros2_env/bin/cmake --install /home/irman/ROS2_Humanoid_VLA/build/joint_state_broadcaster
