[0.000000] (-) TimerEvent: {}
[0.000653] (-) JobUnselected: {'identifier': 'ackermann_steering_controller'}
[0.000709] (-) JobUnselected: {'identifier': 'admittance_controller'}
[0.000737] (-) JobUnselected: {'identifier': 'bicycle_steering_controller'}
[0.000772] (-) JobUnselected: {'identifier': 'controller_interface'}
[0.000802] (-) JobUnselected: {'identifier': 'controller_manager'}
[0.000824] (-) JobUnselected: {'identifier': 'controller_manager_msgs'}
[0.000852] (-) JobUnselected: {'identifier': 'diff_drive_controller'}
[0.000877] (-) JobUnselected: {'identifier': 'effort_controllers'}
[0.000888] (-) JobUnselected: {'identifier': 'force_torque_sensor_broadcaster'}
[0.000982] (-) JobUnselected: {'identifier': 'forward_command_controller'}
[0.001003] (-) JobUnselected: {'identifier': 'g1_controller'}
[0.001014] (-) JobUnselected: {'identifier': 'g1_gazebo_sim'}
[0.001023] (-) JobUnselected: {'identifier': 'g1_package'}
[0.001031] (-) JobUnselected: {'identifier': 'gpio_controllers'}
[0.001038] (-) JobUnselected: {'identifier': 'gripper_controllers'}
[0.001047] (-) JobUnselected: {'identifier': 'hardware_interface'}
[0.001055] (-) JobUnselected: {'identifier': 'imu_sensor_broadcaster'}
[0.001062] (-) JobUnselected: {'identifier': 'joint_limits'}
[0.001071] (-) JobUnselected: {'identifier': 'joint_state_broadcaster'}
[0.001083] (-) JobUnselected: {'identifier': 'joint_trajectory_controller'}
[0.001093] (-) JobUnselected: {'identifier': 'mecanum_drive_controller'}
[0.001101] (-) JobUnselected: {'identifier': 'pid_controller'}
[0.001110] (-) JobUnselected: {'identifier': 'pose_broadcaster'}
[0.001118] (-) JobUnselected: {'identifier': 'position_controllers'}
[0.001126] (-) JobUnselected: {'identifier': 'range_sensor_broadcaster'}
[0.001133] (-) JobUnselected: {'identifier': 'ros2_control'}
[0.001145] (-) JobUnselected: {'identifier': 'ros2_control_test_assets'}
[0.001155] (-) JobUnselected: {'identifier': 'ros2_controllers'}
[0.001163] (-) JobUnselected: {'identifier': 'ros2_controllers_test_nodes'}
[0.001170] (-) JobUnselected: {'identifier': 'ros2controlcli'}
[0.001178] (-) JobUnselected: {'identifier': 'rqt_controller_manager'}
[0.001185] (-) JobUnselected: {'identifier': 'rqt_joint_trajectory_controller'}
[0.001192] (-) JobUnselected: {'identifier': 'steering_controllers_library'}
[0.001201] (-) JobUnselected: {'identifier': 'transmission_interface'}
[0.001208] (-) JobUnselected: {'identifier': 'tricycle_controller'}
[0.001216] (-) JobUnselected: {'identifier': 'tricycle_steering_controller'}
[0.001223] (-) JobUnselected: {'identifier': 'velocity_controllers'}
[0.001233] (hardware_interface_testing) JobQueued: {'identifier': 'hardware_interface_testing', 'dependencies': OrderedDict([('ros2_control_test_assets', '/home/irman/ROS2_Humanoid_VLA/install/ros2_control_test_assets'), ('hardware_interface', '/home/irman/ROS2_Humanoid_VLA/install/hardware_interface')])}
[0.001247] (hardware_interface_testing) JobStarted: {'identifier': 'hardware_interface_testing'}
[0.009398] (hardware_interface_testing) JobProgress: {'identifier': 'hardware_interface_testing', 'progress': 'cmake'}
[0.010527] (hardware_interface_testing) Command: {'cmd': ['/home/irman/micromamba/envs/ros2_env/bin/cmake', '/home/irman/ROS2_Humanoid_VLA/src/ros2_control/hardware_interface_testing', '-DAMENT_CMAKE_SYMLINK_INSTALL=1', '-DCMAKE_INSTALL_PREFIX=/home/irman/ROS2_Humanoid_VLA/install/hardware_interface_testing'], 'cwd': '/home/irman/ROS2_Humanoid_VLA/build/hardware_interface_testing', 'env': OrderedDict([('GJS_DEBUG_TOPICS', 'JS ERROR;JS LOG'), ('VSCODE_CWD', '/home/irman'), ('VSCODE_ESM_ENTRYPOINT', 'vs/workbench/api/node/extensionHostProcess'), ('CONDA_PROMPT_MODIFIER', '(ros2_env)'), ('USER', 'irman'), ('VSCODE_NLS_CONFIG', '{"userLocale":"en-us","osLocale":"en-us","resolvedLanguage":"en","defaultMessagesFile":"/usr/share/antigravity/resources/app/out/nls.messages.json","locale":"en-us","availableLanguages":{}}'), ('CONDA_MKL_INTERFACE_LAYER_BACKUP', ''), ('CXXFLAGS', '-fvisibility-inlines-hidden -fmessage-length=0 -march=nocona -mtune=haswell -ftree-vectorize -fPIC -fstack-protector-strong -fno-plt -O2 -ffunction-sections -pipe -isystem /home/irman/micromamba/envs/ros2_env/include'), ('VSCODE_HANDLES_UNCAUGHT_ERRORS', 'true'), ('GCC_RANLIB', '/home/irman/micromamba/envs/ros2_env/bin/x86_64-conda-linux-gnu-gcc-ranlib'), ('XDG_SESSION_TYPE', 'x11'), ('OBJCOPY', '/home/irman/micromamba/envs/ros2_env/bin/x86_64-conda-linux-gnu-objcopy'), ('DEBUG_CXXFLAGS', '-fvisibility-inlines-hidden -fmessage-length=0 -march=nocona -mtune=haswell -ftree-vectorize -fPIC -fstack-protector-all -fno-plt -Og -g -Wall -Wextra -fvar-tracking-assignments -ffunction-sections -pipe -isystem /home/irman/micromamba/envs/ros2_env/include'), ('ROS_ETC_DIR', '/home/irman/micromamba/envs/ros2_env/etc/ros'), ('SIZE', '/home/irman/micromamba/envs/ros2_env/bin/x86_64-conda-linux-gnu-size'), ('CLUTTER_DISABLE_MIPMAPPED_TEXT', '1'), ('SHLVL', '0'), ('LD_LIBRARY_PATH', '/home/irman/micromamba/envs/ros2_env/opt/rviz_ogre_vendor/lib::/home/irman/micromamba/envs/ros2_env/lib/gazebo-11/plugins:'), ('LESS', '-R'), ('HOME', '/home/irman'), ('CHROME_DESKTOP', 'antigravity.desktop'), ('CC_FOR_BUILD', '/home/irman/micromamba/envs/ros2_env/bin/x86_64-conda-linux-gnu-cc'), ('CONDA_SHLVL', '1'), ('OLDPWD', '/home/irman/ROS2_Humanoid_VLA'), ('DESKTOP_SESSION', 'ubuntu'), ('NO_PROXY', '*.azureedge.net'), ('LSCOLORS', 'Gxfxcxdxbxegedabagacad'), ('CONDA_TOOLCHAIN_BUILD', 'x86_64-conda-linux-gnu'), ('VSCODE_IPC_HOOK', '/run/user/1000/vscode-ef3884ed-1.10-main.sock'), ('ZSH', '/home/irman/.oh-my-zsh'), ('F90', '/home/irman/micromamba/envs/ros2_env/bin/x86_64-conda-linux-gnu-gfortran'), ('GIO_LAUNCHED_DESKTOP_FILE', '/usr/share/applications/antigravity.desktop'), ('GAZEBO_MASTER_URI', 'http://localhost:11345'), ('ROS_PYTHON_VERSION', '3'), ('GNOME_SHELL_SESSION_MODE', 'ubuntu'), ('GTK_MODULES', 'gail:atk-bridge'), ('LDFLAGS', '-Wl,-O2 -Wl,--sort-common -Wl,--as-needed -Wl,-z,relro -Wl,-z,now -Wl,--disable-new-dtags -Wl,--gc-sections -Wl,--allow-shlib-undefined -Wl,-rpath,/home/irman/micromamba/envs/ros2_env/lib -Wl,-rpath-link,/home/irman/micromamba/envs/ros2_env/lib -L/home/irman/micromamba/envs/ros2_env/lib'), ('PAGER', 'less'), ('FC', '/home/irman/micromamba/envs/ros2_env/bin/x86_64-conda-linux-gnu-gfortran'), ('STRINGS', '/home/irman/micromamba/envs/ros2_env/bin/x86_64-conda-linux-gnu-strings'), ('CPL_ZIP_ENCODING', 'UTF-8'), ('MANAGERPID', '2813'), ('SYSTEMD_EXEC_PID', '3299'), ('GSM_SKIP_SSH_AGENT_WORKAROUND', 'true'), ('DBUS_SESSION_BUS_ADDRESS', 'unix:path=/run/user/1000/bus'), ('CPP', '/home/irman/micromamba/envs/ros2_env/bin/x86_64-conda-linux-gnu-cpp'), ('GIO_LAUNCHED_DESKTOP_FILE_PID', '4201'), ('F77', '/home/irman/micromamba/envs/ros2_env/bin/x86_64-conda-linux-gnu-gfortran'), ('F95', '/home/irman/micromamba/envs/ros2_env/bin/x86_64-conda-linux-gnu-f95'), ('VSCODE_CRASH_REPORTER_PROCESS_TYPE', 'extensionHost'), ('DEBUGINFOD_URLS', 'https://debuginfod.ubuntu.com'), ('ELFEDIT', '/home/irman/micromamba/envs/ros2_env/bin/x86_64-conda-linux-gnu-elfedit'), ('STRIP', '/home/irman/micromamba/envs/ros2_env/bin/x86_64-conda-linux-gnu-strip'), ('ROS_DISTRO', 'humble'), ('LOGNAME', 'irman'), ('GCC', '/home/irman/micromamba/envs/ros2_env/bin/x86_64-conda-linux-gnu-gcc'), ('JOURNAL_STREAM', '9:16057'), ('_', '/home/irman/micromamba/envs/ros2_env/bin/colcon'), ('ROS_VERSION', '2'), ('MEMORY_PRESSURE_WATCH', '/sys/fs/cgroup/user.slice/user-1000.slice/user@1000.service/session.slice/org.gnome.Shell@x11.service/memory.pressure'), ('READELF', '/home/irman/micromamba/envs/ros2_env/bin/x86_64-conda-linux-gnu-readelf'), ('XDG_SESSION_CLASS', 'user'), ('AR', '/home/irman/micromamba/envs/ros2_env/bin/x86_64-conda-linux-gnu-ar'), ('USERNAME', 'irman'), ('GXX', '/home/irman/micromamba/envs/ros2_env/bin/x86_64-conda-linux-gnu-g++'), ('FC_FOR_BUILD', '/home/irman/micromamba/envs/ros2_env/bin/x86_64-conda-linux-gnu-gfortran'), ('AS', '/home/irman/micromamba/envs/ros2_env/bin/x86_64-conda-linux-gnu-as'), ('GAZEBO_MODEL_PATH', '/home/irman/micromamba/envs/ros2_env/share/gazebo-11/models:'), ('GNOME_DESKTOP_SESSION_ID', 'this-is-deprecated'), ('ROS_LOCALHOST_ONLY', '0'), ('CXXFILT', '/home/irman/micromamba/envs/ros2_env/bin/x86_64-conda-linux-gnu-c++filt'), ('ROS_OS_OVERRIDE', 'conda:linux'), ('WINDOWPATH', '2'), ('ANTIGRAVITY_EDITOR_APP_ROOT', '/usr/share/antigravity/resources/app'), ('BUILD', 'x86_64-conda-linux-gnu'), ('OGRE_RESOURCE_PATH', '/home/irman/micromamba/envs/ros2_env/lib/OGRE'), ('PATH', '/home/irman/micromamba/envs/ros2_env/share/rubygems/bin:/home/irman/micromamba/envs/ros2_env/bin:/home/irman/.npm-global/bin:/home/irman/micromamba/condabin:/home/irman/.local/bin:/usr/local/sbin:/usr/local/bin:/usr/sbin:/usr/bin:/sbin:/bin:/usr/games:/usr/local/games:/snap/bin'), ('SESSION_MANAGER', 'local/irman:@/tmp/.ICE-unix/3255,unix/irman:/tmp/.ICE-unix/3255'), ('INVOCATION_ID', 'cf68c27b3909444099e6fd1ca5b90251'), ('PROJ_NETWORK', 'ON'), ('XDG_MENU_PREFIX', 'gnome-'), ('build_alias', 'x86_64-conda-linux-gnu'), ('PROJ_DATA', '/home/irman/micromamba/envs/ros2_env/share/proj'), ('XDG_RUNTIME_DIR', '/run/user/1000'), ('GDK_BACKEND', 'x11'), ('CFLAGS', '-march=nocona -mtune=haswell -ftree-vectorize -fPIC -fstack-protector-strong -fno-plt -O2 -ffunction-sections -pipe -isystem /home/irman/micromamba/envs/ros2_env/include'), ('MAMBA_ROOT_PREFIX', '/home/irman/micromamba'), ('GCC_AR', '/home/irman/micromamba/envs/ros2_env/bin/x86_64-conda-linux-gnu-gcc-ar'), ('DISPLAY', ':1'), ('LANG', 'en_US.UTF-8'), ('DEBUG_CFLAGS', '-march=nocona -mtune=haswell -ftree-vectorize -fPIC -fstack-protector-all -fno-plt -Og -g -Wall -Wextra -fvar-tracking-assignments -ffunction-sections -pipe -isystem /home/irman/micromamba/envs/ros2_env/include'), ('XDG_CURRENT_DESKTOP', 'Unity'), ('XMODIFIERS', '@im=ibus'), ('XDG_SESSION_DESKTOP', 'ubuntu'), ('XAUTHORITY', '/run/user/1000/gdm/Xauthority'), ('MESON_ARGS', '-Dbuildtype=release'), ('SBX_CHROME_API_RQ', '1'), ('SSH_AUTH_SOCK', '/run/user/1000/keyring/ssh'), ('XML_CATALOG_FILES', 'file:///home/irman/micromamba/envs/ros2_env/etc/xml/catalog file:///etc/xml/catalog'), ('GSETTINGS_SCHEMA_DIR', '/home/irman/micromamba/envs/ros2_env/share/glib-2.0/schemas'), ('AMENT_PREFIX_PATH', '/home/irman/ROS2_Humanoid_VLA/install/ros2_control_test_assets:/home/irman/micromamba/envs/ros2_env'), ('CPPFLAGS', '-DNDEBUG -D_FORTIFY_SOURCE=2 -O2 -isystem /home/irman/micromamba/envs/ros2_env/include'), ('ORIGINAL_XDG_CURRENT_DESKTOP', 'ubuntu:GNOME'), ('SHELL', '/usr/bin/zsh'), ('DEBUG_FFLAGS', '-march=nocona -mtune=haswell -ftree-vectorize -fPIC -fstack-protector-strong -fno-plt -O2 -ffunction-sections -pipe -isystem /home/irman/micromamba/envs/ros2_env/include -I/home/irman/micromamba/envs/ros2_env/include -march=nocona -mtune=haswell -ftree-vectorize -fPIC -fstack-protector-all -fno-plt -Og -g -Wall -Wextra -fcheck=all -fbacktrace -fimplicit-none -fvar-tracking-assignments -ffunction-sections -pipe'), ('CMAKE_ARGS', '-DCMAKE_AR=/home/irman/micromamba/envs/ros2_env/bin/x86_64-conda-linux-gnu-ar -DCMAKE_CXX_COMPILER_AR=/home/irman/micromamba/envs/ros2_env/bin/x86_64-conda-linux-gnu-gcc-ar -DCMAKE_C_COMPILER_AR=/home/irman/micromamba/envs/ros2_env/bin/x86_64-conda-linux-gnu-gcc-ar -DCMAKE_RANLIB=/home/irman/micromamba/envs/ros2_env/bin/x86_64-conda-linux-gnu-ranlib -DCMAKE_CXX_COMPILER_RANLIB=/home/irman/micromamba/envs/ros2_env/bin/x86_64-conda-linux-gnu-gcc-ranlib -DCMAKE_C_COMPILER_RANLIB=/home/irman/micromamba/envs/ros2_env/bin/x86_64-conda-linux-gnu-gcc-ranlib -DCMAKE_LINKER=/home/irman/micromamba/envs/ros2_env/bin/x86_64-conda-linux-gnu-ld -DCMAKE_STRIP=/home/irman/micromamba/envs/ros2_env/bin/x86_64-conda-linux-gnu-strip -DCMAKE_BUILD_TYPE=Release'), ('HOST', 'x86_64-conda-linux-gnu'), ('GDAL_DRIVER_PATH', '/home/irman/micromamba/envs/ros2_env/lib/gdalplugins'), ('QT_ACCESSIBILITY', '1'), ('ELECTRON_RUN_AS_NODE', '1'), ('CXX', '/home/irman/micromamba/envs/ros2_env/bin/x86_64-conda-linux-gnu-c++'), ('DEBUG_CPPFLAGS', '-D_DEBUG -D_FORTIFY_SOURCE=2 -Og -isystem /home/irman/micromamba/envs/ros2_env/include'), ('GDMSESSION', 'ubuntu'), ('GEM_HOME', '/home/irman/micromamba/envs/ros2_env/share/rubygems/'), ('DEBUG_FORTRANFLAGS', '-march=nocona -mtune=haswell -ftree-vectorize -fPIC -fstack-protector-strong -fno-plt -O2 -ffunction-sections -pipe -isystem /home/irman/micromamba/envs/ros2_env/include -I/home/irman/micromamba/envs/ros2_env/include -march=nocona -mtune=haswell -ftree-vectorize -fPIC -fstack-protector-all -fno-plt -Og -g -Wall -Wextra -fcheck=all -fbacktrace -fimplicit-none -fvar-tracking-assignments -ffunction-sections -pipe'), ('CONDA_DEFAULT_ENV', 'ros2_env'), ('GPG_AGENT_INFO', '/run/user/1000/gnupg/S.gpg-agent:0:1'), ('GAZEBO_RESOURCE_PATH', '/home/irman/micromamba/envs/ros2_env/share/gazebo-11:'), ('GJS_DEBUG_OUTPUT', 'stderr'), ('ADDR2LINE', '/home/irman/micromamba/envs/ros2_env/bin/x86_64-conda-linux-gnu-addr2line'), ('MAMBA_EXE', '/home/irman/.local/bin/micromamba'), ('GCC_NM', '/home/irman/micromamba/envs/ros2_env/bin/x86_64-conda-linux-gnu-gcc-nm'), ('GFORTRAN', '/home/irman/micromamba/envs/ros2_env/bin/x86_64-conda-linux-gnu-gfortran'), ('CONDA_BUILD_SYSROOT', '/home/irman/micromamba/envs/ros2_env/x86_64-conda-linux-gnu/sysroot'), ('GAZEBO_MODEL_DATABASE_URI', 'http://models.gazebosim.org'), ('QT_IM_MODULE', 'ibus'), ('PWD', '/home/irman/ROS2_Humanoid_VLA/build/hardware_interface_testing'), ('XDG_CONFIG_DIRS', '/etc/xdg/xdg-ubuntu:/etc/xdg'), ('FFLAGS', '-march=nocona -mtune=haswell -ftree-vectorize -fPIC -fstack-protector-strong -fno-plt -O2 -ffunction-sections -pipe -isystem /home/irman/micromamba/envs/ros2_env/include -I/home/irman/micromamba/envs/ros2_env/include'), ('VSCODE_CODE_CACHE_PATH', '/home/irman/.config/Antigravity/CachedData/afdb915a7890576374cec17dccf6d91249170a86'), ('GAZEBO_PLUGIN_PATH', '/home/irman/micromamba/envs/ros2_env/lib/gazebo-11/plugins:'), ('LD', '/home/irman/micromamba/envs/ros2_env/bin/x86_64-conda-linux-gnu-ld'), ('XDG_DATA_DIRS', '/usr/share/ubuntu:/usr/share/gnome:/usr/local/share/:/usr/share/:/var/lib/snapd/desktop'), ('PYTHONPATH', '/home/irman/micromamba/envs/ros2_env/lib/python311/site-packages:/home/irman/micromamba/envs/ros2_env/lib/python3.11/site-packages'), ('GPROF', '/home/irman/micromamba/envs/ros2_env/bin/x86_64-conda-linux-gnu-gprof'), ('CONDA_PREFIX', '/home/irman/micromamba/envs/ros2_env'), ('GSETTINGS_SCHEMA_DIR_CONDA_BACKUP', ''), ('CONDA_TOOLCHAIN_HOST', 'x86_64-conda-linux-gnu'), ('host_alias', 'x86_64-conda-linux-gnu'), ('FORTRANFLAGS', '-march=nocona -mtune=haswell -ftree-vectorize -fPIC -fstack-protector-strong -fno-plt -O2 -ffunction-sections -pipe -isystem /home/irman/micromamba/envs/ros2_env/include -I/home/irman/micromamba/envs/ros2_env/include'), ('CC', '/home/irman/micromamba/envs/ros2_env/bin/x86_64-conda-linux-gnu-cc'), ('RANLIB', '/home/irman/micromamba/envs/ros2_env/bin/x86_64-conda-linux-gnu-ranlib'), ('MKL_INTERFACE_LAYER', 'LP64,GNU'), ('COLCON', '1'), ('MEMORY_PRESSURE_WRITE', 'c29tZSAyMDAwMDAgMjAwMDAwMAA='), ('CXX_FOR_BUILD', '/home/irman/micromamba/envs/ros2_env/bin/x86_64-conda-linux-gnu-c++'), ('CMAKE_PREFIX_PATH', '/home/irman/ROS2_Humanoid_VLA/install/ros2_control_test_assets:/home/irman/micromamba/envs/ros2_env:/home/irman/micromamba/envs/ros2_env/x86_64-conda-linux-gnu/sysroot/usr'), ('VSCODE_PID', '4201'), ('NM', '/home/irman/micromamba/envs/ros2_env/bin/x86_64-conda-linux-gnu-nm'), ('GDAL_DATA', '/home/irman/micromamba/envs/ros2_env/share/gdal'), ('OBJDUMP', '/home/irman/micromamba/envs/ros2_env/bin/x86_64-conda-linux-gnu-objdump')]), 'shell': False}
[0.099866] (-) TimerEvent: {}
[0.139832] (hardware_interface_testing) StdoutLine: {'line': b'-- The CXX compiler identification is GNU 14.3.0\n'}
[0.150426] (hardware_interface_testing) StdoutLine: {'line': b'-- Detecting CXX compiler ABI info\n'}
[0.199985] (-) TimerEvent: {}
[0.240199] (hardware_interface_testing) StdoutLine: {'line': b'-- Detecting CXX compiler ABI info - done\n'}
[0.261140] (hardware_interface_testing) StdoutLine: {'line': b'-- Check for working CXX compiler: /home/irman/micromamba/envs/ros2_env/bin/x86_64-conda-linux-gnu-c++ - skipped\n'}
[0.261524] (hardware_interface_testing) StdoutLine: {'line': b'-- Detecting CXX compile features\n'}
[0.261884] (hardware_interface_testing) StdoutLine: {'line': b'-- Detecting CXX compile features - done\n'}
[0.278453] (hardware_interface_testing) StdoutLine: {'line': b'-- Found ament_cmake: 1.3.12 (/home/irman/micromamba/envs/ros2_env/share/ament_cmake/cmake)\n'}
[0.300098] (-) TimerEvent: {}
[0.380898] (hardware_interface_testing) StdoutLine: {'line': b'-- Found Python3: /home/irman/micromamba/envs/ros2_env/bin/python3 (found version "3.11.14") found components: Interpreter\n'}
[0.400243] (-) TimerEvent: {}
[0.446859] (hardware_interface_testing) StdoutLine: {'line': b'-- Override CMake install command with custom implementation using symlinks instead of copying resources\n'}
[0.500395] (-) TimerEvent: {}
[0.526549] (hardware_interface_testing) StdoutLine: {'line': b'-- Found control_msgs: 4.8.0 (/home/irman/micromamba/envs/ros2_env/share/control_msgs/cmake)\n'}
[0.594978] (hardware_interface_testing) StdoutLine: {'line': b'-- Found rosidl_generator_c: 3.1.6 (/home/irman/micromamba/envs/ros2_env/share/rosidl_generator_c/cmake)\n'}
[0.600477] (-) TimerEvent: {}
[0.606618] (hardware_interface_testing) StdoutLine: {'line': b'-- Found rosidl_adapter: 3.1.6 (/home/irman/micromamba/envs/ros2_env/share/rosidl_adapter/cmake)\n'}
[0.623884] (hardware_interface_testing) StdoutLine: {'line': b'-- Found rosidl_generator_cpp: 3.1.6 (/home/irman/micromamba/envs/ros2_env/share/rosidl_generator_cpp/cmake)\n'}
[0.644779] (hardware_interface_testing) StdoutLine: {'line': b'-- Using all available rosidl_typesupport_c: rosidl_typesupport_fastrtps_c;rosidl_typesupport_introspection_c\n'}
[0.673218] (hardware_interface_testing) StdoutLine: {'line': b'-- Using all available rosidl_typesupport_cpp: rosidl_typesupport_fastrtps_cpp;rosidl_typesupport_introspection_cpp\n'}
[0.700612] (-) TimerEvent: {}
[0.800795] (-) TimerEvent: {}
[0.886097] (hardware_interface_testing) StdoutLine: {'line': b'-- Found hardware_interface: 2.51.0 (/home/irman/micromamba/envs/ros2_env/share/hardware_interface/cmake)\n'}
[0.900957] (-) TimerEvent: {}
[0.941058] (hardware_interface_testing) StdoutLine: {'line': b'-- Found TinyXML2 via Config file: /home/irman/micromamba/envs/ros2_env/lib/cmake/tinyxml2\n'}
[1.001062] (-) TimerEvent: {}
[1.044644] (hardware_interface_testing) StdoutLine: {'line': b"-- Checking for module 'yaml-0.1'\n"}
[1.101178] (-) TimerEvent: {}
[1.150433] (hardware_interface_testing) StdoutLine: {'line': b'--   Found yaml-0.1, version 0.2.5\n'}
[1.201358] (-) TimerEvent: {}
[1.301612] (-) TimerEvent: {}
[1.401781] (-) TimerEvent: {}
[1.465828] (hardware_interface_testing) StdoutLine: {'line': b'-- Found rmw_implementation_cmake: 6.1.2 (/home/irman/micromamba/envs/ros2_env/share/rmw_implementation_cmake/cmake)\n'}
[1.472219] (hardware_interface_testing) StdoutLine: {'line': b'-- Found rmw_fastrtps_cpp: 6.2.7 (/home/irman/micromamba/envs/ros2_env/share/rmw_fastrtps_cpp/cmake)\n'}
[1.501886] (-) TimerEvent: {}
[1.521055] (hardware_interface_testing) StdoutLine: {'line': b'-- Found TinyXML2 via Config file: /home/irman/micromamba/envs/ros2_env/lib/cmake/tinyxml2\n'}
[1.602029] (-) TimerEvent: {}
[1.702293] (-) TimerEvent: {}
[1.802484] (-) TimerEvent: {}
[1.902696] (-) TimerEvent: {}
[1.963879] (hardware_interface_testing) StdoutLine: {'line': b'-- Found OpenSSL: /home/irman/micromamba/envs/ros2_env/lib/libcrypto.so (found version "3.5.4")\n'}
[1.968073] (hardware_interface_testing) StdoutLine: {'line': b'-- Found TinyXML2 via Config file: /home/irman/micromamba/envs/ros2_env/lib/cmake/tinyxml2\n'}
[2.002888] (-) TimerEvent: {}
[2.005169] (hardware_interface_testing) StdoutLine: {'line': b'-- Found FastRTPS: /home/irman/micromamba/envs/ros2_env/include\n'}
[2.009000] (hardware_interface_testing) StdoutLine: {'line': b'-- Found TinyXML2 via Config file: /home/irman/micromamba/envs/ros2_env/lib/cmake/tinyxml2\n'}
[2.036603] (hardware_interface_testing) StdoutLine: {'line': b'-- Found TinyXML2 via Config file: /home/irman/micromamba/envs/ros2_env/lib/cmake/tinyxml2\n'}
[2.065433] (hardware_interface_testing) StdoutLine: {'line': b"-- Using RMW implementation 'rmw_fastrtps_cpp' as default\n"}
[2.080343] (hardware_interface_testing) StdoutLine: {'line': b'-- Performing Test CMAKE_HAVE_LIBC_PTHREAD\n'}
[2.103005] (-) TimerEvent: {}
[2.177003] (hardware_interface_testing) StdoutLine: {'line': b'-- Performing Test CMAKE_HAVE_LIBC_PTHREAD - Success\n'}
[2.178016] (hardware_interface_testing) StdoutLine: {'line': b'-- Found Threads: TRUE\n'}
[2.203097] (-) TimerEvent: {}
[2.264886] (hardware_interface_testing) StdoutLine: {'line': b'-- Found ros2_control_test_assets: 2.52.2 (/home/irman/ROS2_Humanoid_VLA/install/ros2_control_test_assets/share/ros2_control_test_assets/cmake)\n'}
[2.273963] (hardware_interface_testing) StdoutLine: {'line': b'-- Found ament_cmake_gmock: 1.3.12 (/home/irman/micromamba/envs/ros2_env/share/ament_cmake_gmock/cmake)\n'}
[2.279938] (hardware_interface_testing) StdoutLine: {'line': b"-- Found gmock sources under '/home/irman/micromamba/envs/ros2_env/src/gmock_vendor': C++ tests using 'Google Mock' will be built\n"}
[2.303242] (-) TimerEvent: {}
[2.324137] (hardware_interface_testing) StdoutLine: {'line': b'-- The C compiler identification is GNU 14.3.0\n'}
[2.333052] (hardware_interface_testing) StdoutLine: {'line': b'-- Detecting C compiler ABI info\n'}
[2.403412] (-) TimerEvent: {}
[2.413140] (hardware_interface_testing) StdoutLine: {'line': b'-- Detecting C compiler ABI info - done\n'}
[2.429528] (hardware_interface_testing) StdoutLine: {'line': b'-- Check for working C compiler: /home/irman/micromamba/envs/ros2_env/bin/x86_64-conda-linux-gnu-cc - skipped\n'}
[2.429890] (hardware_interface_testing) StdoutLine: {'line': b'-- Detecting C compile features\n'}
[2.430092] (hardware_interface_testing) StdoutLine: {'line': b'-- Detecting C compile features - done\n'}
[2.438155] (hardware_interface_testing) StderrLine: {'line': b'CMake Deprecation Warning at /home/irman/micromamba/envs/ros2_env/src/gmock_vendor/CMakeLists.txt:2 (cmake_minimum_required):\n'}
[2.438354] (hardware_interface_testing) StderrLine: {'line': b'  Compatibility with CMake < 3.10 will be removed from a future version of\n'}
[2.438453] (hardware_interface_testing) StderrLine: {'line': b'  CMake.\n'}
[2.438531] (hardware_interface_testing) StderrLine: {'line': b'\n'}
[2.438603] (hardware_interface_testing) StderrLine: {'line': b'  Update the VERSION argument <min> value.  Or, use the <min>...<max> syntax\n'}
[2.438679] (hardware_interface_testing) StderrLine: {'line': b'  to tell CMake that the project requires at least <min> but has been updated\n'}
[2.438754] (hardware_interface_testing) StderrLine: {'line': b'  to work with policies introduced by <max> or earlier.\n'}
[2.438829] (hardware_interface_testing) StderrLine: {'line': b'\n'}
[2.438917] (hardware_interface_testing) StderrLine: {'line': b'\n'}
[2.449349] (hardware_interface_testing) StdoutLine: {'line': b'-- Found ament_cmake_gtest: 1.3.12 (/home/irman/micromamba/envs/ros2_env/share/ament_cmake_gtest/cmake)\n'}
[2.450760] (hardware_interface_testing) StdoutLine: {'line': b"-- Found gtest sources under '/home/irman/micromamba/envs/ros2_env/src/gtest_vendor': C++ tests using 'Google Test' will be built\n"}
[2.455160] (hardware_interface_testing) StderrLine: {'line': b'CMake Deprecation Warning at /home/irman/micromamba/envs/ros2_env/src/gtest_vendor/CMakeLists.txt:2 (cmake_minimum_required):\n'}
[2.455310] (hardware_interface_testing) StderrLine: {'line': b'  Compatibility with CMake < 3.10 will be removed from a future version of\n'}
[2.455405] (hardware_interface_testing) StderrLine: {'line': b'  CMake.\n'}
[2.455488] (hardware_interface_testing) StderrLine: {'line': b'\n'}
[2.455560] (hardware_interface_testing) StderrLine: {'line': b'  Update the VERSION argument <min> value.  Or, use the <min>...<max> syntax\n'}
[2.455634] (hardware_interface_testing) StderrLine: {'line': b'  to tell CMake that the project requires at least <min> but has been updated\n'}
[2.455727] (hardware_interface_testing) StderrLine: {'line': b'  to work with policies introduced by <max> or earlier.\n'}
[2.455798] (hardware_interface_testing) StderrLine: {'line': b'\n'}
[2.455866] (hardware_interface_testing) StderrLine: {'line': b'\n'}
[2.503499] (-) TimerEvent: {}
[2.539465] (hardware_interface_testing) StdoutLine: {'line': b'-- Configuring done (2.5s)\n'}
[2.603627] (-) TimerEvent: {}
[2.607098] (hardware_interface_testing) StdoutLine: {'line': b'-- Generating done (0.1s)\n'}
[2.614095] (hardware_interface_testing) StdoutLine: {'line': b'-- Build files have been written to: /home/irman/ROS2_Humanoid_VLA/build/hardware_interface_testing\n'}
[2.626092] (hardware_interface_testing) CommandEnded: {'returncode': 0}
[2.627154] (hardware_interface_testing) JobProgress: {'identifier': 'hardware_interface_testing', 'progress': 'build'}
[2.627979] (hardware_interface_testing) Command: {'cmd': ['/home/irman/micromamba/envs/ros2_env/bin/cmake', '--build', '/home/irman/ROS2_Humanoid_VLA/build/hardware_interface_testing', '--', '-j16', '-l16'], 'cwd': '/home/irman/ROS2_Humanoid_VLA/build/hardware_interface_testing', 'env': OrderedDict([('GJS_DEBUG_TOPICS', 'JS ERROR;JS LOG'), ('VSCODE_CWD', '/home/irman'), ('VSCODE_ESM_ENTRYPOINT', 'vs/workbench/api/node/extensionHostProcess'), ('CONDA_PROMPT_MODIFIER', '(ros2_env)'), ('USER', 'irman'), ('VSCODE_NLS_CONFIG', '{"userLocale":"en-us","osLocale":"en-us","resolvedLanguage":"en","defaultMessagesFile":"/usr/share/antigravity/resources/app/out/nls.messages.json","locale":"en-us","availableLanguages":{}}'), ('CONDA_MKL_INTERFACE_LAYER_BACKUP', ''), ('CXXFLAGS', '-fvisibility-inlines-hidden -fmessage-length=0 -march=nocona -mtune=haswell -ftree-vectorize -fPIC -fstack-protector-strong -fno-plt -O2 -ffunction-sections -pipe -isystem /home/irman/micromamba/envs/ros2_env/include'), ('VSCODE_HANDLES_UNCAUGHT_ERRORS', 'true'), ('GCC_RANLIB', '/home/irman/micromamba/envs/ros2_env/bin/x86_64-conda-linux-gnu-gcc-ranlib'), ('XDG_SESSION_TYPE', 'x11'), ('OBJCOPY', '/home/irman/micromamba/envs/ros2_env/bin/x86_64-conda-linux-gnu-objcopy'), ('DEBUG_CXXFLAGS', '-fvisibility-inlines-hidden -fmessage-length=0 -march=nocona -mtune=haswell -ftree-vectorize -fPIC -fstack-protector-all -fno-plt -Og -g -Wall -Wextra -fvar-tracking-assignments -ffunction-sections -pipe -isystem /home/irman/micromamba/envs/ros2_env/include'), ('ROS_ETC_DIR', '/home/irman/micromamba/envs/ros2_env/etc/ros'), ('SIZE', '/home/irman/micromamba/envs/ros2_env/bin/x86_64-conda-linux-gnu-size'), ('CLUTTER_DISABLE_MIPMAPPED_TEXT', '1'), ('SHLVL', '0'), ('LD_LIBRARY_PATH', '/home/irman/micromamba/envs/ros2_env/opt/rviz_ogre_vendor/lib::/home/irman/micromamba/envs/ros2_env/lib/gazebo-11/plugins:'), ('LESS', '-R'), ('HOME', '/home/irman'), ('CHROME_DESKTOP', 'antigravity.desktop'), ('CC_FOR_BUILD', '/home/irman/micromamba/envs/ros2_env/bin/x86_64-conda-linux-gnu-cc'), ('CONDA_SHLVL', '1'), ('OLDPWD', '/home/irman/ROS2_Humanoid_VLA'), ('DESKTOP_SESSION', 'ubuntu'), ('NO_PROXY', '*.azureedge.net'), ('LSCOLORS', 'Gxfxcxdxbxegedabagacad'), ('CONDA_TOOLCHAIN_BUILD', 'x86_64-conda-linux-gnu'), ('VSCODE_IPC_HOOK', '/run/user/1000/vscode-ef3884ed-1.10-main.sock'), ('ZSH', '/home/irman/.oh-my-zsh'), ('F90', '/home/irman/micromamba/envs/ros2_env/bin/x86_64-conda-linux-gnu-gfortran'), ('GIO_LAUNCHED_DESKTOP_FILE', '/usr/share/applications/antigravity.desktop'), ('GAZEBO_MASTER_URI', 'http://localhost:11345'), ('ROS_PYTHON_VERSION', '3'), ('GNOME_SHELL_SESSION_MODE', 'ubuntu'), ('GTK_MODULES', 'gail:atk-bridge'), ('LDFLAGS', '-Wl,-O2 -Wl,--sort-common -Wl,--as-needed -Wl,-z,relro -Wl,-z,now -Wl,--disable-new-dtags -Wl,--gc-sections -Wl,--allow-shlib-undefined -Wl,-rpath,/home/irman/micromamba/envs/ros2_env/lib -Wl,-rpath-link,/home/irman/micromamba/envs/ros2_env/lib -L/home/irman/micromamba/envs/ros2_env/lib'), ('PAGER', 'less'), ('FC', '/home/irman/micromamba/envs/ros2_env/bin/x86_64-conda-linux-gnu-gfortran'), ('STRINGS', '/home/irman/micromamba/envs/ros2_env/bin/x86_64-conda-linux-gnu-strings'), ('CPL_ZIP_ENCODING', 'UTF-8'), ('MANAGERPID', '2813'), ('SYSTEMD_EXEC_PID', '3299'), ('GSM_SKIP_SSH_AGENT_WORKAROUND', 'true'), ('DBUS_SESSION_BUS_ADDRESS', 'unix:path=/run/user/1000/bus'), ('CPP', '/home/irman/micromamba/envs/ros2_env/bin/x86_64-conda-linux-gnu-cpp'), ('GIO_LAUNCHED_DESKTOP_FILE_PID', '4201'), ('F77', '/home/irman/micromamba/envs/ros2_env/bin/x86_64-conda-linux-gnu-gfortran'), ('F95', '/home/irman/micromamba/envs/ros2_env/bin/x86_64-conda-linux-gnu-f95'), ('VSCODE_CRASH_REPORTER_PROCESS_TYPE', 'extensionHost'), ('DEBUGINFOD_URLS', 'https://debuginfod.ubuntu.com'), ('ELFEDIT', '/home/irman/micromamba/envs/ros2_env/bin/x86_64-conda-linux-gnu-elfedit'), ('STRIP', '/home/irman/micromamba/envs/ros2_env/bin/x86_64-conda-linux-gnu-strip'), ('ROS_DISTRO', 'humble'), ('LOGNAME', 'irman'), ('GCC', '/home/irman/micromamba/envs/ros2_env/bin/x86_64-conda-linux-gnu-gcc'), ('JOURNAL_STREAM', '9:16057'), ('_', '/home/irman/micromamba/envs/ros2_env/bin/colcon'), ('ROS_VERSION', '2'), ('MEMORY_PRESSURE_WATCH', '/sys/fs/cgroup/user.slice/user-1000.slice/user@1000.service/session.slice/org.gnome.Shell@x11.service/memory.pressure'), ('READELF', '/home/irman/micromamba/envs/ros2_env/bin/x86_64-conda-linux-gnu-readelf'), ('XDG_SESSION_CLASS', 'user'), ('AR', '/home/irman/micromamba/envs/ros2_env/bin/x86_64-conda-linux-gnu-ar'), ('USERNAME', 'irman'), ('GXX', '/home/irman/micromamba/envs/ros2_env/bin/x86_64-conda-linux-gnu-g++'), ('FC_FOR_BUILD', '/home/irman/micromamba/envs/ros2_env/bin/x86_64-conda-linux-gnu-gfortran'), ('AS', '/home/irman/micromamba/envs/ros2_env/bin/x86_64-conda-linux-gnu-as'), ('GAZEBO_MODEL_PATH', '/home/irman/micromamba/envs/ros2_env/share/gazebo-11/models:'), ('GNOME_DESKTOP_SESSION_ID', 'this-is-deprecated'), ('ROS_LOCALHOST_ONLY', '0'), ('CXXFILT', '/home/irman/micromamba/envs/ros2_env/bin/x86_64-conda-linux-gnu-c++filt'), ('ROS_OS_OVERRIDE', 'conda:linux'), ('WINDOWPATH', '2'), ('ANTIGRAVITY_EDITOR_APP_ROOT', '/usr/share/antigravity/resources/app'), ('BUILD', 'x86_64-conda-linux-gnu'), ('OGRE_RESOURCE_PATH', '/home/irman/micromamba/envs/ros2_env/lib/OGRE'), ('PATH', '/home/irman/micromamba/envs/ros2_env/share/rubygems/bin:/home/irman/micromamba/envs/ros2_env/bin:/home/irman/.npm-global/bin:/home/irman/micromamba/condabin:/home/irman/.local/bin:/usr/local/sbin:/usr/local/bin:/usr/sbin:/usr/bin:/sbin:/bin:/usr/games:/usr/local/games:/snap/bin'), ('SESSION_MANAGER', 'local/irman:@/tmp/.ICE-unix/3255,unix/irman:/tmp/.ICE-unix/3255'), ('INVOCATION_ID', 'cf68c27b3909444099e6fd1ca5b90251'), ('PROJ_NETWORK', 'ON'), ('XDG_MENU_PREFIX', 'gnome-'), ('build_alias', 'x86_64-conda-linux-gnu'), ('PROJ_DATA', '/home/irman/micromamba/envs/ros2_env/share/proj'), ('XDG_RUNTIME_DIR', '/run/user/1000'), ('GDK_BACKEND', 'x11'), ('CFLAGS', '-march=nocona -mtune=haswell -ftree-vectorize -fPIC -fstack-protector-strong -fno-plt -O2 -ffunction-sections -pipe -isystem /home/irman/micromamba/envs/ros2_env/include'), ('MAMBA_ROOT_PREFIX', '/home/irman/micromamba'), ('GCC_AR', '/home/irman/micromamba/envs/ros2_env/bin/x86_64-conda-linux-gnu-gcc-ar'), ('DISPLAY', ':1'), ('LANG', 'en_US.UTF-8'), ('DEBUG_CFLAGS', '-march=nocona -mtune=haswell -ftree-vectorize -fPIC -fstack-protector-all -fno-plt -Og -g -Wall -Wextra -fvar-tracking-assignments -ffunction-sections -pipe -isystem /home/irman/micromamba/envs/ros2_env/include'), ('XDG_CURRENT_DESKTOP', 'Unity'), ('XMODIFIERS', '@im=ibus'), ('XDG_SESSION_DESKTOP', 'ubuntu'), ('XAUTHORITY', '/run/user/1000/gdm/Xauthority'), ('MESON_ARGS', '-Dbuildtype=release'), ('SBX_CHROME_API_RQ', '1'), ('SSH_AUTH_SOCK', '/run/user/1000/keyring/ssh'), ('XML_CATALOG_FILES', 'file:///home/irman/micromamba/envs/ros2_env/etc/xml/catalog file:///etc/xml/catalog'), ('GSETTINGS_SCHEMA_DIR', '/home/irman/micromamba/envs/ros2_env/share/glib-2.0/schemas'), ('AMENT_PREFIX_PATH', '/home/irman/ROS2_Humanoid_VLA/install/ros2_control_test_assets:/home/irman/micromamba/envs/ros2_env'), ('CPPFLAGS', '-DNDEBUG -D_FORTIFY_SOURCE=2 -O2 -isystem /home/irman/micromamba/envs/ros2_env/include'), ('ORIGINAL_XDG_CURRENT_DESKTOP', 'ubuntu:GNOME'), ('SHELL', '/usr/bin/zsh'), ('DEBUG_FFLAGS', '-march=nocona -mtune=haswell -ftree-vectorize -fPIC -fstack-protector-strong -fno-plt -O2 -ffunction-sections -pipe -isystem /home/irman/micromamba/envs/ros2_env/include -I/home/irman/micromamba/envs/ros2_env/include -march=nocona -mtune=haswell -ftree-vectorize -fPIC -fstack-protector-all -fno-plt -Og -g -Wall -Wextra -fcheck=all -fbacktrace -fimplicit-none -fvar-tracking-assignments -ffunction-sections -pipe'), ('CMAKE_ARGS', '-DCMAKE_AR=/home/irman/micromamba/envs/ros2_env/bin/x86_64-conda-linux-gnu-ar -DCMAKE_CXX_COMPILER_AR=/home/irman/micromamba/envs/ros2_env/bin/x86_64-conda-linux-gnu-gcc-ar -DCMAKE_C_COMPILER_AR=/home/irman/micromamba/envs/ros2_env/bin/x86_64-conda-linux-gnu-gcc-ar -DCMAKE_RANLIB=/home/irman/micromamba/envs/ros2_env/bin/x86_64-conda-linux-gnu-ranlib -DCMAKE_CXX_COMPILER_RANLIB=/home/irman/micromamba/envs/ros2_env/bin/x86_64-conda-linux-gnu-gcc-ranlib -DCMAKE_C_COMPILER_RANLIB=/home/irman/micromamba/envs/ros2_env/bin/x86_64-conda-linux-gnu-gcc-ranlib -DCMAKE_LINKER=/home/irman/micromamba/envs/ros2_env/bin/x86_64-conda-linux-gnu-ld -DCMAKE_STRIP=/home/irman/micromamba/envs/ros2_env/bin/x86_64-conda-linux-gnu-strip -DCMAKE_BUILD_TYPE=Release'), ('HOST', 'x86_64-conda-linux-gnu'), ('GDAL_DRIVER_PATH', '/home/irman/micromamba/envs/ros2_env/lib/gdalplugins'), ('QT_ACCESSIBILITY', '1'), ('ELECTRON_RUN_AS_NODE', '1'), ('CXX', '/home/irman/micromamba/envs/ros2_env/bin/x86_64-conda-linux-gnu-c++'), ('DEBUG_CPPFLAGS', '-D_DEBUG -D_FORTIFY_SOURCE=2 -Og -isystem /home/irman/micromamba/envs/ros2_env/include'), ('GDMSESSION', 'ubuntu'), ('GEM_HOME', '/home/irman/micromamba/envs/ros2_env/share/rubygems/'), ('DEBUG_FORTRANFLAGS', '-march=nocona -mtune=haswell -ftree-vectorize -fPIC -fstack-protector-strong -fno-plt -O2 -ffunction-sections -pipe -isystem /home/irman/micromamba/envs/ros2_env/include -I/home/irman/micromamba/envs/ros2_env/include -march=nocona -mtune=haswell -ftree-vectorize -fPIC -fstack-protector-all -fno-plt -Og -g -Wall -Wextra -fcheck=all -fbacktrace -fimplicit-none -fvar-tracking-assignments -ffunction-sections -pipe'), ('CONDA_DEFAULT_ENV', 'ros2_env'), ('GPG_AGENT_INFO', '/run/user/1000/gnupg/S.gpg-agent:0:1'), ('GAZEBO_RESOURCE_PATH', '/home/irman/micromamba/envs/ros2_env/share/gazebo-11:'), ('GJS_DEBUG_OUTPUT', 'stderr'), ('ADDR2LINE', '/home/irman/micromamba/envs/ros2_env/bin/x86_64-conda-linux-gnu-addr2line'), ('MAMBA_EXE', '/home/irman/.local/bin/micromamba'), ('GCC_NM', '/home/irman/micromamba/envs/ros2_env/bin/x86_64-conda-linux-gnu-gcc-nm'), ('GFORTRAN', '/home/irman/micromamba/envs/ros2_env/bin/x86_64-conda-linux-gnu-gfortran'), ('CONDA_BUILD_SYSROOT', '/home/irman/micromamba/envs/ros2_env/x86_64-conda-linux-gnu/sysroot'), ('GAZEBO_MODEL_DATABASE_URI', 'http://models.gazebosim.org'), ('QT_IM_MODULE', 'ibus'), ('PWD', '/home/irman/ROS2_Humanoid_VLA/build/hardware_interface_testing'), ('XDG_CONFIG_DIRS', '/etc/xdg/xdg-ubuntu:/etc/xdg'), ('FFLAGS', '-march=nocona -mtune=haswell -ftree-vectorize -fPIC -fstack-protector-strong -fno-plt -O2 -ffunction-sections -pipe -isystem /home/irman/micromamba/envs/ros2_env/include -I/home/irman/micromamba/envs/ros2_env/include'), ('VSCODE_CODE_CACHE_PATH', '/home/irman/.config/Antigravity/CachedData/afdb915a7890576374cec17dccf6d91249170a86'), ('GAZEBO_PLUGIN_PATH', '/home/irman/micromamba/envs/ros2_env/lib/gazebo-11/plugins:'), ('LD', '/home/irman/micromamba/envs/ros2_env/bin/x86_64-conda-linux-gnu-ld'), ('XDG_DATA_DIRS', '/usr/share/ubuntu:/usr/share/gnome:/usr/local/share/:/usr/share/:/var/lib/snapd/desktop'), ('PYTHONPATH', '/home/irman/micromamba/envs/ros2_env/lib/python311/site-packages:/home/irman/micromamba/envs/ros2_env/lib/python3.11/site-packages'), ('GPROF', '/home/irman/micromamba/envs/ros2_env/bin/x86_64-conda-linux-gnu-gprof'), ('CONDA_PREFIX', '/home/irman/micromamba/envs/ros2_env'), ('GSETTINGS_SCHEMA_DIR_CONDA_BACKUP', ''), ('CONDA_TOOLCHAIN_HOST', 'x86_64-conda-linux-gnu'), ('host_alias', 'x86_64-conda-linux-gnu'), ('FORTRANFLAGS', '-march=nocona -mtune=haswell -ftree-vectorize -fPIC -fstack-protector-strong -fno-plt -O2 -ffunction-sections -pipe -isystem /home/irman/micromamba/envs/ros2_env/include -I/home/irman/micromamba/envs/ros2_env/include'), ('CC', '/home/irman/micromamba/envs/ros2_env/bin/x86_64-conda-linux-gnu-cc'), ('RANLIB', '/home/irman/micromamba/envs/ros2_env/bin/x86_64-conda-linux-gnu-ranlib'), ('MKL_INTERFACE_LAYER', 'LP64,GNU'), ('COLCON', '1'), ('MEMORY_PRESSURE_WRITE', 'c29tZSAyMDAwMDAgMjAwMDAwMAA='), ('CXX_FOR_BUILD', '/home/irman/micromamba/envs/ros2_env/bin/x86_64-conda-linux-gnu-c++'), ('CMAKE_PREFIX_PATH', '/home/irman/ROS2_Humanoid_VLA/install/ros2_control_test_assets:/home/irman/micromamba/envs/ros2_env:/home/irman/micromamba/envs/ros2_env/x86_64-conda-linux-gnu/sysroot/usr'), ('VSCODE_PID', '4201'), ('NM', '/home/irman/micromamba/envs/ros2_env/bin/x86_64-conda-linux-gnu-nm'), ('GDAL_DATA', '/home/irman/micromamba/envs/ros2_env/share/gdal'), ('OBJDUMP', '/home/irman/micromamba/envs/ros2_env/bin/x86_64-conda-linux-gnu-objdump')]), 'shell': False}
[2.670115] (hardware_interface_testing) StdoutLine: {'line': b'[ 35%] Building CXX object CMakeFiles/test_components.dir/test/test_components/test_sensor.cpp.o\n'}
[2.670260] (hardware_interface_testing) StdoutLine: {'line': b'[ 35%] Building CXX object gmock/CMakeFiles/gmock.dir/home/irman/micromamba/envs/ros2_env/src/gtest_vendor/src/gtest-all.cc.o\n'}
[2.670311] (hardware_interface_testing) StdoutLine: {'line': b'[ 35%] Building CXX object CMakeFiles/test_components.dir/test/test_components/test_system.cpp.o\n'}
[2.670363] (hardware_interface_testing) StdoutLine: {'line': b'[ 35%] Building CXX object gmock/CMakeFiles/gmock.dir/src/gmock-all.cc.o\n'}
[2.670478] (hardware_interface_testing) StdoutLine: {'line': b'[ 35%] Building CXX object gmock/CMakeFiles/gmock_main.dir/src/gmock_main.cc.o\n'}
[2.670519] (hardware_interface_testing) StdoutLine: {'line': b'[ 42%] Building CXX object CMakeFiles/test_components.dir/test/test_components/test_actuator.cpp.o\n'}
[2.671235] (hardware_interface_testing) StdoutLine: {'line': b'[ 50%] Building CXX object CMakeFiles/test_components.dir/test/test_components/test_actuator_exclusive_interfaces.cpp.o\n'}
[2.703746] (-) TimerEvent: {}
[2.804188] (-) TimerEvent: {}
[2.904505] (-) TimerEvent: {}
[3.004722] (-) TimerEvent: {}
[3.105067] (-) TimerEvent: {}
[3.205528] (-) TimerEvent: {}
[3.305912] (-) TimerEvent: {}
[3.406170] (-) TimerEvent: {}
[3.506478] (-) TimerEvent: {}
[3.606923] (-) TimerEvent: {}
[3.707293] (-) TimerEvent: {}
[3.807517] (-) TimerEvent: {}
[3.906743] (hardware_interface_testing) StdoutLine: {'line': b'[ 57%] Linking CXX static library libgmock_main.a\n'}
[3.907602] (-) TimerEvent: {}
[3.949787] (hardware_interface_testing) StdoutLine: {'line': b'[ 57%] Built target gmock_main\n'}
[4.007728] (-) TimerEvent: {}
[4.107966] (-) TimerEvent: {}
[4.208279] (-) TimerEvent: {}
[4.308615] (-) TimerEvent: {}
[4.408972] (-) TimerEvent: {}
[4.509192] (-) TimerEvent: {}
[4.609481] (-) TimerEvent: {}
[4.709831] (-) TimerEvent: {}
[4.810058] (-) TimerEvent: {}
[4.910255] (-) TimerEvent: {}
[5.010797] (-) TimerEvent: {}
[5.111114] (-) TimerEvent: {}
[5.211303] (-) TimerEvent: {}
[5.311534] (-) TimerEvent: {}
[5.411849] (-) TimerEvent: {}
[5.512195] (-) TimerEvent: {}
[5.612400] (-) TimerEvent: {}
[5.712690] (-) TimerEvent: {}
[5.813269] (-) TimerEvent: {}
[5.913640] (-) TimerEvent: {}
[6.013875] (-) TimerEvent: {}
[6.114205] (-) TimerEvent: {}
[6.214626] (-) TimerEvent: {}
[6.314864] (-) TimerEvent: {}
[6.415076] (-) TimerEvent: {}
[6.515384] (-) TimerEvent: {}
[6.615697] (-) TimerEvent: {}
[6.715880] (-) TimerEvent: {}
[6.816088] (-) TimerEvent: {}
[6.916451] (-) TimerEvent: {}
[7.016707] (-) TimerEvent: {}
[7.116942] (-) TimerEvent: {}
[7.206769] (hardware_interface_testing) StdoutLine: {'line': b'[ 64%] Linking CXX shared library libtest_components.so\n'}
[7.217033] (-) TimerEvent: {}
[7.317359] (-) TimerEvent: {}
[7.379554] (hardware_interface_testing) StdoutLine: {'line': b'[ 64%] Built target test_components\n'}
[7.417449] (-) TimerEvent: {}
[7.517637] (-) TimerEvent: {}
[7.617954] (-) TimerEvent: {}
[7.718388] (-) TimerEvent: {}
[7.818581] (-) TimerEvent: {}
[7.918775] (-) TimerEvent: {}
[8.019030] (-) TimerEvent: {}
[8.119411] (-) TimerEvent: {}
[8.219612] (-) TimerEvent: {}
[8.319807] (-) TimerEvent: {}
[8.420051] (-) TimerEvent: {}
[8.520320] (-) TimerEvent: {}
[8.620493] (-) TimerEvent: {}
[8.720777] (-) TimerEvent: {}
[8.821169] (-) TimerEvent: {}
[8.921391] (-) TimerEvent: {}
[9.021607] (-) TimerEvent: {}
[9.121915] (-) TimerEvent: {}
[9.222321] (-) TimerEvent: {}
[9.322656] (-) TimerEvent: {}
[9.422861] (-) TimerEvent: {}
[9.523173] (-) TimerEvent: {}
[9.623499] (-) TimerEvent: {}
[9.723725] (-) TimerEvent: {}
[9.823944] (-) TimerEvent: {}
[9.865277] (hardware_interface_testing) StdoutLine: {'line': b'[ 71%] Linking CXX static library libgmock.a\n'}
[9.911333] (hardware_interface_testing) StdoutLine: {'line': b'[ 71%] Built target gmock\n'}
[9.924139] (-) TimerEvent: {}
[9.927805] (hardware_interface_testing) StdoutLine: {'line': b'[ 85%] Building CXX object CMakeFiles/test_resource_manager.dir/test/test_resource_manager.cpp.o\n'}
[9.928014] (hardware_interface_testing) StdoutLine: {'line': b'[ 85%] Building CXX object CMakeFiles/test_resource_manager_prepare_perform_switch.dir/test/test_resource_manager_prepare_perform_switch.cpp.o\n'}
[10.024269] (-) TimerEvent: {}
[10.124470] (-) TimerEvent: {}
[10.224736] (-) TimerEvent: {}
[10.324981] (-) TimerEvent: {}
[10.425201] (-) TimerEvent: {}
[10.525461] (-) TimerEvent: {}
[10.625765] (-) TimerEvent: {}
[10.726134] (-) TimerEvent: {}
[10.826355] (-) TimerEvent: {}
[10.926568] (-) TimerEvent: {}
[11.026889] (-) TimerEvent: {}
[11.127187] (-) TimerEvent: {}
[11.227383] (-) TimerEvent: {}
[11.327583] (-) TimerEvent: {}
[11.427882] (-) TimerEvent: {}
[11.528164] (-) TimerEvent: {}
[11.628373] (-) TimerEvent: {}
[11.728698] (-) TimerEvent: {}
[11.829082] (-) TimerEvent: {}
[11.929356] (-) TimerEvent: {}
[12.029578] (-) TimerEvent: {}
[12.129784] (-) TimerEvent: {}
[12.230026] (-) TimerEvent: {}
[12.330307] (-) TimerEvent: {}
[12.430636] (-) TimerEvent: {}
[12.531056] (-) TimerEvent: {}
[12.631400] (-) TimerEvent: {}
[12.731643] (-) TimerEvent: {}
[12.831884] (-) TimerEvent: {}
[12.932263] (-) TimerEvent: {}
[13.032606] (-) TimerEvent: {}
[13.132789] (-) TimerEvent: {}
[13.233006] (-) TimerEvent: {}
[13.333384] (-) TimerEvent: {}
[13.433574] (-) TimerEvent: {}
[13.533782] (-) TimerEvent: {}
[13.634052] (-) TimerEvent: {}
[13.641546] (hardware_interface_testing) StdoutLine: {'line': b'[ 92%] Linking CXX executable test_resource_manager_prepare_perform_switch\n'}
[13.734252] (-) TimerEvent: {}
[13.834669] (-) TimerEvent: {}
[13.845102] (hardware_interface_testing) StdoutLine: {'line': b'[ 92%] Built target test_resource_manager_prepare_perform_switch\n'}
[13.935372] (-) TimerEvent: {}
[14.035697] (-) TimerEvent: {}
[14.135958] (-) TimerEvent: {}
[14.236190] (-) TimerEvent: {}
[14.336372] (-) TimerEvent: {}
[14.436663] (-) TimerEvent: {}
[14.536903] (-) TimerEvent: {}
[14.637113] (-) TimerEvent: {}
[14.737351] (-) TimerEvent: {}
[14.837596] (-) TimerEvent: {}
[14.937787] (-) TimerEvent: {}
[15.038018] (-) TimerEvent: {}
[15.138248] (-) TimerEvent: {}
[15.238556] (-) TimerEvent: {}
[15.338751] (-) TimerEvent: {}
[15.438991] (-) TimerEvent: {}
[15.539282] (-) TimerEvent: {}
[15.639493] (-) TimerEvent: {}
[15.739692] (-) TimerEvent: {}
[15.840428] (-) TimerEvent: {}
[15.940743] (-) TimerEvent: {}
[16.041090] (-) TimerEvent: {}
[16.141267] (-) TimerEvent: {}
[16.241524] (-) TimerEvent: {}
[16.342008] (-) TimerEvent: {}
[16.442431] (-) TimerEvent: {}
[16.542649] (-) TimerEvent: {}
[16.643047] (-) TimerEvent: {}
[16.743537] (-) TimerEvent: {}
[16.843759] (-) TimerEvent: {}
[16.944096] (-) TimerEvent: {}
[17.044528] (-) TimerEvent: {}
[17.144852] (-) TimerEvent: {}
[17.245303] (-) TimerEvent: {}
[17.345701] (-) TimerEvent: {}
[17.447089] (-) TimerEvent: {}
[17.547719] (-) TimerEvent: {}
[17.647950] (-) TimerEvent: {}
[17.748283] (-) TimerEvent: {}
[17.848671] (-) TimerEvent: {}
[17.948877] (-) TimerEvent: {}
[18.049282] (-) TimerEvent: {}
[18.149550] (-) TimerEvent: {}
[18.249761] (-) TimerEvent: {}
[18.349967] (-) TimerEvent: {}
[18.450253] (-) TimerEvent: {}
[18.550583] (-) TimerEvent: {}
[18.650800] (-) TimerEvent: {}
[18.750956] (-) TimerEvent: {}
[18.851237] (-) TimerEvent: {}
[18.951533] (-) TimerEvent: {}
[19.051720] (-) TimerEvent: {}
[19.151918] (-) TimerEvent: {}
[19.161640] (hardware_interface_testing) StdoutLine: {'line': b'[100%] Linking CXX executable test_resource_manager\n'}
[19.252259] (-) TimerEvent: {}
[19.352685] (-) TimerEvent: {}
[19.437671] (hardware_interface_testing) StdoutLine: {'line': b'[100%] Built target test_resource_manager\n'}
[19.452345] (hardware_interface_testing) CommandEnded: {'returncode': 0}
[19.453278] (-) TimerEvent: {}
[19.453721] (hardware_interface_testing) JobProgress: {'identifier': 'hardware_interface_testing', 'progress': 'install'}
[19.464435] (hardware_interface_testing) Command: {'cmd': ['/home/irman/micromamba/envs/ros2_env/bin/cmake', '--install', '/home/irman/ROS2_Humanoid_VLA/build/hardware_interface_testing'], 'cwd': '/home/irman/ROS2_Humanoid_VLA/build/hardware_interface_testing', 'env': OrderedDict([('GJS_DEBUG_TOPICS', 'JS ERROR;JS LOG'), ('VSCODE_CWD', '/home/irman'), ('VSCODE_ESM_ENTRYPOINT', 'vs/workbench/api/node/extensionHostProcess'), ('CONDA_PROMPT_MODIFIER', '(ros2_env)'), ('USER', 'irman'), ('VSCODE_NLS_CONFIG', '{"userLocale":"en-us","osLocale":"en-us","resolvedLanguage":"en","defaultMessagesFile":"/usr/share/antigravity/resources/app/out/nls.messages.json","locale":"en-us","availableLanguages":{}}'), ('CONDA_MKL_INTERFACE_LAYER_BACKUP', ''), ('CXXFLAGS', '-fvisibility-inlines-hidden -fmessage-length=0 -march=nocona -mtune=haswell -ftree-vectorize -fPIC -fstack-protector-strong -fno-plt -O2 -ffunction-sections -pipe -isystem /home/irman/micromamba/envs/ros2_env/include'), ('VSCODE_HANDLES_UNCAUGHT_ERRORS', 'true'), ('GCC_RANLIB', '/home/irman/micromamba/envs/ros2_env/bin/x86_64-conda-linux-gnu-gcc-ranlib'), ('XDG_SESSION_TYPE', 'x11'), ('OBJCOPY', '/home/irman/micromamba/envs/ros2_env/bin/x86_64-conda-linux-gnu-objcopy'), ('DEBUG_CXXFLAGS', '-fvisibility-inlines-hidden -fmessage-length=0 -march=nocona -mtune=haswell -ftree-vectorize -fPIC -fstack-protector-all -fno-plt -Og -g -Wall -Wextra -fvar-tracking-assignments -ffunction-sections -pipe -isystem /home/irman/micromamba/envs/ros2_env/include'), ('ROS_ETC_DIR', '/home/irman/micromamba/envs/ros2_env/etc/ros'), ('SIZE', '/home/irman/micromamba/envs/ros2_env/bin/x86_64-conda-linux-gnu-size'), ('CLUTTER_DISABLE_MIPMAPPED_TEXT', '1'), ('SHLVL', '0'), ('LD_LIBRARY_PATH', '/home/irman/micromamba/envs/ros2_env/opt/rviz_ogre_vendor/lib::/home/irman/micromamba/envs/ros2_env/lib/gazebo-11/plugins:'), ('LESS', '-R'), ('HOME', '/home/irman'), ('CHROME_DESKTOP', 'antigravity.desktop'), ('CC_FOR_BUILD', '/home/irman/micromamba/envs/ros2_env/bin/x86_64-conda-linux-gnu-cc'), ('CONDA_SHLVL', '1'), ('OLDPWD', '/home/irman/ROS2_Humanoid_VLA'), ('DESKTOP_SESSION', 'ubuntu'), ('NO_PROXY', '*.azureedge.net'), ('LSCOLORS', 'Gxfxcxdxbxegedabagacad'), ('CONDA_TOOLCHAIN_BUILD', 'x86_64-conda-linux-gnu'), ('VSCODE_IPC_HOOK', '/run/user/1000/vscode-ef3884ed-1.10-main.sock'), ('ZSH', '/home/irman/.oh-my-zsh'), ('F90', '/home/irman/micromamba/envs/ros2_env/bin/x86_64-conda-linux-gnu-gfortran'), ('GIO_LAUNCHED_DESKTOP_FILE', '/usr/share/applications/antigravity.desktop'), ('GAZEBO_MASTER_URI', 'http://localhost:11345'), ('ROS_PYTHON_VERSION', '3'), ('GNOME_SHELL_SESSION_MODE', 'ubuntu'), ('GTK_MODULES', 'gail:atk-bridge'), ('LDFLAGS', '-Wl,-O2 -Wl,--sort-common -Wl,--as-needed -Wl,-z,relro -Wl,-z,now -Wl,--disable-new-dtags -Wl,--gc-sections -Wl,--allow-shlib-undefined -Wl,-rpath,/home/irman/micromamba/envs/ros2_env/lib -Wl,-rpath-link,/home/irman/micromamba/envs/ros2_env/lib -L/home/irman/micromamba/envs/ros2_env/lib'), ('PAGER', 'less'), ('FC', '/home/irman/micromamba/envs/ros2_env/bin/x86_64-conda-linux-gnu-gfortran'), ('STRINGS', '/home/irman/micromamba/envs/ros2_env/bin/x86_64-conda-linux-gnu-strings'), ('CPL_ZIP_ENCODING', 'UTF-8'), ('MANAGERPID', '2813'), ('SYSTEMD_EXEC_PID', '3299'), ('GSM_SKIP_SSH_AGENT_WORKAROUND', 'true'), ('DBUS_SESSION_BUS_ADDRESS', 'unix:path=/run/user/1000/bus'), ('CPP', '/home/irman/micromamba/envs/ros2_env/bin/x86_64-conda-linux-gnu-cpp'), ('GIO_LAUNCHED_DESKTOP_FILE_PID', '4201'), ('F77', '/home/irman/micromamba/envs/ros2_env/bin/x86_64-conda-linux-gnu-gfortran'), ('F95', '/home/irman/micromamba/envs/ros2_env/bin/x86_64-conda-linux-gnu-f95'), ('VSCODE_CRASH_REPORTER_PROCESS_TYPE', 'extensionHost'), ('DEBUGINFOD_URLS', 'https://debuginfod.ubuntu.com'), ('ELFEDIT', '/home/irman/micromamba/envs/ros2_env/bin/x86_64-conda-linux-gnu-elfedit'), ('STRIP', '/home/irman/micromamba/envs/ros2_env/bin/x86_64-conda-linux-gnu-strip'), ('ROS_DISTRO', 'humble'), ('LOGNAME', 'irman'), ('GCC', '/home/irman/micromamba/envs/ros2_env/bin/x86_64-conda-linux-gnu-gcc'), ('JOURNAL_STREAM', '9:16057'), ('_', '/home/irman/micromamba/envs/ros2_env/bin/colcon'), ('ROS_VERSION', '2'), ('MEMORY_PRESSURE_WATCH', '/sys/fs/cgroup/user.slice/user-1000.slice/user@1000.service/session.slice/org.gnome.Shell@x11.service/memory.pressure'), ('READELF', '/home/irman/micromamba/envs/ros2_env/bin/x86_64-conda-linux-gnu-readelf'), ('XDG_SESSION_CLASS', 'user'), ('AR', '/home/irman/micromamba/envs/ros2_env/bin/x86_64-conda-linux-gnu-ar'), ('USERNAME', 'irman'), ('GXX', '/home/irman/micromamba/envs/ros2_env/bin/x86_64-conda-linux-gnu-g++'), ('FC_FOR_BUILD', '/home/irman/micromamba/envs/ros2_env/bin/x86_64-conda-linux-gnu-gfortran'), ('AS', '/home/irman/micromamba/envs/ros2_env/bin/x86_64-conda-linux-gnu-as'), ('GAZEBO_MODEL_PATH', '/home/irman/micromamba/envs/ros2_env/share/gazebo-11/models:'), ('GNOME_DESKTOP_SESSION_ID', 'this-is-deprecated'), ('ROS_LOCALHOST_ONLY', '0'), ('CXXFILT', '/home/irman/micromamba/envs/ros2_env/bin/x86_64-conda-linux-gnu-c++filt'), ('ROS_OS_OVERRIDE', 'conda:linux'), ('WINDOWPATH', '2'), ('ANTIGRAVITY_EDITOR_APP_ROOT', '/usr/share/antigravity/resources/app'), ('BUILD', 'x86_64-conda-linux-gnu'), ('OGRE_RESOURCE_PATH', '/home/irman/micromamba/envs/ros2_env/lib/OGRE'), ('PATH', '/home/irman/micromamba/envs/ros2_env/share/rubygems/bin:/home/irman/micromamba/envs/ros2_env/bin:/home/irman/.npm-global/bin:/home/irman/micromamba/condabin:/home/irman/.local/bin:/usr/local/sbin:/usr/local/bin:/usr/sbin:/usr/bin:/sbin:/bin:/usr/games:/usr/local/games:/snap/bin'), ('SESSION_MANAGER', 'local/irman:@/tmp/.ICE-unix/3255,unix/irman:/tmp/.ICE-unix/3255'), ('INVOCATION_ID', 'cf68c27b3909444099e6fd1ca5b90251'), ('PROJ_NETWORK', 'ON'), ('XDG_MENU_PREFIX', 'gnome-'), ('build_alias', 'x86_64-conda-linux-gnu'), ('PROJ_DATA', '/home/irman/micromamba/envs/ros2_env/share/proj'), ('XDG_RUNTIME_DIR', '/run/user/1000'), ('GDK_BACKEND', 'x11'), ('CFLAGS', '-march=nocona -mtune=haswell -ftree-vectorize -fPIC -fstack-protector-strong -fno-plt -O2 -ffunction-sections -pipe -isystem /home/irman/micromamba/envs/ros2_env/include'), ('MAMBA_ROOT_PREFIX', '/home/irman/micromamba'), ('GCC_AR', '/home/irman/micromamba/envs/ros2_env/bin/x86_64-conda-linux-gnu-gcc-ar'), ('DISPLAY', ':1'), ('LANG', 'en_US.UTF-8'), ('DEBUG_CFLAGS', '-march=nocona -mtune=haswell -ftree-vectorize -fPIC -fstack-protector-all -fno-plt -Og -g -Wall -Wextra -fvar-tracking-assignments -ffunction-sections -pipe -isystem /home/irman/micromamba/envs/ros2_env/include'), ('XDG_CURRENT_DESKTOP', 'Unity'), ('XMODIFIERS', '@im=ibus'), ('XDG_SESSION_DESKTOP', 'ubuntu'), ('XAUTHORITY', '/run/user/1000/gdm/Xauthority'), ('MESON_ARGS', '-Dbuildtype=release'), ('SBX_CHROME_API_RQ', '1'), ('SSH_AUTH_SOCK', '/run/user/1000/keyring/ssh'), ('XML_CATALOG_FILES', 'file:///home/irman/micromamba/envs/ros2_env/etc/xml/catalog file:///etc/xml/catalog'), ('GSETTINGS_SCHEMA_DIR', '/home/irman/micromamba/envs/ros2_env/share/glib-2.0/schemas'), ('AMENT_PREFIX_PATH', '/home/irman/ROS2_Humanoid_VLA/install/ros2_control_test_assets:/home/irman/micromamba/envs/ros2_env'), ('CPPFLAGS', '-DNDEBUG -D_FORTIFY_SOURCE=2 -O2 -isystem /home/irman/micromamba/envs/ros2_env/include'), ('ORIGINAL_XDG_CURRENT_DESKTOP', 'ubuntu:GNOME'), ('SHELL', '/usr/bin/zsh'), ('DEBUG_FFLAGS', '-march=nocona -mtune=haswell -ftree-vectorize -fPIC -fstack-protector-strong -fno-plt -O2 -ffunction-sections -pipe -isystem /home/irman/micromamba/envs/ros2_env/include -I/home/irman/micromamba/envs/ros2_env/include -march=nocona -mtune=haswell -ftree-vectorize -fPIC -fstack-protector-all -fno-plt -Og -g -Wall -Wextra -fcheck=all -fbacktrace -fimplicit-none -fvar-tracking-assignments -ffunction-sections -pipe'), ('CMAKE_ARGS', '-DCMAKE_AR=/home/irman/micromamba/envs/ros2_env/bin/x86_64-conda-linux-gnu-ar -DCMAKE_CXX_COMPILER_AR=/home/irman/micromamba/envs/ros2_env/bin/x86_64-conda-linux-gnu-gcc-ar -DCMAKE_C_COMPILER_AR=/home/irman/micromamba/envs/ros2_env/bin/x86_64-conda-linux-gnu-gcc-ar -DCMAKE_RANLIB=/home/irman/micromamba/envs/ros2_env/bin/x86_64-conda-linux-gnu-ranlib -DCMAKE_CXX_COMPILER_RANLIB=/home/irman/micromamba/envs/ros2_env/bin/x86_64-conda-linux-gnu-gcc-ranlib -DCMAKE_C_COMPILER_RANLIB=/home/irman/micromamba/envs/ros2_env/bin/x86_64-conda-linux-gnu-gcc-ranlib -DCMAKE_LINKER=/home/irman/micromamba/envs/ros2_env/bin/x86_64-conda-linux-gnu-ld -DCMAKE_STRIP=/home/irman/micromamba/envs/ros2_env/bin/x86_64-conda-linux-gnu-strip -DCMAKE_BUILD_TYPE=Release'), ('HOST', 'x86_64-conda-linux-gnu'), ('GDAL_DRIVER_PATH', '/home/irman/micromamba/envs/ros2_env/lib/gdalplugins'), ('QT_ACCESSIBILITY', '1'), ('ELECTRON_RUN_AS_NODE', '1'), ('CXX', '/home/irman/micromamba/envs/ros2_env/bin/x86_64-conda-linux-gnu-c++'), ('DEBUG_CPPFLAGS', '-D_DEBUG -D_FORTIFY_SOURCE=2 -Og -isystem /home/irman/micromamba/envs/ros2_env/include'), ('GDMSESSION', 'ubuntu'), ('GEM_HOME', '/home/irman/micromamba/envs/ros2_env/share/rubygems/'), ('DEBUG_FORTRANFLAGS', '-march=nocona -mtune=haswell -ftree-vectorize -fPIC -fstack-protector-strong -fno-plt -O2 -ffunction-sections -pipe -isystem /home/irman/micromamba/envs/ros2_env/include -I/home/irman/micromamba/envs/ros2_env/include -march=nocona -mtune=haswell -ftree-vectorize -fPIC -fstack-protector-all -fno-plt -Og -g -Wall -Wextra -fcheck=all -fbacktrace -fimplicit-none -fvar-tracking-assignments -ffunction-sections -pipe'), ('CONDA_DEFAULT_ENV', 'ros2_env'), ('GPG_AGENT_INFO', '/run/user/1000/gnupg/S.gpg-agent:0:1'), ('GAZEBO_RESOURCE_PATH', '/home/irman/micromamba/envs/ros2_env/share/gazebo-11:'), ('GJS_DEBUG_OUTPUT', 'stderr'), ('ADDR2LINE', '/home/irman/micromamba/envs/ros2_env/bin/x86_64-conda-linux-gnu-addr2line'), ('MAMBA_EXE', '/home/irman/.local/bin/micromamba'), ('GCC_NM', '/home/irman/micromamba/envs/ros2_env/bin/x86_64-conda-linux-gnu-gcc-nm'), ('GFORTRAN', '/home/irman/micromamba/envs/ros2_env/bin/x86_64-conda-linux-gnu-gfortran'), ('CONDA_BUILD_SYSROOT', '/home/irman/micromamba/envs/ros2_env/x86_64-conda-linux-gnu/sysroot'), ('GAZEBO_MODEL_DATABASE_URI', 'http://models.gazebosim.org'), ('QT_IM_MODULE', 'ibus'), ('PWD', '/home/irman/ROS2_Humanoid_VLA/build/hardware_interface_testing'), ('XDG_CONFIG_DIRS', '/etc/xdg/xdg-ubuntu:/etc/xdg'), ('FFLAGS', '-march=nocona -mtune=haswell -ftree-vectorize -fPIC -fstack-protector-strong -fno-plt -O2 -ffunction-sections -pipe -isystem /home/irman/micromamba/envs/ros2_env/include -I/home/irman/micromamba/envs/ros2_env/include'), ('VSCODE_CODE_CACHE_PATH', '/home/irman/.config/Antigravity/CachedData/afdb915a7890576374cec17dccf6d91249170a86'), ('GAZEBO_PLUGIN_PATH', '/home/irman/micromamba/envs/ros2_env/lib/gazebo-11/plugins:'), ('LD', '/home/irman/micromamba/envs/ros2_env/bin/x86_64-conda-linux-gnu-ld'), ('XDG_DATA_DIRS', '/usr/share/ubuntu:/usr/share/gnome:/usr/local/share/:/usr/share/:/var/lib/snapd/desktop'), ('PYTHONPATH', '/home/irman/micromamba/envs/ros2_env/lib/python311/site-packages:/home/irman/micromamba/envs/ros2_env/lib/python3.11/site-packages'), ('GPROF', '/home/irman/micromamba/envs/ros2_env/bin/x86_64-conda-linux-gnu-gprof'), ('CONDA_PREFIX', '/home/irman/micromamba/envs/ros2_env'), ('GSETTINGS_SCHEMA_DIR_CONDA_BACKUP', ''), ('CONDA_TOOLCHAIN_HOST', 'x86_64-conda-linux-gnu'), ('host_alias', 'x86_64-conda-linux-gnu'), ('FORTRANFLAGS', '-march=nocona -mtune=haswell -ftree-vectorize -fPIC -fstack-protector-strong -fno-plt -O2 -ffunction-sections -pipe -isystem /home/irman/micromamba/envs/ros2_env/include -I/home/irman/micromamba/envs/ros2_env/include'), ('CC', '/home/irman/micromamba/envs/ros2_env/bin/x86_64-conda-linux-gnu-cc'), ('RANLIB', '/home/irman/micromamba/envs/ros2_env/bin/x86_64-conda-linux-gnu-ranlib'), ('MKL_INTERFACE_LAYER', 'LP64,GNU'), ('COLCON', '1'), ('MEMORY_PRESSURE_WRITE', 'c29tZSAyMDAwMDAgMjAwMDAwMAA='), ('CXX_FOR_BUILD', '/home/irman/micromamba/envs/ros2_env/bin/x86_64-conda-linux-gnu-c++'), ('CMAKE_PREFIX_PATH', '/home/irman/ROS2_Humanoid_VLA/install/ros2_control_test_assets:/home/irman/micromamba/envs/ros2_env:/home/irman/micromamba/envs/ros2_env/x86_64-conda-linux-gnu/sysroot/usr'), ('VSCODE_PID', '4201'), ('NM', '/home/irman/micromamba/envs/ros2_env/bin/x86_64-conda-linux-gnu-nm'), ('GDAL_DATA', '/home/irman/micromamba/envs/ros2_env/share/gdal'), ('OBJDUMP', '/home/irman/micromamba/envs/ros2_env/bin/x86_64-conda-linux-gnu-objdump')]), 'shell': False}
[19.472399] (hardware_interface_testing) StdoutLine: {'line': b'-- Install configuration: ""\n'}
[19.472888] (hardware_interface_testing) StdoutLine: {'line': b'-- Execute custom install script\n'}
[19.473109] (hardware_interface_testing) StdoutLine: {'line': b'-- Symlinking: /home/irman/ROS2_Humanoid_VLA/install/hardware_interface_testing/lib/libtest_components.so\n'}
[19.482111] (hardware_interface_testing) StdoutLine: {'line': b'-- Symlinking: /home/irman/ROS2_Humanoid_VLA/install/hardware_interface_testing/share/hardware_interface_testing/test/test_components/test_components.xml\n'}
[19.490755] (hardware_interface_testing) StdoutLine: {'line': b'-- Symlinking: /home/irman/ROS2_Humanoid_VLA/install/hardware_interface_testing/share/ament_index/resource_index/package_run_dependencies/hardware_interface_testing\n'}
[19.498474] (hardware_interface_testing) StdoutLine: {'line': b'-- Symlinking: /home/irman/ROS2_Humanoid_VLA/install/hardware_interface_testing/share/ament_index/resource_index/parent_prefix_path/hardware_interface_testing\n'}
[19.505890] (hardware_interface_testing) StdoutLine: {'line': b'-- Symlinking: /home/irman/ROS2_Humanoid_VLA/install/hardware_interface_testing/share/hardware_interface_testing/environment/ament_prefix_path.sh\n'}
[19.515143] (hardware_interface_testing) StdoutLine: {'line': b'-- Symlinking: /home/irman/ROS2_Humanoid_VLA/install/hardware_interface_testing/share/hardware_interface_testing/environment/ament_prefix_path.dsv\n'}
[19.523869] (hardware_interface_testing) StdoutLine: {'line': b'-- Symlinking: /home/irman/ROS2_Humanoid_VLA/install/hardware_interface_testing/share/hardware_interface_testing/environment/path.sh\n'}
[19.532115] (hardware_interface_testing) StdoutLine: {'line': b'-- Symlinking: /home/irman/ROS2_Humanoid_VLA/install/hardware_interface_testing/share/hardware_interface_testing/environment/path.dsv\n'}
[19.541310] (hardware_interface_testing) StdoutLine: {'line': b'-- Symlinking: /home/irman/ROS2_Humanoid_VLA/install/hardware_interface_testing/share/hardware_interface_testing/local_setup.bash\n'}
[19.548842] (hardware_interface_testing) StdoutLine: {'line': b'-- Symlinking: /home/irman/ROS2_Humanoid_VLA/install/hardware_interface_testing/share/hardware_interface_testing/local_setup.sh\n'}
[19.553464] (-) TimerEvent: {}
[19.558612] (hardware_interface_testing) StdoutLine: {'line': b'-- Symlinking: /home/irman/ROS2_Humanoid_VLA/install/hardware_interface_testing/share/hardware_interface_testing/local_setup.zsh\n'}
[19.566562] (hardware_interface_testing) StdoutLine: {'line': b'-- Symlinking: /home/irman/ROS2_Humanoid_VLA/install/hardware_interface_testing/share/hardware_interface_testing/local_setup.dsv\n'}
[19.576484] (hardware_interface_testing) StdoutLine: {'line': b'-- Symlinking: /home/irman/ROS2_Humanoid_VLA/install/hardware_interface_testing/share/hardware_interface_testing/package.dsv\n'}
[19.585288] (hardware_interface_testing) StdoutLine: {'line': b'-- Symlinking: /home/irman/ROS2_Humanoid_VLA/install/hardware_interface_testing/share/ament_index/resource_index/packages/hardware_interface_testing\n'}
[19.595980] (hardware_interface_testing) StdoutLine: {'line': b'-- Symlinking: /home/irman/ROS2_Humanoid_VLA/install/hardware_interface_testing/share/ament_index/resource_index/hardware_interface__pluginlib__plugin/hardware_interface_testing\n'}
[19.608103] (hardware_interface_testing) StdoutLine: {'line': b'-- Symlinking: /home/irman/ROS2_Humanoid_VLA/install/hardware_interface_testing/share/hardware_interface_testing/cmake/ament_cmake_export_dependencies-extras.cmake\n'}
[19.617853] (hardware_interface_testing) StdoutLine: {'line': b'-- Symlinking: /home/irman/ROS2_Humanoid_VLA/install/hardware_interface_testing/share/hardware_interface_testing/cmake/hardware_interface_testingConfig.cmake\n'}
[19.628261] (hardware_interface_testing) StdoutLine: {'line': b'-- Symlinking: /home/irman/ROS2_Humanoid_VLA/install/hardware_interface_testing/share/hardware_interface_testing/cmake/hardware_interface_testingConfig-version.cmake\n'}
[19.639452] (hardware_interface_testing) StdoutLine: {'line': b'-- Symlinking: /home/irman/ROS2_Humanoid_VLA/install/hardware_interface_testing/share/hardware_interface_testing/package.xml\n'}
[19.650806] (hardware_interface_testing) CommandEnded: {'returncode': 0}
[19.653597] (-) TimerEvent: {}
[19.708832] (hardware_interface_testing) JobEnded: {'identifier': 'hardware_interface_testing', 'rc': 0}
[19.709404] (-) EventReactorShutdown: {}
