[0.189s] colcon DEBUG Command line arguments: ['/home/irman/micromamba/envs/ros2_env/bin/colcon', 'build', '--packages-select', 'g1_controller', '--symlink-install']
[0.189s] colcon DEBUG Parsed command line arguments: Namespace(log_base=None, log_level=None, verb_name='build', build_base='build', install_base='install', merge_install=False, symlink_install=True, test_result_base=None, continue_on_error=False, executor='parallel', parallel_workers=16, event_handlers=None, ignore_user_meta=False, metas=['./colcon.meta'], base_paths=['.'], packages_ignore=None, packages_ignore_regex=None, paths=None, packages_up_to=None, packages_up_to_regex=None, packages_above=None, packages_above_and_dependencies=None, packages_above_depth=None, packages_select_by_dep=None, packages_skip_by_dep=None, packages_skip_up_to=None, packages_select_build_failed=False, packages_skip_build_finished=False, packages_select_test_failures=False, packages_skip_test_passed=False, packages_select=['g1_controller'], packages_skip=None, packages_select_regex=None, packages_skip_regex=None, packages_start=None, packages_end=None, cmake_args=None, cmake_target=None, cmake_target_skip_unavailable=False, cmake_clean_cache=False, cmake_clean_first=False, cmake_force_configure=False, ament_cmake_args=None, catkin_cmake_args=None, catkin_skip_building_tests=False, verb_parser=<colcon_defaults.argument_parser.defaults.DefaultArgumentsDecorator object at 0x79cdcc89e290>, verb_extension=<colcon_core.verb.build.BuildVerb object at 0x79cdcb6ef810>, main=<bound method BuildVerb.main of <colcon_core.verb.build.BuildVerb object at 0x79cdcb6ef810>>)
[0.236s] colcon.colcon_core.package_discovery Level 1 discover_packages(colcon_meta) check parameters
[0.237s] colcon.colcon_core.package_discovery Level 1 discover_packages(recursive) check parameters
[0.237s] colcon.colcon_core.package_discovery Level 1 discover_packages(ignore) check parameters
[0.237s] colcon.colcon_core.package_discovery Level 1 discover_packages(path) check parameters
[0.237s] colcon.colcon_core.package_discovery Level 1 discover_packages(colcon_meta) discover
[0.237s] colcon.colcon_core.package_discovery Level 1 discover_packages(recursive) discover
[0.237s] colcon.colcon_core.package_discovery INFO Crawling recursively for packages in '/home/irman/ROS2_Humanoid_VLA'
[0.237s] colcon.colcon_core.package_identification Level 1 _identify(.) by extensions ['ignore', 'ignore_ament_install']
[0.237s] colcon.colcon_core.package_identification Level 1 _identify(.) by extension 'ignore'
[0.237s] colcon.colcon_core.package_identification Level 1 _identify(.) by extension 'ignore_ament_install'
[0.237s] colcon.colcon_core.package_identification Level 1 _identify(.) by extensions ['colcon_pkg']
[0.237s] colcon.colcon_core.package_identification Level 1 _identify(.) by extension 'colcon_pkg'
[0.237s] colcon.colcon_core.package_identification Level 1 _identify(.) by extensions ['colcon_meta']
[0.237s] colcon.colcon_core.package_identification Level 1 _identify(.) by extension 'colcon_meta'
[0.237s] colcon.colcon_core.package_identification Level 1 _identify(.) by extensions ['ros']
[0.238s] colcon.colcon_core.package_identification Level 1 _identify(.) by extension 'ros'
[0.270s] colcon.colcon_core.package_identification Level 1 _identify(.) by extensions ['cmake', 'python']
[0.270s] colcon.colcon_core.package_identification Level 1 _identify(.) by extension 'cmake'
[0.270s] colcon.colcon_core.package_identification Level 1 _identify(.) by extension 'python'
[0.270s] colcon.colcon_core.package_identification Level 1 _identify(.) by extensions ['python_setup_py']
[0.270s] colcon.colcon_core.package_identification Level 1 _identify(.) by extension 'python_setup_py'
[0.270s] colcon.colcon_core.package_identification Level 1 _identify(build) by extensions ['ignore', 'ignore_ament_install']
[0.270s] colcon.colcon_core.package_identification Level 1 _identify(build) by extension 'ignore'
[0.271s] colcon.colcon_core.package_identification Level 1 _identify(build) ignored
[0.271s] colcon.colcon_core.package_identification Level 1 _identify(g1_controller) by extensions ['ignore', 'ignore_ament_install']
[0.271s] colcon.colcon_core.package_identification Level 1 _identify(g1_controller) by extension 'ignore'
[0.271s] colcon.colcon_core.package_identification Level 1 _identify(g1_controller) by extension 'ignore_ament_install'
[0.271s] colcon.colcon_core.package_identification Level 1 _identify(g1_controller) by extensions ['colcon_pkg']
[0.271s] colcon.colcon_core.package_identification Level 1 _identify(g1_controller) by extension 'colcon_pkg'
[0.271s] colcon.colcon_core.package_identification Level 1 _identify(g1_controller) by extensions ['colcon_meta']
[0.271s] colcon.colcon_core.package_identification Level 1 _identify(g1_controller) by extension 'colcon_meta'
[0.271s] colcon.colcon_core.package_identification Level 1 _identify(g1_controller) by extensions ['ros']
[0.271s] colcon.colcon_core.package_identification Level 1 _identify(g1_controller) by extension 'ros'
[0.275s] colcon.colcon_core.package_identification DEBUG Package 'g1_controller' with type 'ros.ament_cmake' and name 'g1_controller'
[0.275s] colcon.colcon_core.package_identification Level 1 _identify(g1_gazebo_sim) by extensions ['ignore', 'ignore_ament_install']
[0.275s] colcon.colcon_core.package_identification Level 1 _identify(g1_gazebo_sim) by extension 'ignore'
[0.275s] colcon.colcon_core.package_identification Level 1 _identify(g1_gazebo_sim) by extension 'ignore_ament_install'
[0.275s] colcon.colcon_core.package_identification Level 1 _identify(g1_gazebo_sim) by extensions ['colcon_pkg']
[0.275s] colcon.colcon_core.package_identification Level 1 _identify(g1_gazebo_sim) by extension 'colcon_pkg'
[0.275s] colcon.colcon_core.package_identification Level 1 _identify(g1_gazebo_sim) by extensions ['colcon_meta']
[0.276s] colcon.colcon_core.package_identification Level 1 _identify(g1_gazebo_sim) by extension 'colcon_meta'
[0.276s] colcon.colcon_core.package_identification Level 1 _identify(g1_gazebo_sim) by extensions ['ros']
[0.276s] colcon.colcon_core.package_identification Level 1 _identify(g1_gazebo_sim) by extension 'ros'
[0.277s] colcon.colcon_core.package_identification DEBUG Package 'g1_gazebo_sim' with type 'ros.ament_cmake' and name 'g1_gazebo_sim'
[0.277s] colcon.colcon_core.package_identification Level 1 _identify(g1_package) by extensions ['ignore', 'ignore_ament_install']
[0.277s] colcon.colcon_core.package_identification Level 1 _identify(g1_package) by extension 'ignore'
[0.277s] colcon.colcon_core.package_identification Level 1 _identify(g1_package) by extension 'ignore_ament_install'
[0.277s] colcon.colcon_core.package_identification Level 1 _identify(g1_package) by extensions ['colcon_pkg']
[0.277s] colcon.colcon_core.package_identification Level 1 _identify(g1_package) by extension 'colcon_pkg'
[0.277s] colcon.colcon_core.package_identification Level 1 _identify(g1_package) by extensions ['colcon_meta']
[0.277s] colcon.colcon_core.package_identification Level 1 _identify(g1_package) by extension 'colcon_meta'
[0.277s] colcon.colcon_core.package_identification Level 1 _identify(g1_package) by extensions ['ros']
[0.277s] colcon.colcon_core.package_identification Level 1 _identify(g1_package) by extension 'ros'
[0.279s] colcon.colcon_core.package_identification DEBUG Package 'g1_package' with type 'ros.ament_cmake' and name 'g1_package'
[0.279s] colcon.colcon_core.package_identification Level 1 _identify(install) by extensions ['ignore', 'ignore_ament_install']
[0.279s] colcon.colcon_core.package_identification Level 1 _identify(install) by extension 'ignore'
[0.279s] colcon.colcon_core.package_identification Level 1 _identify(install) ignored
[0.279s] colcon.colcon_core.package_identification Level 1 _identify(log) by extensions ['ignore', 'ignore_ament_install']
[0.279s] colcon.colcon_core.package_identification Level 1 _identify(log) by extension 'ignore'
[0.279s] colcon.colcon_core.package_identification Level 1 _identify(log) ignored
[0.280s] colcon.colcon_core.package_discovery Level 1 discover_packages(recursive) using defaults
[0.280s] colcon.colcon_core.package_discovery Level 1 discover_packages(ignore) discover
[0.280s] colcon.colcon_core.package_discovery Level 1 discover_packages(ignore) using defaults
[0.280s] colcon.colcon_core.package_discovery Level 1 discover_packages(path) discover
[0.280s] colcon.colcon_core.package_discovery Level 1 discover_packages(path) using defaults
[0.300s] colcon.colcon_core.package_selection INFO Skipping not selected package 'g1_package' in 'g1_package'
[0.300s] colcon.colcon_core.package_selection INFO Skipping not selected package 'g1_gazebo_sim' in 'g1_gazebo_sim'
[0.300s] colcon.colcon_core.verb Level 5 set package 'g1_controller' build argument 'cmake_args' from command line to 'None'
[0.301s] colcon.colcon_core.verb Level 5 set package 'g1_controller' build argument 'cmake_target' from command line to 'None'
[0.301s] colcon.colcon_core.verb Level 5 set package 'g1_controller' build argument 'cmake_target_skip_unavailable' from command line to 'False'
[0.301s] colcon.colcon_core.verb Level 5 set package 'g1_controller' build argument 'cmake_clean_cache' from command line to 'False'
[0.301s] colcon.colcon_core.verb Level 5 set package 'g1_controller' build argument 'cmake_clean_first' from command line to 'False'
[0.301s] colcon.colcon_core.verb Level 5 set package 'g1_controller' build argument 'cmake_force_configure' from command line to 'False'
[0.301s] colcon.colcon_core.verb Level 5 set package 'g1_controller' build argument 'ament_cmake_args' from command line to 'None'
[0.301s] colcon.colcon_core.verb Level 5 set package 'g1_controller' build argument 'catkin_cmake_args' from command line to 'None'
[0.301s] colcon.colcon_core.verb Level 5 set package 'g1_controller' build argument 'catkin_skip_building_tests' from command line to 'False'
[0.301s] colcon.colcon_core.verb DEBUG Building package 'g1_controller' with the following arguments: {'ament_cmake_args': None, 'build_base': '/home/irman/ROS2_Humanoid_VLA/build/g1_controller', 'catkin_cmake_args': None, 'catkin_skip_building_tests': False, 'cmake_args': None, 'cmake_clean_cache': False, 'cmake_clean_first': False, 'cmake_force_configure': False, 'cmake_target': None, 'cmake_target_skip_unavailable': False, 'install_base': '/home/irman/ROS2_Humanoid_VLA/install/g1_controller', 'merge_install': False, 'path': '/home/irman/ROS2_Humanoid_VLA/g1_controller', 'symlink_install': True, 'test_result_base': None}
[0.301s] colcon.colcon_core.executor INFO Executing jobs using 'parallel' executor
[0.302s] colcon.colcon_parallel_executor.executor.parallel DEBUG run_until_complete
[0.303s] colcon.colcon_ros.task.ament_cmake.build INFO Building ROS package in '/home/irman/ROS2_Humanoid_VLA/g1_controller' with build type 'ament_cmake'
[0.303s] colcon.colcon_cmake.task.cmake.build INFO Building CMake package in '/home/irman/ROS2_Humanoid_VLA/g1_controller'
[0.305s] colcon.colcon_core.plugin_system INFO Skipping extension 'colcon_core.shell.bat': Not used on non-Windows systems
[0.306s] colcon.colcon_core.shell INFO Skip shell extension 'powershell' for command environment: Not usable outside of PowerShell
[0.306s] colcon.colcon_core.shell DEBUG Skip shell extension 'dsv' for command environment
[0.318s] colcon.colcon_core.event_handler.log_command DEBUG Invoking command in '/home/irman/ROS2_Humanoid_VLA/build/g1_controller': CONDA_PROMPT_MODIFIER=(ros2_env) DEBUGINFOD_URLS=https://debuginfod.ubuntu.com /home/irman/micromamba/envs/ros2_env/bin/cmake /home/irman/ROS2_Humanoid_VLA/g1_controller -DAMENT_CMAKE_SYMLINK_INSTALL=1 -DCMAKE_INSTALL_PREFIX=/home/irman/ROS2_Humanoid_VLA/install/g1_controller
[1.604s] colcon.colcon_core.event_handler.log_command DEBUG Invoked command in '/home/irman/ROS2_Humanoid_VLA/build/g1_controller' returned '0': CONDA_PROMPT_MODIFIER=(ros2_env) DEBUGINFOD_URLS=https://debuginfod.ubuntu.com /home/irman/micromamba/envs/ros2_env/bin/cmake /home/irman/ROS2_Humanoid_VLA/g1_controller -DAMENT_CMAKE_SYMLINK_INSTALL=1 -DCMAKE_INSTALL_PREFIX=/home/irman/ROS2_Humanoid_VLA/install/g1_controller
[1.604s] colcon.colcon_core.event_handler.log_command DEBUG Invoking command in '/home/irman/ROS2_Humanoid_VLA/build/g1_controller': CONDA_PROMPT_MODIFIER=(ros2_env) DEBUGINFOD_URLS=https://debuginfod.ubuntu.com /home/irman/micromamba/envs/ros2_env/bin/cmake --build /home/irman/ROS2_Humanoid_VLA/build/g1_controller -- -j16 -l16
[1.848s] colcon.colcon_core.event_handler.log_command DEBUG Invoked command in '/home/irman/ROS2_Humanoid_VLA/build/g1_controller' returned '0': CONDA_PROMPT_MODIFIER=(ros2_env) DEBUGINFOD_URLS=https://debuginfod.ubuntu.com /home/irman/micromamba/envs/ros2_env/bin/cmake --build /home/irman/ROS2_Humanoid_VLA/build/g1_controller -- -j16 -l16
[1.855s] colcon.colcon_core.event_handler.log_command DEBUG Invoking command in '/home/irman/ROS2_Humanoid_VLA/build/g1_controller': CONDA_PROMPT_MODIFIER=(ros2_env) DEBUGINFOD_URLS=https://debuginfod.ubuntu.com /home/irman/micromamba/envs/ros2_env/bin/cmake --install /home/irman/ROS2_Humanoid_VLA/build/g1_controller
[2.090s] colcon.colcon_core.environment Level 1 create_environment_scripts_only(g1_controller)
[2.091s] colcon.colcon_core.event_handler.log_command DEBUG Invoked command in '/home/irman/ROS2_Humanoid_VLA/build/g1_controller' returned '0': CONDA_PROMPT_MODIFIER=(ros2_env) DEBUGINFOD_URLS=https://debuginfod.ubuntu.com /home/irman/micromamba/envs/ros2_env/bin/cmake --install /home/irman/ROS2_Humanoid_VLA/build/g1_controller
[2.092s] colcon.colcon_core.environment Level 1 checking '/home/irman/ROS2_Humanoid_VLA/install/g1_controller' for CMake module files
[2.092s] colcon.colcon_core.environment Level 1 checking '/home/irman/ROS2_Humanoid_VLA/install/g1_controller' for CMake config files
[2.093s] colcon.colcon_core.shell Level 1 create_environment_hook('g1_controller', 'cmake_prefix_path')
[2.093s] colcon.colcon_core.shell INFO Creating environment hook '/home/irman/ROS2_Humanoid_VLA/install/g1_controller/share/g1_controller/hook/cmake_prefix_path.ps1'
[2.093s] colcon.colcon_core.shell INFO Creating environment descriptor '/home/irman/ROS2_Humanoid_VLA/install/g1_controller/share/g1_controller/hook/cmake_prefix_path.dsv'
[2.094s] colcon.colcon_core.shell INFO Creating environment hook '/home/irman/ROS2_Humanoid_VLA/install/g1_controller/share/g1_controller/hook/cmake_prefix_path.sh'
[2.094s] colcon.colcon_core.environment Level 1 checking '/home/irman/ROS2_Humanoid_VLA/install/g1_controller/lib'
[2.094s] colcon.colcon_core.environment Level 1 checking '/home/irman/ROS2_Humanoid_VLA/install/g1_controller/bin'
[2.094s] colcon.colcon_core.environment Level 1 checking '/home/irman/ROS2_Humanoid_VLA/install/g1_controller/lib/pkgconfig/g1_controller.pc'
[2.095s] colcon.colcon_core.environment Level 1 checking '/home/irman/ROS2_Humanoid_VLA/install/g1_controller/lib/python3.11/site-packages'
[2.095s] colcon.colcon_core.shell Level 1 create_environment_hook('g1_controller', 'pythonpath')
[2.095s] colcon.colcon_core.shell INFO Creating environment hook '/home/irman/ROS2_Humanoid_VLA/install/g1_controller/share/g1_controller/hook/pythonpath.ps1'
[2.095s] colcon.colcon_core.shell INFO Creating environment descriptor '/home/irman/ROS2_Humanoid_VLA/install/g1_controller/share/g1_controller/hook/pythonpath.dsv'
[2.095s] colcon.colcon_core.shell INFO Creating environment hook '/home/irman/ROS2_Humanoid_VLA/install/g1_controller/share/g1_controller/hook/pythonpath.sh'
[2.096s] colcon.colcon_core.environment Level 1 checking '/home/irman/ROS2_Humanoid_VLA/install/g1_controller/bin'
[2.096s] colcon.colcon_core.shell INFO Creating package script '/home/irman/ROS2_Humanoid_VLA/install/g1_controller/share/g1_controller/package.ps1'
[2.096s] colcon.colcon_core.shell INFO Creating package descriptor '/home/irman/ROS2_Humanoid_VLA/install/g1_controller/share/g1_controller/package.dsv'
[2.097s] colcon.colcon_core.shell INFO Creating package script '/home/irman/ROS2_Humanoid_VLA/install/g1_controller/share/g1_controller/package.sh'
[2.097s] colcon.colcon_core.shell INFO Creating package script '/home/irman/ROS2_Humanoid_VLA/install/g1_controller/share/g1_controller/package.bash'
[2.097s] colcon.colcon_core.shell INFO Creating package script '/home/irman/ROS2_Humanoid_VLA/install/g1_controller/share/g1_controller/package.zsh'
[2.098s] colcon.colcon_core.environment Level 1 create_file_with_runtime_dependencies(/home/irman/ROS2_Humanoid_VLA/install/g1_controller/share/colcon-core/packages/g1_controller)
[2.098s] colcon.colcon_core.environment Level 1 create_environment_scripts_only(g1_controller)
[2.098s] colcon.colcon_core.environment Level 1 checking '/home/irman/ROS2_Humanoid_VLA/install/g1_controller' for CMake module files
[2.098s] colcon.colcon_core.environment Level 1 checking '/home/irman/ROS2_Humanoid_VLA/install/g1_controller' for CMake config files
[2.099s] colcon.colcon_core.shell Level 1 create_environment_hook('g1_controller', 'cmake_prefix_path')
[2.099s] colcon.colcon_core.shell INFO Creating environment hook '/home/irman/ROS2_Humanoid_VLA/install/g1_controller/share/g1_controller/hook/cmake_prefix_path.ps1'
[2.099s] colcon.colcon_core.shell INFO Creating environment descriptor '/home/irman/ROS2_Humanoid_VLA/install/g1_controller/share/g1_controller/hook/cmake_prefix_path.dsv'
[2.099s] colcon.colcon_core.shell INFO Creating environment hook '/home/irman/ROS2_Humanoid_VLA/install/g1_controller/share/g1_controller/hook/cmake_prefix_path.sh'
[2.099s] colcon.colcon_core.environment Level 1 checking '/home/irman/ROS2_Humanoid_VLA/install/g1_controller/lib'
[2.100s] colcon.colcon_core.environment Level 1 checking '/home/irman/ROS2_Humanoid_VLA/install/g1_controller/bin'
[2.100s] colcon.colcon_core.environment Level 1 checking '/home/irman/ROS2_Humanoid_VLA/install/g1_controller/lib/pkgconfig/g1_controller.pc'
[2.100s] colcon.colcon_core.environment Level 1 checking '/home/irman/ROS2_Humanoid_VLA/install/g1_controller/lib/python3.11/site-packages'
[2.100s] colcon.colcon_core.shell Level 1 create_environment_hook('g1_controller', 'pythonpath')
[2.100s] colcon.colcon_core.shell INFO Creating environment hook '/home/irman/ROS2_Humanoid_VLA/install/g1_controller/share/g1_controller/hook/pythonpath.ps1'
[2.100s] colcon.colcon_core.shell INFO Creating environment descriptor '/home/irman/ROS2_Humanoid_VLA/install/g1_controller/share/g1_controller/hook/pythonpath.dsv'
[2.100s] colcon.colcon_core.shell INFO Creating environment hook '/home/irman/ROS2_Humanoid_VLA/install/g1_controller/share/g1_controller/hook/pythonpath.sh'
[2.101s] colcon.colcon_core.environment Level 1 checking '/home/irman/ROS2_Humanoid_VLA/install/g1_controller/bin'
[2.101s] colcon.colcon_core.shell INFO Creating package script '/home/irman/ROS2_Humanoid_VLA/install/g1_controller/share/g1_controller/package.ps1'
[2.101s] colcon.colcon_core.shell INFO Creating package descriptor '/home/irman/ROS2_Humanoid_VLA/install/g1_controller/share/g1_controller/package.dsv'
[2.101s] colcon.colcon_core.shell INFO Creating package script '/home/irman/ROS2_Humanoid_VLA/install/g1_controller/share/g1_controller/package.sh'
[2.101s] colcon.colcon_core.shell INFO Creating package script '/home/irman/ROS2_Humanoid_VLA/install/g1_controller/share/g1_controller/package.bash'
[2.102s] colcon.colcon_core.shell INFO Creating package script '/home/irman/ROS2_Humanoid_VLA/install/g1_controller/share/g1_controller/package.zsh'
[2.102s] colcon.colcon_core.environment Level 1 create_file_with_runtime_dependencies(/home/irman/ROS2_Humanoid_VLA/install/g1_controller/share/colcon-core/packages/g1_controller)
[2.102s] colcon.colcon_parallel_executor.executor.parallel DEBUG closing loop
[2.102s] colcon.colcon_parallel_executor.executor.parallel DEBUG loop closed
[2.102s] colcon.colcon_parallel_executor.executor.parallel DEBUG run_until_complete finished with '0'
[2.102s] colcon.colcon_core.event_reactor DEBUG joining thread
[2.103s] colcon.colcon_core.event_reactor DEBUG joined thread
[2.103s] colcon.colcon_core.shell INFO Creating prefix script '/home/irman/ROS2_Humanoid_VLA/install/local_setup.ps1'
[2.104s] colcon.colcon_core.shell INFO Creating prefix util module '/home/irman/ROS2_Humanoid_VLA/install/_local_setup_util_ps1.py'
[2.104s] colcon.colcon_core.shell INFO Creating prefix chain script '/home/irman/ROS2_Humanoid_VLA/install/setup.ps1'
[2.105s] colcon.colcon_core.shell INFO Creating prefix script '/home/irman/ROS2_Humanoid_VLA/install/local_setup.sh'
[2.105s] colcon.colcon_core.shell INFO Creating prefix util module '/home/irman/ROS2_Humanoid_VLA/install/_local_setup_util_sh.py'
[2.105s] colcon.colcon_core.shell INFO Creating prefix chain script '/home/irman/ROS2_Humanoid_VLA/install/setup.sh'
[2.106s] colcon.colcon_core.shell INFO Creating prefix script '/home/irman/ROS2_Humanoid_VLA/install/local_setup.bash'
[2.106s] colcon.colcon_core.shell INFO Creating prefix chain script '/home/irman/ROS2_Humanoid_VLA/install/setup.bash'
[2.106s] colcon.colcon_core.shell INFO Creating prefix script '/home/irman/ROS2_Humanoid_VLA/install/local_setup.zsh'
[2.107s] colcon.colcon_core.shell INFO Creating prefix chain script '/home/irman/ROS2_Humanoid_VLA/install/setup.zsh'
