[ 15%] Built target joint_state_broadcaster_parameters
[ 30%] Built target gmock_main
[ 53%] Built target gmock
[ 69%] Built target joint_state_broadcaster
[100%] Built target test_joint_state_broadcaster
[100%] Built target test_load_joint_state_broadcaster
-- Install configuration: ""
-- Execute custom install script
-- Symlinking: /home/irman/ROS2_Humanoid_VLA/install/joint_state_broadcaster/include/joint_state_broadcaster/joint_state_broadcaster_parameters.hpp
-- Symlinking: /home/irman/ROS2_Humanoid_VLA/install/joint_state_broadcaster/share/joint_state_broadcaster//joint_state_plugin.xml
-- Symlinking: /home/irman/ROS2_Humanoid_VLA/install/joint_state_broadcaster/include/joint_state_broadcaster/joint_state_broadcaster/joint_state_broadcaster.hpp
-- Symlinking: /home/irman/ROS2_Humanoid_VLA/install/joint_state_broadcaster/include/joint_state_broadcaster/joint_state_broadcaster/visibility_control.h
-- Symlinking: /home/irman/ROS2_Humanoid_VLA/install/joint_state_broadcaster/share/ament_index/resource_index/package_run_dependencies/joint_state_broadcaster
-- Symlinking: /home/irman/ROS2_Humanoid_VLA/install/joint_state_broadcaster/share/ament_index/resource_index/parent_prefix_path/joint_state_broadcaster
-- Symlinking: /home/irman/ROS2_Humanoid_VLA/install/joint_state_broadcaster/share/joint_state_broadcaster/environment/ament_prefix_path.sh
-- Symlinking: /home/irman/ROS2_Humanoid_VLA/install/joint_state_broadcaster/share/joint_state_broadcaster/environment/ament_prefix_path.dsv
-- Symlinking: /home/irman/ROS2_Humanoid_VLA/install/joint_state_broadcaster/share/joint_state_broadcaster/environment/path.sh
-- Symlinking: /home/irman/ROS2_Humanoid_VLA/install/joint_state_broadcaster/share/joint_state_broadcaster/environment/path.dsv
-- Symlinking: /home/irman/ROS2_Humanoid_VLA/install/joint_state_broadcaster/share/joint_state_broadcaster/local_setup.bash
-- Symlinking: /home/irman/ROS2_Humanoid_VLA/install/joint_state_broadcaster/share/joint_state_broadcaster/local_setup.sh
-- Symlinking: /home/irman/ROS2_Humanoid_VLA/install/joint_state_broadcaster/share/joint_state_broadcaster/local_setup.zsh
-- Symlinking: /home/irman/ROS2_Humanoid_VLA/install/joint_state_broadcaster/share/joint_state_broadcaster/local_setup.dsv
-- Symlinking: /home/irman/ROS2_Humanoid_VLA/install/joint_state_broadcaster/share/joint_state_broadcaster/package.dsv
-- Symlinking: /home/irman/ROS2_Humanoid_VLA/install/joint_state_broadcaster/share/ament_index/resource_index/packages/joint_state_broadcaster
-- Symlinking: /home/irman/ROS2_Humanoid_VLA/install/joint_state_broadcaster/share/ament_index/resource_index/controller_interface__pluginlib__plugin/joint_state_broadcaster
-- Symlinking: /home/irman/ROS2_Humanoid_VLA/install/joint_state_broadcaster/share/joint_state_broadcaster/cmake/ament_cmake_export_dependencies-extras.cmake
-- Symlinking: /home/irman/ROS2_Humanoid_VLA/install/joint_state_broadcaster/share/joint_state_broadcaster/cmake/ament_cmake_export_targets-extras.cmake
-- Symlinking: /home/irman/ROS2_Humanoid_VLA/install/joint_state_broadcaster/share/joint_state_broadcaster/cmake/joint_state_broadcasterConfig.cmake
-- Symlinking: /home/irman/ROS2_Humanoid_VLA/install/joint_state_broadcaster/share/joint_state_broadcaster/cmake/joint_state_broadcasterConfig-version.cmake
-- Symlinking: /home/irman/ROS2_Humanoid_VLA/install/joint_state_broadcaster/share/joint_state_broadcaster/package.xml
-- Installing: /home/irman/ROS2_Humanoid_VLA/install/joint_state_broadcaster/lib/libjoint_state_broadcaster.so
-- Installing: /home/irman/ROS2_Humanoid_VLA/install/joint_state_broadcaster/share/joint_state_broadcaster/cmake/export_joint_state_broadcasterExport.cmake
-- Installing: /home/irman/ROS2_Humanoid_VLA/install/joint_state_broadcaster/share/joint_state_broadcaster/cmake/export_joint_state_broadcasterExport-noconfig.cmake
