[0.017s] Invoking command in '/home/irman/ROS2_Humanoid_VLA/build/g1_controller': CONDA_PROMPT_MODIFIER=(ros2_env) DEBUGINFOD_URLS=https://debuginfod.ubuntu.com /home/irman/micromamba/envs/ros2_env/bin/cmake --build /home/irman/ROS2_Humanoid_VLA/build/g1_controller -- -j16 -l16
[0.038s] [0mCMake Deprecation Warning at CMakeLists.txt:1 (cmake_minimum_required):
[0.038s]   Compatibility with CMake < 3.10 will be removed from a future version of
[0.038s]   CMake.
[0.038s] 
[0.038s]   Update the VERSION argument <min> value.  Or, use the <min>...<max> syntax
[0.038s]   to tell CMake that the project requires at least <min> but has been updated
[0.038s]   to work with policies introduced by <max> or earlier.
[0.038s] 
[0.039s] [0m
[0.044s] -- Found ament_cmake: 1.3.12 (/home/irman/micromamba/envs/ros2_env/share/ament_cmake/cmake)
[0.235s] -- Found rclpy: 3.3.16 (/home/irman/micromamba/envs/ros2_env/share/rclpy/cmake)
[0.316s] -- Found ament_lint_auto: 0.12.12 (/home/irman/micromamba/envs/ros2_env/share/ament_lint_auto/cmake)
[0.407s] -- Added test 'copyright' to check source files copyright and LICENSE
[0.409s] -- Added test 'flake8' to check Python code syntax and style conventions
[0.409s] -- Added test 'lint_cmake' to check CMake code style
[0.410s] -- Added test 'pep257' to check Python code against some of the docstring style conventions in PEP 257
[0.411s] -- Added test 'xmllint' to check XML markup files
[0.411s] -- Configuring done (0.4s)
[0.417s] -- Generating done (0.0s)
[0.419s] -- Build files have been written to: /home/irman/ROS2_Humanoid_VLA/build/g1_controller
[0.456s] Built target ament_cmake_python_copy_g1_controller
[0.651s] running egg_info
[0.665s] writing g1_controller.egg-info/PKG-INFO
[0.665s] writing dependency_links to g1_controller.egg-info/dependency_links.txt
[0.665s] writing top-level names to g1_controller.egg-info/top_level.txt
[0.698s] reading manifest file 'g1_controller.egg-info/SOURCES.txt'
[0.699s] writing manifest file 'g1_controller.egg-info/SOURCES.txt'
[0.738s] Built target ament_cmake_python_build_g1_controller_egg
[0.746s] Invoked command in '/home/irman/ROS2_Humanoid_VLA/build/g1_controller' returned '0': CONDA_PROMPT_MODIFIER=(ros2_env) DEBUGINFOD_URLS=https://debuginfod.ubuntu.com /home/irman/micromamba/envs/ros2_env/bin/cmake --build /home/irman/ROS2_Humanoid_VLA/build/g1_controller -- -j16 -l16
[0.749s] Invoking command in '/home/irman/ROS2_Humanoid_VLA/build/g1_controller': CONDA_PROMPT_MODIFIER=(ros2_env) DEBUGINFOD_URLS=https://debuginfod.ubuntu.com /home/irman/micromamba/envs/ros2_env/bin/cmake --install /home/irman/ROS2_Humanoid_VLA/build/g1_controller
[0.754s] -- Install configuration: ""
[0.754s] -- Up-to-date: /home/irman/ROS2_Humanoid_VLA/install/g1_controller/share/g1_controller/environment/pythonpath.sh
[0.755s] -- Installing: /home/irman/ROS2_Humanoid_VLA/install/g1_controller/share/g1_controller/environment/pythonpath.dsv
[0.755s] -- Up-to-date: /home/irman/ROS2_Humanoid_VLA/install/g1_controller/lib/python3.11/site-packages/g1_controller-0.1.0-py3.11.egg-info
[0.755s] -- Installing: /home/irman/ROS2_Humanoid_VLA/install/g1_controller/lib/python3.11/site-packages/g1_controller-0.1.0-py3.11.egg-info/dependency_links.txt
[0.755s] -- Installing: /home/irman/ROS2_Humanoid_VLA/install/g1_controller/lib/python3.11/site-packages/g1_controller-0.1.0-py3.11.egg-info/SOURCES.txt
[0.755s] -- Installing: /home/irman/ROS2_Humanoid_VLA/install/g1_controller/lib/python3.11/site-packages/g1_controller-0.1.0-py3.11.egg-info/top_level.txt
[0.755s] -- Installing: /home/irman/ROS2_Humanoid_VLA/install/g1_controller/lib/python3.11/site-packages/g1_controller-0.1.0-py3.11.egg-info/PKG-INFO
[0.755s] -- Up-to-date: /home/irman/ROS2_Humanoid_VLA/install/g1_controller/lib/python3.11/site-packages/g1_controller
[0.755s] -- Up-to-date: /home/irman/ROS2_Humanoid_VLA/install/g1_controller/lib/python3.11/site-packages/g1_controller/__init__.py
[0.783s] Listing 'lib/python3.11/site-packages/g1_controller'...
[0.783s] Can't list 'lib/python3.11/site-packages/g1_controller'
[0.789s] -- Up-to-date: /home/irman/ROS2_Humanoid_VLA/install/g1_controller/lib/g1_controller/stand_controller.py
[0.789s] -- Up-to-date: /home/irman/ROS2_Humanoid_VLA/install/g1_controller/lib/g1_controller/zero_pose_controller.py
[0.789s] -- Up-to-date: /home/irman/ROS2_Humanoid_VLA/install/g1_controller/lib/g1_controller/gui_controller.py
[0.789s] -- Installing: /home/irman/ROS2_Humanoid_VLA/install/g1_controller/lib/g1_controller/ros2_control_gui.py
[0.789s] -- Up-to-date: /home/irman/ROS2_Humanoid_VLA/install/g1_controller/share/g1_controller/config
[0.789s] -- Installing: /home/irman/ROS2_Humanoid_VLA/install/g1_controller/share/g1_controller/config/g1_controllers.yaml
[0.789s] -- Up-to-date: /home/irman/ROS2_Humanoid_VLA/install/g1_controller/share/g1_controller/launch
[0.789s] -- Up-to-date: /home/irman/ROS2_Humanoid_VLA/install/g1_controller/share/g1_controller/launch/robot_with_controller.launch.py
[0.789s] -- Installing: /home/irman/ROS2_Humanoid_VLA/install/g1_controller/share/g1_controller/launch/robot_ros2_control_gui.launch.py
[0.789s] -- Up-to-date: /home/irman/ROS2_Humanoid_VLA/install/g1_controller/share/g1_controller/launch/robot_with_gui.launch.py
[0.790s] -- Up-to-date: /home/irman/ROS2_Humanoid_VLA/install/g1_controller/share/ament_index/resource_index/package_run_dependencies/g1_controller
[0.790s] -- Up-to-date: /home/irman/ROS2_Humanoid_VLA/install/g1_controller/share/ament_index/resource_index/parent_prefix_path/g1_controller
[0.790s] -- Up-to-date: /home/irman/ROS2_Humanoid_VLA/install/g1_controller/share/g1_controller/environment/ament_prefix_path.sh
[0.790s] -- Installing: /home/irman/ROS2_Humanoid_VLA/install/g1_controller/share/g1_controller/environment/ament_prefix_path.dsv
[0.790s] -- Up-to-date: /home/irman/ROS2_Humanoid_VLA/install/g1_controller/share/g1_controller/environment/path.sh
[0.790s] -- Installing: /home/irman/ROS2_Humanoid_VLA/install/g1_controller/share/g1_controller/environment/path.dsv
[0.790s] -- Up-to-date: /home/irman/ROS2_Humanoid_VLA/install/g1_controller/share/g1_controller/local_setup.bash
[0.790s] -- Up-to-date: /home/irman/ROS2_Humanoid_VLA/install/g1_controller/share/g1_controller/local_setup.sh
[0.790s] -- Up-to-date: /home/irman/ROS2_Humanoid_VLA/install/g1_controller/share/g1_controller/local_setup.zsh
[0.790s] -- Installing: /home/irman/ROS2_Humanoid_VLA/install/g1_controller/share/g1_controller/local_setup.dsv
[0.790s] -- Installing: /home/irman/ROS2_Humanoid_VLA/install/g1_controller/share/g1_controller/package.dsv
[0.790s] -- Up-to-date: /home/irman/ROS2_Humanoid_VLA/install/g1_controller/share/ament_index/resource_index/packages/g1_controller
[0.790s] -- Up-to-date: /home/irman/ROS2_Humanoid_VLA/install/g1_controller/share/g1_controller/cmake/g1_controllerConfig.cmake
[0.790s] -- Up-to-date: /home/irman/ROS2_Humanoid_VLA/install/g1_controller/share/g1_controller/cmake/g1_controllerConfig-version.cmake
[0.790s] -- Up-to-date: /home/irman/ROS2_Humanoid_VLA/install/g1_controller/share/g1_controller/package.xml
[0.792s] Invoked command in '/home/irman/ROS2_Humanoid_VLA/build/g1_controller' returned '0': CONDA_PROMPT_MODIFIER=(ros2_env) DEBUGINFOD_URLS=https://debuginfod.ubuntu.com /home/irman/micromamba/envs/ros2_env/bin/cmake --install /home/irman/ROS2_Humanoid_VLA/build/g1_controller
