[0.008s] Invoking command in '/home/irman/ROS2_Humanoid_VLA/build/g1_controller': CONDA_PROMPT_MODIFIER=(ros2_env) DEBUGINFOD_URLS=https://debuginfod.ubuntu.com /home/irman/micromamba/envs/ros2_env/bin/cmake /home/irman/ROS2_Humanoid_VLA/g1_controller -DCMAKE_INSTALL_PREFIX=/home/irman/ROS2_Humanoid_VLA/install/g1_controller
[0.015s] [0mCMake Deprecation Warning at CMakeLists.txt:1 (cmake_minimum_required):
[0.016s]   Compatibility with CMake < 3.10 will be removed from a future version of
[0.016s]   CMake.
[0.016s] 
[0.016s]   Update the VERSION argument <min> value.  Or, use the <min>...<max> syntax
[0.016s]   to tell CMake that the project requires at least <min> but has been updated
[0.016s]   to work with policies introduced by <max> or earlier.
[0.016s] 
[0.016s] [0m
[0.073s] -- The C compiler identification is GNU 14.3.0
[0.173s] -- The CXX compiler identification is GNU 14.3.0
[0.180s] -- Detecting C compiler ABI info
[0.251s] -- Detecting C compiler ABI info - done
[0.267s] -- Check for working C compiler: /home/irman/micromamba/envs/ros2_env/bin/x86_64-conda-linux-gnu-cc - skipped
[0.267s] -- Detecting C compile features
[0.268s] -- Detecting C compile features - done
[0.282s] -- Detecting CXX compiler ABI info
[0.362s] -- Detecting CXX compiler ABI info - done
[0.379s] -- Check for working CXX compiler: /home/irman/micromamba/envs/ros2_env/bin/x86_64-conda-linux-gnu-c++ - skipped
[0.379s] -- Detecting CXX compile features
[0.379s] -- Detecting CXX compile features - done
[0.392s] -- Found ament_cmake: 1.3.12 (/home/irman/micromamba/envs/ros2_env/share/ament_cmake/cmake)
[0.482s] -- Found Python3: /home/irman/micromamba/envs/ros2_env/bin/python3 (found version "3.11.14") found components: Interpreter
[0.612s] -- Found rclpy: 3.3.16 (/home/irman/micromamba/envs/ros2_env/share/rclpy/cmake)
[0.690s] -- Found ament_lint_auto: 0.12.12 (/home/irman/micromamba/envs/ros2_env/share/ament_lint_auto/cmake)
[0.799s] -- Added test 'copyright' to check source files copyright and LICENSE
[0.802s] -- Added test 'flake8' to check Python code syntax and style conventions
[0.803s] -- Added test 'lint_cmake' to check CMake code style
[0.804s] -- Added test 'pep257' to check Python code against some of the docstring style conventions in PEP 257
[0.806s] -- Added test 'xmllint' to check XML markup files
[0.807s] -- Configuring done (0.8s)
[0.812s] -- Generating done (0.0s)
[0.813s] -- Build files have been written to: /home/irman/ROS2_Humanoid_VLA/build/g1_controller
[0.819s] Invoked command in '/home/irman/ROS2_Humanoid_VLA/build/g1_controller' returned '0': CONDA_PROMPT_MODIFIER=(ros2_env) DEBUGINFOD_URLS=https://debuginfod.ubuntu.com /home/irman/micromamba/envs/ros2_env/bin/cmake /home/irman/ROS2_Humanoid_VLA/g1_controller -DCMAKE_INSTALL_PREFIX=/home/irman/ROS2_Humanoid_VLA/install/g1_controller
[0.820s] Invoking command in '/home/irman/ROS2_Humanoid_VLA/build/g1_controller': CONDA_PROMPT_MODIFIER=(ros2_env) DEBUGINFOD_URLS=https://debuginfod.ubuntu.com /home/irman/micromamba/envs/ros2_env/bin/cmake --build /home/irman/ROS2_Humanoid_VLA/build/g1_controller -- -j16 -l16
[0.860s] Built target ament_cmake_python_copy_g1_controller
[1.028s] running egg_info
[1.047s] creating g1_controller.egg-info
[1.047s] writing g1_controller.egg-info/PKG-INFO
[1.047s] writing dependency_links to g1_controller.egg-info/dependency_links.txt
[1.048s] writing top-level names to g1_controller.egg-info/top_level.txt
[1.048s] writing manifest file 'g1_controller.egg-info/SOURCES.txt'
[1.100s] reading manifest file 'g1_controller.egg-info/SOURCES.txt'
[1.101s] writing manifest file 'g1_controller.egg-info/SOURCES.txt'
[1.167s] Built target ament_cmake_python_build_g1_controller_egg
[1.182s] Invoked command in '/home/irman/ROS2_Humanoid_VLA/build/g1_controller' returned '0': CONDA_PROMPT_MODIFIER=(ros2_env) DEBUGINFOD_URLS=https://debuginfod.ubuntu.com /home/irman/micromamba/envs/ros2_env/bin/cmake --build /home/irman/ROS2_Humanoid_VLA/build/g1_controller -- -j16 -l16
[1.193s] Invoking command in '/home/irman/ROS2_Humanoid_VLA/build/g1_controller': CONDA_PROMPT_MODIFIER=(ros2_env) DEBUGINFOD_URLS=https://debuginfod.ubuntu.com /home/irman/micromamba/envs/ros2_env/bin/cmake --install /home/irman/ROS2_Humanoid_VLA/build/g1_controller
[1.202s] -- Install configuration: ""
[1.202s] -- Installing: /home/irman/ROS2_Humanoid_VLA/install/g1_controller/share/g1_controller/environment/pythonpath.sh
[1.202s] -- Installing: /home/irman/ROS2_Humanoid_VLA/install/g1_controller/share/g1_controller/environment/pythonpath.dsv
[1.203s] -- Installing: /home/irman/ROS2_Humanoid_VLA/install/g1_controller/lib/python3.11/site-packages/g1_controller-0.1.0-py3.11.egg-info
[1.203s] -- Installing: /home/irman/ROS2_Humanoid_VLA/install/g1_controller/lib/python3.11/site-packages/g1_controller-0.1.0-py3.11.egg-info/dependency_links.txt
[1.203s] -- Installing: /home/irman/ROS2_Humanoid_VLA/install/g1_controller/lib/python3.11/site-packages/g1_controller-0.1.0-py3.11.egg-info/SOURCES.txt
[1.203s] -- Installing: /home/irman/ROS2_Humanoid_VLA/install/g1_controller/lib/python3.11/site-packages/g1_controller-0.1.0-py3.11.egg-info/top_level.txt
[1.203s] -- Installing: /home/irman/ROS2_Humanoid_VLA/install/g1_controller/lib/python3.11/site-packages/g1_controller-0.1.0-py3.11.egg-info/PKG-INFO
[1.203s] -- Installing: /home/irman/ROS2_Humanoid_VLA/install/g1_controller/lib/python3.11/site-packages/g1_controller
[1.203s] -- Installing: /home/irman/ROS2_Humanoid_VLA/install/g1_controller/lib/python3.11/site-packages/g1_controller/__init__.py
[1.234s] Listing 'lib/python3.11/site-packages/g1_controller'...
[1.234s] Can't list 'lib/python3.11/site-packages/g1_controller'
[1.241s] -- Installing: /home/irman/ROS2_Humanoid_VLA/install/g1_controller/lib/g1_controller/stand_controller.py
[1.241s] -- Installing: /home/irman/ROS2_Humanoid_VLA/install/g1_controller/lib/g1_controller/zero_pose_controller.py
[1.241s] -- Installing: /home/irman/ROS2_Humanoid_VLA/install/g1_controller/share/g1_controller/config
[1.241s] -- Installing: /home/irman/ROS2_Humanoid_VLA/install/g1_controller/share/g1_controller/config/g1_controllers.yaml
[1.241s] -- Installing: /home/irman/ROS2_Humanoid_VLA/install/g1_controller/share/g1_controller/launch
[1.241s] -- Installing: /home/irman/ROS2_Humanoid_VLA/install/g1_controller/share/g1_controller/launch/robot_with_controller.launch.py
[1.241s] -- Installing: /home/irman/ROS2_Humanoid_VLA/install/g1_controller/share/ament_index/resource_index/package_run_dependencies/g1_controller
[1.241s] -- Installing: /home/irman/ROS2_Humanoid_VLA/install/g1_controller/share/ament_index/resource_index/parent_prefix_path/g1_controller
[1.241s] -- Installing: /home/irman/ROS2_Humanoid_VLA/install/g1_controller/share/g1_controller/environment/ament_prefix_path.sh
[1.242s] -- Installing: /home/irman/ROS2_Humanoid_VLA/install/g1_controller/share/g1_controller/environment/ament_prefix_path.dsv
[1.242s] -- Installing: /home/irman/ROS2_Humanoid_VLA/install/g1_controller/share/g1_controller/environment/path.sh
[1.242s] -- Installing: /home/irman/ROS2_Humanoid_VLA/install/g1_controller/share/g1_controller/environment/path.dsv
[1.242s] -- Installing: /home/irman/ROS2_Humanoid_VLA/install/g1_controller/share/g1_controller/local_setup.bash
[1.242s] -- Installing: /home/irman/ROS2_Humanoid_VLA/install/g1_controller/share/g1_controller/local_setup.sh
[1.242s] -- Installing: /home/irman/ROS2_Humanoid_VLA/install/g1_controller/share/g1_controller/local_setup.zsh
[1.242s] -- Installing: /home/irman/ROS2_Humanoid_VLA/install/g1_controller/share/g1_controller/local_setup.dsv
[1.242s] -- Installing: /home/irman/ROS2_Humanoid_VLA/install/g1_controller/share/g1_controller/package.dsv
[1.243s] -- Installing: /home/irman/ROS2_Humanoid_VLA/install/g1_controller/share/ament_index/resource_index/packages/g1_controller
[1.243s] -- Installing: /home/irman/ROS2_Humanoid_VLA/install/g1_controller/share/g1_controller/cmake/g1_controllerConfig.cmake
[1.243s] -- Installing: /home/irman/ROS2_Humanoid_VLA/install/g1_controller/share/g1_controller/cmake/g1_controllerConfig-version.cmake
[1.243s] -- Installing: /home/irman/ROS2_Humanoid_VLA/install/g1_controller/share/g1_controller/package.xml
[1.245s] Invoked command in '/home/irman/ROS2_Humanoid_VLA/build/g1_controller' returned '0': CONDA_PROMPT_MODIFIER=(ros2_env) DEBUGINFOD_URLS=https://debuginfod.ubuntu.com /home/irman/micromamba/envs/ros2_env/bin/cmake --install /home/irman/ROS2_Humanoid_VLA/build/g1_controller
