Built target ament_cmake_python_copy_g1_controller
running egg_info
writing g1_controller.egg-info/PKG-INFO
writing dependency_links to g1_controller.egg-info/dependency_links.txt
writing top-level names to g1_controller.egg-info/top_level.txt
reading manifest file 'g1_controller.egg-info/SOURCES.txt'
writing manifest file 'g1_controller.egg-info/SOURCES.txt'
Built target ament_cmake_python_build_g1_controller_egg
-- Install configuration: ""
-- Up-to-date: /home/irman/ROS2_Humanoid_VLA/install/g1_controller/share/g1_controller/environment/pythonpath.sh
-- Up-to-date: /home/irman/ROS2_Humanoid_VLA/install/g1_controller/share/g1_controller/environment/pythonpath.dsv
-- Up-to-date: /home/irman/ROS2_Humanoid_VLA/install/g1_controller/lib/python3.11/site-packages/g1_controller-0.1.0-py3.11.egg-info
-- Installing: /home/irman/ROS2_Humanoid_VLA/install/g1_controller/lib/python3.11/site-packages/g1_controller-0.1.0-py3.11.egg-info/dependency_links.txt
-- Installing: /home/irman/ROS2_Humanoid_VLA/install/g1_controller/lib/python3.11/site-packages/g1_controller-0.1.0-py3.11.egg-info/SOURCES.txt
-- Installing: /home/irman/ROS2_Humanoid_VLA/install/g1_controller/lib/python3.11/site-packages/g1_controller-0.1.0-py3.11.egg-info/top_level.txt
-- Installing: /home/irman/ROS2_Humanoid_VLA/install/g1_controller/lib/python3.11/site-packages/g1_controller-0.1.0-py3.11.egg-info/PKG-INFO
-- Up-to-date: /home/irman/ROS2_Humanoid_VLA/install/g1_controller/lib/python3.11/site-packages/g1_controller
-- Up-to-date: /home/irman/ROS2_Humanoid_VLA/install/g1_controller/lib/python3.11/site-packages/g1_controller/__init__.py
Listing 'lib/python3.11/site-packages/g1_controller'...
Can't list 'lib/python3.11/site-packages/g1_controller'
-- Up-to-date: /home/irman/ROS2_Humanoid_VLA/install/g1_controller/lib/g1_controller/stand_controller.py
-- Up-to-date: /home/irman/ROS2_Humanoid_VLA/install/g1_controller/lib/g1_controller/zero_pose_controller.py
-- Up-to-date: /home/irman/ROS2_Humanoid_VLA/install/g1_controller/lib/g1_controller/gui_controller.py
-- Up-to-date: /home/irman/ROS2_Humanoid_VLA/install/g1_controller/lib/g1_controller/ros2_control_gui.py
-- Up-to-date: /home/irman/ROS2_Humanoid_VLA/install/g1_controller/share/g1_controller/config
-- Up-to-date: /home/irman/ROS2_Humanoid_VLA/install/g1_controller/share/g1_controller/config/g1_controllers.yaml
-- Up-to-date: /home/irman/ROS2_Humanoid_VLA/install/g1_controller/share/g1_controller/launch
-- Up-to-date: /home/irman/ROS2_Humanoid_VLA/install/g1_controller/share/g1_controller/launch/robot_with_controller.launch.py
-- Up-to-date: /home/irman/ROS2_Humanoid_VLA/install/g1_controller/share/g1_controller/launch/robot_ros2_control_gui.launch.py
-- Up-to-date: /home/irman/ROS2_Humanoid_VLA/install/g1_controller/share/g1_controller/launch/robot_with_gui.launch.py
-- Up-to-date: /home/irman/ROS2_Humanoid_VLA/install/g1_controller/share/ament_index/resource_index/package_run_dependencies/g1_controller
-- Up-to-date: /home/irman/ROS2_Humanoid_VLA/install/g1_controller/share/ament_index/resource_index/parent_prefix_path/g1_controller
-- Up-to-date: /home/irman/ROS2_Humanoid_VLA/install/g1_controller/share/g1_controller/environment/ament_prefix_path.sh
-- Up-to-date: /home/irman/ROS2_Humanoid_VLA/install/g1_controller/share/g1_controller/environment/ament_prefix_path.dsv
-- Up-to-date: /home/irman/ROS2_Humanoid_VLA/install/g1_controller/share/g1_controller/environment/path.sh
-- Up-to-date: /home/irman/ROS2_Humanoid_VLA/install/g1_controller/share/g1_controller/environment/path.dsv
-- Up-to-date: /home/irman/ROS2_Humanoid_VLA/install/g1_controller/share/g1_controller/local_setup.bash
-- Up-to-date: /home/irman/ROS2_Humanoid_VLA/install/g1_controller/share/g1_controller/local_setup.sh
-- Up-to-date: /home/irman/ROS2_Humanoid_VLA/install/g1_controller/share/g1_controller/local_setup.zsh
-- Up-to-date: /home/irman/ROS2_Humanoid_VLA/install/g1_controller/share/g1_controller/local_setup.dsv
-- Installing: /home/irman/ROS2_Humanoid_VLA/install/g1_controller/share/g1_controller/package.dsv
-- Up-to-date: /home/irman/ROS2_Humanoid_VLA/install/g1_controller/share/ament_index/resource_index/packages/g1_controller
-- Up-to-date: /home/irman/ROS2_Humanoid_VLA/install/g1_controller/share/g1_controller/cmake/g1_controllerConfig.cmake
-- Up-to-date: /home/irman/ROS2_Humanoid_VLA/install/g1_controller/share/g1_controller/cmake/g1_controllerConfig-version.cmake
-- Up-to-date: /home/irman/ROS2_Humanoid_VLA/install/g1_controller/share/g1_controller/package.xml
