[0.009s] Invoking command in '/home/irman/ROS2_Humanoid_VLA/build/g1_controller': CONDA_PROMPT_MODIFIER=(ros2_env) DEBUGINFOD_URLS=https://debuginfod.ubuntu.com /home/irman/micromamba/envs/ros2_env/bin/cmake --build /home/irman/ROS2_Humanoid_VLA/build/g1_controller -- -j16 -l16
[0.056s] Built target ament_cmake_python_copy_g1_controller
[0.216s] running egg_info
[0.228s] writing g1_controller.egg-info/PKG-INFO
[0.228s] writing dependency_links to g1_controller.egg-info/dependency_links.txt
[0.229s] writing top-level names to g1_controller.egg-info/top_level.txt
[0.270s] reading manifest file 'g1_controller.egg-info/SOURCES.txt'
[0.271s] writing manifest file 'g1_controller.egg-info/SOURCES.txt'
[0.314s] Built target ament_cmake_python_build_g1_controller_egg
[0.323s] Invoked command in '/home/irman/ROS2_Humanoid_VLA/build/g1_controller' returned '0': CONDA_PROMPT_MODIFIER=(ros2_env) DEBUGINFOD_URLS=https://debuginfod.ubuntu.com /home/irman/micromamba/envs/ros2_env/bin/cmake --build /home/irman/ROS2_Humanoid_VLA/build/g1_controller -- -j16 -l16
[0.331s] Invoking command in '/home/irman/ROS2_Humanoid_VLA/build/g1_controller': CONDA_PROMPT_MODIFIER=(ros2_env) DEBUGINFOD_URLS=https://debuginfod.ubuntu.com /home/irman/micromamba/envs/ros2_env/bin/cmake --install /home/irman/ROS2_Humanoid_VLA/build/g1_controller
[0.337s] -- Install configuration: ""
[0.337s] -- Up-to-date: /home/irman/ROS2_Humanoid_VLA/install/g1_controller/share/g1_controller/environment/pythonpath.sh
[0.337s] -- Up-to-date: /home/irman/ROS2_Humanoid_VLA/install/g1_controller/share/g1_controller/environment/pythonpath.dsv
[0.337s] -- Up-to-date: /home/irman/ROS2_Humanoid_VLA/install/g1_controller/lib/python3.11/site-packages/g1_controller-0.1.0-py3.11.egg-info
[0.338s] -- Installing: /home/irman/ROS2_Humanoid_VLA/install/g1_controller/lib/python3.11/site-packages/g1_controller-0.1.0-py3.11.egg-info/dependency_links.txt
[0.338s] -- Installing: /home/irman/ROS2_Humanoid_VLA/install/g1_controller/lib/python3.11/site-packages/g1_controller-0.1.0-py3.11.egg-info/SOURCES.txt
[0.338s] -- Installing: /home/irman/ROS2_Humanoid_VLA/install/g1_controller/lib/python3.11/site-packages/g1_controller-0.1.0-py3.11.egg-info/top_level.txt
[0.338s] -- Installing: /home/irman/ROS2_Humanoid_VLA/install/g1_controller/lib/python3.11/site-packages/g1_controller-0.1.0-py3.11.egg-info/PKG-INFO
[0.338s] -- Up-to-date: /home/irman/ROS2_Humanoid_VLA/install/g1_controller/lib/python3.11/site-packages/g1_controller
[0.338s] -- Up-to-date: /home/irman/ROS2_Humanoid_VLA/install/g1_controller/lib/python3.11/site-packages/g1_controller/__init__.py
[0.362s] Listing 'lib/python3.11/site-packages/g1_controller'...
[0.362s] Can't list 'lib/python3.11/site-packages/g1_controller'
[0.366s] -- Up-to-date: /home/irman/ROS2_Humanoid_VLA/install/g1_controller/lib/g1_controller/stand_controller.py
[0.366s] -- Up-to-date: /home/irman/ROS2_Humanoid_VLA/install/g1_controller/lib/g1_controller/zero_pose_controller.py
[0.366s] -- Up-to-date: /home/irman/ROS2_Humanoid_VLA/install/g1_controller/lib/g1_controller/gui_controller.py
[0.366s] -- Up-to-date: /home/irman/ROS2_Humanoid_VLA/install/g1_controller/lib/g1_controller/ros2_control_gui.py
[0.366s] -- Up-to-date: /home/irman/ROS2_Humanoid_VLA/install/g1_controller/share/g1_controller/config
[0.366s] -- Up-to-date: /home/irman/ROS2_Humanoid_VLA/install/g1_controller/share/g1_controller/config/g1_controllers.yaml
[0.366s] -- Up-to-date: /home/irman/ROS2_Humanoid_VLA/install/g1_controller/share/g1_controller/launch
[0.366s] -- Up-to-date: /home/irman/ROS2_Humanoid_VLA/install/g1_controller/share/g1_controller/launch/robot_with_controller.launch.py
[0.366s] -- Up-to-date: /home/irman/ROS2_Humanoid_VLA/install/g1_controller/share/g1_controller/launch/robot_ros2_control_gui.launch.py
[0.367s] -- Up-to-date: /home/irman/ROS2_Humanoid_VLA/install/g1_controller/share/g1_controller/launch/robot_with_gui.launch.py
[0.367s] -- Up-to-date: /home/irman/ROS2_Humanoid_VLA/install/g1_controller/share/ament_index/resource_index/package_run_dependencies/g1_controller
[0.367s] -- Up-to-date: /home/irman/ROS2_Humanoid_VLA/install/g1_controller/share/ament_index/resource_index/parent_prefix_path/g1_controller
[0.367s] -- Up-to-date: /home/irman/ROS2_Humanoid_VLA/install/g1_controller/share/g1_controller/environment/ament_prefix_path.sh
[0.367s] -- Up-to-date: /home/irman/ROS2_Humanoid_VLA/install/g1_controller/share/g1_controller/environment/ament_prefix_path.dsv
[0.367s] -- Up-to-date: /home/irman/ROS2_Humanoid_VLA/install/g1_controller/share/g1_controller/environment/path.sh
[0.367s] -- Up-to-date: /home/irman/ROS2_Humanoid_VLA/install/g1_controller/share/g1_controller/environment/path.dsv
[0.367s] -- Up-to-date: /home/irman/ROS2_Humanoid_VLA/install/g1_controller/share/g1_controller/local_setup.bash
[0.367s] -- Up-to-date: /home/irman/ROS2_Humanoid_VLA/install/g1_controller/share/g1_controller/local_setup.sh
[0.367s] -- Up-to-date: /home/irman/ROS2_Humanoid_VLA/install/g1_controller/share/g1_controller/local_setup.zsh
[0.367s] -- Up-to-date: /home/irman/ROS2_Humanoid_VLA/install/g1_controller/share/g1_controller/local_setup.dsv
[0.367s] -- Installing: /home/irman/ROS2_Humanoid_VLA/install/g1_controller/share/g1_controller/package.dsv
[0.367s] -- Up-to-date: /home/irman/ROS2_Humanoid_VLA/install/g1_controller/share/ament_index/resource_index/packages/g1_controller
[0.367s] -- Up-to-date: /home/irman/ROS2_Humanoid_VLA/install/g1_controller/share/g1_controller/cmake/g1_controllerConfig.cmake
[0.367s] -- Up-to-date: /home/irman/ROS2_Humanoid_VLA/install/g1_controller/share/g1_controller/cmake/g1_controllerConfig-version.cmake
[0.367s] -- Up-to-date: /home/irman/ROS2_Humanoid_VLA/install/g1_controller/share/g1_controller/package.xml
[0.369s] Invoked command in '/home/irman/ROS2_Humanoid_VLA/build/g1_controller' returned '0': CONDA_PROMPT_MODIFIER=(ros2_env) DEBUGINFOD_URLS=https://debuginfod.ubuntu.com /home/irman/micromamba/envs/ros2_env/bin/cmake --install /home/irman/ROS2_Humanoid_VLA/build/g1_controller
