[0.008s] Invoking command in '/home/irman/ROS2_Humanoid_VLA/build/g1_package': CONDA_PROMPT_MODIFIER=(ros2_env) DEBUGINFOD_URLS=https://debuginfod.ubuntu.com /home/irman/micromamba/envs/ros2_env/bin/cmake /home/irman/ROS2_Humanoid_VLA/g1_package -DCMAKE_INSTALL_PREFIX=/home/irman/ROS2_Humanoid_VLA/install/g1_package
[0.028s] [0mCMake Deprecation Warning at CMakeLists.txt:1 (cmake_minimum_required):
[0.028s]   Compatibility with CMake < 3.10 will be removed from a future version of
[0.028s]   CMake.
[0.028s] 
[0.028s]   Update the VERSION argument <min> value.  Or, use the <min>...<max> syntax
[0.029s]   to tell CMake that the project requires at least <min> but has been updated
[0.029s]   to work with policies introduced by <max> or earlier.
[0.029s] 
[0.029s] [0m
[0.072s] -- The C compiler identification is GNU 14.3.0
[0.183s] -- The CXX compiler identification is GNU 14.3.0
[0.191s] -- Detecting C compiler ABI info
[0.264s] -- Detecting C compiler ABI info - done
[0.280s] -- Check for working C compiler: /home/irman/micromamba/envs/ros2_env/bin/x86_64-conda-linux-gnu-cc - skipped
[0.280s] -- Detecting C compile features
[0.281s] -- Detecting C compile features - done
[0.293s] -- Detecting CXX compiler ABI info
[0.373s] -- Detecting CXX compiler ABI info - done
[0.390s] -- Check for working CXX compiler: /home/irman/micromamba/envs/ros2_env/bin/x86_64-conda-linux-gnu-c++ - skipped
[0.391s] -- Detecting CXX compile features
[0.391s] -- Detecting CXX compile features - done
[0.403s] -- Found ament_cmake: 1.3.12 (/home/irman/micromamba/envs/ros2_env/share/ament_cmake/cmake)
[0.487s] -- Found Python3: /home/irman/micromamba/envs/ros2_env/bin/python3 (found version "3.11.14") found components: Interpreter
[0.606s] -- Found ament_lint_auto: 0.12.12 (/home/irman/micromamba/envs/ros2_env/share/ament_lint_auto/cmake)
[0.700s] -- Added test 'lint_cmake' to check CMake code style
[0.703s] -- Added test 'xmllint' to check XML markup files
[0.704s] -- Configuring done (0.7s)
[0.707s] -- Generating done (0.0s)
[0.708s] -- Build files have been written to: /home/irman/ROS2_Humanoid_VLA/build/g1_package
[0.713s] Invoked command in '/home/irman/ROS2_Humanoid_VLA/build/g1_package' returned '0': CONDA_PROMPT_MODIFIER=(ros2_env) DEBUGINFOD_URLS=https://debuginfod.ubuntu.com /home/irman/micromamba/envs/ros2_env/bin/cmake /home/irman/ROS2_Humanoid_VLA/g1_package -DCMAKE_INSTALL_PREFIX=/home/irman/ROS2_Humanoid_VLA/install/g1_package
[0.714s] Invoking command in '/home/irman/ROS2_Humanoid_VLA/build/g1_package': CONDA_PROMPT_MODIFIER=(ros2_env) DEBUGINFOD_URLS=https://debuginfod.ubuntu.com /home/irman/micromamba/envs/ros2_env/bin/cmake --build /home/irman/ROS2_Humanoid_VLA/build/g1_package -- -j16 -l16
[0.742s] Invoked command in '/home/irman/ROS2_Humanoid_VLA/build/g1_package' returned '0': CONDA_PROMPT_MODIFIER=(ros2_env) DEBUGINFOD_URLS=https://debuginfod.ubuntu.com /home/irman/micromamba/envs/ros2_env/bin/cmake --build /home/irman/ROS2_Humanoid_VLA/build/g1_package -- -j16 -l16
[0.750s] Invoking command in '/home/irman/ROS2_Humanoid_VLA/build/g1_package': CONDA_PROMPT_MODIFIER=(ros2_env) DEBUGINFOD_URLS=https://debuginfod.ubuntu.com /home/irman/micromamba/envs/ros2_env/bin/cmake --install /home/irman/ROS2_Humanoid_VLA/build/g1_package
[0.755s] -- Install configuration: ""
[0.755s] -- Installing: /home/irman/ROS2_Humanoid_VLA/install/g1_package/share/g1_package/meshes
[0.755s] -- Installing: /home/irman/ROS2_Humanoid_VLA/install/g1_package/share/g1_package/meshes/right_rubber_hand.STL
[0.758s] -- Installing: /home/irman/ROS2_Humanoid_VLA/install/g1_package/share/g1_package/meshes/right_hand_thumb_1_link.STL
[0.759s] -- Installing: /home/irman/ROS2_Humanoid_VLA/install/g1_package/share/g1_package/meshes/left_hip_pitch_link.STL
[0.760s] -- Installing: /home/irman/ROS2_Humanoid_VLA/install/g1_package/share/g1_package/meshes/torso_link_rev_1_0.STL
[0.764s] -- Installing: /home/irman/ROS2_Humanoid_VLA/install/g1_package/share/g1_package/meshes/waist_constraint_R.STL
[0.765s] -- Installing: /home/irman/ROS2_Humanoid_VLA/install/g1_package/share/g1_package/meshes/left_hand_thumb_2_link.STL
[0.767s] -- Installing: /home/irman/ROS2_Humanoid_VLA/install/g1_package/share/g1_package/meshes/waist_support_link.STL
[0.768s] -- Installing: /home/irman/ROS2_Humanoid_VLA/install/g1_package/share/g1_package/meshes/torso_constraint_R_link.STL
[0.769s] -- Installing: /home/irman/ROS2_Humanoid_VLA/install/g1_package/share/g1_package/meshes/torso_link_23dof_rev_1_0.STL
[0.778s] -- Installing: /home/irman/ROS2_Humanoid_VLA/install/g1_package/share/g1_package/meshes/waist_roll_link_rev_1_0.STL
[0.779s] -- Installing: /home/irman/ROS2_Humanoid_VLA/install/g1_package/share/g1_package/meshes/right_hand_middle_1_link.STL
[0.781s] -- Installing: /home/irman/ROS2_Humanoid_VLA/install/g1_package/share/g1_package/meshes/right_hand_index_1_link.STL
[0.783s] -- Installing: /home/irman/ROS2_Humanoid_VLA/install/g1_package/share/g1_package/meshes/left_hand_middle_1_link.STL
[0.786s] -- Installing: /home/irman/ROS2_Humanoid_VLA/install/g1_package/share/g1_package/meshes/left_ankle_roll_link.STL
[0.787s] -- Installing: /home/irman/ROS2_Humanoid_VLA/install/g1_package/share/g1_package/meshes/left_hand_middle_0_link.STL
[0.788s] -- Installing: /home/irman/ROS2_Humanoid_VLA/install/g1_package/share/g1_package/meshes/right_hand_thumb_2_link.STL
[0.791s] -- Installing: /home/irman/ROS2_Humanoid_VLA/install/g1_package/share/g1_package/meshes/left_ankle_pitch_link.STL
[0.791s] -- Installing: /home/irman/ROS2_Humanoid_VLA/install/g1_package/share/g1_package/meshes/right_elbow_link.STL
[0.792s] -- Installing: /home/irman/ROS2_Humanoid_VLA/install/g1_package/share/g1_package/meshes/torso_link.STL
[0.795s] -- Installing: /home/irman/ROS2_Humanoid_VLA/install/g1_package/share/g1_package/meshes/right_hand_thumb_0_link.STL
[0.795s] -- Installing: /home/irman/ROS2_Humanoid_VLA/install/g1_package/share/g1_package/meshes/left_shoulder_pitch_link.STL
[0.796s] -- Installing: /home/irman/ROS2_Humanoid_VLA/install/g1_package/share/g1_package/meshes/pelvis.STL
[0.798s] -- Installing: /home/irman/ROS2_Humanoid_VLA/install/g1_package/share/g1_package/meshes/left_hand_thumb_1_link.STL
[0.799s] -- Installing: /home/irman/ROS2_Humanoid_VLA/install/g1_package/share/g1_package/meshes/left_knee_link.STL
[0.800s] -- Installing: /home/irman/ROS2_Humanoid_VLA/install/g1_package/share/g1_package/meshes/right_hand_middle_0_link.STL
[0.801s] -- Installing: /home/irman/ROS2_Humanoid_VLA/install/g1_package/share/g1_package/meshes/left_shoulder_roll_link.STL
[0.802s] -- Installing: /home/irman/ROS2_Humanoid_VLA/install/g1_package/share/g1_package/meshes/right_shoulder_yaw_link.STL
[0.803s] -- Installing: /home/irman/ROS2_Humanoid_VLA/install/g1_package/share/g1_package/meshes/right_shoulder_pitch_link.STL
[0.804s] -- Installing: /home/irman/ROS2_Humanoid_VLA/install/g1_package/share/g1_package/meshes/torso_constraint_L_link.STL
[0.805s] -- Installing: /home/irman/ROS2_Humanoid_VLA/install/g1_package/share/g1_package/meshes/left_shoulder_yaw_link.STL
[0.806s] -- Installing: /home/irman/ROS2_Humanoid_VLA/install/g1_package/share/g1_package/meshes/right_knee_link.STL
[0.808s] -- Installing: /home/irman/ROS2_Humanoid_VLA/install/g1_package/share/g1_package/meshes/left_hand_thumb_0_link.STL
[0.808s] -- Installing: /home/irman/ROS2_Humanoid_VLA/install/g1_package/share/g1_package/meshes/waist_yaw_link.STL
[0.809s] -- Installing: /home/irman/ROS2_Humanoid_VLA/install/g1_package/share/g1_package/meshes/waist_yaw_link_rev_1_0.STL
[0.811s] -- Installing: /home/irman/ROS2_Humanoid_VLA/install/g1_package/share/g1_package/meshes/left_hand_index_0_link.STL
[0.812s] -- Installing: /home/irman/ROS2_Humanoid_VLA/install/g1_package/share/g1_package/meshes/right_wrist_yaw_link.STL
[0.813s] -- Installing: /home/irman/ROS2_Humanoid_VLA/install/g1_package/share/g1_package/meshes/torso_constraint_L_rod_link.STL
[0.814s] -- Installing: /home/irman/ROS2_Humanoid_VLA/install/g1_package/share/g1_package/meshes/right_hand_palm_link.STL
[0.817s] -- Installing: /home/irman/ROS2_Humanoid_VLA/install/g1_package/share/g1_package/meshes/waist_constraint_L.STL
[0.817s] -- Installing: /home/irman/ROS2_Humanoid_VLA/install/g1_package/share/g1_package/meshes/left_hand_index_1_link.STL
[0.819s] -- Installing: /home/irman/ROS2_Humanoid_VLA/install/g1_package/share/g1_package/meshes/left_hand_palm_link.STL
[0.823s] -- Installing: /home/irman/ROS2_Humanoid_VLA/install/g1_package/share/g1_package/meshes/right_hip_roll_link.STL
[0.823s] -- Installing: /home/irman/ROS2_Humanoid_VLA/install/g1_package/share/g1_package/meshes/right_ankle_pitch_link.STL
[0.824s] -- Installing: /home/irman/ROS2_Humanoid_VLA/install/g1_package/share/g1_package/meshes/right_hip_pitch_link.STL
[0.824s] -- Installing: /home/irman/ROS2_Humanoid_VLA/install/g1_package/share/g1_package/meshes/head_link.STL
[0.826s] -- Installing: /home/irman/ROS2_Humanoid_VLA/install/g1_package/share/g1_package/meshes/left_wrist_roll_rubber_hand.STL
[0.830s] -- Installing: /home/irman/ROS2_Humanoid_VLA/install/g1_package/share/g1_package/meshes/right_wrist_roll_link.STL
[0.831s] -- Installing: /home/irman/ROS2_Humanoid_VLA/install/g1_package/share/g1_package/meshes/torso_constraint_R_rod_link.STL
[0.831s] -- Installing: /home/irman/ROS2_Humanoid_VLA/install/g1_package/share/g1_package/meshes/left_elbow_link.STL
[0.832s] -- Installing: /home/irman/ROS2_Humanoid_VLA/install/g1_package/share/g1_package/meshes/pelvis_contour_link.STL
[0.835s] -- Installing: /home/irman/ROS2_Humanoid_VLA/install/g1_package/share/g1_package/meshes/left_hip_yaw_link.STL
[0.835s] -- Installing: /home/irman/ROS2_Humanoid_VLA/install/g1_package/share/g1_package/meshes/left_wrist_roll_link.STL
[0.836s] -- Installing: /home/irman/ROS2_Humanoid_VLA/install/g1_package/share/g1_package/meshes/logo_link.STL
[0.837s] -- Installing: /home/irman/ROS2_Humanoid_VLA/install/g1_package/share/g1_package/meshes/left_wrist_pitch_link.STL
[0.837s] -- Installing: /home/irman/ROS2_Humanoid_VLA/install/g1_package/share/g1_package/meshes/right_ankle_roll_link.STL
[0.839s] -- Installing: /home/irman/ROS2_Humanoid_VLA/install/g1_package/share/g1_package/meshes/right_hip_yaw_link.STL
[0.839s] -- Installing: /home/irman/ROS2_Humanoid_VLA/install/g1_package/share/g1_package/meshes/right_shoulder_roll_link.STL
[0.840s] -- Installing: /home/irman/ROS2_Humanoid_VLA/install/g1_package/share/g1_package/meshes/left_hip_roll_link.STL
[0.841s] -- Installing: /home/irman/ROS2_Humanoid_VLA/install/g1_package/share/g1_package/meshes/waist_roll_link.STL
[0.842s] -- Installing: /home/irman/ROS2_Humanoid_VLA/install/g1_package/share/g1_package/meshes/left_rubber_hand.STL
[0.845s] -- Installing: /home/irman/ROS2_Humanoid_VLA/install/g1_package/share/g1_package/meshes/left_wrist_yaw_link.STL
[0.846s] -- Installing: /home/irman/ROS2_Humanoid_VLA/install/g1_package/share/g1_package/meshes/right_wrist_roll_rubber_hand.STL
[0.851s] -- Installing: /home/irman/ROS2_Humanoid_VLA/install/g1_package/share/g1_package/meshes/right_hand_index_0_link.STL
[0.852s] -- Installing: /home/irman/ROS2_Humanoid_VLA/install/g1_package/share/g1_package/meshes/right_wrist_pitch_link.STL
[0.852s] -- Installing: /home/irman/ROS2_Humanoid_VLA/install/g1_package/share/g1_package/urdf
[0.852s] -- Installing: /home/irman/ROS2_Humanoid_VLA/install/g1_package/share/g1_package/urdf/g1.rviz
[0.853s] -- Installing: /home/irman/ROS2_Humanoid_VLA/install/g1_package/share/g1_package/urdf/g1_29dof.urdf
[0.853s] -- Installing: /home/irman/ROS2_Humanoid_VLA/install/g1_package/share/g1_package/launch
[0.853s] -- Installing: /home/irman/ROS2_Humanoid_VLA/install/g1_package/share/g1_package/launch/g1_robot.launch.xml
[0.853s] -- Installing: /home/irman/ROS2_Humanoid_VLA/install/g1_package/share/ament_index/resource_index/package_run_dependencies/g1_package
[0.854s] -- Installing: /home/irman/ROS2_Humanoid_VLA/install/g1_package/share/ament_index/resource_index/parent_prefix_path/g1_package
[0.854s] -- Installing: /home/irman/ROS2_Humanoid_VLA/install/g1_package/share/g1_package/environment/ament_prefix_path.sh
[0.854s] -- Installing: /home/irman/ROS2_Humanoid_VLA/install/g1_package/share/g1_package/environment/ament_prefix_path.dsv
[0.854s] -- Installing: /home/irman/ROS2_Humanoid_VLA/install/g1_package/share/g1_package/environment/path.sh
[0.854s] -- Installing: /home/irman/ROS2_Humanoid_VLA/install/g1_package/share/g1_package/environment/path.dsv
[0.854s] -- Installing: /home/irman/ROS2_Humanoid_VLA/install/g1_package/share/g1_package/local_setup.bash
[0.854s] -- Installing: /home/irman/ROS2_Humanoid_VLA/install/g1_package/share/g1_package/local_setup.sh
[0.854s] -- Installing: /home/irman/ROS2_Humanoid_VLA/install/g1_package/share/g1_package/local_setup.zsh
[0.855s] -- Installing: /home/irman/ROS2_Humanoid_VLA/install/g1_package/share/g1_package/local_setup.dsv
[0.855s] -- Installing: /home/irman/ROS2_Humanoid_VLA/install/g1_package/share/g1_package/package.dsv
[0.855s] -- Installing: /home/irman/ROS2_Humanoid_VLA/install/g1_package/share/ament_index/resource_index/packages/g1_package
[0.855s] -- Installing: /home/irman/ROS2_Humanoid_VLA/install/g1_package/share/g1_package/cmake/g1_packageConfig.cmake
[0.855s] -- Installing: /home/irman/ROS2_Humanoid_VLA/install/g1_package/share/g1_package/cmake/g1_packageConfig-version.cmake
[0.855s] -- Installing: /home/irman/ROS2_Humanoid_VLA/install/g1_package/share/g1_package/package.xml
[0.858s] Invoked command in '/home/irman/ROS2_Humanoid_VLA/build/g1_package' returned '0': CONDA_PROMPT_MODIFIER=(ros2_env) DEBUGINFOD_URLS=https://debuginfod.ubuntu.com /home/irman/micromamba/envs/ros2_env/bin/cmake --install /home/irman/ROS2_Humanoid_VLA/build/g1_package
