-- The CXX compiler identification is GNU 14.3.0
-- Detecting CXX compiler ABI info
-- Detecting CXX compiler ABI info - done
-- Check for working CXX compiler: /home/irman/micromamba/envs/ros2_env/bin/x86_64-conda-linux-gnu-c++ - skipped
-- Detecting CXX compile features
-- Detecting CXX compile features - done
-- Found ament_cmake: 1.3.12 (/home/irman/micromamba/envs/ros2_env/share/ament_cmake/cmake)
-- Found Python3: /home/irman/micromamba/envs/ros2_env/bin/python3 (found version "3.11.14") found components: Interpreter
-- Override CMake install command with custom implementation using symlinks instead of copying resources
-- Found builtin_interfaces: 1.2.1 (/home/irman/micromamba/envs/ros2_env/share/builtin_interfaces/cmake)
-- Found rosidl_generator_c: 3.1.6 (/home/irman/micromamba/envs/ros2_env/share/rosidl_generator_c/cmake)
-- Found rosidl_adapter: 3.1.6 (/home/irman/micromamba/envs/ros2_env/share/rosidl_adapter/cmake)
-- Found rosidl_generator_cpp: 3.1.6 (/home/irman/micromamba/envs/ros2_env/share/rosidl_generator_cpp/cmake)
-- Using all available rosidl_typesupport_c: rosidl_typesupport_fastrtps_c;rosidl_typesupport_introspection_c
-- Using all available rosidl_typesupport_cpp: rosidl_typesupport_fastrtps_cpp;rosidl_typesupport_introspection_cpp
-- Found control_msgs: 4.8.0 (/home/irman/micromamba/envs/ros2_env/share/control_msgs/cmake)
-- Found controller_interface: 2.51.0 (/home/irman/micromamba/envs/ros2_env/share/controller_interface/cmake)
-- Found TinyXML2 via Config file: /home/irman/micromamba/envs/ros2_env/lib/cmake/tinyxml2
-- Checking for module 'yaml-0.1'
--   Found yaml-0.1, version 0.2.5
-- Found rmw_implementation_cmake: 6.1.2 (/home/irman/micromamba/envs/ros2_env/share/rmw_implementation_cmake/cmake)
-- Found rmw_fastrtps_cpp: 6.2.7 (/home/irman/micromamba/envs/ros2_env/share/rmw_fastrtps_cpp/cmake)
-- Found TinyXML2 via Config file: /home/irman/micromamba/envs/ros2_env/lib/cmake/tinyxml2
-- Found OpenSSL: /home/irman/micromamba/envs/ros2_env/lib/libcrypto.so (found version "3.5.4")
-- Found TinyXML2 via Config file: /home/irman/micromamba/envs/ros2_env/lib/cmake/tinyxml2
-- Found FastRTPS: /home/irman/micromamba/envs/ros2_env/include
-- Found TinyXML2 via Config file: /home/irman/micromamba/envs/ros2_env/lib/cmake/tinyxml2
-- Found TinyXML2 via Config file: /home/irman/micromamba/envs/ros2_env/lib/cmake/tinyxml2
-- Using RMW implementation 'rmw_fastrtps_cpp' as default
-- Performing Test CMAKE_HAVE_LIBC_PTHREAD
-- Performing Test CMAKE_HAVE_LIBC_PTHREAD - Success
-- Found Threads: TRUE
-- Found generate_parameter_library: 0.5.0 (/home/irman/micromamba/envs/ros2_env/share/generate_parameter_library/cmake)
-- Found parameter_traits: 0.5.0 (/home/irman/micromamba/envs/ros2_env/share/parameter_traits/cmake)
-- Found realtime_tools: 2.14.0 (/home/irman/micromamba/envs/ros2_env/share/realtime_tools/cmake)
-- Found ament_cmake_gmock: 1.3.12 (/home/irman/micromamba/envs/ros2_env/share/ament_cmake_gmock/cmake)
-- Found controller_manager: 2.51.0 (/home/irman/micromamba/envs/ros2_env/share/controller_manager/cmake)
-- Found ros2_control_test_assets: 2.51.0 (/home/irman/micromamba/envs/ros2_env/share/ros2_control_test_assets/cmake)
-- Found gmock sources under '/home/irman/micromamba/envs/ros2_env/src/gmock_vendor': C++ tests using 'Google Mock' will be built
-- The C compiler identification is GNU 14.3.0
-- Detecting C compiler ABI info
-- Detecting C compiler ABI info - done
-- Check for working C compiler: /home/irman/micromamba/envs/ros2_env/bin/x86_64-conda-linux-gnu-cc - skipped
-- Detecting C compile features
-- Detecting C compile features - done
-- Found ament_cmake_gtest: 1.3.12 (/home/irman/micromamba/envs/ros2_env/share/ament_cmake_gtest/cmake)
-- Found gtest sources under '/home/irman/micromamba/envs/ros2_env/src/gtest_vendor': C++ tests using 'Google Test' will be built
-- Configuring done (2.7s)
-- Generating done (0.1s)
-- Build files have been written to: /home/irman/ROS2_Humanoid_VLA/build/joint_state_broadcaster
[ 23%] Building CXX object gmock/CMakeFiles/gmock_main.dir/src/gmock_main.cc.o
[ 23%] Building CXX object gmock/CMakeFiles/gmock.dir/src/gmock-all.cc.o
[ 23%] Building CXX object gmock/CMakeFiles/gmock.dir/home/irman/micromamba/envs/ros2_env/src/gtest_vendor/src/gtest-all.cc.o
[ 30%] Running `/home/irman/micromamba/envs/ros2_env/bin/generate_parameter_library_cpp /home/irman/ROS2_Humanoid_VLA/build/joint_state_broadcaster/include/joint_state_broadcaster/joint_state_broadcaster_parameters.hpp /home/irman/ROS2_Humanoid_VLA/src/ros2_controllers/joint_state_broadcaster/src/joint_state_broadcaster_parameters.yaml `
[ 38%] Creating deprecated header file /home/irman/ROS2_Humanoid_VLA/build/joint_state_broadcaster/include/joint_state_broadcaster_parameters.hpp
[ 38%] Built target joint_state_broadcaster_parameters
[ 46%] Building CXX object CMakeFiles/joint_state_broadcaster.dir/src/joint_state_broadcaster.cpp.o
[ 53%] Linking CXX static library libgmock_main.a
[ 53%] Built target gmock_main
[ 61%] Linking CXX static library libgmock.a
[ 61%] Built target gmock
[ 69%] Linking CXX shared library libjoint_state_broadcaster.so
[ 69%] Built target joint_state_broadcaster
[ 76%] Building CXX object CMakeFiles/test_load_joint_state_broadcaster.dir/test/test_load_joint_state_broadcaster.cpp.o
[ 84%] Linking CXX executable test_load_joint_state_broadcaster
[ 84%] Built target test_load_joint_state_broadcaster
[ 92%] Building CXX object CMakeFiles/test_joint_state_broadcaster.dir/test/test_joint_state_broadcaster.cpp.o
[100%] Linking CXX executable test_joint_state_broadcaster
[100%] Built target test_joint_state_broadcaster
